<?xml version="1.0" encoding="UTF-8"?>
<testsuite name="ags.goldenlionerp.apiTests.addresses.AddressApiTest" tests="7" skipped="0" failures="0" errors="0" timestamp="2018-12-14T10:35:20" hostname="LAPTOP-FHFRCCL6" time="1.276">
  <properties/>
  <testcase name="updateTestWithPatch" classname="ags.goldenlionerp.apiTests.addresses.AddressApiTest" time="0.481"/>
  <testcase name="deleteTest" classname="ags.goldenlionerp.apiTests.addresses.AddressApiTest" time="0.135"/>
  <testcase name="updateTestWithPut" classname="ags.goldenlionerp.apiTests.addresses.AddressApiTest" time="0.068"/>
  <testcase name="getTestSingle" classname="ags.goldenlionerp.apiTests.addresses.AddressApiTest" time="0.044"/>
  <testcase name="getTestCollection" classname="ags.goldenlionerp.apiTests.addresses.AddressApiTest" time="0.307"/>
  <testcase name="createTestWithPut" classname="ags.goldenlionerp.apiTests.addresses.AddressApiTest" time="0.031"/>
  <testcase name="createTestWithPost" classname="ags.goldenlionerp.apiTests.addresses.AddressApiTest" time="0.206"/>
  <system-out><![CDATA[2018-12-14 17:35:20.373  INFO 9212 --- [    Test worker] .b.t.c.SpringBootTestContextBootstrapper : Neither @ContextConfiguration nor @ContextHierarchy found for test class [ags.goldenlionerp.apiTests.addresses.AddressApiTest], using SpringBootContextLoader
2018-12-14 17:35:20.374  INFO 9212 --- [    Test worker] o.s.t.c.support.AbstractContextLoader    : Could not detect default resource locations for test class [ags.goldenlionerp.apiTests.addresses.AddressApiTest]: no resource found for suffixes {-context.xml, Context.groovy}.
2018-12-14 17:35:20.374  INFO 9212 --- [    Test worker] t.c.s.AnnotationConfigContextLoaderUtils : Could not detect default configuration classes for test class [ags.goldenlionerp.apiTests.addresses.AddressApiTest]: AddressApiTest does not declare any static, non-private, non-final, nested classes annotated with @Configuration.
2018-12-14 17:35:20.378  INFO 9212 --- [    Test worker] .b.t.c.SpringBootTestContextBootstrapper : Found @SpringBootConfiguration ags.goldenlionerp.GoldenLionErpApplication for test class ags.goldenlionerp.apiTests.addresses.AddressApiTest
2018-12-14 17:35:20.380  INFO 9212 --- [    Test worker] .b.t.c.SpringBootTestContextBootstrapper : Loaded default TestExecutionListener class names from location [META-INF/spring.factories]: [org.springframework.security.test.context.support.WithSecurityContextTestExecutionListener, org.springframework.security.test.context.support.ReactorContextTestExecutionListener, org.springframework.boot.test.autoconfigure.restdocs.RestDocsTestExecutionListener, org.springframework.boot.test.autoconfigure.web.client.MockRestServiceServerResetTestExecutionListener, org.springframework.boot.test.autoconfigure.web.servlet.MockMvcPrintOnlyOnFailureTestExecutionListener, org.springframework.boot.test.autoconfigure.web.servlet.WebDriverTestExecutionListener, org.springframework.boot.test.mock.mockito.MockitoTestExecutionListener, org.springframework.boot.test.mock.mockito.ResetMocksTestExecutionListener, org.springframework.test.context.web.ServletTestExecutionListener, org.springframework.test.context.support.DirtiesContextBeforeModesTestExecutionListener, org.springframework.test.context.support.DependencyInjectionTestExecutionListener, org.springframework.test.context.support.DirtiesContextTestExecutionListener, org.springframework.test.context.transaction.TransactionalTestExecutionListener, org.springframework.test.context.jdbc.SqlScriptsTestExecutionListener]
2018-12-14 17:35:20.380  INFO 9212 --- [    Test worker] .b.t.c.SpringBootTestContextBootstrapper : Using TestExecutionListeners: [org.springframework.test.context.web.ServletTestExecutionListener@6328ea6, org.springframework.test.context.support.DirtiesContextBeforeModesTestExecutionListener@17ea408f, org.springframework.boot.test.mock.mockito.MockitoTestExecutionListener@4d935187, org.springframework.boot.test.autoconfigure.SpringBootDependencyInjectionTestExecutionListener@5e88e3b, org.springframework.test.context.support.DirtiesContextTestExecutionListener@17bd679e, org.springframework.test.context.transaction.TransactionalTestExecutionListener@5216a3de, org.springframework.test.context.jdbc.SqlScriptsTestExecutionListener@5decf72, org.springframework.security.test.context.support.WithSecurityContextTestExecutionListener@448600a4, org.springframework.security.test.context.support.ReactorContextTestExecutionListener@387b0e3d, org.springframework.boot.test.autoconfigure.restdocs.RestDocsTestExecutionListener@5f1442bf, org.springframework.boot.test.autoconfigure.web.client.MockRestServiceServerResetTestExecutionListener@2c42a370, org.springframework.boot.test.autoconfigure.web.servlet.MockMvcPrintOnlyOnFailureTestExecutionListener@5835057c, org.springframework.boot.test.autoconfigure.web.servlet.WebDriverTestExecutionListener@385ff2a1, org.springframework.boot.test.mock.mockito.ResetMocksTestExecutionListener@45235eaf]
2018-12-14 17:35:20.402  INFO 9212 --- [    Test worker] o.s.t.c.transaction.TransactionContext   : Began transaction (1) for test context [DefaultTestContext@71ed4f5b testClass = AddressApiTest, testInstance = ags.goldenlionerp.apiTests.addresses.AddressApiTest@13e02ebf, testMethod = updateTestWithPatch@AddressApiTest, testException = [null], mergedContextConfiguration = [WebMergedContextConfiguration@5f400115 testClass = AddressApiTest, locations = '{}', classes = '{class ags.goldenlionerp.GoldenLionErpApplication}', contextInitializerClasses = '[]', activeProfiles = '{}', propertySourceLocations = '{classpath:test.properties}', propertySourceProperties = '{org.springframework.boot.test.context.SpringBootTestContextBootstrapper=true}', contextCustomizers = set[org.springframework.boot.test.autoconfigure.properties.PropertyMappingContextCustomizer@0, org.springframework.boot.test.autoconfigure.web.servlet.WebDriverContextCustomizerFactory$Customizer@636d731e, [ImportsContextCustomizer@33670d7 key = [ags.goldenlionerp.apiTests.ApiTestBase$TestConfig]], org.springframework.boot.test.context.filter.ExcludeFilterContextCustomizer@6afa5291, org.springframework.boot.test.json.DuplicateJsonObjectContextCustomizerFactory$DuplicateJsonObjectContextCustomizer@20cebcb4, org.springframework.boot.test.mock.mockito.MockitoContextCustomizer@0, org.springframework.boot.test.web.client.TestRestTemplateContextCustomizer@49a32273], resourceBasePath = 'src/main/webapp', contextLoader = 'org.springframework.boot.test.context.SpringBootContextLoader', parent = [null]], attributes = map['org.springframework.test.context.web.ServletTestExecutionListener.activateListener' -> true, 'org.springframework.test.context.web.ServletTestExecutionListener.populatedRequestContextHolder' -> true, 'org.springframework.test.context.web.ServletTestExecutionListener.resetRequestContextHolder' -> true]]; transaction manager [org.springframework.orm.jpa.JpaTransactionManager@76f112e2]; rollback [true]
2018-12-14 17:35:20.403  INFO 9212 --- [    Test worker] o.s.b.t.m.w.SpringBootMockServletContext : Initializing Spring FrameworkServlet ''
2018-12-14 17:35:20.403  INFO 9212 --- [    Test worker] o.s.t.web.servlet.TestDispatcherServlet  : FrameworkServlet '': initialization started
2018-12-14 17:35:20.410  INFO 9212 --- [    Test worker] o.s.t.web.servlet.TestDispatcherServlet  : FrameworkServlet '': initialization completed in 7 ms
Hibernate: select addressboo0_.adanum as adanum1_16_0_, addressboo0_.adcid as adcid2_16_0_, addressboo0_.addtin as addtin3_16_0_, addressboo0_.adtmin as adtmin4_16_0_, addressboo0_.aduid as aduid5_16_0_, addressboo0_.addtlu as addtlu6_16_0_, addressboo0_.adtmlu as adtmlu7_16_0_, addressboo0_.aduidm as aduidm8_16_0_, addressboo0_.adap as adap9_16_0_, addressboo0_.adar as adar10_16_0_, addressboo0_.adbuid as adbuid11_16_0_, addressboo0_.adcc01 as adcc12_16_0_, addressboo0_.adcc02 as adcc13_16_0_, addressboo0_.adcc03 as adcc14_16_0_, addressboo0_.adcc04 as adcc15_16_0_, addressboo0_.adcc05 as adcc16_16_0_, addressboo0_.adcc06 as adcc17_16_0_, addressboo0_.adcc07 as adcc18_16_0_, addressboo0_.adcc08 as adcc19_16_0_, addressboo0_.adcc09 as adcc20_16_0_, addressboo0_.adcc10 as adcc21_16_0_, addressboo0_.adempl as adempl22_16_0_, addressboo0_.adtmlt as adtmlt23_16_0_, addressboo0_.adlan as adlan24_16_0_, addressboo0_.admlnm as admlnm25_16_0_, addressboo0_.adnm as adnm26_16_0_, addressboo0_.adpan as adpan27_16_0_, addressboo0_.adrecid as adrecid28_16_0_, addressboo0_.adrlid0 as adrlid29_16_0_, addressboo0_.adrlid2 as adrlid30_16_0_, addressboo0_.adrlid3 as adrlid31_16_0_, addressboo0_.adrlid4 as adrlid32_16_0_, addressboo0_.adrlid5 as adrlid33_16_0_, addressboo0_.adrlid6 as adrlid34_16_0_, addressboo0_.adrlid7 as adrlid35_16_0_, addressboo0_.adrlid8 as adrlid36_16_0_, addressboo0_.adrlid9 as adrlid37_16_0_, addressboo0_.adrlid1 as adrlid38_16_0_, addressboo0_.adst as adst39_16_0_, addressboo0_.adtaxid as adtaxid40_16_0_ from t0101 addressboo0_ where addressboo0_.adanum=?
Hibernate: select addresshis0_.eaanum as eaanum1_19_0_, addresshis0_.earecid as earecid2_19_0_, addresshis0_.eaanum as eaanum1_19_1_, addresshis0_.earecid as earecid2_19_1_, addresshis0_.eacid as eacid3_19_1_, addresshis0_.eadtin as eadtin4_19_1_, addresshis0_.eatmin as eatmin5_19_1_, addresshis0_.eauid as eauid6_19_1_, addresshis0_.eadtlu as eadtlu7_19_1_, addresshis0_.eatmlu as eatmlu8_19_1_, addresshis0_.eauidm as eauidm9_19_1_, addresshis0_.eadtls as eadtls10_19_1_, addresshis0_.eaaddr1 as eaaddr11_19_1_, addresshis0_.eaaddr2 as eaaddr12_19_1_, addresshis0_.eaaddr3 as eaaddr13_19_1_, addresshis0_.eaaddr4 as eaaddr14_19_1_, addresshis0_.eacity as eacity15_19_1_, addresshis0_.eacntry as eacntry16_19_1_, addresshis0_.eacnty as eacnty17_19_1_, addresshis0_.eaefdt as eaefdt18_19_1_, addresshis0_.eaemail as eaemail19_19_1_, addresshis0_.eanau as eanau20_19_1_, addresshis0_.eanou as eanou21_19_1_, addresshis0_.eapoldis as eapoldi22_19_1_, addresshis0_.eapscd as eapscd23_19_1_, addresshis0_.eastate as eastate24_19_1_, addresshis0_.easubdis as easubdi25_19_1_ from t0104 addresshis0_ where addresshis0_.eaanum=?
Hibernate: select effectivea0_.eaanum as eaanum1_19_0_, effectivea0_.earecid as earecid2_19_0_, effectivea0_.eacid as eacid3_19_0_, effectivea0_.eadtin as eadtin4_19_0_, effectivea0_.eatmin as eatmin5_19_0_, effectivea0_.eauid as eauid6_19_0_, effectivea0_.eadtlu as eadtlu7_19_0_, effectivea0_.eatmlu as eatmlu8_19_0_, effectivea0_.eauidm as eauidm9_19_0_, effectivea0_.eadtls as eadtls10_19_0_, effectivea0_.eaaddr1 as eaaddr11_19_0_, effectivea0_.eaaddr2 as eaaddr12_19_0_, effectivea0_.eaaddr3 as eaaddr13_19_0_, effectivea0_.eaaddr4 as eaaddr14_19_0_, effectivea0_.eacity as eacity15_19_0_, effectivea0_.eacntry as eacntry16_19_0_, effectivea0_.eacnty as eacnty17_19_0_, effectivea0_.eaefdt as eaefdt18_19_0_, effectivea0_.eaemail as eaemail19_19_0_, effectivea0_.eanau as eanau20_19_0_, effectivea0_.eanou as eanou21_19_0_, effectivea0_.eapoldis as eapoldi22_19_0_, effectivea0_.eapscd as eapscd23_19_0_, effectivea0_.eastate as eastate24_19_0_, effectivea0_.easubdis as easubdi25_19_0_ from t0104 effectivea0_ where effectivea0_.eaanum=? and effectivea0_.earecid=?
Hibernate: select contacts0_.cianum as cianum1_17_0_, contacts0_.ciseq1 as ciseq2_17_0_, contacts0_.cianum as cianum1_17_1_, contacts0_.ciseq1 as ciseq2_17_1_, contacts0_.cicid as cicid3_17_1_, contacts0_.cidtin as cidtin4_17_1_, contacts0_.citmin as citmin5_17_1_, contacts0_.ciuid as ciuid6_17_1_, contacts0_.cidtlu as cidtlu7_17_1_, contacts0_.citmlu as citmlu8_17_1_, contacts0_.ciuidm as ciuidm9_17_1_, contacts0_.cidtls as cidtls10_17_1_, contacts0_.cidob as cidob11_17_1_, contacts0_.cidesb1 as cidesb12_17_1_, contacts0_.cifsnm as cifsnm13_17_1_, contacts0_.cigdr as cigdr14_17_1_, contacts0_.cilsnm as cilsnm15_17_1_, contacts0_.cimlnm as cimlnm16_17_1_, contacts0_.cimoref as cimoref17_17_1_, contacts0_.cimdnm as cimdnm18_17_1_, contacts0_.cinm as cinm19_17_1_, contacts0_.cinknm as cinknm20_17_1_, contacts0_.cipob as cipob21_17_1_, contacts0_.cirlg as cirlg22_17_1_, contacts0_.cisltn as cisltn23_17_1_, contacts0_.cissdt as cissdt24_17_1_, contacts0_.cissn as cissn25_17_1_, contacts0_.citycd as citycd26_17_1_ from t0102 contacts0_ where contacts0_.cianum=?
Hibernate: select phonenumbe0_.cmanum as cmanum1_18_0_, phonenumbe0_.cmseq1 as cmseq2_18_0_, phonenumbe0_.cmseq2 as cmseq3_18_0_, phonenumbe0_.cmanum as cmanum1_18_1_, phonenumbe0_.cmseq1 as cmseq2_18_1_, phonenumbe0_.cmseq2 as cmseq3_18_1_, phonenumbe0_.cmcid as cmcid4_18_1_, phonenumbe0_.cmdtin as cmdtin5_18_1_, phonenumbe0_.cmtmin as cmtmin6_18_1_, phonenumbe0_.cmuid as cmuid7_18_1_, phonenumbe0_.cmdtlu as cmdtlu8_18_1_, phonenumbe0_.cmtmlu as cmtmlu9_18_1_, phonenumbe0_.cmuidm as cmuidm10_18_1_, phonenumbe0_.cmdtls as cmdtls11_18_1_, phonenumbe0_.cmphac as cmphac12_18_1_, phonenumbe0_.cmphcc as cmphcc13_18_1_, phonenumbe0_.cmdesb1 as cmdesb14_18_1_, phonenumbe0_.cmphno as cmphno15_18_1_, phonenumbe0_.cmphty as cmphty16_18_1_ from t0103 phonenumbe0_ where phonenumbe0_.cmanum=?
Hibernate: select bankaccoun0_.baanum as baanum1_20_0_, bankaccoun0_.babankac as babankac2_20_0_, bankaccoun0_.babankid as babankid3_20_0_, bankaccoun0_.baanum as baanum1_20_1_, bankaccoun0_.babankac as babankac2_20_1_, bankaccoun0_.babankid as babankid3_20_1_, bankaccoun0_.bacid as bacid4_20_1_, bankaccoun0_.badtin as badtin5_20_1_, bankaccoun0_.batmin as batmin6_20_1_, bankaccoun0_.bauid as bauid7_20_1_, bankaccoun0_.badtlu as badtlu8_20_1_, bankaccoun0_.batmlu as batmlu9_20_1_, bankaccoun0_.bauidm as bauidm10_20_1_, bankaccoun0_.badtls as badtls11_20_1_, bankaccoun0_.badesb1 as badesb12_20_1_ from t0105 bankaccoun0_ where bankaccoun0_.baanum=?
Hibernate: insert into t0104 (eacid, eadtin, eatmin, eauid, eadtlu, eatmlu, eauidm, eadtls, eaaddr1, eaaddr2, eaaddr3, eaaddr4, eacity, eacntry, eacnty, eaefdt, eaemail, eanau, eanou, eapoldis, eapscd, eastate, easubdis, eaanum, earecid) values (?, ?, ?, ?, ?, ?, ?, ?, ?, ?, ?, ?, ?, ?, ?, ?, ?, ?, ?, ?, ?, ?, ?, ?, ?)
Hibernate: update t0101 set adcid=?, addtlu=?, adtmlu=?, aduidm=?, adap=?, adar=?, adbuid=?, adcc01=?, adcc02=?, adcc03=?, adcc04=?, adcc05=?, adcc06=?, adcc07=?, adcc08=?, adcc09=?, adcc10=?, adempl=?, adtmlt=?, adlan=?, admlnm=?, adnm=?, adpan=?, adrecid=?, adrlid0=?, adrlid2=?, adrlid3=?, adrlid4=?, adrlid5=?, adrlid6=?, adrlid7=?, adrlid8=?, adrlid9=?, adrlid1=?, adst=?, adtaxid=? where adanum=?
Hibernate: select addressboo0_.adanum as adanum1_16_0_, addressboo0_.adcid as adcid2_16_0_, addressboo0_.addtin as addtin3_16_0_, addressboo0_.adtmin as adtmin4_16_0_, addressboo0_.aduid as aduid5_16_0_, addressboo0_.addtlu as addtlu6_16_0_, addressboo0_.adtmlu as adtmlu7_16_0_, addressboo0_.aduidm as aduidm8_16_0_, addressboo0_.adap as adap9_16_0_, addressboo0_.adar as adar10_16_0_, addressboo0_.adbuid as adbuid11_16_0_, addressboo0_.adcc01 as adcc12_16_0_, addressboo0_.adcc02 as adcc13_16_0_, addressboo0_.adcc03 as adcc14_16_0_, addressboo0_.adcc04 as adcc15_16_0_, addressboo0_.adcc05 as adcc16_16_0_, addressboo0_.adcc06 as adcc17_16_0_, addressboo0_.adcc07 as adcc18_16_0_, addressboo0_.adcc08 as adcc19_16_0_, addressboo0_.adcc09 as adcc20_16_0_, addressboo0_.adcc10 as adcc21_16_0_, addressboo0_.adempl as adempl22_16_0_, addressboo0_.adtmlt as adtmlt23_16_0_, addressboo0_.adlan as adlan24_16_0_, addressboo0_.admlnm as admlnm25_16_0_, addressboo0_.adnm as adnm26_16_0_, addressboo0_.adpan as adpan27_16_0_, addressboo0_.adrecid as adrecid28_16_0_, addressboo0_.adrlid0 as adrlid29_16_0_, addressboo0_.adrlid2 as adrlid30_16_0_, addressboo0_.adrlid3 as adrlid31_16_0_, addressboo0_.adrlid4 as adrlid32_16_0_, addressboo0_.adrlid5 as adrlid33_16_0_, addressboo0_.adrlid6 as adrlid34_16_0_, addressboo0_.adrlid7 as adrlid35_16_0_, addressboo0_.adrlid8 as adrlid36_16_0_, addressboo0_.adrlid9 as adrlid37_16_0_, addressboo0_.adrlid1 as adrlid38_16_0_, addressboo0_.adst as adst39_16_0_, addressboo0_.adtaxid as adtaxid40_16_0_ from t0101 addressboo0_ where addressboo0_.adanum=?
Hibernate: select addresshis0_.eaanum as eaanum1_19_0_, addresshis0_.earecid as earecid2_19_0_, addresshis0_.eaanum as eaanum1_19_1_, addresshis0_.earecid as earecid2_19_1_, addresshis0_.eacid as eacid3_19_1_, addresshis0_.eadtin as eadtin4_19_1_, addresshis0_.eatmin as eatmin5_19_1_, addresshis0_.eauid as eauid6_19_1_, addresshis0_.eadtlu as eadtlu7_19_1_, addresshis0_.eatmlu as eatmlu8_19_1_, addresshis0_.eauidm as eauidm9_19_1_, addresshis0_.eadtls as eadtls10_19_1_, addresshis0_.eaaddr1 as eaaddr11_19_1_, addresshis0_.eaaddr2 as eaaddr12_19_1_, addresshis0_.eaaddr3 as eaaddr13_19_1_, addresshis0_.eaaddr4 as eaaddr14_19_1_, addresshis0_.eacity as eacity15_19_1_, addresshis0_.eacntry as eacntry16_19_1_, addresshis0_.eacnty as eacnty17_19_1_, addresshis0_.eaefdt as eaefdt18_19_1_, addresshis0_.eaemail as eaemail19_19_1_, addresshis0_.eanau as eanau20_19_1_, addresshis0_.eanou as eanou21_19_1_, addresshis0_.eapoldis as eapoldi22_19_1_, addresshis0_.eapscd as eapscd23_19_1_, addresshis0_.eastate as eastate24_19_1_, addresshis0_.easubdis as easubdi25_19_1_ from t0104 addresshis0_ where addresshis0_.eaanum=?
2018-12-14 17:35:20.877  INFO 9212 --- [    Test worker] o.s.t.c.transaction.TransactionContext   : Rolled back transaction for test: [DefaultTestContext@71ed4f5b testClass = AddressApiTest, testInstance = ags.goldenlionerp.apiTests.addresses.AddressApiTest@13e02ebf, testMethod = updateTestWithPatch@AddressApiTest, testException = [null], mergedContextConfiguration = [WebMergedContextConfiguration@5f400115 testClass = AddressApiTest, locations = '{}', classes = '{class ags.goldenlionerp.GoldenLionErpApplication}', contextInitializerClasses = '[]', activeProfiles = '{}', propertySourceLocations = '{classpath:test.properties}', propertySourceProperties = '{org.springframework.boot.test.context.SpringBootTestContextBootstrapper=true}', contextCustomizers = set[org.springframework.boot.test.autoconfigure.properties.PropertyMappingContextCustomizer@0, org.springframework.boot.test.autoconfigure.web.servlet.WebDriverContextCustomizerFactory$Customizer@636d731e, [ImportsContextCustomizer@33670d7 key = [ags.goldenlionerp.apiTests.ApiTestBase$TestConfig]], org.springframework.boot.test.context.filter.ExcludeFilterContextCustomizer@6afa5291, org.springframework.boot.test.json.DuplicateJsonObjectContextCustomizerFactory$DuplicateJsonObjectContextCustomizer@20cebcb4, org.springframework.boot.test.mock.mockito.MockitoContextCustomizer@0, org.springframework.boot.test.web.client.TestRestTemplateContextCustomizer@49a32273], resourceBasePath = 'src/main/webapp', contextLoader = 'org.springframework.boot.test.context.SpringBootContextLoader', parent = [null]], attributes = map['org.springframework.test.context.web.ServletTestExecutionListener.activateListener' -> true, 'org.springframework.test.context.web.ServletTestExecutionListener.populatedRequestContextHolder' -> true, 'org.springframework.test.context.web.ServletTestExecutionListener.resetRequestContextHolder' -> true]]
2018-12-14 17:35:20.879  INFO 9212 --- [    Test worker] o.s.t.c.transaction.TransactionContext   : Began transaction (1) for test context [DefaultTestContext@71ed4f5b testClass = AddressApiTest, testInstance = ags.goldenlionerp.apiTests.addresses.AddressApiTest@6fcc1c75, testMethod = deleteTest@AddressApiTest, testException = [null], mergedContextConfiguration = [WebMergedContextConfiguration@5f400115 testClass = AddressApiTest, locations = '{}', classes = '{class ags.goldenlionerp.GoldenLionErpApplication}', contextInitializerClasses = '[]', activeProfiles = '{}', propertySourceLocations = '{classpath:test.properties}', propertySourceProperties = '{org.springframework.boot.test.context.SpringBootTestContextBootstrapper=true}', contextCustomizers = set[org.springframework.boot.test.autoconfigure.properties.PropertyMappingContextCustomizer@0, org.springframework.boot.test.autoconfigure.web.servlet.WebDriverContextCustomizerFactory$Customizer@636d731e, [ImportsContextCustomizer@33670d7 key = [ags.goldenlionerp.apiTests.ApiTestBase$TestConfig]], org.springframework.boot.test.context.filter.ExcludeFilterContextCustomizer@6afa5291, org.springframework.boot.test.json.DuplicateJsonObjectContextCustomizerFactory$DuplicateJsonObjectContextCustomizer@20cebcb4, org.springframework.boot.test.mock.mockito.MockitoContextCustomizer@0, org.springframework.boot.test.web.client.TestRestTemplateContextCustomizer@49a32273], resourceBasePath = 'src/main/webapp', contextLoader = 'org.springframework.boot.test.context.SpringBootContextLoader', parent = [null]], attributes = map['org.springframework.test.context.web.ServletTestExecutionListener.activateListener' -> true, 'org.springframework.test.context.web.ServletTestExecutionListener.populatedRequestContextHolder' -> true, 'org.springframework.test.context.web.ServletTestExecutionListener.resetRequestContextHolder' -> true]]; transaction manager [org.springframework.orm.jpa.JpaTransactionManager@76f112e2]; rollback [true]
2018-12-14 17:35:20.880  INFO 9212 --- [    Test worker] o.s.b.t.m.w.SpringBootMockServletContext : Initializing Spring FrameworkServlet ''
2018-12-14 17:35:20.880  INFO 9212 --- [    Test worker] o.s.t.web.servlet.TestDispatcherServlet  : FrameworkServlet '': initialization started
2018-12-14 17:35:20.891  INFO 9212 --- [    Test worker] o.s.t.web.servlet.TestDispatcherServlet  : FrameworkServlet '': initialization completed in 11 ms
Hibernate: select addressboo0_.adanum as adanum1_16_0_, addressboo0_.adcid as adcid2_16_0_, addressboo0_.addtin as addtin3_16_0_, addressboo0_.adtmin as adtmin4_16_0_, addressboo0_.aduid as aduid5_16_0_, addressboo0_.addtlu as addtlu6_16_0_, addressboo0_.adtmlu as adtmlu7_16_0_, addressboo0_.aduidm as aduidm8_16_0_, addressboo0_.adap as adap9_16_0_, addressboo0_.adar as adar10_16_0_, addressboo0_.adbuid as adbuid11_16_0_, addressboo0_.adcc01 as adcc12_16_0_, addressboo0_.adcc02 as adcc13_16_0_, addressboo0_.adcc03 as adcc14_16_0_, addressboo0_.adcc04 as adcc15_16_0_, addressboo0_.adcc05 as adcc16_16_0_, addressboo0_.adcc06 as adcc17_16_0_, addressboo0_.adcc07 as adcc18_16_0_, addressboo0_.adcc08 as adcc19_16_0_, addressboo0_.adcc09 as adcc20_16_0_, addressboo0_.adcc10 as adcc21_16_0_, addressboo0_.adempl as adempl22_16_0_, addressboo0_.adtmlt as adtmlt23_16_0_, addressboo0_.adlan as adlan24_16_0_, addressboo0_.admlnm as admlnm25_16_0_, addressboo0_.adnm as adnm26_16_0_, addressboo0_.adpan as adpan27_16_0_, addressboo0_.adrecid as adrecid28_16_0_, addressboo0_.adrlid0 as adrlid29_16_0_, addressboo0_.adrlid2 as adrlid30_16_0_, addressboo0_.adrlid3 as adrlid31_16_0_, addressboo0_.adrlid4 as adrlid32_16_0_, addressboo0_.adrlid5 as adrlid33_16_0_, addressboo0_.adrlid6 as adrlid34_16_0_, addressboo0_.adrlid7 as adrlid35_16_0_, addressboo0_.adrlid8 as adrlid36_16_0_, addressboo0_.adrlid9 as adrlid37_16_0_, addressboo0_.adrlid1 as adrlid38_16_0_, addressboo0_.adst as adst39_16_0_, addressboo0_.adtaxid as adtaxid40_16_0_ from t0101 addressboo0_ where addressboo0_.adanum=?
Hibernate: select addresshis0_.eaanum as eaanum1_19_0_, addresshis0_.earecid as earecid2_19_0_, addresshis0_.eaanum as eaanum1_19_1_, addresshis0_.earecid as earecid2_19_1_, addresshis0_.eacid as eacid3_19_1_, addresshis0_.eadtin as eadtin4_19_1_, addresshis0_.eatmin as eatmin5_19_1_, addresshis0_.eauid as eauid6_19_1_, addresshis0_.eadtlu as eadtlu7_19_1_, addresshis0_.eatmlu as eatmlu8_19_1_, addresshis0_.eauidm as eauidm9_19_1_, addresshis0_.eadtls as eadtls10_19_1_, addresshis0_.eaaddr1 as eaaddr11_19_1_, addresshis0_.eaaddr2 as eaaddr12_19_1_, addresshis0_.eaaddr3 as eaaddr13_19_1_, addresshis0_.eaaddr4 as eaaddr14_19_1_, addresshis0_.eacity as eacity15_19_1_, addresshis0_.eacntry as eacntry16_19_1_, addresshis0_.eacnty as eacnty17_19_1_, addresshis0_.eaefdt as eaefdt18_19_1_, addresshis0_.eaemail as eaemail19_19_1_, addresshis0_.eanau as eanau20_19_1_, addresshis0_.eanou as eanou21_19_1_, addresshis0_.eapoldis as eapoldi22_19_1_, addresshis0_.eapscd as eapscd23_19_1_, addresshis0_.eastate as eastate24_19_1_, addresshis0_.easubdis as easubdi25_19_1_ from t0104 addresshis0_ where addresshis0_.eaanum=?
Hibernate: select apsetting0_.pmanum as pmanum1_23_0_, apsetting0_.pmanum as pmanum1_23_1_, apsetting0_.pmcid as pmcid2_23_1_, apsetting0_.pmdtin as pmdtin3_23_1_, apsetting0_.pmtmin as pmtmin4_23_1_, apsetting0_.pmuid as pmuid5_23_1_, apsetting0_.pmdtlu as pmdtlu6_23_1_, apsetting0_.pmtmlu as pmtmlu7_23_1_, apsetting0_.pmuidm as pmuidm8_23_1_, apsetting0_.pmdtls as pmdtls9_23_1_, apsetting0_.pmapcls as pmapcls10_23_1_, apsetting0_.pmcrm as pmcrm11_23_1_, apsetting0_.pmcrct as pmcrct12_23_1_, apsetting0_.pmitc05 as pmitc13_23_1_, apsetting0_.pminsp as pminsp14_23_1_, apsetting0_.pmptc as pmptc15_23_1_, apsetting0_.pmspg as pmspg16_23_1_, apsetting0_.pmtaxau as pmtaxau17_23_1_, apsetting0_.pmtaxcd as pmtaxcd18_23_1_, apsetting0_.pmtaxid as pmtaxid19_23_1_ from t0401 apsetting0_ where apsetting0_.pmanum=?
Hibernate: select arsetting0_.rmanum as rmanum1_21_0_, arsetting0_.rmanum as rmanum1_21_1_, arsetting0_.rmcid as rmcid2_21_1_, arsetting0_.rmdtin as rmdtin3_21_1_, arsetting0_.rmtmin as rmtmin4_21_1_, arsetting0_.rmuid as rmuid5_21_1_, arsetting0_.rmdtlu as rmdtlu6_21_1_, arsetting0_.rmtmlu as rmtmlu7_21_1_, arsetting0_.rmuidm as rmuidm8_21_1_, arsetting0_.rmdtls as rmdtls9_21_1_, arsetting0_.rmaodt as rmaodt10_21_1_, arsetting0_.rmarcls as rmarcls11_21_1_, arsetting0_.rmbadt as rmbadt12_21_1_, arsetting0_.rmcrl as rmcrl13_21_1_, arsetting0_.rmcrm as rmcrm14_21_1_, arsetting0_.rmcrct as rmcrct15_21_1_, arsetting0_.rmcpg as rmcpg16_21_1_, arsetting0_.rmdesc1 as rmdesc17_21_1_, arsetting0_.rmexpdt as rmexpdt18_21_1_, arsetting0_.rminsp as rminsp19_21_1_, arsetting0_.rmptc as rmptc20_21_1_, arsetting0_.rmrcbad as rmrcbad21_21_1_, arsetting0_.rmrcbm as rmrcbm22_21_1_, arsetting0_.rmrcbs as rmrcbs23_21_1_, arsetting0_.rmslid as rmslid24_21_1_, arsetting0_.rmtaxcd as rmtaxcd25_21_1_, arsetting0_.rmtaxid as rmtaxid26_21_1_, arsetting0_.rmtdf as rmtdf27_21_1_ from t0301 arsetting0_ where arsetting0_.rmanum=?
Hibernate: select bankaccoun0_.baanum as baanum1_20_0_, bankaccoun0_.babankac as babankac2_20_0_, bankaccoun0_.babankid as babankid3_20_0_, bankaccoun0_.baanum as baanum1_20_1_, bankaccoun0_.babankac as babankac2_20_1_, bankaccoun0_.babankid as babankid3_20_1_, bankaccoun0_.bacid as bacid4_20_1_, bankaccoun0_.badtin as badtin5_20_1_, bankaccoun0_.batmin as batmin6_20_1_, bankaccoun0_.bauid as bauid7_20_1_, bankaccoun0_.badtlu as badtlu8_20_1_, bankaccoun0_.batmlu as batmlu9_20_1_, bankaccoun0_.bauidm as bauidm10_20_1_, bankaccoun0_.badtls as badtls11_20_1_, bankaccoun0_.badesb1 as badesb12_20_1_ from t0105 bankaccoun0_ where bankaccoun0_.baanum=?
Hibernate: select contacts0_.cianum as cianum1_17_0_, contacts0_.ciseq1 as ciseq2_17_0_, contacts0_.cianum as cianum1_17_1_, contacts0_.ciseq1 as ciseq2_17_1_, contacts0_.cicid as cicid3_17_1_, contacts0_.cidtin as cidtin4_17_1_, contacts0_.citmin as citmin5_17_1_, contacts0_.ciuid as ciuid6_17_1_, contacts0_.cidtlu as cidtlu7_17_1_, contacts0_.citmlu as citmlu8_17_1_, contacts0_.ciuidm as ciuidm9_17_1_, contacts0_.cidtls as cidtls10_17_1_, contacts0_.cidob as cidob11_17_1_, contacts0_.cidesb1 as cidesb12_17_1_, contacts0_.cifsnm as cifsnm13_17_1_, contacts0_.cigdr as cigdr14_17_1_, contacts0_.cilsnm as cilsnm15_17_1_, contacts0_.cimlnm as cimlnm16_17_1_, contacts0_.cimoref as cimoref17_17_1_, contacts0_.cimdnm as cimdnm18_17_1_, contacts0_.cinm as cinm19_17_1_, contacts0_.cinknm as cinknm20_17_1_, contacts0_.cipob as cipob21_17_1_, contacts0_.cirlg as cirlg22_17_1_, contacts0_.cisltn as cisltn23_17_1_, contacts0_.cissdt as cissdt24_17_1_, contacts0_.cissn as cissn25_17_1_, contacts0_.citycd as citycd26_17_1_ from t0102 contacts0_ where contacts0_.cianum=?
Hibernate: select phonenumbe0_.cmanum as cmanum1_18_0_, phonenumbe0_.cmseq1 as cmseq2_18_0_, phonenumbe0_.cmseq2 as cmseq3_18_0_, phonenumbe0_.cmanum as cmanum1_18_1_, phonenumbe0_.cmseq1 as cmseq2_18_1_, phonenumbe0_.cmseq2 as cmseq3_18_1_, phonenumbe0_.cmcid as cmcid4_18_1_, phonenumbe0_.cmdtin as cmdtin5_18_1_, phonenumbe0_.cmtmin as cmtmin6_18_1_, phonenumbe0_.cmuid as cmuid7_18_1_, phonenumbe0_.cmdtlu as cmdtlu8_18_1_, phonenumbe0_.cmtmlu as cmtmlu9_18_1_, phonenumbe0_.cmuidm as cmuidm10_18_1_, phonenumbe0_.cmdtls as cmdtls11_18_1_, phonenumbe0_.cmphac as cmphac12_18_1_, phonenumbe0_.cmphcc as cmphcc13_18_1_, phonenumbe0_.cmdesb1 as cmdesb14_18_1_, phonenumbe0_.cmphno as cmphno15_18_1_, phonenumbe0_.cmphty as cmphty16_18_1_ from t0103 phonenumbe0_ where phonenumbe0_.cmanum=?
2018-12-14 17:35:21.013  INFO 9212 --- [    Test worker] o.s.t.c.transaction.TransactionContext   : Rolled back transaction for test: [DefaultTestContext@71ed4f5b testClass = AddressApiTest, testInstance = ags.goldenlionerp.apiTests.addresses.AddressApiTest@6fcc1c75, testMethod = deleteTest@AddressApiTest, testException = [null], mergedContextConfiguration = [WebMergedContextConfiguration@5f400115 testClass = AddressApiTest, locations = '{}', classes = '{class ags.goldenlionerp.GoldenLionErpApplication}', contextInitializerClasses = '[]', activeProfiles = '{}', propertySourceLocations = '{classpath:test.properties}', propertySourceProperties = '{org.springframework.boot.test.context.SpringBootTestContextBootstrapper=true}', contextCustomizers = set[org.springframework.boot.test.autoconfigure.properties.PropertyMappingContextCustomizer@0, org.springframework.boot.test.autoconfigure.web.servlet.WebDriverContextCustomizerFactory$Customizer@636d731e, [ImportsContextCustomizer@33670d7 key = [ags.goldenlionerp.apiTests.ApiTestBase$TestConfig]], org.springframework.boot.test.context.filter.ExcludeFilterContextCustomizer@6afa5291, org.springframework.boot.test.json.DuplicateJsonObjectContextCustomizerFactory$DuplicateJsonObjectContextCustomizer@20cebcb4, org.springframework.boot.test.mock.mockito.MockitoContextCustomizer@0, org.springframework.boot.test.web.client.TestRestTemplateContextCustomizer@49a32273], resourceBasePath = 'src/main/webapp', contextLoader = 'org.springframework.boot.test.context.SpringBootContextLoader', parent = [null]], attributes = map['org.springframework.test.context.web.ServletTestExecutionListener.activateListener' -> true, 'org.springframework.test.context.web.ServletTestExecutionListener.populatedRequestContextHolder' -> true, 'org.springframework.test.context.web.ServletTestExecutionListener.resetRequestContextHolder' -> true]]
2018-12-14 17:35:21.015  INFO 9212 --- [    Test worker] o.s.t.c.transaction.TransactionContext   : Began transaction (1) for test context [DefaultTestContext@71ed4f5b testClass = AddressApiTest, testInstance = ags.goldenlionerp.apiTests.addresses.AddressApiTest@5168d29c, testMethod = updateTestWithPut@ApiTestBase, testException = [null], mergedContextConfiguration = [WebMergedContextConfiguration@5f400115 testClass = AddressApiTest, locations = '{}', classes = '{class ags.goldenlionerp.GoldenLionErpApplication}', contextInitializerClasses = '[]', activeProfiles = '{}', propertySourceLocations = '{classpath:test.properties}', propertySourceProperties = '{org.springframework.boot.test.context.SpringBootTestContextBootstrapper=true}', contextCustomizers = set[org.springframework.boot.test.autoconfigure.properties.PropertyMappingContextCustomizer@0, org.springframework.boot.test.autoconfigure.web.servlet.WebDriverContextCustomizerFactory$Customizer@636d731e, [ImportsContextCustomizer@33670d7 key = [ags.goldenlionerp.apiTests.ApiTestBase$TestConfig]], org.springframework.boot.test.context.filter.ExcludeFilterContextCustomizer@6afa5291, org.springframework.boot.test.json.DuplicateJsonObjectContextCustomizerFactory$DuplicateJsonObjectContextCustomizer@20cebcb4, org.springframework.boot.test.mock.mockito.MockitoContextCustomizer@0, org.springframework.boot.test.web.client.TestRestTemplateContextCustomizer@49a32273], resourceBasePath = 'src/main/webapp', contextLoader = 'org.springframework.boot.test.context.SpringBootContextLoader', parent = [null]], attributes = map['org.springframework.test.context.web.ServletTestExecutionListener.activateListener' -> true, 'org.springframework.test.context.web.ServletTestExecutionListener.populatedRequestContextHolder' -> true, 'org.springframework.test.context.web.ServletTestExecutionListener.resetRequestContextHolder' -> true]]; transaction manager [org.springframework.orm.jpa.JpaTransactionManager@76f112e2]; rollback [true]
2018-12-14 17:35:21.016  INFO 9212 --- [    Test worker] o.s.b.t.m.w.SpringBootMockServletContext : Initializing Spring FrameworkServlet ''
2018-12-14 17:35:21.016  INFO 9212 --- [    Test worker] o.s.t.web.servlet.TestDispatcherServlet  : FrameworkServlet '': initialization started
2018-12-14 17:35:21.022  INFO 9212 --- [    Test worker] o.s.t.web.servlet.TestDispatcherServlet  : FrameworkServlet '': initialization completed in 6 ms
Hibernate: select addressboo0_.adanum as adanum1_16_0_, addressboo0_.adcid as adcid2_16_0_, addressboo0_.addtin as addtin3_16_0_, addressboo0_.adtmin as adtmin4_16_0_, addressboo0_.aduid as aduid5_16_0_, addressboo0_.addtlu as addtlu6_16_0_, addressboo0_.adtmlu as adtmlu7_16_0_, addressboo0_.aduidm as aduidm8_16_0_, addressboo0_.adap as adap9_16_0_, addressboo0_.adar as adar10_16_0_, addressboo0_.adbuid as adbuid11_16_0_, addressboo0_.adcc01 as adcc12_16_0_, addressboo0_.adcc02 as adcc13_16_0_, addressboo0_.adcc03 as adcc14_16_0_, addressboo0_.adcc04 as adcc15_16_0_, addressboo0_.adcc05 as adcc16_16_0_, addressboo0_.adcc06 as adcc17_16_0_, addressboo0_.adcc07 as adcc18_16_0_, addressboo0_.adcc08 as adcc19_16_0_, addressboo0_.adcc09 as adcc20_16_0_, addressboo0_.adcc10 as adcc21_16_0_, addressboo0_.adempl as adempl22_16_0_, addressboo0_.adtmlt as adtmlt23_16_0_, addressboo0_.adlan as adlan24_16_0_, addressboo0_.admlnm as admlnm25_16_0_, addressboo0_.adnm as adnm26_16_0_, addressboo0_.adpan as adpan27_16_0_, addressboo0_.adrecid as adrecid28_16_0_, addressboo0_.adrlid0 as adrlid29_16_0_, addressboo0_.adrlid2 as adrlid30_16_0_, addressboo0_.adrlid3 as adrlid31_16_0_, addressboo0_.adrlid4 as adrlid32_16_0_, addressboo0_.adrlid5 as adrlid33_16_0_, addressboo0_.adrlid6 as adrlid34_16_0_, addressboo0_.adrlid7 as adrlid35_16_0_, addressboo0_.adrlid8 as adrlid36_16_0_, addressboo0_.adrlid9 as adrlid37_16_0_, addressboo0_.adrlid1 as adrlid38_16_0_, addressboo0_.adst as adst39_16_0_, addressboo0_.adtaxid as adtaxid40_16_0_ from t0101 addressboo0_ where addressboo0_.adanum=?
Hibernate: select addresshis0_.eaanum as eaanum1_19_0_, addresshis0_.earecid as earecid2_19_0_, addresshis0_.eaanum as eaanum1_19_1_, addresshis0_.earecid as earecid2_19_1_, addresshis0_.eacid as eacid3_19_1_, addresshis0_.eadtin as eadtin4_19_1_, addresshis0_.eatmin as eatmin5_19_1_, addresshis0_.eauid as eauid6_19_1_, addresshis0_.eadtlu as eadtlu7_19_1_, addresshis0_.eatmlu as eatmlu8_19_1_, addresshis0_.eauidm as eauidm9_19_1_, addresshis0_.eadtls as eadtls10_19_1_, addresshis0_.eaaddr1 as eaaddr11_19_1_, addresshis0_.eaaddr2 as eaaddr12_19_1_, addresshis0_.eaaddr3 as eaaddr13_19_1_, addresshis0_.eaaddr4 as eaaddr14_19_1_, addresshis0_.eacity as eacity15_19_1_, addresshis0_.eacntry as eacntry16_19_1_, addresshis0_.eacnty as eacnty17_19_1_, addresshis0_.eaefdt as eaefdt18_19_1_, addresshis0_.eaemail as eaemail19_19_1_, addresshis0_.eanau as eanau20_19_1_, addresshis0_.eanou as eanou21_19_1_, addresshis0_.eapoldis as eapoldi22_19_1_, addresshis0_.eapscd as eapscd23_19_1_, addresshis0_.eastate as eastate24_19_1_, addresshis0_.easubdis as easubdi25_19_1_ from t0104 addresshis0_ where addresshis0_.eaanum=?
2018-12-14 17:35:21.082  INFO 9212 --- [    Test worker] o.s.t.c.transaction.TransactionContext   : Rolled back transaction for test: [DefaultTestContext@71ed4f5b testClass = AddressApiTest, testInstance = ags.goldenlionerp.apiTests.addresses.AddressApiTest@5168d29c, testMethod = updateTestWithPut@ApiTestBase, testException = [null], mergedContextConfiguration = [WebMergedContextConfiguration@5f400115 testClass = AddressApiTest, locations = '{}', classes = '{class ags.goldenlionerp.GoldenLionErpApplication}', contextInitializerClasses = '[]', activeProfiles = '{}', propertySourceLocations = '{classpath:test.properties}', propertySourceProperties = '{org.springframework.boot.test.context.SpringBootTestContextBootstrapper=true}', contextCustomizers = set[org.springframework.boot.test.autoconfigure.properties.PropertyMappingContextCustomizer@0, org.springframework.boot.test.autoconfigure.web.servlet.WebDriverContextCustomizerFactory$Customizer@636d731e, [ImportsContextCustomizer@33670d7 key = [ags.goldenlionerp.apiTests.ApiTestBase$TestConfig]], org.springframework.boot.test.context.filter.ExcludeFilterContextCustomizer@6afa5291, org.springframework.boot.test.json.DuplicateJsonObjectContextCustomizerFactory$DuplicateJsonObjectContextCustomizer@20cebcb4, org.springframework.boot.test.mock.mockito.MockitoContextCustomizer@0, org.springframework.boot.test.web.client.TestRestTemplateContextCustomizer@49a32273], resourceBasePath = 'src/main/webapp', contextLoader = 'org.springframework.boot.test.context.SpringBootContextLoader', parent = [null]], attributes = map['org.springframework.test.context.web.ServletTestExecutionListener.activateListener' -> true, 'org.springframework.test.context.web.ServletTestExecutionListener.populatedRequestContextHolder' -> true, 'org.springframework.test.context.web.ServletTestExecutionListener.resetRequestContextHolder' -> true]]
2018-12-14 17:35:21.085  INFO 9212 --- [    Test worker] o.s.t.c.transaction.TransactionContext   : Began transaction (1) for test context [DefaultTestContext@71ed4f5b testClass = AddressApiTest, testInstance = ags.goldenlionerp.apiTests.addresses.AddressApiTest@631d80be, testMethod = getTestSingle@ApiTestBase, testException = [null], mergedContextConfiguration = [WebMergedContextConfiguration@5f400115 testClass = AddressApiTest, locations = '{}', classes = '{class ags.goldenlionerp.GoldenLionErpApplication}', contextInitializerClasses = '[]', activeProfiles = '{}', propertySourceLocations = '{classpath:test.properties}', propertySourceProperties = '{org.springframework.boot.test.context.SpringBootTestContextBootstrapper=true}', contextCustomizers = set[org.springframework.boot.test.autoconfigure.properties.PropertyMappingContextCustomizer@0, org.springframework.boot.test.autoconfigure.web.servlet.WebDriverContextCustomizerFactory$Customizer@636d731e, [ImportsContextCustomizer@33670d7 key = [ags.goldenlionerp.apiTests.ApiTestBase$TestConfig]], org.springframework.boot.test.context.filter.ExcludeFilterContextCustomizer@6afa5291, org.springframework.boot.test.json.DuplicateJsonObjectContextCustomizerFactory$DuplicateJsonObjectContextCustomizer@20cebcb4, org.springframework.boot.test.mock.mockito.MockitoContextCustomizer@0, org.springframework.boot.test.web.client.TestRestTemplateContextCustomizer@49a32273], resourceBasePath = 'src/main/webapp', contextLoader = 'org.springframework.boot.test.context.SpringBootContextLoader', parent = [null]], attributes = map['org.springframework.test.context.web.ServletTestExecutionListener.activateListener' -> true, 'org.springframework.test.context.web.ServletTestExecutionListener.populatedRequestContextHolder' -> true, 'org.springframework.test.context.web.ServletTestExecutionListener.resetRequestContextHolder' -> true]]; transaction manager [org.springframework.orm.jpa.JpaTransactionManager@76f112e2]; rollback [true]
2018-12-14 17:35:21.086  INFO 9212 --- [    Test worker] o.s.b.t.m.w.SpringBootMockServletContext : Initializing Spring FrameworkServlet ''
2018-12-14 17:35:21.086  INFO 9212 --- [    Test worker] o.s.t.web.servlet.TestDispatcherServlet  : FrameworkServlet '': initialization started
2018-12-14 17:35:21.093  INFO 9212 --- [    Test worker] o.s.t.web.servlet.TestDispatcherServlet  : FrameworkServlet '': initialization completed in 7 ms
Hibernate: select addressboo0_.adanum as adanum1_16_0_, addressboo0_.adcid as adcid2_16_0_, addressboo0_.addtin as addtin3_16_0_, addressboo0_.adtmin as adtmin4_16_0_, addressboo0_.aduid as aduid5_16_0_, addressboo0_.addtlu as addtlu6_16_0_, addressboo0_.adtmlu as adtmlu7_16_0_, addressboo0_.aduidm as aduidm8_16_0_, addressboo0_.adap as adap9_16_0_, addressboo0_.adar as adar10_16_0_, addressboo0_.adbuid as adbuid11_16_0_, addressboo0_.adcc01 as adcc12_16_0_, addressboo0_.adcc02 as adcc13_16_0_, addressboo0_.adcc03 as adcc14_16_0_, addressboo0_.adcc04 as adcc15_16_0_, addressboo0_.adcc05 as adcc16_16_0_, addressboo0_.adcc06 as adcc17_16_0_, addressboo0_.adcc07 as adcc18_16_0_, addressboo0_.adcc08 as adcc19_16_0_, addressboo0_.adcc09 as adcc20_16_0_, addressboo0_.adcc10 as adcc21_16_0_, addressboo0_.adempl as adempl22_16_0_, addressboo0_.adtmlt as adtmlt23_16_0_, addressboo0_.adlan as adlan24_16_0_, addressboo0_.admlnm as admlnm25_16_0_, addressboo0_.adnm as adnm26_16_0_, addressboo0_.adpan as adpan27_16_0_, addressboo0_.adrecid as adrecid28_16_0_, addressboo0_.adrlid0 as adrlid29_16_0_, addressboo0_.adrlid2 as adrlid30_16_0_, addressboo0_.adrlid3 as adrlid31_16_0_, addressboo0_.adrlid4 as adrlid32_16_0_, addressboo0_.adrlid5 as adrlid33_16_0_, addressboo0_.adrlid6 as adrlid34_16_0_, addressboo0_.adrlid7 as adrlid35_16_0_, addressboo0_.adrlid8 as adrlid36_16_0_, addressboo0_.adrlid9 as adrlid37_16_0_, addressboo0_.adrlid1 as adrlid38_16_0_, addressboo0_.adst as adst39_16_0_, addressboo0_.adtaxid as adtaxid40_16_0_ from t0101 addressboo0_ where addressboo0_.adanum=?
Hibernate: select addresshis0_.eaanum as eaanum1_19_0_, addresshis0_.earecid as earecid2_19_0_, addresshis0_.eaanum as eaanum1_19_1_, addresshis0_.earecid as earecid2_19_1_, addresshis0_.eacid as eacid3_19_1_, addresshis0_.eadtin as eadtin4_19_1_, addresshis0_.eatmin as eatmin5_19_1_, addresshis0_.eauid as eauid6_19_1_, addresshis0_.eadtlu as eadtlu7_19_1_, addresshis0_.eatmlu as eatmlu8_19_1_, addresshis0_.eauidm as eauidm9_19_1_, addresshis0_.eadtls as eadtls10_19_1_, addresshis0_.eaaddr1 as eaaddr11_19_1_, addresshis0_.eaaddr2 as eaaddr12_19_1_, addresshis0_.eaaddr3 as eaaddr13_19_1_, addresshis0_.eaaddr4 as eaaddr14_19_1_, addresshis0_.eacity as eacity15_19_1_, addresshis0_.eacntry as eacntry16_19_1_, addresshis0_.eacnty as eacnty17_19_1_, addresshis0_.eaefdt as eaefdt18_19_1_, addresshis0_.eaemail as eaemail19_19_1_, addresshis0_.eanau as eanau20_19_1_, addresshis0_.eanou as eanou21_19_1_, addresshis0_.eapoldis as eapoldi22_19_1_, addresshis0_.eapscd as eapscd23_19_1_, addresshis0_.eastate as eastate24_19_1_, addresshis0_.easubdis as easubdi25_19_1_ from t0104 addresshis0_ where addresshis0_.eaanum=?
2018-12-14 17:35:21.126  INFO 9212 --- [    Test worker] o.s.t.c.transaction.TransactionContext   : Rolled back transaction for test: [DefaultTestContext@71ed4f5b testClass = AddressApiTest, testInstance = ags.goldenlionerp.apiTests.addresses.AddressApiTest@631d80be, testMethod = getTestSingle@ApiTestBase, testException = [null], mergedContextConfiguration = [WebMergedContextConfiguration@5f400115 testClass = AddressApiTest, locations = '{}', classes = '{class ags.goldenlionerp.GoldenLionErpApplication}', contextInitializerClasses = '[]', activeProfiles = '{}', propertySourceLocations = '{classpath:test.properties}', propertySourceProperties = '{org.springframework.boot.test.context.SpringBootTestContextBootstrapper=true}', contextCustomizers = set[org.springframework.boot.test.autoconfigure.properties.PropertyMappingContextCustomizer@0, org.springframework.boot.test.autoconfigure.web.servlet.WebDriverContextCustomizerFactory$Customizer@636d731e, [ImportsContextCustomizer@33670d7 key = [ags.goldenlionerp.apiTests.ApiTestBase$TestConfig]], org.springframework.boot.test.context.filter.ExcludeFilterContextCustomizer@6afa5291, org.springframework.boot.test.json.DuplicateJsonObjectContextCustomizerFactory$DuplicateJsonObjectContextCustomizer@20cebcb4, org.springframework.boot.test.mock.mockito.MockitoContextCustomizer@0, org.springframework.boot.test.web.client.TestRestTemplateContextCustomizer@49a32273], resourceBasePath = 'src/main/webapp', contextLoader = 'org.springframework.boot.test.context.SpringBootContextLoader', parent = [null]], attributes = map['org.springframework.test.context.web.ServletTestExecutionListener.activateListener' -> true, 'org.springframework.test.context.web.ServletTestExecutionListener.populatedRequestContextHolder' -> true, 'org.springframework.test.context.web.ServletTestExecutionListener.resetRequestContextHolder' -> true]]
2018-12-14 17:35:21.129  INFO 9212 --- [    Test worker] o.s.t.c.transaction.TransactionContext   : Began transaction (1) for test context [DefaultTestContext@71ed4f5b testClass = AddressApiTest, testInstance = ags.goldenlionerp.apiTests.addresses.AddressApiTest@47208e8c, testMethod = getTestCollection@ApiTestBase, testException = [null], mergedContextConfiguration = [WebMergedContextConfiguration@5f400115 testClass = AddressApiTest, locations = '{}', classes = '{class ags.goldenlionerp.GoldenLionErpApplication}', contextInitializerClasses = '[]', activeProfiles = '{}', propertySourceLocations = '{classpath:test.properties}', propertySourceProperties = '{org.springframework.boot.test.context.SpringBootTestContextBootstrapper=true}', contextCustomizers = set[org.springframework.boot.test.autoconfigure.properties.PropertyMappingContextCustomizer@0, org.springframework.boot.test.autoconfigure.web.servlet.WebDriverContextCustomizerFactory$Customizer@636d731e, [ImportsContextCustomizer@33670d7 key = [ags.goldenlionerp.apiTests.ApiTestBase$TestConfig]], org.springframework.boot.test.context.filter.ExcludeFilterContextCustomizer@6afa5291, org.springframework.boot.test.json.DuplicateJsonObjectContextCustomizerFactory$DuplicateJsonObjectContextCustomizer@20cebcb4, org.springframework.boot.test.mock.mockito.MockitoContextCustomizer@0, org.springframework.boot.test.web.client.TestRestTemplateContextCustomizer@49a32273], resourceBasePath = 'src/main/webapp', contextLoader = 'org.springframework.boot.test.context.SpringBootContextLoader', parent = [null]], attributes = map['org.springframework.test.context.web.ServletTestExecutionListener.activateListener' -> true, 'org.springframework.test.context.web.ServletTestExecutionListener.populatedRequestContextHolder' -> true, 'org.springframework.test.context.web.ServletTestExecutionListener.resetRequestContextHolder' -> true]]; transaction manager [org.springframework.orm.jpa.JpaTransactionManager@76f112e2]; rollback [true]
2018-12-14 17:35:21.130  INFO 9212 --- [    Test worker] o.s.b.t.m.w.SpringBootMockServletContext : Initializing Spring FrameworkServlet ''
2018-12-14 17:35:21.130  INFO 9212 --- [    Test worker] o.s.t.web.servlet.TestDispatcherServlet  : FrameworkServlet '': initialization started
2018-12-14 17:35:21.138  INFO 9212 --- [    Test worker] o.s.t.web.servlet.TestDispatcherServlet  : FrameworkServlet '': initialization completed in 8 ms
Hibernate: select TOP(?) addressboo0_.adanum as adanum1_16_, addressboo0_.adcid as adcid2_16_, addressboo0_.addtin as addtin3_16_, addressboo0_.adtmin as adtmin4_16_, addressboo0_.aduid as aduid5_16_, addressboo0_.addtlu as addtlu6_16_, addressboo0_.adtmlu as adtmlu7_16_, addressboo0_.aduidm as aduidm8_16_, addressboo0_.adap as adap9_16_, addressboo0_.adar as adar10_16_, addressboo0_.adbuid as adbuid11_16_, addressboo0_.adcc01 as adcc12_16_, addressboo0_.adcc02 as adcc13_16_, addressboo0_.adcc03 as adcc14_16_, addressboo0_.adcc04 as adcc15_16_, addressboo0_.adcc05 as adcc16_16_, addressboo0_.adcc06 as adcc17_16_, addressboo0_.adcc07 as adcc18_16_, addressboo0_.adcc08 as adcc19_16_, addressboo0_.adcc09 as adcc20_16_, addressboo0_.adcc10 as adcc21_16_, addressboo0_.adempl as adempl22_16_, addressboo0_.adtmlt as adtmlt23_16_, addressboo0_.adlan as adlan24_16_, addressboo0_.admlnm as admlnm25_16_, addressboo0_.adnm as adnm26_16_, addressboo0_.adpan as adpan27_16_, addressboo0_.adrecid as adrecid28_16_, addressboo0_.adrlid0 as adrlid29_16_, addressboo0_.adrlid2 as adrlid30_16_, addressboo0_.adrlid3 as adrlid31_16_, addressboo0_.adrlid4 as adrlid32_16_, addressboo0_.adrlid5 as adrlid33_16_, addressboo0_.adrlid6 as adrlid34_16_, addressboo0_.adrlid7 as adrlid35_16_, addressboo0_.adrlid8 as adrlid36_16_, addressboo0_.adrlid9 as adrlid37_16_, addressboo0_.adrlid1 as adrlid38_16_, addressboo0_.adst as adst39_16_, addressboo0_.adtaxid as adtaxid40_16_ from t0101 addressboo0_
Hibernate: select count(addressboo0_.adanum) as col_0_0_ from t0101 addressboo0_
Hibernate: select addresshis0_.eaanum as eaanum1_19_0_, addresshis0_.earecid as earecid2_19_0_, addresshis0_.eaanum as eaanum1_19_1_, addresshis0_.earecid as earecid2_19_1_, addresshis0_.eacid as eacid3_19_1_, addresshis0_.eadtin as eadtin4_19_1_, addresshis0_.eatmin as eatmin5_19_1_, addresshis0_.eauid as eauid6_19_1_, addresshis0_.eadtlu as eadtlu7_19_1_, addresshis0_.eatmlu as eatmlu8_19_1_, addresshis0_.eauidm as eauidm9_19_1_, addresshis0_.eadtls as eadtls10_19_1_, addresshis0_.eaaddr1 as eaaddr11_19_1_, addresshis0_.eaaddr2 as eaaddr12_19_1_, addresshis0_.eaaddr3 as eaaddr13_19_1_, addresshis0_.eaaddr4 as eaaddr14_19_1_, addresshis0_.eacity as eacity15_19_1_, addresshis0_.eacntry as eacntry16_19_1_, addresshis0_.eacnty as eacnty17_19_1_, addresshis0_.eaefdt as eaefdt18_19_1_, addresshis0_.eaemail as eaemail19_19_1_, addresshis0_.eanau as eanau20_19_1_, addresshis0_.eanou as eanou21_19_1_, addresshis0_.eapoldis as eapoldi22_19_1_, addresshis0_.eapscd as eapscd23_19_1_, addresshis0_.eastate as eastate24_19_1_, addresshis0_.easubdis as easubdi25_19_1_ from t0104 addresshis0_ where addresshis0_.eaanum=?
Hibernate: select addresshis0_.eaanum as eaanum1_19_0_, addresshis0_.earecid as earecid2_19_0_, addresshis0_.eaanum as eaanum1_19_1_, addresshis0_.earecid as earecid2_19_1_, addresshis0_.eacid as eacid3_19_1_, addresshis0_.eadtin as eadtin4_19_1_, addresshis0_.eatmin as eatmin5_19_1_, addresshis0_.eauid as eauid6_19_1_, addresshis0_.eadtlu as eadtlu7_19_1_, addresshis0_.eatmlu as eatmlu8_19_1_, addresshis0_.eauidm as eauidm9_19_1_, addresshis0_.eadtls as eadtls10_19_1_, addresshis0_.eaaddr1 as eaaddr11_19_1_, addresshis0_.eaaddr2 as eaaddr12_19_1_, addresshis0_.eaaddr3 as eaaddr13_19_1_, addresshis0_.eaaddr4 as eaaddr14_19_1_, addresshis0_.eacity as eacity15_19_1_, addresshis0_.eacntry as eacntry16_19_1_, addresshis0_.eacnty as eacnty17_19_1_, addresshis0_.eaefdt as eaefdt18_19_1_, addresshis0_.eaemail as eaemail19_19_1_, addresshis0_.eanau as eanau20_19_1_, addresshis0_.eanou as eanou21_19_1_, addresshis0_.eapoldis as eapoldi22_19_1_, addresshis0_.eapscd as eapscd23_19_1_, addresshis0_.eastate as eastate24_19_1_, addresshis0_.easubdis as easubdi25_19_1_ from t0104 addresshis0_ where addresshis0_.eaanum=?
Hibernate: select addresshis0_.eaanum as eaanum1_19_0_, addresshis0_.earecid as earecid2_19_0_, addresshis0_.eaanum as eaanum1_19_1_, addresshis0_.earecid as earecid2_19_1_, addresshis0_.eacid as eacid3_19_1_, addresshis0_.eadtin as eadtin4_19_1_, addresshis0_.eatmin as eatmin5_19_1_, addresshis0_.eauid as eauid6_19_1_, addresshis0_.eadtlu as eadtlu7_19_1_, addresshis0_.eatmlu as eatmlu8_19_1_, addresshis0_.eauidm as eauidm9_19_1_, addresshis0_.eadtls as eadtls10_19_1_, addresshis0_.eaaddr1 as eaaddr11_19_1_, addresshis0_.eaaddr2 as eaaddr12_19_1_, addresshis0_.eaaddr3 as eaaddr13_19_1_, addresshis0_.eaaddr4 as eaaddr14_19_1_, addresshis0_.eacity as eacity15_19_1_, addresshis0_.eacntry as eacntry16_19_1_, addresshis0_.eacnty as eacnty17_19_1_, addresshis0_.eaefdt as eaefdt18_19_1_, addresshis0_.eaemail as eaemail19_19_1_, addresshis0_.eanau as eanau20_19_1_, addresshis0_.eanou as eanou21_19_1_, addresshis0_.eapoldis as eapoldi22_19_1_, addresshis0_.eapscd as eapscd23_19_1_, addresshis0_.eastate as eastate24_19_1_, addresshis0_.easubdis as easubdi25_19_1_ from t0104 addresshis0_ where addresshis0_.eaanum=?
Hibernate: select addresshis0_.eaanum as eaanum1_19_0_, addresshis0_.earecid as earecid2_19_0_, addresshis0_.eaanum as eaanum1_19_1_, addresshis0_.earecid as earecid2_19_1_, addresshis0_.eacid as eacid3_19_1_, addresshis0_.eadtin as eadtin4_19_1_, addresshis0_.eatmin as eatmin5_19_1_, addresshis0_.eauid as eauid6_19_1_, addresshis0_.eadtlu as eadtlu7_19_1_, addresshis0_.eatmlu as eatmlu8_19_1_, addresshis0_.eauidm as eauidm9_19_1_, addresshis0_.eadtls as eadtls10_19_1_, addresshis0_.eaaddr1 as eaaddr11_19_1_, addresshis0_.eaaddr2 as eaaddr12_19_1_, addresshis0_.eaaddr3 as eaaddr13_19_1_, addresshis0_.eaaddr4 as eaaddr14_19_1_, addresshis0_.eacity as eacity15_19_1_, addresshis0_.eacntry as eacntry16_19_1_, addresshis0_.eacnty as eacnty17_19_1_, addresshis0_.eaefdt as eaefdt18_19_1_, addresshis0_.eaemail as eaemail19_19_1_, addresshis0_.eanau as eanau20_19_1_, addresshis0_.eanou as eanou21_19_1_, addresshis0_.eapoldis as eapoldi22_19_1_, addresshis0_.eapscd as eapscd23_19_1_, addresshis0_.eastate as eastate24_19_1_, addresshis0_.easubdis as easubdi25_19_1_ from t0104 addresshis0_ where addresshis0_.eaanum=?
Hibernate: select addresshis0_.eaanum as eaanum1_19_0_, addresshis0_.earecid as earecid2_19_0_, addresshis0_.eaanum as eaanum1_19_1_, addresshis0_.earecid as earecid2_19_1_, addresshis0_.eacid as eacid3_19_1_, addresshis0_.eadtin as eadtin4_19_1_, addresshis0_.eatmin as eatmin5_19_1_, addresshis0_.eauid as eauid6_19_1_, addresshis0_.eadtlu as eadtlu7_19_1_, addresshis0_.eatmlu as eatmlu8_19_1_, addresshis0_.eauidm as eauidm9_19_1_, addresshis0_.eadtls as eadtls10_19_1_, addresshis0_.eaaddr1 as eaaddr11_19_1_, addresshis0_.eaaddr2 as eaaddr12_19_1_, addresshis0_.eaaddr3 as eaaddr13_19_1_, addresshis0_.eaaddr4 as eaaddr14_19_1_, addresshis0_.eacity as eacity15_19_1_, addresshis0_.eacntry as eacntry16_19_1_, addresshis0_.eacnty as eacnty17_19_1_, addresshis0_.eaefdt as eaefdt18_19_1_, addresshis0_.eaemail as eaemail19_19_1_, addresshis0_.eanau as eanau20_19_1_, addresshis0_.eanou as eanou21_19_1_, addresshis0_.eapoldis as eapoldi22_19_1_, addresshis0_.eapscd as eapscd23_19_1_, addresshis0_.eastate as eastate24_19_1_, addresshis0_.easubdis as easubdi25_19_1_ from t0104 addresshis0_ where addresshis0_.eaanum=?
Hibernate: select addresshis0_.eaanum as eaanum1_19_0_, addresshis0_.earecid as earecid2_19_0_, addresshis0_.eaanum as eaanum1_19_1_, addresshis0_.earecid as earecid2_19_1_, addresshis0_.eacid as eacid3_19_1_, addresshis0_.eadtin as eadtin4_19_1_, addresshis0_.eatmin as eatmin5_19_1_, addresshis0_.eauid as eauid6_19_1_, addresshis0_.eadtlu as eadtlu7_19_1_, addresshis0_.eatmlu as eatmlu8_19_1_, addresshis0_.eauidm as eauidm9_19_1_, addresshis0_.eadtls as eadtls10_19_1_, addresshis0_.eaaddr1 as eaaddr11_19_1_, addresshis0_.eaaddr2 as eaaddr12_19_1_, addresshis0_.eaaddr3 as eaaddr13_19_1_, addresshis0_.eaaddr4 as eaaddr14_19_1_, addresshis0_.eacity as eacity15_19_1_, addresshis0_.eacntry as eacntry16_19_1_, addresshis0_.eacnty as eacnty17_19_1_, addresshis0_.eaefdt as eaefdt18_19_1_, addresshis0_.eaemail as eaemail19_19_1_, addresshis0_.eanau as eanau20_19_1_, addresshis0_.eanou as eanou21_19_1_, addresshis0_.eapoldis as eapoldi22_19_1_, addresshis0_.eapscd as eapscd23_19_1_, addresshis0_.eastate as eastate24_19_1_, addresshis0_.easubdis as easubdi25_19_1_ from t0104 addresshis0_ where addresshis0_.eaanum=?
Hibernate: select addresshis0_.eaanum as eaanum1_19_0_, addresshis0_.earecid as earecid2_19_0_, addresshis0_.eaanum as eaanum1_19_1_, addresshis0_.earecid as earecid2_19_1_, addresshis0_.eacid as eacid3_19_1_, addresshis0_.eadtin as eadtin4_19_1_, addresshis0_.eatmin as eatmin5_19_1_, addresshis0_.eauid as eauid6_19_1_, addresshis0_.eadtlu as eadtlu7_19_1_, addresshis0_.eatmlu as eatmlu8_19_1_, addresshis0_.eauidm as eauidm9_19_1_, addresshis0_.eadtls as eadtls10_19_1_, addresshis0_.eaaddr1 as eaaddr11_19_1_, addresshis0_.eaaddr2 as eaaddr12_19_1_, addresshis0_.eaaddr3 as eaaddr13_19_1_, addresshis0_.eaaddr4 as eaaddr14_19_1_, addresshis0_.eacity as eacity15_19_1_, addresshis0_.eacntry as eacntry16_19_1_, addresshis0_.eacnty as eacnty17_19_1_, addresshis0_.eaefdt as eaefdt18_19_1_, addresshis0_.eaemail as eaemail19_19_1_, addresshis0_.eanau as eanau20_19_1_, addresshis0_.eanou as eanou21_19_1_, addresshis0_.eapoldis as eapoldi22_19_1_, addresshis0_.eapscd as eapscd23_19_1_, addresshis0_.eastate as eastate24_19_1_, addresshis0_.easubdis as easubdi25_19_1_ from t0104 addresshis0_ where addresshis0_.eaanum=?
Hibernate: select addresshis0_.eaanum as eaanum1_19_0_, addresshis0_.earecid as earecid2_19_0_, addresshis0_.eaanum as eaanum1_19_1_, addresshis0_.earecid as earecid2_19_1_, addresshis0_.eacid as eacid3_19_1_, addresshis0_.eadtin as eadtin4_19_1_, addresshis0_.eatmin as eatmin5_19_1_, addresshis0_.eauid as eauid6_19_1_, addresshis0_.eadtlu as eadtlu7_19_1_, addresshis0_.eatmlu as eatmlu8_19_1_, addresshis0_.eauidm as eauidm9_19_1_, addresshis0_.eadtls as eadtls10_19_1_, addresshis0_.eaaddr1 as eaaddr11_19_1_, addresshis0_.eaaddr2 as eaaddr12_19_1_, addresshis0_.eaaddr3 as eaaddr13_19_1_, addresshis0_.eaaddr4 as eaaddr14_19_1_, addresshis0_.eacity as eacity15_19_1_, addresshis0_.eacntry as eacntry16_19_1_, addresshis0_.eacnty as eacnty17_19_1_, addresshis0_.eaefdt as eaefdt18_19_1_, addresshis0_.eaemail as eaemail19_19_1_, addresshis0_.eanau as eanau20_19_1_, addresshis0_.eanou as eanou21_19_1_, addresshis0_.eapoldis as eapoldi22_19_1_, addresshis0_.eapscd as eapscd23_19_1_, addresshis0_.eastate as eastate24_19_1_, addresshis0_.easubdis as easubdi25_19_1_ from t0104 addresshis0_ where addresshis0_.eaanum=?
Hibernate: select addresshis0_.eaanum as eaanum1_19_0_, addresshis0_.earecid as earecid2_19_0_, addresshis0_.eaanum as eaanum1_19_1_, addresshis0_.earecid as earecid2_19_1_, addresshis0_.eacid as eacid3_19_1_, addresshis0_.eadtin as eadtin4_19_1_, addresshis0_.eatmin as eatmin5_19_1_, addresshis0_.eauid as eauid6_19_1_, addresshis0_.eadtlu as eadtlu7_19_1_, addresshis0_.eatmlu as eatmlu8_19_1_, addresshis0_.eauidm as eauidm9_19_1_, addresshis0_.eadtls as eadtls10_19_1_, addresshis0_.eaaddr1 as eaaddr11_19_1_, addresshis0_.eaaddr2 as eaaddr12_19_1_, addresshis0_.eaaddr3 as eaaddr13_19_1_, addresshis0_.eaaddr4 as eaaddr14_19_1_, addresshis0_.eacity as eacity15_19_1_, addresshis0_.eacntry as eacntry16_19_1_, addresshis0_.eacnty as eacnty17_19_1_, addresshis0_.eaefdt as eaefdt18_19_1_, addresshis0_.eaemail as eaemail19_19_1_, addresshis0_.eanau as eanau20_19_1_, addresshis0_.eanou as eanou21_19_1_, addresshis0_.eapoldis as eapoldi22_19_1_, addresshis0_.eapscd as eapscd23_19_1_, addresshis0_.eastate as eastate24_19_1_, addresshis0_.easubdis as easubdi25_19_1_ from t0104 addresshis0_ where addresshis0_.eaanum=?
Hibernate: select addresshis0_.eaanum as eaanum1_19_0_, addresshis0_.earecid as earecid2_19_0_, addresshis0_.eaanum as eaanum1_19_1_, addresshis0_.earecid as earecid2_19_1_, addresshis0_.eacid as eacid3_19_1_, addresshis0_.eadtin as eadtin4_19_1_, addresshis0_.eatmin as eatmin5_19_1_, addresshis0_.eauid as eauid6_19_1_, addresshis0_.eadtlu as eadtlu7_19_1_, addresshis0_.eatmlu as eatmlu8_19_1_, addresshis0_.eauidm as eauidm9_19_1_, addresshis0_.eadtls as eadtls10_19_1_, addresshis0_.eaaddr1 as eaaddr11_19_1_, addresshis0_.eaaddr2 as eaaddr12_19_1_, addresshis0_.eaaddr3 as eaaddr13_19_1_, addresshis0_.eaaddr4 as eaaddr14_19_1_, addresshis0_.eacity as eacity15_19_1_, addresshis0_.eacntry as eacntry16_19_1_, addresshis0_.eacnty as eacnty17_19_1_, addresshis0_.eaefdt as eaefdt18_19_1_, addresshis0_.eaemail as eaemail19_19_1_, addresshis0_.eanau as eanau20_19_1_, addresshis0_.eanou as eanou21_19_1_, addresshis0_.eapoldis as eapoldi22_19_1_, addresshis0_.eapscd as eapscd23_19_1_, addresshis0_.eastate as eastate24_19_1_, addresshis0_.easubdis as easubdi25_19_1_ from t0104 addresshis0_ where addresshis0_.eaanum=?
Hibernate: select addresshis0_.eaanum as eaanum1_19_0_, addresshis0_.earecid as earecid2_19_0_, addresshis0_.eaanum as eaanum1_19_1_, addresshis0_.earecid as earecid2_19_1_, addresshis0_.eacid as eacid3_19_1_, addresshis0_.eadtin as eadtin4_19_1_, addresshis0_.eatmin as eatmin5_19_1_, addresshis0_.eauid as eauid6_19_1_, addresshis0_.eadtlu as eadtlu7_19_1_, addresshis0_.eatmlu as eatmlu8_19_1_, addresshis0_.eauidm as eauidm9_19_1_, addresshis0_.eadtls as eadtls10_19_1_, addresshis0_.eaaddr1 as eaaddr11_19_1_, addresshis0_.eaaddr2 as eaaddr12_19_1_, addresshis0_.eaaddr3 as eaaddr13_19_1_, addresshis0_.eaaddr4 as eaaddr14_19_1_, addresshis0_.eacity as eacity15_19_1_, addresshis0_.eacntry as eacntry16_19_1_, addresshis0_.eacnty as eacnty17_19_1_, addresshis0_.eaefdt as eaefdt18_19_1_, addresshis0_.eaemail as eaemail19_19_1_, addresshis0_.eanau as eanau20_19_1_, addresshis0_.eanou as eanou21_19_1_, addresshis0_.eapoldis as eapoldi22_19_1_, addresshis0_.eapscd as eapscd23_19_1_, addresshis0_.eastate as eastate24_19_1_, addresshis0_.easubdis as easubdi25_19_1_ from t0104 addresshis0_ where addresshis0_.eaanum=?
Hibernate: select addresshis0_.eaanum as eaanum1_19_0_, addresshis0_.earecid as earecid2_19_0_, addresshis0_.eaanum as eaanum1_19_1_, addresshis0_.earecid as earecid2_19_1_, addresshis0_.eacid as eacid3_19_1_, addresshis0_.eadtin as eadtin4_19_1_, addresshis0_.eatmin as eatmin5_19_1_, addresshis0_.eauid as eauid6_19_1_, addresshis0_.eadtlu as eadtlu7_19_1_, addresshis0_.eatmlu as eatmlu8_19_1_, addresshis0_.eauidm as eauidm9_19_1_, addresshis0_.eadtls as eadtls10_19_1_, addresshis0_.eaaddr1 as eaaddr11_19_1_, addresshis0_.eaaddr2 as eaaddr12_19_1_, addresshis0_.eaaddr3 as eaaddr13_19_1_, addresshis0_.eaaddr4 as eaaddr14_19_1_, addresshis0_.eacity as eacity15_19_1_, addresshis0_.eacntry as eacntry16_19_1_, addresshis0_.eacnty as eacnty17_19_1_, addresshis0_.eaefdt as eaefdt18_19_1_, addresshis0_.eaemail as eaemail19_19_1_, addresshis0_.eanau as eanau20_19_1_, addresshis0_.eanou as eanou21_19_1_, addresshis0_.eapoldis as eapoldi22_19_1_, addresshis0_.eapscd as eapscd23_19_1_, addresshis0_.eastate as eastate24_19_1_, addresshis0_.easubdis as easubdi25_19_1_ from t0104 addresshis0_ where addresshis0_.eaanum=?
Hibernate: select addresshis0_.eaanum as eaanum1_19_0_, addresshis0_.earecid as earecid2_19_0_, addresshis0_.eaanum as eaanum1_19_1_, addresshis0_.earecid as earecid2_19_1_, addresshis0_.eacid as eacid3_19_1_, addresshis0_.eadtin as eadtin4_19_1_, addresshis0_.eatmin as eatmin5_19_1_, addresshis0_.eauid as eauid6_19_1_, addresshis0_.eadtlu as eadtlu7_19_1_, addresshis0_.eatmlu as eatmlu8_19_1_, addresshis0_.eauidm as eauidm9_19_1_, addresshis0_.eadtls as eadtls10_19_1_, addresshis0_.eaaddr1 as eaaddr11_19_1_, addresshis0_.eaaddr2 as eaaddr12_19_1_, addresshis0_.eaaddr3 as eaaddr13_19_1_, addresshis0_.eaaddr4 as eaaddr14_19_1_, addresshis0_.eacity as eacity15_19_1_, addresshis0_.eacntry as eacntry16_19_1_, addresshis0_.eacnty as eacnty17_19_1_, addresshis0_.eaefdt as eaefdt18_19_1_, addresshis0_.eaemail as eaemail19_19_1_, addresshis0_.eanau as eanau20_19_1_, addresshis0_.eanou as eanou21_19_1_, addresshis0_.eapoldis as eapoldi22_19_1_, addresshis0_.eapscd as eapscd23_19_1_, addresshis0_.eastate as eastate24_19_1_, addresshis0_.easubdis as easubdi25_19_1_ from t0104 addresshis0_ where addresshis0_.eaanum=?
Hibernate: select addresshis0_.eaanum as eaanum1_19_0_, addresshis0_.earecid as earecid2_19_0_, addresshis0_.eaanum as eaanum1_19_1_, addresshis0_.earecid as earecid2_19_1_, addresshis0_.eacid as eacid3_19_1_, addresshis0_.eadtin as eadtin4_19_1_, addresshis0_.eatmin as eatmin5_19_1_, addresshis0_.eauid as eauid6_19_1_, addresshis0_.eadtlu as eadtlu7_19_1_, addresshis0_.eatmlu as eatmlu8_19_1_, addresshis0_.eauidm as eauidm9_19_1_, addresshis0_.eadtls as eadtls10_19_1_, addresshis0_.eaaddr1 as eaaddr11_19_1_, addresshis0_.eaaddr2 as eaaddr12_19_1_, addresshis0_.eaaddr3 as eaaddr13_19_1_, addresshis0_.eaaddr4 as eaaddr14_19_1_, addresshis0_.eacity as eacity15_19_1_, addresshis0_.eacntry as eacntry16_19_1_, addresshis0_.eacnty as eacnty17_19_1_, addresshis0_.eaefdt as eaefdt18_19_1_, addresshis0_.eaemail as eaemail19_19_1_, addresshis0_.eanau as eanau20_19_1_, addresshis0_.eanou as eanou21_19_1_, addresshis0_.eapoldis as eapoldi22_19_1_, addresshis0_.eapscd as eapscd23_19_1_, addresshis0_.eastate as eastate24_19_1_, addresshis0_.easubdis as easubdi25_19_1_ from t0104 addresshis0_ where addresshis0_.eaanum=?
Hibernate: select addresshis0_.eaanum as eaanum1_19_0_, addresshis0_.earecid as earecid2_19_0_, addresshis0_.eaanum as eaanum1_19_1_, addresshis0_.earecid as earecid2_19_1_, addresshis0_.eacid as eacid3_19_1_, addresshis0_.eadtin as eadtin4_19_1_, addresshis0_.eatmin as eatmin5_19_1_, addresshis0_.eauid as eauid6_19_1_, addresshis0_.eadtlu as eadtlu7_19_1_, addresshis0_.eatmlu as eatmlu8_19_1_, addresshis0_.eauidm as eauidm9_19_1_, addresshis0_.eadtls as eadtls10_19_1_, addresshis0_.eaaddr1 as eaaddr11_19_1_, addresshis0_.eaaddr2 as eaaddr12_19_1_, addresshis0_.eaaddr3 as eaaddr13_19_1_, addresshis0_.eaaddr4 as eaaddr14_19_1_, addresshis0_.eacity as eacity15_19_1_, addresshis0_.eacntry as eacntry16_19_1_, addresshis0_.eacnty as eacnty17_19_1_, addresshis0_.eaefdt as eaefdt18_19_1_, addresshis0_.eaemail as eaemail19_19_1_, addresshis0_.eanau as eanau20_19_1_, addresshis0_.eanou as eanou21_19_1_, addresshis0_.eapoldis as eapoldi22_19_1_, addresshis0_.eapscd as eapscd23_19_1_, addresshis0_.eastate as eastate24_19_1_, addresshis0_.easubdis as easubdi25_19_1_ from t0104 addresshis0_ where addresshis0_.eaanum=?
Hibernate: select addresshis0_.eaanum as eaanum1_19_0_, addresshis0_.earecid as earecid2_19_0_, addresshis0_.eaanum as eaanum1_19_1_, addresshis0_.earecid as earecid2_19_1_, addresshis0_.eacid as eacid3_19_1_, addresshis0_.eadtin as eadtin4_19_1_, addresshis0_.eatmin as eatmin5_19_1_, addresshis0_.eauid as eauid6_19_1_, addresshis0_.eadtlu as eadtlu7_19_1_, addresshis0_.eatmlu as eatmlu8_19_1_, addresshis0_.eauidm as eauidm9_19_1_, addresshis0_.eadtls as eadtls10_19_1_, addresshis0_.eaaddr1 as eaaddr11_19_1_, addresshis0_.eaaddr2 as eaaddr12_19_1_, addresshis0_.eaaddr3 as eaaddr13_19_1_, addresshis0_.eaaddr4 as eaaddr14_19_1_, addresshis0_.eacity as eacity15_19_1_, addresshis0_.eacntry as eacntry16_19_1_, addresshis0_.eacnty as eacnty17_19_1_, addresshis0_.eaefdt as eaefdt18_19_1_, addresshis0_.eaemail as eaemail19_19_1_, addresshis0_.eanau as eanau20_19_1_, addresshis0_.eanou as eanou21_19_1_, addresshis0_.eapoldis as eapoldi22_19_1_, addresshis0_.eapscd as eapscd23_19_1_, addresshis0_.eastate as eastate24_19_1_, addresshis0_.easubdis as easubdi25_19_1_ from t0104 addresshis0_ where addresshis0_.eaanum=?
Hibernate: select addresshis0_.eaanum as eaanum1_19_0_, addresshis0_.earecid as earecid2_19_0_, addresshis0_.eaanum as eaanum1_19_1_, addresshis0_.earecid as earecid2_19_1_, addresshis0_.eacid as eacid3_19_1_, addresshis0_.eadtin as eadtin4_19_1_, addresshis0_.eatmin as eatmin5_19_1_, addresshis0_.eauid as eauid6_19_1_, addresshis0_.eadtlu as eadtlu7_19_1_, addresshis0_.eatmlu as eatmlu8_19_1_, addresshis0_.eauidm as eauidm9_19_1_, addresshis0_.eadtls as eadtls10_19_1_, addresshis0_.eaaddr1 as eaaddr11_19_1_, addresshis0_.eaaddr2 as eaaddr12_19_1_, addresshis0_.eaaddr3 as eaaddr13_19_1_, addresshis0_.eaaddr4 as eaaddr14_19_1_, addresshis0_.eacity as eacity15_19_1_, addresshis0_.eacntry as eacntry16_19_1_, addresshis0_.eacnty as eacnty17_19_1_, addresshis0_.eaefdt as eaefdt18_19_1_, addresshis0_.eaemail as eaemail19_19_1_, addresshis0_.eanau as eanau20_19_1_, addresshis0_.eanou as eanou21_19_1_, addresshis0_.eapoldis as eapoldi22_19_1_, addresshis0_.eapscd as eapscd23_19_1_, addresshis0_.eastate as eastate24_19_1_, addresshis0_.easubdis as easubdi25_19_1_ from t0104 addresshis0_ where addresshis0_.eaanum=?
Hibernate: select addresshis0_.eaanum as eaanum1_19_0_, addresshis0_.earecid as earecid2_19_0_, addresshis0_.eaanum as eaanum1_19_1_, addresshis0_.earecid as earecid2_19_1_, addresshis0_.eacid as eacid3_19_1_, addresshis0_.eadtin as eadtin4_19_1_, addresshis0_.eatmin as eatmin5_19_1_, addresshis0_.eauid as eauid6_19_1_, addresshis0_.eadtlu as eadtlu7_19_1_, addresshis0_.eatmlu as eatmlu8_19_1_, addresshis0_.eauidm as eauidm9_19_1_, addresshis0_.eadtls as eadtls10_19_1_, addresshis0_.eaaddr1 as eaaddr11_19_1_, addresshis0_.eaaddr2 as eaaddr12_19_1_, addresshis0_.eaaddr3 as eaaddr13_19_1_, addresshis0_.eaaddr4 as eaaddr14_19_1_, addresshis0_.eacity as eacity15_19_1_, addresshis0_.eacntry as eacntry16_19_1_, addresshis0_.eacnty as eacnty17_19_1_, addresshis0_.eaefdt as eaefdt18_19_1_, addresshis0_.eaemail as eaemail19_19_1_, addresshis0_.eanau as eanau20_19_1_, addresshis0_.eanou as eanou21_19_1_, addresshis0_.eapoldis as eapoldi22_19_1_, addresshis0_.eapscd as eapscd23_19_1_, addresshis0_.eastate as eastate24_19_1_, addresshis0_.easubdis as easubdi25_19_1_ from t0104 addresshis0_ where addresshis0_.eaanum=?
Hibernate: select addresshis0_.eaanum as eaanum1_19_0_, addresshis0_.earecid as earecid2_19_0_, addresshis0_.eaanum as eaanum1_19_1_, addresshis0_.earecid as earecid2_19_1_, addresshis0_.eacid as eacid3_19_1_, addresshis0_.eadtin as eadtin4_19_1_, addresshis0_.eatmin as eatmin5_19_1_, addresshis0_.eauid as eauid6_19_1_, addresshis0_.eadtlu as eadtlu7_19_1_, addresshis0_.eatmlu as eatmlu8_19_1_, addresshis0_.eauidm as eauidm9_19_1_, addresshis0_.eadtls as eadtls10_19_1_, addresshis0_.eaaddr1 as eaaddr11_19_1_, addresshis0_.eaaddr2 as eaaddr12_19_1_, addresshis0_.eaaddr3 as eaaddr13_19_1_, addresshis0_.eaaddr4 as eaaddr14_19_1_, addresshis0_.eacity as eacity15_19_1_, addresshis0_.eacntry as eacntry16_19_1_, addresshis0_.eacnty as eacnty17_19_1_, addresshis0_.eaefdt as eaefdt18_19_1_, addresshis0_.eaemail as eaemail19_19_1_, addresshis0_.eanau as eanau20_19_1_, addresshis0_.eanou as eanou21_19_1_, addresshis0_.eapoldis as eapoldi22_19_1_, addresshis0_.eapscd as eapscd23_19_1_, addresshis0_.eastate as eastate24_19_1_, addresshis0_.easubdis as easubdi25_19_1_ from t0104 addresshis0_ where addresshis0_.eaanum=?
Hibernate: select addresshis0_.eaanum as eaanum1_19_0_, addresshis0_.earecid as earecid2_19_0_, addresshis0_.eaanum as eaanum1_19_1_, addresshis0_.earecid as earecid2_19_1_, addresshis0_.eacid as eacid3_19_1_, addresshis0_.eadtin as eadtin4_19_1_, addresshis0_.eatmin as eatmin5_19_1_, addresshis0_.eauid as eauid6_19_1_, addresshis0_.eadtlu as eadtlu7_19_1_, addresshis0_.eatmlu as eatmlu8_19_1_, addresshis0_.eauidm as eauidm9_19_1_, addresshis0_.eadtls as eadtls10_19_1_, addresshis0_.eaaddr1 as eaaddr11_19_1_, addresshis0_.eaaddr2 as eaaddr12_19_1_, addresshis0_.eaaddr3 as eaaddr13_19_1_, addresshis0_.eaaddr4 as eaaddr14_19_1_, addresshis0_.eacity as eacity15_19_1_, addresshis0_.eacntry as eacntry16_19_1_, addresshis0_.eacnty as eacnty17_19_1_, addresshis0_.eaefdt as eaefdt18_19_1_, addresshis0_.eaemail as eaemail19_19_1_, addresshis0_.eanau as eanau20_19_1_, addresshis0_.eanou as eanou21_19_1_, addresshis0_.eapoldis as eapoldi22_19_1_, addresshis0_.eapscd as eapscd23_19_1_, addresshis0_.eastate as eastate24_19_1_, addresshis0_.easubdis as easubdi25_19_1_ from t0104 addresshis0_ where addresshis0_.eaanum=?

MockHttpServletRequest:
      HTTP Method = GET
      Request URI = /api/addresses/
       Parameters = {}
          Headers = {Accept=[application/json]}
             Body = <no character encoding set>
    Session Attrs = {org.springframework.security.web.csrf.HttpSessionCsrfTokenRepository.CSRF_TOKEN=org.springframework.security.web.csrf.DefaultCsrfToken@6a8d4211, SPRING_SECURITY_CONTEXT=org.springframework.security.core.context.SecurityContextImpl@475fcd89: Authentication: org.springframework.security.authentication.UsernamePasswordAuthenticationToken@475fcd89: Principal: org.springframework.security.core.userdetails.User@f02988d6: Username: username; Password: [PROTECTED]; Enabled: true; AccountNonExpired: true; credentialsNonExpired: true; AccountNonLocked: true; Not granted any authorities; Credentials: [PROTECTED]; Authenticated: true; Details: null; Not granted any authorities}

Handler:
             Type = org.springframework.data.rest.webmvc.RepositoryEntityController
           Method = public org.springframework.hateoas.Resources<?> org.springframework.data.rest.webmvc.RepositoryEntityController.getCollectionResource(org.springframework.data.rest.webmvc.RootResourceInformation,org.springframework.data.rest.webmvc.support.DefaultedPageable,org.springframework.data.domain.Sort,org.springframework.data.rest.webmvc.PersistentEntityResourceAssembler) throws org.springframework.data.rest.webmvc.ResourceNotFoundException,org.springframework.web.HttpRequestMethodNotSupportedException

Async:
    Async started = false
     Async result = null

Resolved Exception:
             Type = null

ModelAndView:
        View name = null
             View = null
            Model = null

FlashMap:
       Attributes = null

MockHttpServletResponse:
           Status = 200
    Error message = null
          Headers = {Content-Type=[application/json;charset=UTF-8], X-Content-Type-Options=[nosniff], X-XSS-Protection=[1; mode=block], Cache-Control=[no-cache, no-store, max-age=0, must-revalidate], Pragma=[no-cache], Expires=[0], X-Frame-Options=[DENY]}
     Content type = application/json;charset=UTF-8
             Body = {
  "_embedded" : {
    "addresses" : [ {
      "inputUserId" : "QSA",
      "lastUpdateUserId" : "QSA",
      "computerId" : "GLSVR171217",
      "lastSynchronizedDate" : null,
      "lastTransactionDate" : null,
      "addressNumber" : "0000",
      "searchType" : "O",
      "longAddressNumber" : "AMTEK",
      "name" : "AMTEK",
      "mailingName" : "AMTEK",
      "parentAddressNumber" : "0000",
      "taxId" : "",
      "accountPayable" : true,
      "accountReceivable" : true,
      "employee" : false,
      "businessUnitId" : "110",
      "recordId" : "20171031",
      "relatedAddresses" : {
        "salesperson" : "",
        "relatedAddress2" : "",
        "relatedAddress3" : "",
        "relatedAddress4" : "",
        "relatedAddress5" : "",
        "relatedAddress6" : "",
        "relatedAddress7" : "",
        "relatedAddress8" : "",
        "relatedAddress9" : "",
        "relatedAddress0" : ""
      },
      "categories" : {
        "categoryCode01" : "",
        "categoryCode02" : "",
        "categoryCode03" : "",
        "categoryCode04" : "",
        "categoryCode05" : "",
        "categoryCode06" : "",
        "categoryCode07" : "",
        "categoryCode08" : "",
        "categoryCode09" : "",
        "categoryCode10" : ""
      },
      "currentAddress" : {
        "inputUserId" : "QSA",
        "lastUpdateUserId" : "QSA",
        "computerId" : "GLSVR171217",
        "lastSynchronizedDate" : null,
        "addressNumber" : "0000",
        "recordId" : "20171031",
        "effectiveDate" : "2017-10-31",
        "address1" : "",
        "address2" : "",
        "address3" : "",
        "address4" : "",
        "email" : "",
        "country" : "",
        "state" : "",
        "county" : "",
        "city" : "",
        "postalCode" : "",
        "neighborhoodOrganizationUnit" : "",
        "neigborhoodAdministrationUnit" : "",
        "politicalDistrict" : "",
        "subDistrict" : "",
        "lastUpdateDateTime" : "2017-12-17T00:00:00",
        "inputDateTime" : "2017-12-17T00:00:00"
      },
      "lastUpdateDateTime" : "2017-12-17T00:00:00",
      "inputDateTime" : "2017-12-17T00:00:00",
      "_links" : {
        "self" : {
          "href" : "http://localhost/api/addresses/0000"
        },
        "addressBookMaster" : {
          "href" : "http://localhost/api/addresses/0000"
        },
        "contacts" : {
          "href" : "http://localhost/api/addresses/0000/contacts"
        },
        "apSetting" : {
          "href" : "http://localhost/api/addresses/0000/apSetting"
        },
        "businessUnit" : {
          "href" : "http://localhost/api/addresses/0000/businessUnit"
        },
        "parent" : {
          "href" : "http://localhost/api/addresses/0000/parent"
        },
        "phoneNumbers" : {
          "href" : "http://localhost/api/addresses/0000/phoneNumbers"
        },
        "bankAccounts" : {
          "href" : "http://localhost/api/addresses/0000/bankAccounts"
        },
        "arSetting" : {
          "href" : "http://localhost/api/addresses/0000/arSetting"
        }
      }
    }, {
      "inputUserId" : "QSA",
      "lastUpdateUserId" : "QSA",
      "computerId" : "AYOOKLIK",
      "lastSynchronizedDate" : null,
      "lastTransactionDate" : null,
      "addressNumber" : "0100",
      "searchType" : "O",
      "longAddressNumber" : "AIRMAS",
      "name" : "PT. AIRMAS PERKASA",
      "mailingName" : "PT. AIRMAS PERKASA",
      "parentAddressNumber" : "0100",
      "taxId" : "",
      "accountPayable" : true,
      "accountReceivable" : true,
      "employee" : false,
      "businessUnitId" : "110",
      "recordId" : "20171031",
      "relatedAddresses" : {
        "salesperson" : "",
        "relatedAddress2" : "",
        "relatedAddress3" : "",
        "relatedAddress4" : "",
        "relatedAddress5" : "",
        "relatedAddress6" : "",
        "relatedAddress7" : "",
        "relatedAddress8" : "",
        "relatedAddress9" : "",
        "relatedAddress0" : ""
      },
      "categories" : {
        "categoryCode01" : "",
        "categoryCode02" : "",
        "categoryCode03" : "",
        "categoryCode04" : "",
        "categoryCode05" : "",
        "categoryCode06" : "",
        "categoryCode07" : "",
        "categoryCode08" : "",
        "categoryCode09" : "",
        "categoryCode10" : ""
      },
      "currentAddress" : {
        "inputUserId" : "QSA",
        "lastUpdateUserId" : "QSA",
        "computerId" : "",
        "lastSynchronizedDate" : null,
        "addressNumber" : "0100",
        "recordId" : "20171031",
        "effectiveDate" : "2018-01-15",
        "address1" : "",
        "address2" : "",
        "address3" : "",
        "address4" : "",
        "email" : "",
        "country" : "",
        "state" : "",
        "county" : "",
        "city" : "",
        "postalCode" : "",
        "neighborhoodOrganizationUnit" : "",
        "neigborhoodAdministrationUnit" : "",
        "politicalDistrict" : "",
        "subDistrict" : "",
        "lastUpdateDateTime" : "2018-01-15T20:44:23",
        "inputDateTime" : "2018-01-15T20:44:23"
      },
      "lastUpdateDateTime" : "2018-01-15T20:44:23",
      "inputDateTime" : "2018-01-15T20:44:23",
      "_links" : {
        "self" : {
          "href" : "http://localhost/api/addresses/0100"
        },
        "addressBookMaster" : {
          "href" : "http://localhost/api/addresses/0100"
        },
        "contacts" : {
          "href" : "http://localhost/api/addresses/0100/contacts"
        },
        "apSetting" : {
          "href" : "http://localhost/api/addresses/0100/apSetting"
        },
        "businessUnit" : {
          "href" : "http://localhost/api/addresses/0100/businessUnit"
        },
        "parent" : {
          "href" : "http://localhost/api/addresses/0100/parent"
        },
        "phoneNumbers" : {
          "href" : "http://localhost/api/addresses/0100/phoneNumbers"
        },
        "bankAccounts" : {
          "href" : "http://localhost/api/addresses/0100/bankAccounts"
        },
        "arSetting" : {
          "href" : "http://localhost/api/addresses/0100/arSetting"
        }
      }
    }, {
      "inputUserId" : "QSA",
      "lastUpdateUserId" : "QSA",
      "computerId" : "GLSVR171217",
      "lastSynchronizedDate" : null,
      "lastTransactionDate" : null,
      "addressNumber" : "1000",
      "searchType" : "C",
      "longAddressNumber" : "1000",
      "name" : "1000",
      "mailingName" : "1000",
      "parentAddressNumber" : "1000",
      "taxId" : "",
      "accountPayable" : false,
      "accountReceivable" : true,
      "employee" : false,
      "businessUnitId" : "110",
      "recordId" : "20171031",
      "relatedAddresses" : {
        "salesperson" : "",
        "relatedAddress2" : "",
[...]
2018-12-14 17:35:21.466  INFO 9212 --- [    Test worker] o.s.b.t.m.w.SpringBootMockServletContext : Initializing Spring FrameworkServlet ''
2018-12-14 17:35:21.466  INFO 9212 --- [    Test worker] o.s.t.web.servlet.TestDispatcherServlet  : FrameworkServlet '': initialization started
2018-12-14 17:35:21.466  INFO 9212 --- [    Test worker] o.s.t.web.servlet.TestDispatcherServlet  : FrameworkServlet '': initialization completed in 0 ms
Hibernate: select addressboo0_.adanum as adanum1_16_0_, addressboo0_.adcid as adcid2_16_0_, addressboo0_.addtin as addtin3_16_0_, addressboo0_.adtmin as adtmin4_16_0_, addressboo0_.aduid as aduid5_16_0_, addressboo0_.addtlu as addtlu6_16_0_, addressboo0_.adtmlu as adtmlu7_16_0_, addressboo0_.aduidm as aduidm8_16_0_, addressboo0_.adap as adap9_16_0_, addressboo0_.adar as adar10_16_0_, addressboo0_.adbuid as adbuid11_16_0_, addressboo0_.adcc01 as adcc12_16_0_, addressboo0_.adcc02 as adcc13_16_0_, addressboo0_.adcc03 as adcc14_16_0_, addressboo0_.adcc04 as adcc15_16_0_, addressboo0_.adcc05 as adcc16_16_0_, addressboo0_.adcc06 as adcc17_16_0_, addressboo0_.adcc07 as adcc18_16_0_, addressboo0_.adcc08 as adcc19_16_0_, addressboo0_.adcc09 as adcc20_16_0_, addressboo0_.adcc10 as adcc21_16_0_, addressboo0_.adempl as adempl22_16_0_, addressboo0_.adtmlt as adtmlt23_16_0_, addressboo0_.adlan as adlan24_16_0_, addressboo0_.admlnm as admlnm25_16_0_, addressboo0_.adnm as adnm26_16_0_, addressboo0_.adpan as adpan27_16_0_, addressboo0_.adrecid as adrecid28_16_0_, addressboo0_.adrlid0 as adrlid29_16_0_, addressboo0_.adrlid2 as adrlid30_16_0_, addressboo0_.adrlid3 as adrlid31_16_0_, addressboo0_.adrlid4 as adrlid32_16_0_, addressboo0_.adrlid5 as adrlid33_16_0_, addressboo0_.adrlid6 as adrlid34_16_0_, addressboo0_.adrlid7 as adrlid35_16_0_, addressboo0_.adrlid8 as adrlid36_16_0_, addressboo0_.adrlid9 as adrlid37_16_0_, addressboo0_.adrlid1 as adrlid38_16_0_, addressboo0_.adst as adst39_16_0_, addressboo0_.adtaxid as adtaxid40_16_0_ from t0101 addressboo0_ where addressboo0_.adanum=?
Hibernate: select addressboo0_.adanum as adanum1_16_0_, addressboo0_.adcid as adcid2_16_0_, addressboo0_.addtin as addtin3_16_0_, addressboo0_.adtmin as adtmin4_16_0_, addressboo0_.aduid as aduid5_16_0_, addressboo0_.addtlu as addtlu6_16_0_, addressboo0_.adtmlu as adtmlu7_16_0_, addressboo0_.aduidm as aduidm8_16_0_, addressboo0_.adap as adap9_16_0_, addressboo0_.adar as adar10_16_0_, addressboo0_.adbuid as adbuid11_16_0_, addressboo0_.adcc01 as adcc12_16_0_, addressboo0_.adcc02 as adcc13_16_0_, addressboo0_.adcc03 as adcc14_16_0_, addressboo0_.adcc04 as adcc15_16_0_, addressboo0_.adcc05 as adcc16_16_0_, addressboo0_.adcc06 as adcc17_16_0_, addressboo0_.adcc07 as adcc18_16_0_, addressboo0_.adcc08 as adcc19_16_0_, addressboo0_.adcc09 as adcc20_16_0_, addressboo0_.adcc10 as adcc21_16_0_, addressboo0_.adempl as adempl22_16_0_, addressboo0_.adtmlt as adtmlt23_16_0_, addressboo0_.adlan as adlan24_16_0_, addressboo0_.admlnm as admlnm25_16_0_, addressboo0_.adnm as adnm26_16_0_, addressboo0_.adpan as adpan27_16_0_, addressboo0_.adrecid as adrecid28_16_0_, addressboo0_.adrlid0 as adrlid29_16_0_, addressboo0_.adrlid2 as adrlid30_16_0_, addressboo0_.adrlid3 as adrlid31_16_0_, addressboo0_.adrlid4 as adrlid32_16_0_, addressboo0_.adrlid5 as adrlid33_16_0_, addressboo0_.adrlid6 as adrlid34_16_0_, addressboo0_.adrlid7 as adrlid35_16_0_, addressboo0_.adrlid8 as adrlid36_16_0_, addressboo0_.adrlid9 as adrlid37_16_0_, addressboo0_.adrlid1 as adrlid38_16_0_, addressboo0_.adst as adst39_16_0_, addressboo0_.adtaxid as adtaxid40_16_0_ from t0101 addressboo0_ where addressboo0_.adanum=?
Hibernate: select contactper0_.cianum as cianum1_17_0_, contactper0_.ciseq1 as ciseq2_17_0_, contactper0_.cicid as cicid3_17_0_, contactper0_.cidtin as cidtin4_17_0_, contactper0_.citmin as citmin5_17_0_, contactper0_.ciuid as ciuid6_17_0_, contactper0_.cidtlu as cidtlu7_17_0_, contactper0_.citmlu as citmlu8_17_0_, contactper0_.ciuidm as ciuidm9_17_0_, contactper0_.cidtls as cidtls10_17_0_, contactper0_.cidob as cidob11_17_0_, contactper0_.cidesb1 as cidesb12_17_0_, contactper0_.cifsnm as cifsnm13_17_0_, contactper0_.cigdr as cigdr14_17_0_, contactper0_.cilsnm as cilsnm15_17_0_, contactper0_.cimlnm as cimlnm16_17_0_, contactper0_.cimoref as cimoref17_17_0_, contactper0_.cimdnm as cimdnm18_17_0_, contactper0_.cinm as cinm19_17_0_, contactper0_.cinknm as cinknm20_17_0_, contactper0_.cipob as cipob21_17_0_, contactper0_.cirlg as cirlg22_17_0_, contactper0_.cisltn as cisltn23_17_0_, contactper0_.cissdt as cissdt24_17_0_, contactper0_.cissn as cissn25_17_0_, contactper0_.citycd as citycd26_17_0_ from t0102 contactper0_ where contactper0_.cianum=? and contactper0_.ciseq1=?
Hibernate: insert into t0101 (adcid, addtin, adtmin, aduid, addtlu, adtmlu, aduidm, adap, adar, adbuid, adcc01, adcc02, adcc03, adcc04, adcc05, adcc06, adcc07, adcc08, adcc09, adcc10, adempl, adtmlt, adlan, admlnm, adnm, adpan, adrecid, adrlid0, adrlid2, adrlid3, adrlid4, adrlid5, adrlid6, adrlid7, adrlid8, adrlid9, adrlid1, adst, adtaxid, adanum) values (?, ?, ?, ?, ?, ?, ?, ?, ?, ?, ?, ?, ?, ?, ?, ?, ?, ?, ?, ?, ?, ?, ?, ?, ?, ?, ?, ?, ?, ?, ?, ?, ?, ?, ?, ?, ?, ?, ?, ?)
Hibernate: insert into t0104 (eacid, eadtin, eatmin, eauid, eadtlu, eatmlu, eauidm, eadtls, eaaddr1, eaaddr2, eaaddr3, eaaddr4, eacity, eacntry, eacnty, eaefdt, eaemail, eanau, eanou, eapoldis, eapscd, eastate, easubdis, eaanum, earecid) values (?, ?, ?, ?, ?, ?, ?, ?, ?, ?, ?, ?, ?, ?, ?, ?, ?, ?, ?, ?, ?, ?, ?, ?, ?)
Hibernate: insert into t0102 (cicid, cidtin, citmin, ciuid, cidtlu, citmlu, ciuidm, cidtls, cidob, cidesb1, cifsnm, cigdr, cilsnm, cimlnm, cimoref, cimdnm, cinm, cinknm, cipob, cirlg, cisltn, cissdt, cissn, citycd, cianum, ciseq1) values (?, ?, ?, ?, ?, ?, ?, ?, ?, ?, ?, ?, ?, ?, ?, ?, ?, ?, ?, ?, ?, ?, ?, ?, ?, ?)
Hibernate: select addressboo0_.adanum as adanum1_16_0_, addressboo0_.adcid as adcid2_16_0_, addressboo0_.addtin as addtin3_16_0_, addressboo0_.adtmin as adtmin4_16_0_, addressboo0_.aduid as aduid5_16_0_, addressboo0_.addtlu as addtlu6_16_0_, addressboo0_.adtmlu as adtmlu7_16_0_, addressboo0_.aduidm as aduidm8_16_0_, addressboo0_.adap as adap9_16_0_, addressboo0_.adar as adar10_16_0_, addressboo0_.adbuid as adbuid11_16_0_, addressboo0_.adcc01 as adcc12_16_0_, addressboo0_.adcc02 as adcc13_16_0_, addressboo0_.adcc03 as adcc14_16_0_, addressboo0_.adcc04 as adcc15_16_0_, addressboo0_.adcc05 as adcc16_16_0_, addressboo0_.adcc06 as adcc17_16_0_, addressboo0_.adcc07 as adcc18_16_0_, addressboo0_.adcc08 as adcc19_16_0_, addressboo0_.adcc09 as adcc20_16_0_, addressboo0_.adcc10 as adcc21_16_0_, addressboo0_.adempl as adempl22_16_0_, addressboo0_.adtmlt as adtmlt23_16_0_, addressboo0_.adlan as adlan24_16_0_, addressboo0_.admlnm as admlnm25_16_0_, addressboo0_.adnm as adnm26_16_0_, addressboo0_.adpan as adpan27_16_0_, addressboo0_.adrecid as adrecid28_16_0_, addressboo0_.adrlid0 as adrlid29_16_0_, addressboo0_.adrlid2 as adrlid30_16_0_, addressboo0_.adrlid3 as adrlid31_16_0_, addressboo0_.adrlid4 as adrlid32_16_0_, addressboo0_.adrlid5 as adrlid33_16_0_, addressboo0_.adrlid6 as adrlid34_16_0_, addressboo0_.adrlid7 as adrlid35_16_0_, addressboo0_.adrlid8 as adrlid36_16_0_, addressboo0_.adrlid9 as adrlid37_16_0_, addressboo0_.adrlid1 as adrlid38_16_0_, addressboo0_.adst as adst39_16_0_, addressboo0_.adtaxid as adtaxid40_16_0_ from t0101 addressboo0_ where addressboo0_.adanum=?
Hibernate: select addresshis0_.eaanum as eaanum1_19_0_, addresshis0_.earecid as earecid2_19_0_, addresshis0_.eaanum as eaanum1_19_1_, addresshis0_.earecid as earecid2_19_1_, addresshis0_.eacid as eacid3_19_1_, addresshis0_.eadtin as eadtin4_19_1_, addresshis0_.eatmin as eatmin5_19_1_, addresshis0_.eauid as eauid6_19_1_, addresshis0_.eadtlu as eadtlu7_19_1_, addresshis0_.eatmlu as eatmlu8_19_1_, addresshis0_.eauidm as eauidm9_19_1_, addresshis0_.eadtls as eadtls10_19_1_, addresshis0_.eaaddr1 as eaaddr11_19_1_, addresshis0_.eaaddr2 as eaaddr12_19_1_, addresshis0_.eaaddr3 as eaaddr13_19_1_, addresshis0_.eaaddr4 as eaaddr14_19_1_, addresshis0_.eacity as eacity15_19_1_, addresshis0_.eacntry as eacntry16_19_1_, addresshis0_.eacnty as eacnty17_19_1_, addresshis0_.eaefdt as eaefdt18_19_1_, addresshis0_.eaemail as eaemail19_19_1_, addresshis0_.eanau as eanau20_19_1_, addresshis0_.eanou as eanou21_19_1_, addresshis0_.eapoldis as eapoldi22_19_1_, addresshis0_.eapscd as eapscd23_19_1_, addresshis0_.eastate as eastate24_19_1_, addresshis0_.easubdis as easubdi25_19_1_ from t0104 addresshis0_ where addresshis0_.eaanum=?

MockHttpServletRequest:
      HTTP Method = GET
      Request URI = /api/addresses/ABCD
       Parameters = {}
          Headers = {Accept=[application/json]}
             Body = <no character encoding set>
    Session Attrs = {org.springframework.security.web.csrf.HttpSessionCsrfTokenRepository.CSRF_TOKEN=org.springframework.security.web.csrf.DefaultCsrfToken@61d2cded, SPRING_SECURITY_CONTEXT=org.springframework.security.core.context.SecurityContextImpl@475fcd89: Authentication: org.springframework.security.authentication.UsernamePasswordAuthenticationToken@475fcd89: Principal: org.springframework.security.core.userdetails.User@f02988d6: Username: username; Password: [PROTECTED]; Enabled: true; AccountNonExpired: true; credentialsNonExpired: true; AccountNonLocked: true; Not granted any authorities; Credentials: [PROTECTED]; Authenticated: true; Details: null; Not granted any authorities}

Handler:
             Type = org.springframework.data.rest.webmvc.RepositoryEntityController
           Method = public org.springframework.http.ResponseEntity<org.springframework.hateoas.Resource<?>> org.springframework.data.rest.webmvc.RepositoryEntityController.getItemResource(org.springframework.data.rest.webmvc.RootResourceInformation,java.io.Serializable,org.springframework.data.rest.webmvc.PersistentEntityResourceAssembler,org.springframework.http.HttpHeaders) throws org.springframework.web.HttpRequestMethodNotSupportedException

Async:
    Async started = false
     Async result = null

Resolved Exception:
             Type = null

ModelAndView:
        View name = null
             View = null
            Model = null

FlashMap:
       Attributes = null

MockHttpServletResponse:
           Status = 200
    Error message = null
          Headers = {Content-Type=[application/json;charset=UTF-8], X-Content-Type-Options=[nosniff], X-XSS-Protection=[1; mode=block], Cache-Control=[no-cache, no-store, max-age=0, must-revalidate], Pragma=[no-cache], Expires=[0], X-Frame-Options=[DENY]}
     Content type = application/json;charset=UTF-8
             Body = {
  "inputUserId" : "username",
  "lastUpdateUserId" : "username",
  "computerId" : "username",
  "lastSynchronizedDate" : null,
  "lastTransactionDate" : null,
  "addressNumber" : "ABCD",
  "searchType" : "I",
  "longAddressNumber" : "ABCDEFGH",
  "name" : "Abcd",
  "mailingName" : "",
  "parentAddressNumber" : "ABCD",
  "taxId" : "",
  "accountPayable" : true,
  "accountReceivable" : false,
  "employee" : false,
  "businessUnitId" : "110",
  "recordId" : "20181214",
  "relatedAddresses" : {
    "salesperson" : "1010",
    "relatedAddress2" : "1000",
    "relatedAddress3" : "",
    "relatedAddress4" : "",
    "relatedAddress5" : "",
    "relatedAddress6" : "",
    "relatedAddress7" : "",
    "relatedAddress8" : "",
    "relatedAddress9" : "",
    "relatedAddress0" : ""
  },
  "categories" : {
    "categoryCode01" : "AO",
    "categoryCode02" : "",
    "categoryCode03" : "",
    "categoryCode04" : "",
    "categoryCode05" : "",
    "categoryCode06" : "",
    "categoryCode07" : "",
    "categoryCode08" : "",
    "categoryCode09" : "",
    "categoryCode10" : ""
  },
  "currentAddress" : {
    "inputUserId" : "username",
    "lastUpdateUserId" : "username",
    "computerId" : "username",
    "lastSynchronizedDate" : null,
    "addressNumber" : "ABCD",
    "recordId" : "20181214",
    "effectiveDate" : "2018-12-14",
    "address1" : "Jalan Test no 3",
    "address2" : "Ruko Testes",
    "address3" : "",
    "address4" : "",
    "email" : "",
    "country" : "ID",
    "state" : "",
    "county" : "",
    "city" : "",
    "postalCode" : "",
    "neighborhoodOrganizationUnit" : "",
    "neigborhoodAdministrationUnit" : "",
    "politicalDistrict" : "",
    "subDistrict" : "",
    "lastUpdateDateTime" : "2018-12-14T17:35:21",
    "inputDateTime" : "2018-12-14T17:35:21"
  },
  "lastUpdateDateTime" : "2018-12-14T17:35:21",
  "inputDateTime" : "2018-12-14T17:35:21",
  "_links" : {
    "self" : {
      "href" : "http://localhost/api/addresses/ABCD"
    },
    "addressBookMaster" : {
      "href" : "http://localhost/api/addresses/ABCD"
    },
    "contacts" : {
      "href" : "http://localhost/api/addresses/ABCD/contacts"
    },
    "apSetting" : {
      "href" : "http://localhost/api/addresses/ABCD/apSetting"
    },
    "businessUnit" : {
      "href" : "http://localhost/api/addresses/ABCD/businessUnit"
    },
    "parent" : {
      "href" : "http://localhost/api/addresses/ABCD/parent"
    },
    "phoneNumbers" : {
      "href" : "http://localhost/api/addresses/ABCD/phoneNumbers"
    },
    "bankAccounts" : {
      "href" : "http://localhost/api/addresses/ABCD/bankAccounts"
    },
    "arSetting" : {
      "href" : "http://localhost/api/addresses/ABCD/arSetting"
    }
  }
}
    Forwarded URL = null
   Redirected URL = null
          Cookies = []
Hibernate: select contacts0_.cianum as cianum1_17_0_, contacts0_.ciseq1 as ciseq2_17_0_, contacts0_.cianum as cianum1_17_1_, contacts0_.ciseq1 as ciseq2_17_1_, contacts0_.cicid as cicid3_17_1_, contacts0_.cidtin as cidtin4_17_1_, contacts0_.citmin as citmin5_17_1_, contacts0_.ciuid as ciuid6_17_1_, contacts0_.cidtlu as cidtlu7_17_1_, contacts0_.citmlu as citmlu8_17_1_, contacts0_.ciuidm as ciuidm9_17_1_, contacts0_.cidtls as cidtls10_17_1_, contacts0_.cidob as cidob11_17_1_, contacts0_.cidesb1 as cidesb12_17_1_, contacts0_.cifsnm as cifsnm13_17_1_, contacts0_.cigdr as cigdr14_17_1_, contacts0_.cilsnm as cilsnm15_17_1_, contacts0_.cimlnm as cimlnm16_17_1_, contacts0_.cimoref as cimoref17_17_1_, contacts0_.cimdnm as cimdnm18_17_1_, contacts0_.cinm as cinm19_17_1_, contacts0_.cinknm as cinknm20_17_1_, contacts0_.cipob as cipob21_17_1_, contacts0_.cirlg as cirlg22_17_1_, contacts0_.cisltn as cisltn23_17_1_, contacts0_.cissdt as cissdt24_17_1_, contacts0_.cissn as cissn25_17_1_, contacts0_.citycd as citycd26_17_1_ from t0102 contacts0_ where contacts0_.cianum=?

MockHttpServletRequest:
      HTTP Method = GET
      Request URI = /api/addresses/ABCD/contacts
       Parameters = {}
          Headers = {Accept=[application/json]}
             Body = <no character encoding set>
    Session Attrs = {org.springframework.security.web.csrf.HttpSessionCsrfTokenRepository.CSRF_TOKEN=org.springframework.security.web.csrf.DefaultCsrfToken@7b0a401c, SPRING_SECURITY_CONTEXT=org.springframework.security.core.context.SecurityContextImpl@475fcd89: Authentication: org.springframework.security.authentication.UsernamePasswordAuthenticationToken@475fcd89: Principal: org.springframework.security.core.userdetails.User@f02988d6: Username: username; Password: [PROTECTED]; Enabled: true; AccountNonExpired: true; credentialsNonExpired: true; AccountNonLocked: true; Not granted any authorities; Credentials: [PROTECTED]; Authenticated: true; Details: null; Not granted any authorities}

Handler:
             Type = org.springframework.data.rest.webmvc.RepositoryPropertyReferenceController
           Method = public org.springframework.http.ResponseEntity<org.springframework.hateoas.ResourceSupport> org.springframework.data.rest.webmvc.RepositoryPropertyReferenceController.followPropertyReference(org.springframework.data.rest.webmvc.RootResourceInformation,java.io.Serializable,java.lang.String,org.springframework.data.rest.webmvc.PersistentEntityResourceAssembler) throws java.lang.Exception

Async:
    Async started = false
     Async result = null

Resolved Exception:
             Type = null

ModelAndView:
        View name = null
             View = null
            Model = null

FlashMap:
       Attributes = null

MockHttpServletResponse:
           Status = 200
    Error message = null
          Headers = {Content-Type=[application/json;charset=UTF-8], X-Content-Type-Options=[nosniff], X-XSS-Protection=[1; mode=block], Cache-Control=[no-cache, no-store, max-age=0, must-revalidate], Pragma=[no-cache], Expires=[0], X-Frame-Options=[DENY]}
     Content type = application/json;charset=UTF-8
             Body = {
  "_embedded" : {
    "contacts" : [ {
      "inputUserId" : "username",
      "lastUpdateUserId" : "username",
      "computerId" : "username",
      "lastSynchronizedDate" : null,
      "addressNumber" : "ABCD",
      "sequence" : 0,
      "name" : "Abcd",
      "mailingName" : "",
      "description" : "",
      "firstName" : "",
      "middleName" : "",
      "lastName" : "",
      "nickname" : "",
      "salutation" : "",
      "gender" : "",
      "type" : "C",
      "religion" : "",
      "dateOfBirth" : null,
      "placeOfBirth" : "",
      "socialSecurityNumber" : "",
      "socialSecurityDate" : null,
      "mediaObjectReference" : "",
      "lastUpdateDateTime" : "2018-12-14T17:35:21",
      "inputDateTime" : "2018-12-14T17:35:21",
      "_links" : {
        "self" : {
          "href" : "http://localhost/api/contacts/ABCD_0"
        },
        "contactPerson" : {
          "href" : "http://localhost/api/contacts/ABCD_0"
        },
        "master" : {
          "href" : "http://localhost/api/contacts/ABCD_0/master"
        }
      }
    } ]
  },
  "_links" : {
    "self" : {
      "href" : "http://localhost/api/addresses/ABCD/contacts"
    }
  }
}
    Forwarded URL = null
   Redirected URL = null
          Cookies = []
2018-12-14 17:35:21.670  INFO 9212 --- [    Test worker] o.s.t.c.transaction.TransactionContext   : Rolled back transaction for test: [DefaultTestContext@71ed4f5b testClass = AddressApiTest, testInstance = ags.goldenlionerp.apiTests.addresses.AddressApiTest@1825db34, testMethod = createTestWithPost@ApiTestBase, testException = [null], mergedContextConfiguration = [WebMergedContextConfiguration@5f400115 testClass = AddressApiTest, locations = '{}', classes = '{class ags.goldenlionerp.GoldenLionErpApplication}', contextInitializerClasses = '[]', activeProfiles = '{}', propertySourceLocations = '{classpath:test.properties}', propertySourceProperties = '{org.springframework.boot.test.context.SpringBootTestContextBootstrapper=true}', contextCustomizers = set[org.springframework.boot.test.autoconfigure.properties.PropertyMappingContextCustomizer@0, org.springframework.boot.test.autoconfigure.web.servlet.WebDriverContextCustomizerFactory$Customizer@636d731e, [ImportsContextCustomizer@33670d7 key = [ags.goldenlionerp.apiTests.ApiTestBase$TestConfig]], org.springframework.boot.test.context.filter.ExcludeFilterContextCustomizer@6afa5291, org.springframework.boot.test.json.DuplicateJsonObjectContextCustomizerFactory$DuplicateJsonObjectContextCustomizer@20cebcb4, org.springframework.boot.test.mock.mockito.MockitoContextCustomizer@0, org.springframework.boot.test.web.client.TestRestTemplateContextCustomizer@49a32273], resourceBasePath = 'src/main/webapp', contextLoader = 'org.springframework.boot.test.context.SpringBootContextLoader', parent = [null]], attributes = map['org.springframework.test.context.web.ServletTestExecutionListener.activateListener' -> true, 'org.springframework.test.context.web.ServletTestExecutionListener.populatedRequestContextHolder' -> true, 'org.springframework.test.context.web.ServletTestExecutionListener.resetRequestContextHolder' -> true]]
]]></system-out>
  <system-err><![CDATA[]]></system-err>
</testsuite>
