<?xml version="1.0" encoding="UTF-8"?>
<testsuite name="ags.goldenlionerp.apiTests.setups.AAIApiTest" tests="7" skipped="0" failures="0" errors="0" timestamp="2018-12-27T04:25:55" hostname="LAPTOP-FHFRCCL6" time="0.399">
  <properties/>
  <testcase name="updateTestWithPatch" classname="ags.goldenlionerp.apiTests.setups.AAIApiTest" time="0.099"/>
  <testcase name="updateTestWithPut" classname="ags.goldenlionerp.apiTests.setups.AAIApiTest" time="0.026"/>
  <testcase name="getTestSingle" classname="ags.goldenlionerp.apiTests.setups.AAIApiTest" time="0.035"/>
  <testcase name="getTestCollection" classname="ags.goldenlionerp.apiTests.setups.AAIApiTest" time="0.109"/>
  <testcase name="createTestWithPut" classname="ags.goldenlionerp.apiTests.setups.AAIApiTest" time="0.024"/>
  <testcase name="deleteTest" classname="ags.goldenlionerp.apiTests.setups.AAIApiTest" time="0.038"/>
  <testcase name="createTestWithPost" classname="ags.goldenlionerp.apiTests.setups.AAIApiTest" time="0.063"/>
  <system-out><![CDATA[2018-12-27 11:25:55.532  INFO 2120 --- [    Test worker] .b.t.c.SpringBootTestContextBootstrapper : Neither @ContextConfiguration nor @ContextHierarchy found for test class [ags.goldenlionerp.apiTests.setups.AAIApiTest], using SpringBootContextLoader
2018-12-27 11:25:55.533  INFO 2120 --- [    Test worker] o.s.t.c.support.AbstractContextLoader    : Could not detect default resource locations for test class [ags.goldenlionerp.apiTests.setups.AAIApiTest]: no resource found for suffixes {-context.xml, Context.groovy}.
2018-12-27 11:25:55.533  INFO 2120 --- [    Test worker] t.c.s.AnnotationConfigContextLoaderUtils : Could not detect default configuration classes for test class [ags.goldenlionerp.apiTests.setups.AAIApiTest]: AAIApiTest does not declare any static, non-private, non-final, nested classes annotated with @Configuration.
2018-12-27 11:25:55.574  INFO 2120 --- [    Test worker] .b.t.c.SpringBootTestContextBootstrapper : Found @SpringBootConfiguration ags.goldenlionerp.GoldenLionErpApplication for test class ags.goldenlionerp.apiTests.setups.AAIApiTest
2018-12-27 11:25:55.578  INFO 2120 --- [    Test worker] .b.t.c.SpringBootTestContextBootstrapper : Loaded default TestExecutionListener class names from location [META-INF/spring.factories]: [org.springframework.security.test.context.support.WithSecurityContextTestExecutionListener, org.springframework.security.test.context.support.ReactorContextTestExecutionListener, org.springframework.boot.test.autoconfigure.restdocs.RestDocsTestExecutionListener, org.springframework.boot.test.autoconfigure.web.client.MockRestServiceServerResetTestExecutionListener, org.springframework.boot.test.autoconfigure.web.servlet.MockMvcPrintOnlyOnFailureTestExecutionListener, org.springframework.boot.test.autoconfigure.web.servlet.WebDriverTestExecutionListener, org.springframework.boot.test.mock.mockito.MockitoTestExecutionListener, org.springframework.boot.test.mock.mockito.ResetMocksTestExecutionListener, org.springframework.test.context.web.ServletTestExecutionListener, org.springframework.test.context.support.DirtiesContextBeforeModesTestExecutionListener, org.springframework.test.context.support.DependencyInjectionTestExecutionListener, org.springframework.test.context.support.DirtiesContextTestExecutionListener, org.springframework.test.context.transaction.TransactionalTestExecutionListener, org.springframework.test.context.jdbc.SqlScriptsTestExecutionListener]
2018-12-27 11:25:55.580  INFO 2120 --- [    Test worker] .b.t.c.SpringBootTestContextBootstrapper : Using TestExecutionListeners: [org.springframework.test.context.web.ServletTestExecutionListener@41f9b773, org.springframework.test.context.support.DirtiesContextBeforeModesTestExecutionListener@7f982450, org.springframework.boot.test.mock.mockito.MockitoTestExecutionListener@2f2ae128, org.springframework.boot.test.autoconfigure.SpringBootDependencyInjectionTestExecutionListener@610e0576, org.springframework.test.context.support.DirtiesContextTestExecutionListener@6d40640b, org.springframework.test.context.transaction.TransactionalTestExecutionListener@53447757, org.springframework.test.context.jdbc.SqlScriptsTestExecutionListener@2b1fefb6, org.springframework.security.test.context.support.WithSecurityContextTestExecutionListener@3a2b6a16, org.springframework.security.test.context.support.ReactorContextTestExecutionListener@54252164, org.springframework.boot.test.autoconfigure.restdocs.RestDocsTestExecutionListener@242b0a78, org.springframework.boot.test.autoconfigure.web.client.MockRestServiceServerResetTestExecutionListener@701d3314, org.springframework.boot.test.autoconfigure.web.servlet.MockMvcPrintOnlyOnFailureTestExecutionListener@11879cdb, org.springframework.boot.test.autoconfigure.web.servlet.WebDriverTestExecutionListener@6c54a18e, org.springframework.boot.test.mock.mockito.ResetMocksTestExecutionListener@10501eb6]
2018-12-27 11:25:55.614  INFO 2120 --- [    Test worker] o.s.t.c.transaction.TransactionContext   : Began transaction (1) for test context [DefaultTestContext@14d065b5 testClass = AAIApiTest, testInstance = ags.goldenlionerp.apiTests.setups.AAIApiTest@318155f4, testMethod = updateTestWithPatch@AAIApiTest, testException = [null], mergedContextConfiguration = [WebMergedContextConfiguration@516a6b25 testClass = AAIApiTest, locations = '{}', classes = '{class ags.goldenlionerp.GoldenLionErpApplication}', contextInitializerClasses = '[]', activeProfiles = '{}', propertySourceLocations = '{classpath:test.properties}', propertySourceProperties = '{org.springframework.boot.test.context.SpringBootTestContextBootstrapper=true}', contextCustomizers = set[org.springframework.boot.test.autoconfigure.properties.PropertyMappingContextCustomizer@0, org.springframework.boot.test.autoconfigure.web.servlet.WebDriverContextCustomizerFactory$Customizer@636d731e, [ImportsContextCustomizer@9391f95 key = [ags.goldenlionerp.apiTests.ApiTestBase$TestConfig]], org.springframework.boot.test.context.filter.ExcludeFilterContextCustomizer@6afa5291, org.springframework.boot.test.json.DuplicateJsonObjectContextCustomizerFactory$DuplicateJsonObjectContextCustomizer@20cebcb4, org.springframework.boot.test.mock.mockito.MockitoContextCustomizer@0, org.springframework.boot.test.web.client.TestRestTemplateContextCustomizer@49a32273], resourceBasePath = 'src/main/webapp', contextLoader = 'org.springframework.boot.test.context.SpringBootContextLoader', parent = [null]], attributes = map['org.springframework.test.context.web.ServletTestExecutionListener.activateListener' -> true, 'org.springframework.test.context.web.ServletTestExecutionListener.populatedRequestContextHolder' -> true, 'org.springframework.test.context.web.ServletTestExecutionListener.resetRequestContextHolder' -> true]]; transaction manager [org.springframework.orm.jpa.JpaTransactionManager@75de8c12]; rollback [true]
2018-12-27 11:25:55.615  INFO 2120 --- [    Test worker] o.s.b.t.m.w.SpringBootMockServletContext : Initializing Spring FrameworkServlet ''
2018-12-27 11:25:55.615  INFO 2120 --- [    Test worker] o.s.t.web.servlet.TestDispatcherServlet  : FrameworkServlet '': initialization started
2018-12-27 11:25:55.626  INFO 2120 --- [    Test worker] o.s.t.web.servlet.TestDispatcherServlet  : FrameworkServlet '': initialization completed in 11 ms
Hibernate: select automatica0_.aiaaid as aiaaid1_5_0_, automatica0_.aiseq as aiseq2_5_0_, automatica0_.aicid as aicid3_5_0_, automatica0_.aidtin as aidtin4_5_0_, automatica0_.aitmin as aitmin5_5_0_, automatica0_.aiuid as aiuid6_5_0_, automatica0_.aidtlu as aidtlu7_5_0_, automatica0_.aitmlu as aitmlu8_5_0_, automatica0_.aiuidm as aiuidm9_5_0_, automatica0_.aiobj as aiobj17_5_0_, automatica0_.aibuid as aibuid10_5_0_, automatica0_.aicoid as aicoid11_5_0_, automatica0_.aisub as aisub18_5_0_, automatica0_.aidesb1 as aidesb12_5_0_, automatica0_.aidesb2 as aidesb13_5_0_, automatica0_.aidesb3 as aidesb14_5_0_, automatica0_.aidesb4 as aidesb15_5_0_, automatica0_.aidesb5 as aidesb16_5_0_ from t0015 automatica0_ where automatica0_.aiaaid=? and automatica0_.aiseq=?
Hibernate: select chartofacc0_.oaobj as oaobj1_25_0_, chartofacc0_.oacid as oacid2_25_0_, chartofacc0_.oadtin as oadtin3_25_0_, chartofacc0_.oatmin as oatmin4_25_0_, chartofacc0_.oauid as oauid5_25_0_, chartofacc0_.oadtlu as oadtlu6_25_0_, chartofacc0_.oatmlu as oatmlu7_25_0_, chartofacc0_.oauidm as oauidm8_25_0_, chartofacc0_.oablc as oablc9_25_0_, chartofacc0_.oacoid as oacoid10_25_0_, chartofacc0_.oadesb1 as oadesb11_25_0_, chartofacc0_.oadesc1 as oadesc12_25_0_, chartofacc0_.oalod as oalod13_25_0_, chartofacc0_.oapec as oapec14_25_0_ from t0900 chartofacc0_ where chartofacc0_.oaobj=?
Hibernate: select company0_.cncoid as cncoid1_9_0_, company0_.cncid as cncid2_9_0_, company0_.cndtin as cndtin3_9_0_, company0_.cntmin as cntmin4_9_0_, company0_.cnuid as cnuid5_9_0_, company0_.cndtlu as cndtlu6_9_0_, company0_.cntmlu as cntmlu7_9_0_, company0_.cnuidm as cnuidm8_9_0_, company0_.cnanum as cnanum9_9_0_, company0_.cncrcb as cncrcb10_9_0_, company0_.cncap as cncap11_9_0_, company0_.cncfy as cncfy12_9_0_, company0_.cncip as cncip13_9_0_, company0_.cncpp as cncpp14_9_0_, company0_.cncrp as cncrp15_9_0_, company0_.cndesb1 as cndesb16_9_0_, company0_.cnfdp as cnfdp17_9_0_ from t0020 company0_ where company0_.cncoid=?
Hibernate: select accountmas0_.ambuid as ambuid1_26_0_, accountmas0_.amcoid as amcoid2_26_0_, accountmas0_.amobj as amobj3_26_0_, accountmas0_.amsub as amsub4_26_0_, accountmas0_.amcid as amcid5_26_0_, accountmas0_.amdtin as amdtin6_26_0_, accountmas0_.amtmin as amtmin7_26_0_, accountmas0_.amuid as amuid8_26_0_, accountmas0_.amdtlu as amdtlu9_26_0_, accountmas0_.amtmlu as amtmlu10_26_0_, accountmas0_.amuidm as amuidm11_26_0_, accountmas0_.amdtlt as amdtlt12_26_0_, accountmas0_.amacid as amacid13_26_0_, accountmas0_.amblc as amblc14_26_0_, accountmas0_.ambpc as ambpc15_26_0_, accountmas0_.amglc01 as amglc16_26_0_, accountmas0_.amglc02 as amglc17_26_0_, accountmas0_.amglc03 as amglc18_26_0_, accountmas0_.amglc04 as amglc19_26_0_, accountmas0_.amglc05 as amglc20_26_0_, accountmas0_.amcrct as amcrct21_26_0_, accountmas0_.amdesb1 as amdesb22_26_0_, accountmas0_.amtmlt as amtmlt23_26_0_, accountmas0_.amlod as amlod24_26_0_, accountmas0_.ammac as ammac25_26_0_, accountmas0_.amoan as amoan26_26_0_, accountmas0_.ampec as ampec27_26_0_ from t0901 accountmas0_ where accountmas0_.ambuid=? and accountmas0_.amcoid=? and accountmas0_.amobj=? and accountmas0_.amsub=?
Hibernate: update t0015 set aicid=?, aidtlu=?, aitmlu=?, aiuidm=?, aibuid=?, aicoid=?, aidesb1=?, aidesb2=?, aidesb3=?, aidesb4=?, aidesb5=?, aiobj=?, aisub=? where aiaaid=? and aiseq=?
Hibernate: select automatica0_.aiaaid as aiaaid1_5_0_, automatica0_.aiseq as aiseq2_5_0_, automatica0_.aicid as aicid3_5_0_, automatica0_.aidtin as aidtin4_5_0_, automatica0_.aitmin as aitmin5_5_0_, automatica0_.aiuid as aiuid6_5_0_, automatica0_.aidtlu as aidtlu7_5_0_, automatica0_.aitmlu as aitmlu8_5_0_, automatica0_.aiuidm as aiuidm9_5_0_, automatica0_.aiobj as aiobj17_5_0_, automatica0_.aibuid as aibuid10_5_0_, automatica0_.aicoid as aicoid11_5_0_, automatica0_.aisub as aisub18_5_0_, automatica0_.aidesb1 as aidesb12_5_0_, automatica0_.aidesb2 as aidesb13_5_0_, automatica0_.aidesb3 as aidesb14_5_0_, automatica0_.aidesb4 as aidesb15_5_0_, automatica0_.aidesb5 as aidesb16_5_0_ from t0015 automatica0_ where automatica0_.aiaaid=? and automatica0_.aiseq=?
Hibernate: select chartofacc0_.oaobj as oaobj1_25_0_, chartofacc0_.oacid as oacid2_25_0_, chartofacc0_.oadtin as oadtin3_25_0_, chartofacc0_.oatmin as oatmin4_25_0_, chartofacc0_.oauid as oauid5_25_0_, chartofacc0_.oadtlu as oadtlu6_25_0_, chartofacc0_.oatmlu as oatmlu7_25_0_, chartofacc0_.oauidm as oauidm8_25_0_, chartofacc0_.oablc as oablc9_25_0_, chartofacc0_.oacoid as oacoid10_25_0_, chartofacc0_.oadesb1 as oadesb11_25_0_, chartofacc0_.oadesc1 as oadesc12_25_0_, chartofacc0_.oalod as oalod13_25_0_, chartofacc0_.oapec as oapec14_25_0_ from t0900 chartofacc0_ where chartofacc0_.oaobj=?
Hibernate: select company0_.cncoid as cncoid1_9_0_, company0_.cncid as cncid2_9_0_, company0_.cndtin as cndtin3_9_0_, company0_.cntmin as cntmin4_9_0_, company0_.cnuid as cnuid5_9_0_, company0_.cndtlu as cndtlu6_9_0_, company0_.cntmlu as cntmlu7_9_0_, company0_.cnuidm as cnuidm8_9_0_, company0_.cnanum as cnanum9_9_0_, company0_.cncrcb as cncrcb10_9_0_, company0_.cncap as cncap11_9_0_, company0_.cncfy as cncfy12_9_0_, company0_.cncip as cncip13_9_0_, company0_.cncpp as cncpp14_9_0_, company0_.cncrp as cncrp15_9_0_, company0_.cndesb1 as cndesb16_9_0_, company0_.cnfdp as cnfdp17_9_0_ from t0020 company0_ where company0_.cncoid=?
Hibernate: select accountmas0_.ambuid as ambuid1_26_0_, accountmas0_.amcoid as amcoid2_26_0_, accountmas0_.amobj as amobj3_26_0_, accountmas0_.amsub as amsub4_26_0_, accountmas0_.amcid as amcid5_26_0_, accountmas0_.amdtin as amdtin6_26_0_, accountmas0_.amtmin as amtmin7_26_0_, accountmas0_.amuid as amuid8_26_0_, accountmas0_.amdtlu as amdtlu9_26_0_, accountmas0_.amtmlu as amtmlu10_26_0_, accountmas0_.amuidm as amuidm11_26_0_, accountmas0_.amdtlt as amdtlt12_26_0_, accountmas0_.amacid as amacid13_26_0_, accountmas0_.amblc as amblc14_26_0_, accountmas0_.ambpc as ambpc15_26_0_, accountmas0_.amglc01 as amglc16_26_0_, accountmas0_.amglc02 as amglc17_26_0_, accountmas0_.amglc03 as amglc18_26_0_, accountmas0_.amglc04 as amglc19_26_0_, accountmas0_.amglc05 as amglc20_26_0_, accountmas0_.amcrct as amcrct21_26_0_, accountmas0_.amdesb1 as amdesb22_26_0_, accountmas0_.amtmlt as amtmlt23_26_0_, accountmas0_.amlod as amlod24_26_0_, accountmas0_.ammac as ammac25_26_0_, accountmas0_.amoan as amoan26_26_0_, accountmas0_.ampec as ampec27_26_0_ from t0901 accountmas0_ where accountmas0_.ambuid=? and accountmas0_.amcoid=? and accountmas0_.amobj=? and accountmas0_.amsub=?
2018-12-27 11:25:55.711  INFO 2120 --- [    Test worker] o.s.t.c.transaction.TransactionContext   : Rolled back transaction for test: [DefaultTestContext@14d065b5 testClass = AAIApiTest, testInstance = ags.goldenlionerp.apiTests.setups.AAIApiTest@318155f4, testMethod = updateTestWithPatch@AAIApiTest, testException = [null], mergedContextConfiguration = [WebMergedContextConfiguration@516a6b25 testClass = AAIApiTest, locations = '{}', classes = '{class ags.goldenlionerp.GoldenLionErpApplication}', contextInitializerClasses = '[]', activeProfiles = '{}', propertySourceLocations = '{classpath:test.properties}', propertySourceProperties = '{org.springframework.boot.test.context.SpringBootTestContextBootstrapper=true}', contextCustomizers = set[org.springframework.boot.test.autoconfigure.properties.PropertyMappingContextCustomizer@0, org.springframework.boot.test.autoconfigure.web.servlet.WebDriverContextCustomizerFactory$Customizer@636d731e, [ImportsContextCustomizer@9391f95 key = [ags.goldenlionerp.apiTests.ApiTestBase$TestConfig]], org.springframework.boot.test.context.filter.ExcludeFilterContextCustomizer@6afa5291, org.springframework.boot.test.json.DuplicateJsonObjectContextCustomizerFactory$DuplicateJsonObjectContextCustomizer@20cebcb4, org.springframework.boot.test.mock.mockito.MockitoContextCustomizer@0, org.springframework.boot.test.web.client.TestRestTemplateContextCustomizer@49a32273], resourceBasePath = 'src/main/webapp', contextLoader = 'org.springframework.boot.test.context.SpringBootContextLoader', parent = [null]], attributes = map['org.springframework.test.context.web.ServletTestExecutionListener.activateListener' -> true, 'org.springframework.test.context.web.ServletTestExecutionListener.populatedRequestContextHolder' -> true, 'org.springframework.test.context.web.ServletTestExecutionListener.resetRequestContextHolder' -> true]]
2018-12-27 11:25:55.714  INFO 2120 --- [    Test worker] o.s.t.c.transaction.TransactionContext   : Began transaction (1) for test context [DefaultTestContext@14d065b5 testClass = AAIApiTest, testInstance = ags.goldenlionerp.apiTests.setups.AAIApiTest@689ccab9, testMethod = updateTestWithPut@ApiTestBase, testException = [null], mergedContextConfiguration = [WebMergedContextConfiguration@516a6b25 testClass = AAIApiTest, locations = '{}', classes = '{class ags.goldenlionerp.GoldenLionErpApplication}', contextInitializerClasses = '[]', activeProfiles = '{}', propertySourceLocations = '{classpath:test.properties}', propertySourceProperties = '{org.springframework.boot.test.context.SpringBootTestContextBootstrapper=true}', contextCustomizers = set[org.springframework.boot.test.autoconfigure.properties.PropertyMappingContextCustomizer@0, org.springframework.boot.test.autoconfigure.web.servlet.WebDriverContextCustomizerFactory$Customizer@636d731e, [ImportsContextCustomizer@9391f95 key = [ags.goldenlionerp.apiTests.ApiTestBase$TestConfig]], org.springframework.boot.test.context.filter.ExcludeFilterContextCustomizer@6afa5291, org.springframework.boot.test.json.DuplicateJsonObjectContextCustomizerFactory$DuplicateJsonObjectContextCustomizer@20cebcb4, org.springframework.boot.test.mock.mockito.MockitoContextCustomizer@0, org.springframework.boot.test.web.client.TestRestTemplateContextCustomizer@49a32273], resourceBasePath = 'src/main/webapp', contextLoader = 'org.springframework.boot.test.context.SpringBootContextLoader', parent = [null]], attributes = map['org.springframework.test.context.web.ServletTestExecutionListener.activateListener' -> true, 'org.springframework.test.context.web.ServletTestExecutionListener.populatedRequestContextHolder' -> true, 'org.springframework.test.context.web.ServletTestExecutionListener.resetRequestContextHolder' -> true]]; transaction manager [org.springframework.orm.jpa.JpaTransactionManager@75de8c12]; rollback [true]
2018-12-27 11:25:55.715  INFO 2120 --- [    Test worker] o.s.b.t.m.w.SpringBootMockServletContext : Initializing Spring FrameworkServlet ''
2018-12-27 11:25:55.715  INFO 2120 --- [    Test worker] o.s.t.web.servlet.TestDispatcherServlet  : FrameworkServlet '': initialization started
2018-12-27 11:25:55.721  INFO 2120 --- [    Test worker] o.s.t.web.servlet.TestDispatcherServlet  : FrameworkServlet '': initialization completed in 6 ms
Hibernate: select automatica0_.aiaaid as aiaaid1_5_0_, automatica0_.aiseq as aiseq2_5_0_, automatica0_.aicid as aicid3_5_0_, automatica0_.aidtin as aidtin4_5_0_, automatica0_.aitmin as aitmin5_5_0_, automatica0_.aiuid as aiuid6_5_0_, automatica0_.aidtlu as aidtlu7_5_0_, automatica0_.aitmlu as aitmlu8_5_0_, automatica0_.aiuidm as aiuidm9_5_0_, automatica0_.aiobj as aiobj17_5_0_, automatica0_.aibuid as aibuid10_5_0_, automatica0_.aicoid as aicoid11_5_0_, automatica0_.aisub as aisub18_5_0_, automatica0_.aidesb1 as aidesb12_5_0_, automatica0_.aidesb2 as aidesb13_5_0_, automatica0_.aidesb3 as aidesb14_5_0_, automatica0_.aidesb4 as aidesb15_5_0_, automatica0_.aidesb5 as aidesb16_5_0_ from t0015 automatica0_ where automatica0_.aiaaid=? and automatica0_.aiseq=?
Hibernate: select chartofacc0_.oaobj as oaobj1_25_0_, chartofacc0_.oacid as oacid2_25_0_, chartofacc0_.oadtin as oadtin3_25_0_, chartofacc0_.oatmin as oatmin4_25_0_, chartofacc0_.oauid as oauid5_25_0_, chartofacc0_.oadtlu as oadtlu6_25_0_, chartofacc0_.oatmlu as oatmlu7_25_0_, chartofacc0_.oauidm as oauidm8_25_0_, chartofacc0_.oablc as oablc9_25_0_, chartofacc0_.oacoid as oacoid10_25_0_, chartofacc0_.oadesb1 as oadesb11_25_0_, chartofacc0_.oadesc1 as oadesc12_25_0_, chartofacc0_.oalod as oalod13_25_0_, chartofacc0_.oapec as oapec14_25_0_ from t0900 chartofacc0_ where chartofacc0_.oaobj=?
Hibernate: select company0_.cncoid as cncoid1_9_0_, company0_.cncid as cncid2_9_0_, company0_.cndtin as cndtin3_9_0_, company0_.cntmin as cntmin4_9_0_, company0_.cnuid as cnuid5_9_0_, company0_.cndtlu as cndtlu6_9_0_, company0_.cntmlu as cntmlu7_9_0_, company0_.cnuidm as cnuidm8_9_0_, company0_.cnanum as cnanum9_9_0_, company0_.cncrcb as cncrcb10_9_0_, company0_.cncap as cncap11_9_0_, company0_.cncfy as cncfy12_9_0_, company0_.cncip as cncip13_9_0_, company0_.cncpp as cncpp14_9_0_, company0_.cncrp as cncrp15_9_0_, company0_.cndesb1 as cndesb16_9_0_, company0_.cnfdp as cnfdp17_9_0_ from t0020 company0_ where company0_.cncoid=?
Hibernate: select accountmas0_.ambuid as ambuid1_26_0_, accountmas0_.amcoid as amcoid2_26_0_, accountmas0_.amobj as amobj3_26_0_, accountmas0_.amsub as amsub4_26_0_, accountmas0_.amcid as amcid5_26_0_, accountmas0_.amdtin as amdtin6_26_0_, accountmas0_.amtmin as amtmin7_26_0_, accountmas0_.amuid as amuid8_26_0_, accountmas0_.amdtlu as amdtlu9_26_0_, accountmas0_.amtmlu as amtmlu10_26_0_, accountmas0_.amuidm as amuidm11_26_0_, accountmas0_.amdtlt as amdtlt12_26_0_, accountmas0_.amacid as amacid13_26_0_, accountmas0_.amblc as amblc14_26_0_, accountmas0_.ambpc as ambpc15_26_0_, accountmas0_.amglc01 as amglc16_26_0_, accountmas0_.amglc02 as amglc17_26_0_, accountmas0_.amglc03 as amglc18_26_0_, accountmas0_.amglc04 as amglc19_26_0_, accountmas0_.amglc05 as amglc20_26_0_, accountmas0_.amcrct as amcrct21_26_0_, accountmas0_.amdesb1 as amdesb22_26_0_, accountmas0_.amtmlt as amtmlt23_26_0_, accountmas0_.amlod as amlod24_26_0_, accountmas0_.ammac as ammac25_26_0_, accountmas0_.amoan as amoan26_26_0_, accountmas0_.ampec as ampec27_26_0_ from t0901 accountmas0_ where accountmas0_.ambuid=? and accountmas0_.amcoid=? and accountmas0_.amobj=? and accountmas0_.amsub=?
2018-12-27 11:25:55.738  INFO 2120 --- [    Test worker] o.s.t.c.transaction.TransactionContext   : Rolled back transaction for test: [DefaultTestContext@14d065b5 testClass = AAIApiTest, testInstance = ags.goldenlionerp.apiTests.setups.AAIApiTest@689ccab9, testMethod = updateTestWithPut@ApiTestBase, testException = [null], mergedContextConfiguration = [WebMergedContextConfiguration@516a6b25 testClass = AAIApiTest, locations = '{}', classes = '{class ags.goldenlionerp.GoldenLionErpApplication}', contextInitializerClasses = '[]', activeProfiles = '{}', propertySourceLocations = '{classpath:test.properties}', propertySourceProperties = '{org.springframework.boot.test.context.SpringBootTestContextBootstrapper=true}', contextCustomizers = set[org.springframework.boot.test.autoconfigure.properties.PropertyMappingContextCustomizer@0, org.springframework.boot.test.autoconfigure.web.servlet.WebDriverContextCustomizerFactory$Customizer@636d731e, [ImportsContextCustomizer@9391f95 key = [ags.goldenlionerp.apiTests.ApiTestBase$TestConfig]], org.springframework.boot.test.context.filter.ExcludeFilterContextCustomizer@6afa5291, org.springframework.boot.test.json.DuplicateJsonObjectContextCustomizerFactory$DuplicateJsonObjectContextCustomizer@20cebcb4, org.springframework.boot.test.mock.mockito.MockitoContextCustomizer@0, org.springframework.boot.test.web.client.TestRestTemplateContextCustomizer@49a32273], resourceBasePath = 'src/main/webapp', contextLoader = 'org.springframework.boot.test.context.SpringBootContextLoader', parent = [null]], attributes = map['org.springframework.test.context.web.ServletTestExecutionListener.activateListener' -> true, 'org.springframework.test.context.web.ServletTestExecutionListener.populatedRequestContextHolder' -> true, 'org.springframework.test.context.web.ServletTestExecutionListener.resetRequestContextHolder' -> true]]
2018-12-27 11:25:55.740  INFO 2120 --- [    Test worker] o.s.t.c.transaction.TransactionContext   : Began transaction (1) for test context [DefaultTestContext@14d065b5 testClass = AAIApiTest, testInstance = ags.goldenlionerp.apiTests.setups.AAIApiTest@58b7e600, testMethod = getTestSingle@ApiTestBase, testException = [null], mergedContextConfiguration = [WebMergedContextConfiguration@516a6b25 testClass = AAIApiTest, locations = '{}', classes = '{class ags.goldenlionerp.GoldenLionErpApplication}', contextInitializerClasses = '[]', activeProfiles = '{}', propertySourceLocations = '{classpath:test.properties}', propertySourceProperties = '{org.springframework.boot.test.context.SpringBootTestContextBootstrapper=true}', contextCustomizers = set[org.springframework.boot.test.autoconfigure.properties.PropertyMappingContextCustomizer@0, org.springframework.boot.test.autoconfigure.web.servlet.WebDriverContextCustomizerFactory$Customizer@636d731e, [ImportsContextCustomizer@9391f95 key = [ags.goldenlionerp.apiTests.ApiTestBase$TestConfig]], org.springframework.boot.test.context.filter.ExcludeFilterContextCustomizer@6afa5291, org.springframework.boot.test.json.DuplicateJsonObjectContextCustomizerFactory$DuplicateJsonObjectContextCustomizer@20cebcb4, org.springframework.boot.test.mock.mockito.MockitoContextCustomizer@0, org.springframework.boot.test.web.client.TestRestTemplateContextCustomizer@49a32273], resourceBasePath = 'src/main/webapp', contextLoader = 'org.springframework.boot.test.context.SpringBootContextLoader', parent = [null]], attributes = map['org.springframework.test.context.web.ServletTestExecutionListener.activateListener' -> true, 'org.springframework.test.context.web.ServletTestExecutionListener.populatedRequestContextHolder' -> true, 'org.springframework.test.context.web.ServletTestExecutionListener.resetRequestContextHolder' -> true]]; transaction manager [org.springframework.orm.jpa.JpaTransactionManager@75de8c12]; rollback [true]
2018-12-27 11:25:55.741  INFO 2120 --- [    Test worker] o.s.b.t.m.w.SpringBootMockServletContext : Initializing Spring FrameworkServlet ''
2018-12-27 11:25:55.741  INFO 2120 --- [    Test worker] o.s.t.web.servlet.TestDispatcherServlet  : FrameworkServlet '': initialization started
2018-12-27 11:25:55.752  INFO 2120 --- [    Test worker] o.s.t.web.servlet.TestDispatcherServlet  : FrameworkServlet '': initialization completed in 11 ms
Hibernate: select automatica0_.aiaaid as aiaaid1_5_0_, automatica0_.aiseq as aiseq2_5_0_, automatica0_.aicid as aicid3_5_0_, automatica0_.aidtin as aidtin4_5_0_, automatica0_.aitmin as aitmin5_5_0_, automatica0_.aiuid as aiuid6_5_0_, automatica0_.aidtlu as aidtlu7_5_0_, automatica0_.aitmlu as aitmlu8_5_0_, automatica0_.aiuidm as aiuidm9_5_0_, automatica0_.aiobj as aiobj17_5_0_, automatica0_.aibuid as aibuid10_5_0_, automatica0_.aicoid as aicoid11_5_0_, automatica0_.aisub as aisub18_5_0_, automatica0_.aidesb1 as aidesb12_5_0_, automatica0_.aidesb2 as aidesb13_5_0_, automatica0_.aidesb3 as aidesb14_5_0_, automatica0_.aidesb4 as aidesb15_5_0_, automatica0_.aidesb5 as aidesb16_5_0_ from t0015 automatica0_ where automatica0_.aiaaid=? and automatica0_.aiseq=?
Hibernate: select chartofacc0_.oaobj as oaobj1_25_0_, chartofacc0_.oacid as oacid2_25_0_, chartofacc0_.oadtin as oadtin3_25_0_, chartofacc0_.oatmin as oatmin4_25_0_, chartofacc0_.oauid as oauid5_25_0_, chartofacc0_.oadtlu as oadtlu6_25_0_, chartofacc0_.oatmlu as oatmlu7_25_0_, chartofacc0_.oauidm as oauidm8_25_0_, chartofacc0_.oablc as oablc9_25_0_, chartofacc0_.oacoid as oacoid10_25_0_, chartofacc0_.oadesb1 as oadesb11_25_0_, chartofacc0_.oadesc1 as oadesc12_25_0_, chartofacc0_.oalod as oalod13_25_0_, chartofacc0_.oapec as oapec14_25_0_ from t0900 chartofacc0_ where chartofacc0_.oaobj=?
Hibernate: select company0_.cncoid as cncoid1_9_0_, company0_.cncid as cncid2_9_0_, company0_.cndtin as cndtin3_9_0_, company0_.cntmin as cntmin4_9_0_, company0_.cnuid as cnuid5_9_0_, company0_.cndtlu as cndtlu6_9_0_, company0_.cntmlu as cntmlu7_9_0_, company0_.cnuidm as cnuidm8_9_0_, company0_.cnanum as cnanum9_9_0_, company0_.cncrcb as cncrcb10_9_0_, company0_.cncap as cncap11_9_0_, company0_.cncfy as cncfy12_9_0_, company0_.cncip as cncip13_9_0_, company0_.cncpp as cncpp14_9_0_, company0_.cncrp as cncrp15_9_0_, company0_.cndesb1 as cndesb16_9_0_, company0_.cnfdp as cnfdp17_9_0_ from t0020 company0_ where company0_.cncoid=?
Hibernate: select accountmas0_.ambuid as ambuid1_26_0_, accountmas0_.amcoid as amcoid2_26_0_, accountmas0_.amobj as amobj3_26_0_, accountmas0_.amsub as amsub4_26_0_, accountmas0_.amcid as amcid5_26_0_, accountmas0_.amdtin as amdtin6_26_0_, accountmas0_.amtmin as amtmin7_26_0_, accountmas0_.amuid as amuid8_26_0_, accountmas0_.amdtlu as amdtlu9_26_0_, accountmas0_.amtmlu as amtmlu10_26_0_, accountmas0_.amuidm as amuidm11_26_0_, accountmas0_.amdtlt as amdtlt12_26_0_, accountmas0_.amacid as amacid13_26_0_, accountmas0_.amblc as amblc14_26_0_, accountmas0_.ambpc as ambpc15_26_0_, accountmas0_.amglc01 as amglc16_26_0_, accountmas0_.amglc02 as amglc17_26_0_, accountmas0_.amglc03 as amglc18_26_0_, accountmas0_.amglc04 as amglc19_26_0_, accountmas0_.amglc05 as amglc20_26_0_, accountmas0_.amcrct as amcrct21_26_0_, accountmas0_.amdesb1 as amdesb22_26_0_, accountmas0_.amtmlt as amtmlt23_26_0_, accountmas0_.amlod as amlod24_26_0_, accountmas0_.ammac as ammac25_26_0_, accountmas0_.amoan as amoan26_26_0_, accountmas0_.ampec as ampec27_26_0_ from t0901 accountmas0_ where accountmas0_.ambuid=? and accountmas0_.amcoid=? and accountmas0_.amobj=? and accountmas0_.amsub=?
2018-12-27 11:25:55.774  INFO 2120 --- [    Test worker] o.s.t.c.transaction.TransactionContext   : Rolled back transaction for test: [DefaultTestContext@14d065b5 testClass = AAIApiTest, testInstance = ags.goldenlionerp.apiTests.setups.AAIApiTest@58b7e600, testMethod = getTestSingle@ApiTestBase, testException = [null], mergedContextConfiguration = [WebMergedContextConfiguration@516a6b25 testClass = AAIApiTest, locations = '{}', classes = '{class ags.goldenlionerp.GoldenLionErpApplication}', contextInitializerClasses = '[]', activeProfiles = '{}', propertySourceLocations = '{classpath:test.properties}', propertySourceProperties = '{org.springframework.boot.test.context.SpringBootTestContextBootstrapper=true}', contextCustomizers = set[org.springframework.boot.test.autoconfigure.properties.PropertyMappingContextCustomizer@0, org.springframework.boot.test.autoconfigure.web.servlet.WebDriverContextCustomizerFactory$Customizer@636d731e, [ImportsContextCustomizer@9391f95 key = [ags.goldenlionerp.apiTests.ApiTestBase$TestConfig]], org.springframework.boot.test.context.filter.ExcludeFilterContextCustomizer@6afa5291, org.springframework.boot.test.json.DuplicateJsonObjectContextCustomizerFactory$DuplicateJsonObjectContextCustomizer@20cebcb4, org.springframework.boot.test.mock.mockito.MockitoContextCustomizer@0, org.springframework.boot.test.web.client.TestRestTemplateContextCustomizer@49a32273], resourceBasePath = 'src/main/webapp', contextLoader = 'org.springframework.boot.test.context.SpringBootContextLoader', parent = [null]], attributes = map['org.springframework.test.context.web.ServletTestExecutionListener.activateListener' -> true, 'org.springframework.test.context.web.ServletTestExecutionListener.populatedRequestContextHolder' -> true, 'org.springframework.test.context.web.ServletTestExecutionListener.resetRequestContextHolder' -> true]]
2018-12-27 11:25:55.776  INFO 2120 --- [    Test worker] o.s.t.c.transaction.TransactionContext   : Began transaction (1) for test context [DefaultTestContext@14d065b5 testClass = AAIApiTest, testInstance = ags.goldenlionerp.apiTests.setups.AAIApiTest@70d5111a, testMethod = getTestCollection@ApiTestBase, testException = [null], mergedContextConfiguration = [WebMergedContextConfiguration@516a6b25 testClass = AAIApiTest, locations = '{}', classes = '{class ags.goldenlionerp.GoldenLionErpApplication}', contextInitializerClasses = '[]', activeProfiles = '{}', propertySourceLocations = '{classpath:test.properties}', propertySourceProperties = '{org.springframework.boot.test.context.SpringBootTestContextBootstrapper=true}', contextCustomizers = set[org.springframework.boot.test.autoconfigure.properties.PropertyMappingContextCustomizer@0, org.springframework.boot.test.autoconfigure.web.servlet.WebDriverContextCustomizerFactory$Customizer@636d731e, [ImportsContextCustomizer@9391f95 key = [ags.goldenlionerp.apiTests.ApiTestBase$TestConfig]], org.springframework.boot.test.context.filter.ExcludeFilterContextCustomizer@6afa5291, org.springframework.boot.test.json.DuplicateJsonObjectContextCustomizerFactory$DuplicateJsonObjectContextCustomizer@20cebcb4, org.springframework.boot.test.mock.mockito.MockitoContextCustomizer@0, org.springframework.boot.test.web.client.TestRestTemplateContextCustomizer@49a32273], resourceBasePath = 'src/main/webapp', contextLoader = 'org.springframework.boot.test.context.SpringBootContextLoader', parent = [null]], attributes = map['org.springframework.test.context.web.ServletTestExecutionListener.activateListener' -> true, 'org.springframework.test.context.web.ServletTestExecutionListener.populatedRequestContextHolder' -> true, 'org.springframework.test.context.web.ServletTestExecutionListener.resetRequestContextHolder' -> true]]; transaction manager [org.springframework.orm.jpa.JpaTransactionManager@75de8c12]; rollback [true]
2018-12-27 11:25:55.778  INFO 2120 --- [    Test worker] o.s.b.t.m.w.SpringBootMockServletContext : Initializing Spring FrameworkServlet ''
2018-12-27 11:25:55.778  INFO 2120 --- [    Test worker] o.s.t.web.servlet.TestDispatcherServlet  : FrameworkServlet '': initialization started
2018-12-27 11:25:55.787  INFO 2120 --- [    Test worker] o.s.t.web.servlet.TestDispatcherServlet  : FrameworkServlet '': initialization completed in 9 ms
Hibernate: select TOP(?) automatica0_.aiaaid as aiaaid1_5_, automatica0_.aiseq as aiseq2_5_, automatica0_.aicid as aicid3_5_, automatica0_.aidtin as aidtin4_5_, automatica0_.aitmin as aitmin5_5_, automatica0_.aiuid as aiuid6_5_, automatica0_.aidtlu as aidtlu7_5_, automatica0_.aitmlu as aitmlu8_5_, automatica0_.aiuidm as aiuidm9_5_, automatica0_.aiobj as aiobj17_5_, automatica0_.aibuid as aibuid10_5_, automatica0_.aicoid as aicoid11_5_, automatica0_.aisub as aisub18_5_, automatica0_.aidesb1 as aidesb12_5_, automatica0_.aidesb2 as aidesb13_5_, automatica0_.aidesb3 as aidesb14_5_, automatica0_.aidesb4 as aidesb15_5_, automatica0_.aidesb5 as aidesb16_5_ from t0015 automatica0_
Hibernate: select chartofacc0_.oaobj as oaobj1_25_0_, chartofacc0_.oacid as oacid2_25_0_, chartofacc0_.oadtin as oadtin3_25_0_, chartofacc0_.oatmin as oatmin4_25_0_, chartofacc0_.oauid as oauid5_25_0_, chartofacc0_.oadtlu as oadtlu6_25_0_, chartofacc0_.oatmlu as oatmlu7_25_0_, chartofacc0_.oauidm as oauidm8_25_0_, chartofacc0_.oablc as oablc9_25_0_, chartofacc0_.oacoid as oacoid10_25_0_, chartofacc0_.oadesb1 as oadesb11_25_0_, chartofacc0_.oadesc1 as oadesc12_25_0_, chartofacc0_.oalod as oalod13_25_0_, chartofacc0_.oapec as oapec14_25_0_ from t0900 chartofacc0_ where chartofacc0_.oaobj=?
Hibernate: select accountmas0_.ambuid as ambuid1_26_0_, accountmas0_.amcoid as amcoid2_26_0_, accountmas0_.amobj as amobj3_26_0_, accountmas0_.amsub as amsub4_26_0_, accountmas0_.amcid as amcid5_26_0_, accountmas0_.amdtin as amdtin6_26_0_, accountmas0_.amtmin as amtmin7_26_0_, accountmas0_.amuid as amuid8_26_0_, accountmas0_.amdtlu as amdtlu9_26_0_, accountmas0_.amtmlu as amtmlu10_26_0_, accountmas0_.amuidm as amuidm11_26_0_, accountmas0_.amdtlt as amdtlt12_26_0_, accountmas0_.amacid as amacid13_26_0_, accountmas0_.amblc as amblc14_26_0_, accountmas0_.ambpc as ambpc15_26_0_, accountmas0_.amglc01 as amglc16_26_0_, accountmas0_.amglc02 as amglc17_26_0_, accountmas0_.amglc03 as amglc18_26_0_, accountmas0_.amglc04 as amglc19_26_0_, accountmas0_.amglc05 as amglc20_26_0_, accountmas0_.amcrct as amcrct21_26_0_, accountmas0_.amdesb1 as amdesb22_26_0_, accountmas0_.amtmlt as amtmlt23_26_0_, accountmas0_.amlod as amlod24_26_0_, accountmas0_.ammac as ammac25_26_0_, accountmas0_.amoan as amoan26_26_0_, accountmas0_.ampec as ampec27_26_0_ from t0901 accountmas0_ where accountmas0_.ambuid=? and accountmas0_.amcoid=? and accountmas0_.amobj=? and accountmas0_.amsub=?
Hibernate: select chartofacc0_.oaobj as oaobj1_25_0_, chartofacc0_.oacid as oacid2_25_0_, chartofacc0_.oadtin as oadtin3_25_0_, chartofacc0_.oatmin as oatmin4_25_0_, chartofacc0_.oauid as oauid5_25_0_, chartofacc0_.oadtlu as oadtlu6_25_0_, chartofacc0_.oatmlu as oatmlu7_25_0_, chartofacc0_.oauidm as oauidm8_25_0_, chartofacc0_.oablc as oablc9_25_0_, chartofacc0_.oacoid as oacoid10_25_0_, chartofacc0_.oadesb1 as oadesb11_25_0_, chartofacc0_.oadesc1 as oadesc12_25_0_, chartofacc0_.oalod as oalod13_25_0_, chartofacc0_.oapec as oapec14_25_0_ from t0900 chartofacc0_ where chartofacc0_.oaobj=?
Hibernate: select company0_.cncoid as cncoid1_9_0_, company0_.cncid as cncid2_9_0_, company0_.cndtin as cndtin3_9_0_, company0_.cntmin as cntmin4_9_0_, company0_.cnuid as cnuid5_9_0_, company0_.cndtlu as cndtlu6_9_0_, company0_.cntmlu as cntmlu7_9_0_, company0_.cnuidm as cnuidm8_9_0_, company0_.cnanum as cnanum9_9_0_, company0_.cncrcb as cncrcb10_9_0_, company0_.cncap as cncap11_9_0_, company0_.cncfy as cncfy12_9_0_, company0_.cncip as cncip13_9_0_, company0_.cncpp as cncpp14_9_0_, company0_.cncrp as cncrp15_9_0_, company0_.cndesb1 as cndesb16_9_0_, company0_.cnfdp as cnfdp17_9_0_ from t0020 company0_ where company0_.cncoid=?
Hibernate: select accountmas0_.ambuid as ambuid1_26_0_, accountmas0_.amcoid as amcoid2_26_0_, accountmas0_.amobj as amobj3_26_0_, accountmas0_.amsub as amsub4_26_0_, accountmas0_.amcid as amcid5_26_0_, accountmas0_.amdtin as amdtin6_26_0_, accountmas0_.amtmin as amtmin7_26_0_, accountmas0_.amuid as amuid8_26_0_, accountmas0_.amdtlu as amdtlu9_26_0_, accountmas0_.amtmlu as amtmlu10_26_0_, accountmas0_.amuidm as amuidm11_26_0_, accountmas0_.amdtlt as amdtlt12_26_0_, accountmas0_.amacid as amacid13_26_0_, accountmas0_.amblc as amblc14_26_0_, accountmas0_.ambpc as ambpc15_26_0_, accountmas0_.amglc01 as amglc16_26_0_, accountmas0_.amglc02 as amglc17_26_0_, accountmas0_.amglc03 as amglc18_26_0_, accountmas0_.amglc04 as amglc19_26_0_, accountmas0_.amglc05 as amglc20_26_0_, accountmas0_.amcrct as amcrct21_26_0_, accountmas0_.amdesb1 as amdesb22_26_0_, accountmas0_.amtmlt as amtmlt23_26_0_, accountmas0_.amlod as amlod24_26_0_, accountmas0_.ammac as ammac25_26_0_, accountmas0_.amoan as amoan26_26_0_, accountmas0_.ampec as ampec27_26_0_ from t0901 accountmas0_ where accountmas0_.ambuid=? and accountmas0_.amcoid=? and accountmas0_.amobj=? and accountmas0_.amsub=?
Hibernate: select chartofacc0_.oaobj as oaobj1_25_0_, chartofacc0_.oacid as oacid2_25_0_, chartofacc0_.oadtin as oadtin3_25_0_, chartofacc0_.oatmin as oatmin4_25_0_, chartofacc0_.oauid as oauid5_25_0_, chartofacc0_.oadtlu as oadtlu6_25_0_, chartofacc0_.oatmlu as oatmlu7_25_0_, chartofacc0_.oauidm as oauidm8_25_0_, chartofacc0_.oablc as oablc9_25_0_, chartofacc0_.oacoid as oacoid10_25_0_, chartofacc0_.oadesb1 as oadesb11_25_0_, chartofacc0_.oadesc1 as oadesc12_25_0_, chartofacc0_.oalod as oalod13_25_0_, chartofacc0_.oapec as oapec14_25_0_ from t0900 chartofacc0_ where chartofacc0_.oaobj=?
Hibernate: select accountmas0_.ambuid as ambuid1_26_0_, accountmas0_.amcoid as amcoid2_26_0_, accountmas0_.amobj as amobj3_26_0_, accountmas0_.amsub as amsub4_26_0_, accountmas0_.amcid as amcid5_26_0_, accountmas0_.amdtin as amdtin6_26_0_, accountmas0_.amtmin as amtmin7_26_0_, accountmas0_.amuid as amuid8_26_0_, accountmas0_.amdtlu as amdtlu9_26_0_, accountmas0_.amtmlu as amtmlu10_26_0_, accountmas0_.amuidm as amuidm11_26_0_, accountmas0_.amdtlt as amdtlt12_26_0_, accountmas0_.amacid as amacid13_26_0_, accountmas0_.amblc as amblc14_26_0_, accountmas0_.ambpc as ambpc15_26_0_, accountmas0_.amglc01 as amglc16_26_0_, accountmas0_.amglc02 as amglc17_26_0_, accountmas0_.amglc03 as amglc18_26_0_, accountmas0_.amglc04 as amglc19_26_0_, accountmas0_.amglc05 as amglc20_26_0_, accountmas0_.amcrct as amcrct21_26_0_, accountmas0_.amdesb1 as amdesb22_26_0_, accountmas0_.amtmlt as amtmlt23_26_0_, accountmas0_.amlod as amlod24_26_0_, accountmas0_.ammac as ammac25_26_0_, accountmas0_.amoan as amoan26_26_0_, accountmas0_.ampec as ampec27_26_0_ from t0901 accountmas0_ where accountmas0_.ambuid=? and accountmas0_.amcoid=? and accountmas0_.amobj=? and accountmas0_.amsub=?
Hibernate: select chartofacc0_.oaobj as oaobj1_25_0_, chartofacc0_.oacid as oacid2_25_0_, chartofacc0_.oadtin as oadtin3_25_0_, chartofacc0_.oatmin as oatmin4_25_0_, chartofacc0_.oauid as oauid5_25_0_, chartofacc0_.oadtlu as oadtlu6_25_0_, chartofacc0_.oatmlu as oatmlu7_25_0_, chartofacc0_.oauidm as oauidm8_25_0_, chartofacc0_.oablc as oablc9_25_0_, chartofacc0_.oacoid as oacoid10_25_0_, chartofacc0_.oadesb1 as oadesb11_25_0_, chartofacc0_.oadesc1 as oadesc12_25_0_, chartofacc0_.oalod as oalod13_25_0_, chartofacc0_.oapec as oapec14_25_0_ from t0900 chartofacc0_ where chartofacc0_.oaobj=?
Hibernate: select accountmas0_.ambuid as ambuid1_26_0_, accountmas0_.amcoid as amcoid2_26_0_, accountmas0_.amobj as amobj3_26_0_, accountmas0_.amsub as amsub4_26_0_, accountmas0_.amcid as amcid5_26_0_, accountmas0_.amdtin as amdtin6_26_0_, accountmas0_.amtmin as amtmin7_26_0_, accountmas0_.amuid as amuid8_26_0_, accountmas0_.amdtlu as amdtlu9_26_0_, accountmas0_.amtmlu as amtmlu10_26_0_, accountmas0_.amuidm as amuidm11_26_0_, accountmas0_.amdtlt as amdtlt12_26_0_, accountmas0_.amacid as amacid13_26_0_, accountmas0_.amblc as amblc14_26_0_, accountmas0_.ambpc as ambpc15_26_0_, accountmas0_.amglc01 as amglc16_26_0_, accountmas0_.amglc02 as amglc17_26_0_, accountmas0_.amglc03 as amglc18_26_0_, accountmas0_.amglc04 as amglc19_26_0_, accountmas0_.amglc05 as amglc20_26_0_, accountmas0_.amcrct as amcrct21_26_0_, accountmas0_.amdesb1 as amdesb22_26_0_, accountmas0_.amtmlt as amtmlt23_26_0_, accountmas0_.amlod as amlod24_26_0_, accountmas0_.ammac as ammac25_26_0_, accountmas0_.amoan as amoan26_26_0_, accountmas0_.ampec as ampec27_26_0_ from t0901 accountmas0_ where accountmas0_.ambuid=? and accountmas0_.amcoid=? and accountmas0_.amobj=? and accountmas0_.amsub=?
Hibernate: select chartofacc0_.oaobj as oaobj1_25_0_, chartofacc0_.oacid as oacid2_25_0_, chartofacc0_.oadtin as oadtin3_25_0_, chartofacc0_.oatmin as oatmin4_25_0_, chartofacc0_.oauid as oauid5_25_0_, chartofacc0_.oadtlu as oadtlu6_25_0_, chartofacc0_.oatmlu as oatmlu7_25_0_, chartofacc0_.oauidm as oauidm8_25_0_, chartofacc0_.oablc as oablc9_25_0_, chartofacc0_.oacoid as oacoid10_25_0_, chartofacc0_.oadesb1 as oadesb11_25_0_, chartofacc0_.oadesc1 as oadesc12_25_0_, chartofacc0_.oalod as oalod13_25_0_, chartofacc0_.oapec as oapec14_25_0_ from t0900 chartofacc0_ where chartofacc0_.oaobj=?
Hibernate: select accountmas0_.ambuid as ambuid1_26_0_, accountmas0_.amcoid as amcoid2_26_0_, accountmas0_.amobj as amobj3_26_0_, accountmas0_.amsub as amsub4_26_0_, accountmas0_.amcid as amcid5_26_0_, accountmas0_.amdtin as amdtin6_26_0_, accountmas0_.amtmin as amtmin7_26_0_, accountmas0_.amuid as amuid8_26_0_, accountmas0_.amdtlu as amdtlu9_26_0_, accountmas0_.amtmlu as amtmlu10_26_0_, accountmas0_.amuidm as amuidm11_26_0_, accountmas0_.amdtlt as amdtlt12_26_0_, accountmas0_.amacid as amacid13_26_0_, accountmas0_.amblc as amblc14_26_0_, accountmas0_.ambpc as ambpc15_26_0_, accountmas0_.amglc01 as amglc16_26_0_, accountmas0_.amglc02 as amglc17_26_0_, accountmas0_.amglc03 as amglc18_26_0_, accountmas0_.amglc04 as amglc19_26_0_, accountmas0_.amglc05 as amglc20_26_0_, accountmas0_.amcrct as amcrct21_26_0_, accountmas0_.amdesb1 as amdesb22_26_0_, accountmas0_.amtmlt as amtmlt23_26_0_, accountmas0_.amlod as amlod24_26_0_, accountmas0_.ammac as ammac25_26_0_, accountmas0_.amoan as amoan26_26_0_, accountmas0_.ampec as ampec27_26_0_ from t0901 accountmas0_ where accountmas0_.ambuid=? and accountmas0_.amcoid=? and accountmas0_.amobj=? and accountmas0_.amsub=?
Hibernate: select chartofacc0_.oaobj as oaobj1_25_0_, chartofacc0_.oacid as oacid2_25_0_, chartofacc0_.oadtin as oadtin3_25_0_, chartofacc0_.oatmin as oatmin4_25_0_, chartofacc0_.oauid as oauid5_25_0_, chartofacc0_.oadtlu as oadtlu6_25_0_, chartofacc0_.oatmlu as oatmlu7_25_0_, chartofacc0_.oauidm as oauidm8_25_0_, chartofacc0_.oablc as oablc9_25_0_, chartofacc0_.oacoid as oacoid10_25_0_, chartofacc0_.oadesb1 as oadesb11_25_0_, chartofacc0_.oadesc1 as oadesc12_25_0_, chartofacc0_.oalod as oalod13_25_0_, chartofacc0_.oapec as oapec14_25_0_ from t0900 chartofacc0_ where chartofacc0_.oaobj=?
Hibernate: select accountmas0_.ambuid as ambuid1_26_0_, accountmas0_.amcoid as amcoid2_26_0_, accountmas0_.amobj as amobj3_26_0_, accountmas0_.amsub as amsub4_26_0_, accountmas0_.amcid as amcid5_26_0_, accountmas0_.amdtin as amdtin6_26_0_, accountmas0_.amtmin as amtmin7_26_0_, accountmas0_.amuid as amuid8_26_0_, accountmas0_.amdtlu as amdtlu9_26_0_, accountmas0_.amtmlu as amtmlu10_26_0_, accountmas0_.amuidm as amuidm11_26_0_, accountmas0_.amdtlt as amdtlt12_26_0_, accountmas0_.amacid as amacid13_26_0_, accountmas0_.amblc as amblc14_26_0_, accountmas0_.ambpc as ambpc15_26_0_, accountmas0_.amglc01 as amglc16_26_0_, accountmas0_.amglc02 as amglc17_26_0_, accountmas0_.amglc03 as amglc18_26_0_, accountmas0_.amglc04 as amglc19_26_0_, accountmas0_.amglc05 as amglc20_26_0_, accountmas0_.amcrct as amcrct21_26_0_, accountmas0_.amdesb1 as amdesb22_26_0_, accountmas0_.amtmlt as amtmlt23_26_0_, accountmas0_.amlod as amlod24_26_0_, accountmas0_.ammac as ammac25_26_0_, accountmas0_.amoan as amoan26_26_0_, accountmas0_.ampec as ampec27_26_0_ from t0901 accountmas0_ where accountmas0_.ambuid=? and accountmas0_.amcoid=? and accountmas0_.amobj=? and accountmas0_.amsub=?
Hibernate: select chartofacc0_.oaobj as oaobj1_25_0_, chartofacc0_.oacid as oacid2_25_0_, chartofacc0_.oadtin as oadtin3_25_0_, chartofacc0_.oatmin as oatmin4_25_0_, chartofacc0_.oauid as oauid5_25_0_, chartofacc0_.oadtlu as oadtlu6_25_0_, chartofacc0_.oatmlu as oatmlu7_25_0_, chartofacc0_.oauidm as oauidm8_25_0_, chartofacc0_.oablc as oablc9_25_0_, chartofacc0_.oacoid as oacoid10_25_0_, chartofacc0_.oadesb1 as oadesb11_25_0_, chartofacc0_.oadesc1 as oadesc12_25_0_, chartofacc0_.oalod as oalod13_25_0_, chartofacc0_.oapec as oapec14_25_0_ from t0900 chartofacc0_ where chartofacc0_.oaobj=?
Hibernate: select accountmas0_.ambuid as ambuid1_26_0_, accountmas0_.amcoid as amcoid2_26_0_, accountmas0_.amobj as amobj3_26_0_, accountmas0_.amsub as amsub4_26_0_, accountmas0_.amcid as amcid5_26_0_, accountmas0_.amdtin as amdtin6_26_0_, accountmas0_.amtmin as amtmin7_26_0_, accountmas0_.amuid as amuid8_26_0_, accountmas0_.amdtlu as amdtlu9_26_0_, accountmas0_.amtmlu as amtmlu10_26_0_, accountmas0_.amuidm as amuidm11_26_0_, accountmas0_.amdtlt as amdtlt12_26_0_, accountmas0_.amacid as amacid13_26_0_, accountmas0_.amblc as amblc14_26_0_, accountmas0_.ambpc as ambpc15_26_0_, accountmas0_.amglc01 as amglc16_26_0_, accountmas0_.amglc02 as amglc17_26_0_, accountmas0_.amglc03 as amglc18_26_0_, accountmas0_.amglc04 as amglc19_26_0_, accountmas0_.amglc05 as amglc20_26_0_, accountmas0_.amcrct as amcrct21_26_0_, accountmas0_.amdesb1 as amdesb22_26_0_, accountmas0_.amtmlt as amtmlt23_26_0_, accountmas0_.amlod as amlod24_26_0_, accountmas0_.ammac as ammac25_26_0_, accountmas0_.amoan as amoan26_26_0_, accountmas0_.ampec as ampec27_26_0_ from t0901 accountmas0_ where accountmas0_.ambuid=? and accountmas0_.amcoid=? and accountmas0_.amobj=? and accountmas0_.amsub=?
Hibernate: select chartofacc0_.oaobj as oaobj1_25_0_, chartofacc0_.oacid as oacid2_25_0_, chartofacc0_.oadtin as oadtin3_25_0_, chartofacc0_.oatmin as oatmin4_25_0_, chartofacc0_.oauid as oauid5_25_0_, chartofacc0_.oadtlu as oadtlu6_25_0_, chartofacc0_.oatmlu as oatmlu7_25_0_, chartofacc0_.oauidm as oauidm8_25_0_, chartofacc0_.oablc as oablc9_25_0_, chartofacc0_.oacoid as oacoid10_25_0_, chartofacc0_.oadesb1 as oadesb11_25_0_, chartofacc0_.oadesc1 as oadesc12_25_0_, chartofacc0_.oalod as oalod13_25_0_, chartofacc0_.oapec as oapec14_25_0_ from t0900 chartofacc0_ where chartofacc0_.oaobj=?
Hibernate: select accountmas0_.ambuid as ambuid1_26_0_, accountmas0_.amcoid as amcoid2_26_0_, accountmas0_.amobj as amobj3_26_0_, accountmas0_.amsub as amsub4_26_0_, accountmas0_.amcid as amcid5_26_0_, accountmas0_.amdtin as amdtin6_26_0_, accountmas0_.amtmin as amtmin7_26_0_, accountmas0_.amuid as amuid8_26_0_, accountmas0_.amdtlu as amdtlu9_26_0_, accountmas0_.amtmlu as amtmlu10_26_0_, accountmas0_.amuidm as amuidm11_26_0_, accountmas0_.amdtlt as amdtlt12_26_0_, accountmas0_.amacid as amacid13_26_0_, accountmas0_.amblc as amblc14_26_0_, accountmas0_.ambpc as ambpc15_26_0_, accountmas0_.amglc01 as amglc16_26_0_, accountmas0_.amglc02 as amglc17_26_0_, accountmas0_.amglc03 as amglc18_26_0_, accountmas0_.amglc04 as amglc19_26_0_, accountmas0_.amglc05 as amglc20_26_0_, accountmas0_.amcrct as amcrct21_26_0_, accountmas0_.amdesb1 as amdesb22_26_0_, accountmas0_.amtmlt as amtmlt23_26_0_, accountmas0_.amlod as amlod24_26_0_, accountmas0_.ammac as ammac25_26_0_, accountmas0_.amoan as amoan26_26_0_, accountmas0_.ampec as ampec27_26_0_ from t0901 accountmas0_ where accountmas0_.ambuid=? and accountmas0_.amcoid=? and accountmas0_.amobj=? and accountmas0_.amsub=?
Hibernate: select chartofacc0_.oaobj as oaobj1_25_0_, chartofacc0_.oacid as oacid2_25_0_, chartofacc0_.oadtin as oadtin3_25_0_, chartofacc0_.oatmin as oatmin4_25_0_, chartofacc0_.oauid as oauid5_25_0_, chartofacc0_.oadtlu as oadtlu6_25_0_, chartofacc0_.oatmlu as oatmlu7_25_0_, chartofacc0_.oauidm as oauidm8_25_0_, chartofacc0_.oablc as oablc9_25_0_, chartofacc0_.oacoid as oacoid10_25_0_, chartofacc0_.oadesb1 as oadesb11_25_0_, chartofacc0_.oadesc1 as oadesc12_25_0_, chartofacc0_.oalod as oalod13_25_0_, chartofacc0_.oapec as oapec14_25_0_ from t0900 chartofacc0_ where chartofacc0_.oaobj=?
Hibernate: select accountmas0_.ambuid as ambuid1_26_0_, accountmas0_.amcoid as amcoid2_26_0_, accountmas0_.amobj as amobj3_26_0_, accountmas0_.amsub as amsub4_26_0_, accountmas0_.amcid as amcid5_26_0_, accountmas0_.amdtin as amdtin6_26_0_, accountmas0_.amtmin as amtmin7_26_0_, accountmas0_.amuid as amuid8_26_0_, accountmas0_.amdtlu as amdtlu9_26_0_, accountmas0_.amtmlu as amtmlu10_26_0_, accountmas0_.amuidm as amuidm11_26_0_, accountmas0_.amdtlt as amdtlt12_26_0_, accountmas0_.amacid as amacid13_26_0_, accountmas0_.amblc as amblc14_26_0_, accountmas0_.ambpc as ambpc15_26_0_, accountmas0_.amglc01 as amglc16_26_0_, accountmas0_.amglc02 as amglc17_26_0_, accountmas0_.amglc03 as amglc18_26_0_, accountmas0_.amglc04 as amglc19_26_0_, accountmas0_.amglc05 as amglc20_26_0_, accountmas0_.amcrct as amcrct21_26_0_, accountmas0_.amdesb1 as amdesb22_26_0_, accountmas0_.amtmlt as amtmlt23_26_0_, accountmas0_.amlod as amlod24_26_0_, accountmas0_.ammac as ammac25_26_0_, accountmas0_.amoan as amoan26_26_0_, accountmas0_.ampec as ampec27_26_0_ from t0901 accountmas0_ where accountmas0_.ambuid=? and accountmas0_.amcoid=? and accountmas0_.amobj=? and accountmas0_.amsub=?
Hibernate: select chartofacc0_.oaobj as oaobj1_25_0_, chartofacc0_.oacid as oacid2_25_0_, chartofacc0_.oadtin as oadtin3_25_0_, chartofacc0_.oatmin as oatmin4_25_0_, chartofacc0_.oauid as oauid5_25_0_, chartofacc0_.oadtlu as oadtlu6_25_0_, chartofacc0_.oatmlu as oatmlu7_25_0_, chartofacc0_.oauidm as oauidm8_25_0_, chartofacc0_.oablc as oablc9_25_0_, chartofacc0_.oacoid as oacoid10_25_0_, chartofacc0_.oadesb1 as oadesb11_25_0_, chartofacc0_.oadesc1 as oadesc12_25_0_, chartofacc0_.oalod as oalod13_25_0_, chartofacc0_.oapec as oapec14_25_0_ from t0900 chartofacc0_ where chartofacc0_.oaobj=?
Hibernate: select accountmas0_.ambuid as ambuid1_26_0_, accountmas0_.amcoid as amcoid2_26_0_, accountmas0_.amobj as amobj3_26_0_, accountmas0_.amsub as amsub4_26_0_, accountmas0_.amcid as amcid5_26_0_, accountmas0_.amdtin as amdtin6_26_0_, accountmas0_.amtmin as amtmin7_26_0_, accountmas0_.amuid as amuid8_26_0_, accountmas0_.amdtlu as amdtlu9_26_0_, accountmas0_.amtmlu as amtmlu10_26_0_, accountmas0_.amuidm as amuidm11_26_0_, accountmas0_.amdtlt as amdtlt12_26_0_, accountmas0_.amacid as amacid13_26_0_, accountmas0_.amblc as amblc14_26_0_, accountmas0_.ambpc as ambpc15_26_0_, accountmas0_.amglc01 as amglc16_26_0_, accountmas0_.amglc02 as amglc17_26_0_, accountmas0_.amglc03 as amglc18_26_0_, accountmas0_.amglc04 as amglc19_26_0_, accountmas0_.amglc05 as amglc20_26_0_, accountmas0_.amcrct as amcrct21_26_0_, accountmas0_.amdesb1 as amdesb22_26_0_, accountmas0_.amtmlt as amtmlt23_26_0_, accountmas0_.amlod as amlod24_26_0_, accountmas0_.ammac as ammac25_26_0_, accountmas0_.amoan as amoan26_26_0_, accountmas0_.ampec as ampec27_26_0_ from t0901 accountmas0_ where accountmas0_.ambuid=? and accountmas0_.amcoid=? and accountmas0_.amobj=? and accountmas0_.amsub=?
Hibernate: select chartofacc0_.oaobj as oaobj1_25_0_, chartofacc0_.oacid as oacid2_25_0_, chartofacc0_.oadtin as oadtin3_25_0_, chartofacc0_.oatmin as oatmin4_25_0_, chartofacc0_.oauid as oauid5_25_0_, chartofacc0_.oadtlu as oadtlu6_25_0_, chartofacc0_.oatmlu as oatmlu7_25_0_, chartofacc0_.oauidm as oauidm8_25_0_, chartofacc0_.oablc as oablc9_25_0_, chartofacc0_.oacoid as oacoid10_25_0_, chartofacc0_.oadesb1 as oadesb11_25_0_, chartofacc0_.oadesc1 as oadesc12_25_0_, chartofacc0_.oalod as oalod13_25_0_, chartofacc0_.oapec as oapec14_25_0_ from t0900 chartofacc0_ where chartofacc0_.oaobj=?
Hibernate: select accountmas0_.ambuid as ambuid1_26_0_, accountmas0_.amcoid as amcoid2_26_0_, accountmas0_.amobj as amobj3_26_0_, accountmas0_.amsub as amsub4_26_0_, accountmas0_.amcid as amcid5_26_0_, accountmas0_.amdtin as amdtin6_26_0_, accountmas0_.amtmin as amtmin7_26_0_, accountmas0_.amuid as amuid8_26_0_, accountmas0_.amdtlu as amdtlu9_26_0_, accountmas0_.amtmlu as amtmlu10_26_0_, accountmas0_.amuidm as amuidm11_26_0_, accountmas0_.amdtlt as amdtlt12_26_0_, accountmas0_.amacid as amacid13_26_0_, accountmas0_.amblc as amblc14_26_0_, accountmas0_.ambpc as ambpc15_26_0_, accountmas0_.amglc01 as amglc16_26_0_, accountmas0_.amglc02 as amglc17_26_0_, accountmas0_.amglc03 as amglc18_26_0_, accountmas0_.amglc04 as amglc19_26_0_, accountmas0_.amglc05 as amglc20_26_0_, accountmas0_.amcrct as amcrct21_26_0_, accountmas0_.amdesb1 as amdesb22_26_0_, accountmas0_.amtmlt as amtmlt23_26_0_, accountmas0_.amlod as amlod24_26_0_, accountmas0_.ammac as ammac25_26_0_, accountmas0_.amoan as amoan26_26_0_, accountmas0_.ampec as ampec27_26_0_ from t0901 accountmas0_ where accountmas0_.ambuid=? and accountmas0_.amcoid=? and accountmas0_.amobj=? and accountmas0_.amsub=?
Hibernate: select chartofacc0_.oaobj as oaobj1_25_0_, chartofacc0_.oacid as oacid2_25_0_, chartofacc0_.oadtin as oadtin3_25_0_, chartofacc0_.oatmin as oatmin4_25_0_, chartofacc0_.oauid as oauid5_25_0_, chartofacc0_.oadtlu as oadtlu6_25_0_, chartofacc0_.oatmlu as oatmlu7_25_0_, chartofacc0_.oauidm as oauidm8_25_0_, chartofacc0_.oablc as oablc9_25_0_, chartofacc0_.oacoid as oacoid10_25_0_, chartofacc0_.oadesb1 as oadesb11_25_0_, chartofacc0_.oadesc1 as oadesc12_25_0_, chartofacc0_.oalod as oalod13_25_0_, chartofacc0_.oapec as oapec14_25_0_ from t0900 chartofacc0_ where chartofacc0_.oaobj=?
Hibernate: select accountmas0_.ambuid as ambuid1_26_0_, accountmas0_.amcoid as amcoid2_26_0_, accountmas0_.amobj as amobj3_26_0_, accountmas0_.amsub as amsub4_26_0_, accountmas0_.amcid as amcid5_26_0_, accountmas0_.amdtin as amdtin6_26_0_, accountmas0_.amtmin as amtmin7_26_0_, accountmas0_.amuid as amuid8_26_0_, accountmas0_.amdtlu as amdtlu9_26_0_, accountmas0_.amtmlu as amtmlu10_26_0_, accountmas0_.amuidm as amuidm11_26_0_, accountmas0_.amdtlt as amdtlt12_26_0_, accountmas0_.amacid as amacid13_26_0_, accountmas0_.amblc as amblc14_26_0_, accountmas0_.ambpc as ambpc15_26_0_, accountmas0_.amglc01 as amglc16_26_0_, accountmas0_.amglc02 as amglc17_26_0_, accountmas0_.amglc03 as amglc18_26_0_, accountmas0_.amglc04 as amglc19_26_0_, accountmas0_.amglc05 as amglc20_26_0_, accountmas0_.amcrct as amcrct21_26_0_, accountmas0_.amdesb1 as amdesb22_26_0_, accountmas0_.amtmlt as amtmlt23_26_0_, accountmas0_.amlod as amlod24_26_0_, accountmas0_.ammac as ammac25_26_0_, accountmas0_.amoan as amoan26_26_0_, accountmas0_.ampec as ampec27_26_0_ from t0901 accountmas0_ where accountmas0_.ambuid=? and accountmas0_.amcoid=? and accountmas0_.amobj=? and accountmas0_.amsub=?
Hibernate: select chartofacc0_.oaobj as oaobj1_25_0_, chartofacc0_.oacid as oacid2_25_0_, chartofacc0_.oadtin as oadtin3_25_0_, chartofacc0_.oatmin as oatmin4_25_0_, chartofacc0_.oauid as oauid5_25_0_, chartofacc0_.oadtlu as oadtlu6_25_0_, chartofacc0_.oatmlu as oatmlu7_25_0_, chartofacc0_.oauidm as oauidm8_25_0_, chartofacc0_.oablc as oablc9_25_0_, chartofacc0_.oacoid as oacoid10_25_0_, chartofacc0_.oadesb1 as oadesb11_25_0_, chartofacc0_.oadesc1 as oadesc12_25_0_, chartofacc0_.oalod as oalod13_25_0_, chartofacc0_.oapec as oapec14_25_0_ from t0900 chartofacc0_ where chartofacc0_.oaobj=?
Hibernate: select accountmas0_.ambuid as ambuid1_26_0_, accountmas0_.amcoid as amcoid2_26_0_, accountmas0_.amobj as amobj3_26_0_, accountmas0_.amsub as amsub4_26_0_, accountmas0_.amcid as amcid5_26_0_, accountmas0_.amdtin as amdtin6_26_0_, accountmas0_.amtmin as amtmin7_26_0_, accountmas0_.amuid as amuid8_26_0_, accountmas0_.amdtlu as amdtlu9_26_0_, accountmas0_.amtmlu as amtmlu10_26_0_, accountmas0_.amuidm as amuidm11_26_0_, accountmas0_.amdtlt as amdtlt12_26_0_, accountmas0_.amacid as amacid13_26_0_, accountmas0_.amblc as amblc14_26_0_, accountmas0_.ambpc as ambpc15_26_0_, accountmas0_.amglc01 as amglc16_26_0_, accountmas0_.amglc02 as amglc17_26_0_, accountmas0_.amglc03 as amglc18_26_0_, accountmas0_.amglc04 as amglc19_26_0_, accountmas0_.amglc05 as amglc20_26_0_, accountmas0_.amcrct as amcrct21_26_0_, accountmas0_.amdesb1 as amdesb22_26_0_, accountmas0_.amtmlt as amtmlt23_26_0_, accountmas0_.amlod as amlod24_26_0_, accountmas0_.ammac as ammac25_26_0_, accountmas0_.amoan as amoan26_26_0_, accountmas0_.ampec as ampec27_26_0_ from t0901 accountmas0_ where accountmas0_.ambuid=? and accountmas0_.amcoid=? and accountmas0_.amobj=? and accountmas0_.amsub=?
Hibernate: select chartofacc0_.oaobj as oaobj1_25_0_, chartofacc0_.oacid as oacid2_25_0_, chartofacc0_.oadtin as oadtin3_25_0_, chartofacc0_.oatmin as oatmin4_25_0_, chartofacc0_.oauid as oauid5_25_0_, chartofacc0_.oadtlu as oadtlu6_25_0_, chartofacc0_.oatmlu as oatmlu7_25_0_, chartofacc0_.oauidm as oauidm8_25_0_, chartofacc0_.oablc as oablc9_25_0_, chartofacc0_.oacoid as oacoid10_25_0_, chartofacc0_.oadesb1 as oadesb11_25_0_, chartofacc0_.oadesc1 as oadesc12_25_0_, chartofacc0_.oalod as oalod13_25_0_, chartofacc0_.oapec as oapec14_25_0_ from t0900 chartofacc0_ where chartofacc0_.oaobj=?
Hibernate: select accountmas0_.ambuid as ambuid1_26_0_, accountmas0_.amcoid as amcoid2_26_0_, accountmas0_.amobj as amobj3_26_0_, accountmas0_.amsub as amsub4_26_0_, accountmas0_.amcid as amcid5_26_0_, accountmas0_.amdtin as amdtin6_26_0_, accountmas0_.amtmin as amtmin7_26_0_, accountmas0_.amuid as amuid8_26_0_, accountmas0_.amdtlu as amdtlu9_26_0_, accountmas0_.amtmlu as amtmlu10_26_0_, accountmas0_.amuidm as amuidm11_26_0_, accountmas0_.amdtlt as amdtlt12_26_0_, accountmas0_.amacid as amacid13_26_0_, accountmas0_.amblc as amblc14_26_0_, accountmas0_.ambpc as ambpc15_26_0_, accountmas0_.amglc01 as amglc16_26_0_, accountmas0_.amglc02 as amglc17_26_0_, accountmas0_.amglc03 as amglc18_26_0_, accountmas0_.amglc04 as amglc19_26_0_, accountmas0_.amglc05 as amglc20_26_0_, accountmas0_.amcrct as amcrct21_26_0_, accountmas0_.amdesb1 as amdesb22_26_0_, accountmas0_.amtmlt as amtmlt23_26_0_, accountmas0_.amlod as amlod24_26_0_, accountmas0_.ammac as ammac25_26_0_, accountmas0_.amoan as amoan26_26_0_, accountmas0_.ampec as ampec27_26_0_ from t0901 accountmas0_ where accountmas0_.ambuid=? and accountmas0_.amcoid=? and accountmas0_.amobj=? and accountmas0_.amsub=?
Hibernate: select chartofacc0_.oaobj as oaobj1_25_0_, chartofacc0_.oacid as oacid2_25_0_, chartofacc0_.oadtin as oadtin3_25_0_, chartofacc0_.oatmin as oatmin4_25_0_, chartofacc0_.oauid as oauid5_25_0_, chartofacc0_.oadtlu as oadtlu6_25_0_, chartofacc0_.oatmlu as oatmlu7_25_0_, chartofacc0_.oauidm as oauidm8_25_0_, chartofacc0_.oablc as oablc9_25_0_, chartofacc0_.oacoid as oacoid10_25_0_, chartofacc0_.oadesb1 as oadesb11_25_0_, chartofacc0_.oadesc1 as oadesc12_25_0_, chartofacc0_.oalod as oalod13_25_0_, chartofacc0_.oapec as oapec14_25_0_ from t0900 chartofacc0_ where chartofacc0_.oaobj=?
Hibernate: select accountmas0_.ambuid as ambuid1_26_0_, accountmas0_.amcoid as amcoid2_26_0_, accountmas0_.amobj as amobj3_26_0_, accountmas0_.amsub as amsub4_26_0_, accountmas0_.amcid as amcid5_26_0_, accountmas0_.amdtin as amdtin6_26_0_, accountmas0_.amtmin as amtmin7_26_0_, accountmas0_.amuid as amuid8_26_0_, accountmas0_.amdtlu as amdtlu9_26_0_, accountmas0_.amtmlu as amtmlu10_26_0_, accountmas0_.amuidm as amuidm11_26_0_, accountmas0_.amdtlt as amdtlt12_26_0_, accountmas0_.amacid as amacid13_26_0_, accountmas0_.amblc as amblc14_26_0_, accountmas0_.ambpc as ambpc15_26_0_, accountmas0_.amglc01 as amglc16_26_0_, accountmas0_.amglc02 as amglc17_26_0_, accountmas0_.amglc03 as amglc18_26_0_, accountmas0_.amglc04 as amglc19_26_0_, accountmas0_.amglc05 as amglc20_26_0_, accountmas0_.amcrct as amcrct21_26_0_, accountmas0_.amdesb1 as amdesb22_26_0_, accountmas0_.amtmlt as amtmlt23_26_0_, accountmas0_.amlod as amlod24_26_0_, accountmas0_.ammac as ammac25_26_0_, accountmas0_.amoan as amoan26_26_0_, accountmas0_.ampec as ampec27_26_0_ from t0901 accountmas0_ where accountmas0_.ambuid=? and accountmas0_.amcoid=? and accountmas0_.amobj=? and accountmas0_.amsub=?
Hibernate: select chartofacc0_.oaobj as oaobj1_25_0_, chartofacc0_.oacid as oacid2_25_0_, chartofacc0_.oadtin as oadtin3_25_0_, chartofacc0_.oatmin as oatmin4_25_0_, chartofacc0_.oauid as oauid5_25_0_, chartofacc0_.oadtlu as oadtlu6_25_0_, chartofacc0_.oatmlu as oatmlu7_25_0_, chartofacc0_.oauidm as oauidm8_25_0_, chartofacc0_.oablc as oablc9_25_0_, chartofacc0_.oacoid as oacoid10_25_0_, chartofacc0_.oadesb1 as oadesb11_25_0_, chartofacc0_.oadesc1 as oadesc12_25_0_, chartofacc0_.oalod as oalod13_25_0_, chartofacc0_.oapec as oapec14_25_0_ from t0900 chartofacc0_ where chartofacc0_.oaobj=?
Hibernate: select accountmas0_.ambuid as ambuid1_26_0_, accountmas0_.amcoid as amcoid2_26_0_, accountmas0_.amobj as amobj3_26_0_, accountmas0_.amsub as amsub4_26_0_, accountmas0_.amcid as amcid5_26_0_, accountmas0_.amdtin as amdtin6_26_0_, accountmas0_.amtmin as amtmin7_26_0_, accountmas0_.amuid as amuid8_26_0_, accountmas0_.amdtlu as amdtlu9_26_0_, accountmas0_.amtmlu as amtmlu10_26_0_, accountmas0_.amuidm as amuidm11_26_0_, accountmas0_.amdtlt as amdtlt12_26_0_, accountmas0_.amacid as amacid13_26_0_, accountmas0_.amblc as amblc14_26_0_, accountmas0_.ambpc as ambpc15_26_0_, accountmas0_.amglc01 as amglc16_26_0_, accountmas0_.amglc02 as amglc17_26_0_, accountmas0_.amglc03 as amglc18_26_0_, accountmas0_.amglc04 as amglc19_26_0_, accountmas0_.amglc05 as amglc20_26_0_, accountmas0_.amcrct as amcrct21_26_0_, accountmas0_.amdesb1 as amdesb22_26_0_, accountmas0_.amtmlt as amtmlt23_26_0_, accountmas0_.amlod as amlod24_26_0_, accountmas0_.ammac as ammac25_26_0_, accountmas0_.amoan as amoan26_26_0_, accountmas0_.ampec as ampec27_26_0_ from t0901 accountmas0_ where accountmas0_.ambuid=? and accountmas0_.amcoid=? and accountmas0_.amobj=? and accountmas0_.amsub=?
Hibernate: select chartofacc0_.oaobj as oaobj1_25_0_, chartofacc0_.oacid as oacid2_25_0_, chartofacc0_.oadtin as oadtin3_25_0_, chartofacc0_.oatmin as oatmin4_25_0_, chartofacc0_.oauid as oauid5_25_0_, chartofacc0_.oadtlu as oadtlu6_25_0_, chartofacc0_.oatmlu as oatmlu7_25_0_, chartofacc0_.oauidm as oauidm8_25_0_, chartofacc0_.oablc as oablc9_25_0_, chartofacc0_.oacoid as oacoid10_25_0_, chartofacc0_.oadesb1 as oadesb11_25_0_, chartofacc0_.oadesc1 as oadesc12_25_0_, chartofacc0_.oalod as oalod13_25_0_, chartofacc0_.oapec as oapec14_25_0_ from t0900 chartofacc0_ where chartofacc0_.oaobj=?
Hibernate: select accountmas0_.ambuid as ambuid1_26_0_, accountmas0_.amcoid as amcoid2_26_0_, accountmas0_.amobj as amobj3_26_0_, accountmas0_.amsub as amsub4_26_0_, accountmas0_.amcid as amcid5_26_0_, accountmas0_.amdtin as amdtin6_26_0_, accountmas0_.amtmin as amtmin7_26_0_, accountmas0_.amuid as amuid8_26_0_, accountmas0_.amdtlu as amdtlu9_26_0_, accountmas0_.amtmlu as amtmlu10_26_0_, accountmas0_.amuidm as amuidm11_26_0_, accountmas0_.amdtlt as amdtlt12_26_0_, accountmas0_.amacid as amacid13_26_0_, accountmas0_.amblc as amblc14_26_0_, accountmas0_.ambpc as ambpc15_26_0_, accountmas0_.amglc01 as amglc16_26_0_, accountmas0_.amglc02 as amglc17_26_0_, accountmas0_.amglc03 as amglc18_26_0_, accountmas0_.amglc04 as amglc19_26_0_, accountmas0_.amglc05 as amglc20_26_0_, accountmas0_.amcrct as amcrct21_26_0_, accountmas0_.amdesb1 as amdesb22_26_0_, accountmas0_.amtmlt as amtmlt23_26_0_, accountmas0_.amlod as amlod24_26_0_, accountmas0_.ammac as ammac25_26_0_, accountmas0_.amoan as amoan26_26_0_, accountmas0_.ampec as ampec27_26_0_ from t0901 accountmas0_ where accountmas0_.ambuid=? and accountmas0_.amcoid=? and accountmas0_.amobj=? and accountmas0_.amsub=?
Hibernate: select chartofacc0_.oaobj as oaobj1_25_0_, chartofacc0_.oacid as oacid2_25_0_, chartofacc0_.oadtin as oadtin3_25_0_, chartofacc0_.oatmin as oatmin4_25_0_, chartofacc0_.oauid as oauid5_25_0_, chartofacc0_.oadtlu as oadtlu6_25_0_, chartofacc0_.oatmlu as oatmlu7_25_0_, chartofacc0_.oauidm as oauidm8_25_0_, chartofacc0_.oablc as oablc9_25_0_, chartofacc0_.oacoid as oacoid10_25_0_, chartofacc0_.oadesb1 as oadesb11_25_0_, chartofacc0_.oadesc1 as oadesc12_25_0_, chartofacc0_.oalod as oalod13_25_0_, chartofacc0_.oapec as oapec14_25_0_ from t0900 chartofacc0_ where chartofacc0_.oaobj=?
Hibernate: select accountmas0_.ambuid as ambuid1_26_0_, accountmas0_.amcoid as amcoid2_26_0_, accountmas0_.amobj as amobj3_26_0_, accountmas0_.amsub as amsub4_26_0_, accountmas0_.amcid as amcid5_26_0_, accountmas0_.amdtin as amdtin6_26_0_, accountmas0_.amtmin as amtmin7_26_0_, accountmas0_.amuid as amuid8_26_0_, accountmas0_.amdtlu as amdtlu9_26_0_, accountmas0_.amtmlu as amtmlu10_26_0_, accountmas0_.amuidm as amuidm11_26_0_, accountmas0_.amdtlt as amdtlt12_26_0_, accountmas0_.amacid as amacid13_26_0_, accountmas0_.amblc as amblc14_26_0_, accountmas0_.ambpc as ambpc15_26_0_, accountmas0_.amglc01 as amglc16_26_0_, accountmas0_.amglc02 as amglc17_26_0_, accountmas0_.amglc03 as amglc18_26_0_, accountmas0_.amglc04 as amglc19_26_0_, accountmas0_.amglc05 as amglc20_26_0_, accountmas0_.amcrct as amcrct21_26_0_, accountmas0_.amdesb1 as amdesb22_26_0_, accountmas0_.amtmlt as amtmlt23_26_0_, accountmas0_.amlod as amlod24_26_0_, accountmas0_.ammac as ammac25_26_0_, accountmas0_.amoan as amoan26_26_0_, accountmas0_.ampec as ampec27_26_0_ from t0901 accountmas0_ where accountmas0_.ambuid=? and accountmas0_.amcoid=? and accountmas0_.amobj=? and accountmas0_.amsub=?
Hibernate: select chartofacc0_.oaobj as oaobj1_25_0_, chartofacc0_.oacid as oacid2_25_0_, chartofacc0_.oadtin as oadtin3_25_0_, chartofacc0_.oatmin as oatmin4_25_0_, chartofacc0_.oauid as oauid5_25_0_, chartofacc0_.oadtlu as oadtlu6_25_0_, chartofacc0_.oatmlu as oatmlu7_25_0_, chartofacc0_.oauidm as oauidm8_25_0_, chartofacc0_.oablc as oablc9_25_0_, chartofacc0_.oacoid as oacoid10_25_0_, chartofacc0_.oadesb1 as oadesb11_25_0_, chartofacc0_.oadesc1 as oadesc12_25_0_, chartofacc0_.oalod as oalod13_25_0_, chartofacc0_.oapec as oapec14_25_0_ from t0900 chartofacc0_ where chartofacc0_.oaobj=?
Hibernate: select accountmas0_.ambuid as ambuid1_26_0_, accountmas0_.amcoid as amcoid2_26_0_, accountmas0_.amobj as amobj3_26_0_, accountmas0_.amsub as amsub4_26_0_, accountmas0_.amcid as amcid5_26_0_, accountmas0_.amdtin as amdtin6_26_0_, accountmas0_.amtmin as amtmin7_26_0_, accountmas0_.amuid as amuid8_26_0_, accountmas0_.amdtlu as amdtlu9_26_0_, accountmas0_.amtmlu as amtmlu10_26_0_, accountmas0_.amuidm as amuidm11_26_0_, accountmas0_.amdtlt as amdtlt12_26_0_, accountmas0_.amacid as amacid13_26_0_, accountmas0_.amblc as amblc14_26_0_, accountmas0_.ambpc as ambpc15_26_0_, accountmas0_.amglc01 as amglc16_26_0_, accountmas0_.amglc02 as amglc17_26_0_, accountmas0_.amglc03 as amglc18_26_0_, accountmas0_.amglc04 as amglc19_26_0_, accountmas0_.amglc05 as amglc20_26_0_, accountmas0_.amcrct as amcrct21_26_0_, accountmas0_.amdesb1 as amdesb22_26_0_, accountmas0_.amtmlt as amtmlt23_26_0_, accountmas0_.amlod as amlod24_26_0_, accountmas0_.ammac as ammac25_26_0_, accountmas0_.amoan as amoan26_26_0_, accountmas0_.ampec as ampec27_26_0_ from t0901 accountmas0_ where accountmas0_.ambuid=? and accountmas0_.amcoid=? and accountmas0_.amobj=? and accountmas0_.amsub=?
Hibernate: select chartofacc0_.oaobj as oaobj1_25_0_, chartofacc0_.oacid as oacid2_25_0_, chartofacc0_.oadtin as oadtin3_25_0_, chartofacc0_.oatmin as oatmin4_25_0_, chartofacc0_.oauid as oauid5_25_0_, chartofacc0_.oadtlu as oadtlu6_25_0_, chartofacc0_.oatmlu as oatmlu7_25_0_, chartofacc0_.oauidm as oauidm8_25_0_, chartofacc0_.oablc as oablc9_25_0_, chartofacc0_.oacoid as oacoid10_25_0_, chartofacc0_.oadesb1 as oadesb11_25_0_, chartofacc0_.oadesc1 as oadesc12_25_0_, chartofacc0_.oalod as oalod13_25_0_, chartofacc0_.oapec as oapec14_25_0_ from t0900 chartofacc0_ where chartofacc0_.oaobj=?
Hibernate: select accountmas0_.ambuid as ambuid1_26_0_, accountmas0_.amcoid as amcoid2_26_0_, accountmas0_.amobj as amobj3_26_0_, accountmas0_.amsub as amsub4_26_0_, accountmas0_.amcid as amcid5_26_0_, accountmas0_.amdtin as amdtin6_26_0_, accountmas0_.amtmin as amtmin7_26_0_, accountmas0_.amuid as amuid8_26_0_, accountmas0_.amdtlu as amdtlu9_26_0_, accountmas0_.amtmlu as amtmlu10_26_0_, accountmas0_.amuidm as amuidm11_26_0_, accountmas0_.amdtlt as amdtlt12_26_0_, accountmas0_.amacid as amacid13_26_0_, accountmas0_.amblc as amblc14_26_0_, accountmas0_.ambpc as ambpc15_26_0_, accountmas0_.amglc01 as amglc16_26_0_, accountmas0_.amglc02 as amglc17_26_0_, accountmas0_.amglc03 as amglc18_26_0_, accountmas0_.amglc04 as amglc19_26_0_, accountmas0_.amglc05 as amglc20_26_0_, accountmas0_.amcrct as amcrct21_26_0_, accountmas0_.amdesb1 as amdesb22_26_0_, accountmas0_.amtmlt as amtmlt23_26_0_, accountmas0_.amlod as amlod24_26_0_, accountmas0_.ammac as ammac25_26_0_, accountmas0_.amoan as amoan26_26_0_, accountmas0_.ampec as ampec27_26_0_ from t0901 accountmas0_ where accountmas0_.ambuid=? and accountmas0_.amcoid=? and accountmas0_.amobj=? and accountmas0_.amsub=?
Hibernate: select count(automatica0_.aiaaid) as col_0_0_ from t0015 automatica0_

MockHttpServletRequest:
      HTTP Method = GET
      Request URI = /api/aai/
       Parameters = {}
          Headers = {Accept=[application/json]}
             Body = <no character encoding set>
    Session Attrs = {org.springframework.security.web.csrf.HttpSessionCsrfTokenRepository.CSRF_TOKEN=org.springframework.security.web.csrf.DefaultCsrfToken@541ca2fa, SPRING_SECURITY_CONTEXT=org.springframework.security.core.context.SecurityContextImpl@475fcd89: Authentication: org.springframework.security.authentication.UsernamePasswordAuthenticationToken@475fcd89: Principal: org.springframework.security.core.userdetails.User@f02988d6: Username: username; Password: [PROTECTED]; Enabled: true; AccountNonExpired: true; credentialsNonExpired: true; AccountNonLocked: true; Not granted any authorities; Credentials: [PROTECTED]; Authenticated: true; Details: null; Not granted any authorities}

Handler:
             Type = org.springframework.data.rest.webmvc.RepositoryEntityController
           Method = public org.springframework.hateoas.Resources<?> org.springframework.data.rest.webmvc.RepositoryEntityController.getCollectionResource(org.springframework.data.rest.webmvc.RootResourceInformation,org.springframework.data.rest.webmvc.support.DefaultedPageable,org.springframework.data.domain.Sort,org.springframework.data.rest.webmvc.PersistentEntityResourceAssembler) throws org.springframework.data.rest.webmvc.ResourceNotFoundException,org.springframework.web.HttpRequestMethodNotSupportedException

Async:
    Async started = false
     Async result = null

Resolved Exception:
             Type = null

ModelAndView:
        View name = null
             View = null
            Model = null

FlashMap:
       Attributes = null

MockHttpServletResponse:
           Status = 200
    Error message = null
          Headers = {Content-Type=[application/json;charset=UTF-8], X-Content-Type-Options=[nosniff], X-XSS-Protection=[1; mode=block], Cache-Control=[no-cache, no-store, max-age=0, must-revalidate], Pragma=[no-cache], Expires=[0], X-Frame-Options=[DENY]}
     Content type = application/json;charset=UTF-8
             Body = {
  "_embedded" : {
    "automaticAccountingInstructions" : [ {
      "inputUserId" : "QSA",
      "lastUpdateUserId" : "QSA",
      "computerId" : "WINXPL7P5",
      "sequence" : 10000,
      "aaiCode" : "GLA000",
      "description1" : "General Purpose",
      "description2" : "",
      "description3" : "",
      "description4" : "",
      "description5" : "",
      "companyId" : "00000",
      "businessUnitId" : "",
      "objectAccountCode" : "",
      "subsidiaryCode" : "",
      "lastUpdateDateTime" : "2009-06-23T14:42:57",
      "inputDateTime" : "2005-08-22T00:05:38",
      "_links" : {
        "self" : {
          "href" : "http://localhost/api/aai/10000_GLA000"
        },
        "automaticAccountingInstruction" : {
          "href" : "http://localhost/api/aai/10000_GLA000"
        },
        "account" : {
          "href" : "http://localhost/api/aai/10000_GLA000/account"
        },
        "accountMaster" : {
          "href" : "http://localhost/api/aai/10000_GLA000/accountMaster"
        }
      }
    }, {
      "inputUserId" : "QSA",
      "lastUpdateUserId" : "QSA",
      "computerId" : "WIN7UL7P5",
      "sequence" : 11000,
      "aaiCode" : "GLA100",
      "description1" : "Aktiva Lancar",
      "description2" : "Aktiva",
      "description3" : "",
      "description4" : "",
      "description5" : "",
      "companyId" : "00000",
      "businessUnitId" : "",
      "objectAccountCode" : "100000",
      "subsidiaryCode" : "",
      "lastUpdateDateTime" : "2017-12-18T09:11:44",
      "inputDateTime" : "2002-12-27T00:00:00",
      "_links" : {
        "self" : {
          "href" : "http://localhost/api/aai/11000_GLA100"
        },
        "automaticAccountingInstruction" : {
          "href" : "http://localhost/api/aai/11000_GLA100"
        },
        "account" : {
          "href" : "http://localhost/api/aai/11000_GLA100/account"
        },
        "accountMaster" : {
          "href" : "http://localhost/api/aai/11000_GLA100/accountMaster"
        }
      }
    }, {
      "inputUserId" : "QSA",
      "lastUpdateUserId" : "QSA",
      "computerId" : "WIN7UL7P5",
      "sequence" : 11500,
      "aaiCode" : "GLA200",
      "description1" : "Aktiva Tidak Lancar",
      "description2" : "Aktiva",
      "description3" : "",
      "description4" : "",
      "description5" : "",
      "companyId" : "00000",
      "businessUnitId" : "",
      "objectAccountCode" : "120000",
      "subsidiaryCode" : "",
      "lastUpdateDateTime" : "2017-12-18T09:12:57",
      "inputDateTime" : "2009-05-16T21:31:37",
      "_links" : {
        "self" : {
          "href" : "http://localhost/api/aai/11500_GLA200"
        },
        "automaticAccountingInstruction" : {
          "href" : "http://localhost/api/aai/11500_GLA200"
        },
        "account" : {
          "href" : "http://localhost/api/aai/11500_GLA200/account"
        },
        "accountMaster" : {
          "href" : "http://localhost/api/aai/11500_GLA200/accountMaster"
        }
      }
    }, {
      "inputUserId" : "QSA",
      "lastUpdateUserId" : "QSA",
      "computerId" : "WIN7UL7P5",
      "sequence" : 11600,
      "aaiCode" : "GLP300",
      "description1" : "Hutang",
      "description2" : "Passiva",
      "description3" : "",
      "description4" : "",
      "description5" : "",
      "companyId" : "00000",
      "businessUnitId" : "",
      "objectAccountCode" : "200000",
      "subsidiaryCode" : "",
      "lastUpdateDateTime" : "2017-12-18T09:12:05",
      "inputDateTime" : "2005-08-21T23:12:42",
      "_links" : {
        "self" : {
          "href" : "http://localhost/api/aai/11600_GLP300"
        },
        "automaticAccountingInstruction" : {
          "href" : "http://localhost/api/aai/11600_GLP300"
        },
        "account" : {
          "href" : "http://localhost/api/aai/11600_GLP300/account"
        },
        "accountMaster" : {
          "href" : "http://localhost/api/aai/11600_GLP300/accountMaster"
        }
      }
    }, {
      "inputUserId" : "QSA",
      "lastUpdateUserId" : "QSA",
      "computerId" : "WIN7UL7P5",
      "sequence" : 11700,
      "aaiCode" : "GLP400",
      "description1" : "Modal",
      "description2" : "Passiva",
      "description3" : "",
      "description4" : "",
      "description5" : "",
      "companyId" : "00000",
      "businessUnitId" : "",
      "objectAccountCode" : "300000",
      "subsidiaryCode" : "",
      "lastUpdateDateTime" : "2017-12-18T09:12:09",
      "inputDateTime" : "2005-08-22T00:13:03",
      "_links" : {
        "self" : {
          "href" : "http://localhost/api/aai/11700_GLP400"
        },
        "automaticAccountingInstruction" : {
          "href" : "http://localhost/api/aai/11700_GLP400"
        },
        "account" : {
          "href" : "http://localhost/api/aai/11700_GLP400/account"
        },
        "accountMaster" : {
          "href" : "http://localhost/api/aai/11700_GLP400/accountMaster"
        }
      }
    }, {
      "inputUserId" : "QSA",
      "lastUpdateUserId" : "QSA",
      "computerId" : "WIN7UL7P5",
      "sequence" : 12000,
      "aaiCode" : "GLR500",
      "description1" : "Pendapatan",
      "description2" : "Pendapatan",
      "description3" : "",
      "description4" : "",
      "description5" : "",
      "companyId" : "00000",
      "businessUnitId" : "",
      "objectAccountCode" : "400000",
      "subsidiaryCode" : "",
      "lastUpdateDateTime" : "2017-12-18T09:12:11",
      "inputDateTime" : "2006-12-29T19:03:45",
      "_links" : {
        "self" : {
          "href" : "http://localhost/api/aai/12000_GLR500"
        },
        "automaticAccountingInstruction" : {
          "href" : "http://localhost/api/aai/12000_GLR500"
        },
        "account" : {
          "href" : "http://localhost/api/aai/12000_GLR500/account"
        },
        "accountMaster" : {
          "href" : "http://localhost/api/aai/12000_GLR500/accountMaster"
        }
      }
    }, {
      "inputUserId" : "QSA",
      "lastUpdateUserId" : "QSA",
      "computerId" : "WIN7UL7P5",
      "sequence" : 12100,
      "aaiCode" : "GLC600",
      "description1" : "C.O.G.S",
      "description2" : "Harga Pokok Penjualan",
      "description3" : "",
      "description4" : "",
      "description5" : "",
      "companyId" : "00000",
      "businessUnitId" : "",
      "objectAccountCode" : "510000",
      "subsidiaryCode" : "",
      "lastUpdateDateTime" : "2017-12-18T09:13:07",
      "inputDateTime" : "2006-12-29T19:03:58",
      "_links" : {
        "self" : {
          "href" : "http://localhost/api/aai/12100_GLC600"
        },
        "automaticAccountingInstruction" : {
          "href" : "http://localhost/api/aai/12100_GLC600"
        },
        "account" : {
          "href" : "http://localhost/api/aai/12100_GLC600/account"
        },
        "accountMaster" : {
          "href" : "http://localhost/api/aai/12100_GLC600/accountMaster"
        }
      }
    }, {
      "inputUserId" : "QSA",
      "lastUpdateUserId" : "QSA",
      "computerId" : "WIN7UL7P5",
      "sequence" : 12300,
      "aaiCode" : "GLE700",
      "description1" : "Biaya (Produksi, Administrasi, dan Umum)",
      "description2" : "Biaya Administrasi & Umum",
      "description3" : "",
      "description4" : "",
      "description5" : "",
      "companyId" : "00000",
      "businessUnitId" : "",
      "objectAccountCode" : "600000",
      "subsidiaryCode" : "",
      "lastUpdateDateTime" : "2017-12-18T09:13:11",
      "inputDateTime" : "2006-12-29T19:08:52",
      "_links" : {
        "self" : {
          "href" : "http://localhost/api/aai/12300_GLE700"
        },
        "automaticAccountingInstruction" : {
          "href" : "http://localhost/api/aai/12300_GLE700"
        },
        "account" : {
          "href" : "http://localhost/api/aai/12300_GLE700/account"
        },
        "accountMaster" : {
          "href" : "http://localhost/api/aai/12300_GLE700/accountMaster"
        }
      }
    }, {
      "inputUserId" : "QSA",
      "lastUpdateUserId" : "QSA",
      "computerId" : "WIN7UL7P5",
      "sequence" : 12400,
      "aaiCode" : "GLO800",
      "description1" : "Pendapatan & Biaya Lain-lain",
[...]
2018-12-27 11:25:55.910  INFO 2120 --- [    Test worker] o.s.t.c.transaction.TransactionContext   : Began transaction (1) for test context [DefaultTestContext@14d065b5 testClass = AAIApiTest, testInstance = ags.goldenlionerp.apiTests.setups.AAIApiTest@5520bb33, testMethod = deleteTest@ApiTestBase, testException = [null], mergedContextConfiguration = [WebMergedContextConfiguration@516a6b25 testClass = AAIApiTest, locations = '{}', classes = '{class ags.goldenlionerp.GoldenLionErpApplication}', contextInitializerClasses = '[]', activeProfiles = '{}', propertySourceLocations = '{classpath:test.properties}', propertySourceProperties = '{org.springframework.boot.test.context.SpringBootTestContextBootstrapper=true}', contextCustomizers = set[org.springframework.boot.test.autoconfigure.properties.PropertyMappingContextCustomizer@0, org.springframework.boot.test.autoconfigure.web.servlet.WebDriverContextCustomizerFactory$Customizer@636d731e, [ImportsContextCustomizer@9391f95 key = [ags.goldenlionerp.apiTests.ApiTestBase$TestConfig]], org.springframework.boot.test.context.filter.ExcludeFilterContextCustomizer@6afa5291, org.springframework.boot.test.json.DuplicateJsonObjectContextCustomizerFactory$DuplicateJsonObjectContextCustomizer@20cebcb4, org.springframework.boot.test.mock.mockito.MockitoContextCustomizer@0, org.springframework.boot.test.web.client.TestRestTemplateContextCustomizer@49a32273], resourceBasePath = 'src/main/webapp', contextLoader = 'org.springframework.boot.test.context.SpringBootContextLoader', parent = [null]], attributes = map['org.springframework.test.context.web.ServletTestExecutionListener.activateListener' -> true, 'org.springframework.test.context.web.ServletTestExecutionListener.populatedRequestContextHolder' -> true, 'org.springframework.test.context.web.ServletTestExecutionListener.resetRequestContextHolder' -> true]]; transaction manager [org.springframework.orm.jpa.JpaTransactionManager@75de8c12]; rollback [true]
2018-12-27 11:25:55.911  INFO 2120 --- [    Test worker] o.s.b.t.m.w.SpringBootMockServletContext : Initializing Spring FrameworkServlet ''
2018-12-27 11:25:55.911  INFO 2120 --- [    Test worker] o.s.t.web.servlet.TestDispatcherServlet  : FrameworkServlet '': initialization started
2018-12-27 11:25:55.919  INFO 2120 --- [    Test worker] o.s.t.web.servlet.TestDispatcherServlet  : FrameworkServlet '': initialization completed in 8 ms
Hibernate: select automatica0_.aiaaid as aiaaid1_5_0_, automatica0_.aiseq as aiseq2_5_0_, automatica0_.aicid as aicid3_5_0_, automatica0_.aidtin as aidtin4_5_0_, automatica0_.aitmin as aitmin5_5_0_, automatica0_.aiuid as aiuid6_5_0_, automatica0_.aidtlu as aidtlu7_5_0_, automatica0_.aitmlu as aitmlu8_5_0_, automatica0_.aiuidm as aiuidm9_5_0_, automatica0_.aiobj as aiobj17_5_0_, automatica0_.aibuid as aibuid10_5_0_, automatica0_.aicoid as aicoid11_5_0_, automatica0_.aisub as aisub18_5_0_, automatica0_.aidesb1 as aidesb12_5_0_, automatica0_.aidesb2 as aidesb13_5_0_, automatica0_.aidesb3 as aidesb14_5_0_, automatica0_.aidesb4 as aidesb15_5_0_, automatica0_.aidesb5 as aidesb16_5_0_ from t0015 automatica0_ where automatica0_.aiaaid=? and automatica0_.aiseq=?
Hibernate: select chartofacc0_.oaobj as oaobj1_25_0_, chartofacc0_.oacid as oacid2_25_0_, chartofacc0_.oadtin as oadtin3_25_0_, chartofacc0_.oatmin as oatmin4_25_0_, chartofacc0_.oauid as oauid5_25_0_, chartofacc0_.oadtlu as oadtlu6_25_0_, chartofacc0_.oatmlu as oatmlu7_25_0_, chartofacc0_.oauidm as oauidm8_25_0_, chartofacc0_.oablc as oablc9_25_0_, chartofacc0_.oacoid as oacoid10_25_0_, chartofacc0_.oadesb1 as oadesb11_25_0_, chartofacc0_.oadesc1 as oadesc12_25_0_, chartofacc0_.oalod as oalod13_25_0_, chartofacc0_.oapec as oapec14_25_0_ from t0900 chartofacc0_ where chartofacc0_.oaobj=?
Hibernate: select company0_.cncoid as cncoid1_9_0_, company0_.cncid as cncid2_9_0_, company0_.cndtin as cndtin3_9_0_, company0_.cntmin as cntmin4_9_0_, company0_.cnuid as cnuid5_9_0_, company0_.cndtlu as cndtlu6_9_0_, company0_.cntmlu as cntmlu7_9_0_, company0_.cnuidm as cnuidm8_9_0_, company0_.cnanum as cnanum9_9_0_, company0_.cncrcb as cncrcb10_9_0_, company0_.cncap as cncap11_9_0_, company0_.cncfy as cncfy12_9_0_, company0_.cncip as cncip13_9_0_, company0_.cncpp as cncpp14_9_0_, company0_.cncrp as cncrp15_9_0_, company0_.cndesb1 as cndesb16_9_0_, company0_.cnfdp as cnfdp17_9_0_ from t0020 company0_ where company0_.cncoid=?
Hibernate: select accountmas0_.ambuid as ambuid1_26_0_, accountmas0_.amcoid as amcoid2_26_0_, accountmas0_.amobj as amobj3_26_0_, accountmas0_.amsub as amsub4_26_0_, accountmas0_.amcid as amcid5_26_0_, accountmas0_.amdtin as amdtin6_26_0_, accountmas0_.amtmin as amtmin7_26_0_, accountmas0_.amuid as amuid8_26_0_, accountmas0_.amdtlu as amdtlu9_26_0_, accountmas0_.amtmlu as amtmlu10_26_0_, accountmas0_.amuidm as amuidm11_26_0_, accountmas0_.amdtlt as amdtlt12_26_0_, accountmas0_.amacid as amacid13_26_0_, accountmas0_.amblc as amblc14_26_0_, accountmas0_.ambpc as ambpc15_26_0_, accountmas0_.amglc01 as amglc16_26_0_, accountmas0_.amglc02 as amglc17_26_0_, accountmas0_.amglc03 as amglc18_26_0_, accountmas0_.amglc04 as amglc19_26_0_, accountmas0_.amglc05 as amglc20_26_0_, accountmas0_.amcrct as amcrct21_26_0_, accountmas0_.amdesb1 as amdesb22_26_0_, accountmas0_.amtmlt as amtmlt23_26_0_, accountmas0_.amlod as amlod24_26_0_, accountmas0_.ammac as ammac25_26_0_, accountmas0_.amoan as amoan26_26_0_, accountmas0_.ampec as ampec27_26_0_ from t0901 accountmas0_ where accountmas0_.ambuid=? and accountmas0_.amcoid=? and accountmas0_.amobj=? and accountmas0_.amsub=?
2018-12-27 11:25:55.946  INFO 2120 --- [    Test worker] o.s.t.c.transaction.TransactionContext   : Rolled back transaction for test: [DefaultTestContext@14d065b5 testClass = AAIApiTest, testInstance = ags.goldenlionerp.apiTests.setups.AAIApiTest@5520bb33, testMethod = deleteTest@ApiTestBase, testException = [null], mergedContextConfiguration = [WebMergedContextConfiguration@516a6b25 testClass = AAIApiTest, locations = '{}', classes = '{class ags.goldenlionerp.GoldenLionErpApplication}', contextInitializerClasses = '[]', activeProfiles = '{}', propertySourceLocations = '{classpath:test.properties}', propertySourceProperties = '{org.springframework.boot.test.context.SpringBootTestContextBootstrapper=true}', contextCustomizers = set[org.springframework.boot.test.autoconfigure.properties.PropertyMappingContextCustomizer@0, org.springframework.boot.test.autoconfigure.web.servlet.WebDriverContextCustomizerFactory$Customizer@636d731e, [ImportsContextCustomizer@9391f95 key = [ags.goldenlionerp.apiTests.ApiTestBase$TestConfig]], org.springframework.boot.test.context.filter.ExcludeFilterContextCustomizer@6afa5291, org.springframework.boot.test.json.DuplicateJsonObjectContextCustomizerFactory$DuplicateJsonObjectContextCustomizer@20cebcb4, org.springframework.boot.test.mock.mockito.MockitoContextCustomizer@0, org.springframework.boot.test.web.client.TestRestTemplateContextCustomizer@49a32273], resourceBasePath = 'src/main/webapp', contextLoader = 'org.springframework.boot.test.context.SpringBootContextLoader', parent = [null]], attributes = map['org.springframework.test.context.web.ServletTestExecutionListener.activateListener' -> true, 'org.springframework.test.context.web.ServletTestExecutionListener.populatedRequestContextHolder' -> true, 'org.springframework.test.context.web.ServletTestExecutionListener.resetRequestContextHolder' -> true]]
2018-12-27 11:25:55.949  INFO 2120 --- [    Test worker] o.s.t.c.transaction.TransactionContext   : Began transaction (1) for test context [DefaultTestContext@14d065b5 testClass = AAIApiTest, testInstance = ags.goldenlionerp.apiTests.setups.AAIApiTest@728294e1, testMethod = createTestWithPost@ApiTestBase, testException = [null], mergedContextConfiguration = [WebMergedContextConfiguration@516a6b25 testClass = AAIApiTest, locations = '{}', classes = '{class ags.goldenlionerp.GoldenLionErpApplication}', contextInitializerClasses = '[]', activeProfiles = '{}', propertySourceLocations = '{classpath:test.properties}', propertySourceProperties = '{org.springframework.boot.test.context.SpringBootTestContextBootstrapper=true}', contextCustomizers = set[org.springframework.boot.test.autoconfigure.properties.PropertyMappingContextCustomizer@0, org.springframework.boot.test.autoconfigure.web.servlet.WebDriverContextCustomizerFactory$Customizer@636d731e, [ImportsContextCustomizer@9391f95 key = [ags.goldenlionerp.apiTests.ApiTestBase$TestConfig]], org.springframework.boot.test.context.filter.ExcludeFilterContextCustomizer@6afa5291, org.springframework.boot.test.json.DuplicateJsonObjectContextCustomizerFactory$DuplicateJsonObjectContextCustomizer@20cebcb4, org.springframework.boot.test.mock.mockito.MockitoContextCustomizer@0, org.springframework.boot.test.web.client.TestRestTemplateContextCustomizer@49a32273], resourceBasePath = 'src/main/webapp', contextLoader = 'org.springframework.boot.test.context.SpringBootContextLoader', parent = [null]], attributes = map['org.springframework.test.context.web.ServletTestExecutionListener.activateListener' -> true, 'org.springframework.test.context.web.ServletTestExecutionListener.populatedRequestContextHolder' -> true, 'org.springframework.test.context.web.ServletTestExecutionListener.resetRequestContextHolder' -> true]]; transaction manager [org.springframework.orm.jpa.JpaTransactionManager@75de8c12]; rollback [true]
2018-12-27 11:25:55.950  INFO 2120 --- [    Test worker] o.s.b.t.m.w.SpringBootMockServletContext : Initializing Spring FrameworkServlet ''
2018-12-27 11:25:55.950  INFO 2120 --- [    Test worker] o.s.t.web.servlet.TestDispatcherServlet  : FrameworkServlet '': initialization started
2018-12-27 11:25:55.957  INFO 2120 --- [    Test worker] o.s.t.web.servlet.TestDispatcherServlet  : FrameworkServlet '': initialization completed in 7 ms
Hibernate: select automatica0_.aiaaid as aiaaid1_5_0_, automatica0_.aiseq as aiseq2_5_0_, automatica0_.aicid as aicid3_5_0_, automatica0_.aidtin as aidtin4_5_0_, automatica0_.aitmin as aitmin5_5_0_, automatica0_.aiuid as aiuid6_5_0_, automatica0_.aidtlu as aidtlu7_5_0_, automatica0_.aitmlu as aitmlu8_5_0_, automatica0_.aiuidm as aiuidm9_5_0_, automatica0_.aiobj as aiobj17_5_0_, automatica0_.aibuid as aibuid10_5_0_, automatica0_.aicoid as aicoid11_5_0_, automatica0_.aisub as aisub18_5_0_, automatica0_.aidesb1 as aidesb12_5_0_, automatica0_.aidesb2 as aidesb13_5_0_, automatica0_.aidesb3 as aidesb14_5_0_, automatica0_.aidesb4 as aidesb15_5_0_, automatica0_.aidesb5 as aidesb16_5_0_ from t0015 automatica0_ where automatica0_.aiaaid=? and automatica0_.aiseq=?
Hibernate: select automatica0_.aiaaid as aiaaid1_5_0_, automatica0_.aiseq as aiseq2_5_0_, automatica0_.aicid as aicid3_5_0_, automatica0_.aidtin as aidtin4_5_0_, automatica0_.aitmin as aitmin5_5_0_, automatica0_.aiuid as aiuid6_5_0_, automatica0_.aidtlu as aidtlu7_5_0_, automatica0_.aitmlu as aitmlu8_5_0_, automatica0_.aiuidm as aiuidm9_5_0_, automatica0_.aiobj as aiobj17_5_0_, automatica0_.aibuid as aibuid10_5_0_, automatica0_.aicoid as aicoid11_5_0_, automatica0_.aisub as aisub18_5_0_, automatica0_.aidesb1 as aidesb12_5_0_, automatica0_.aidesb2 as aidesb13_5_0_, automatica0_.aidesb3 as aidesb14_5_0_, automatica0_.aidesb4 as aidesb15_5_0_, automatica0_.aidesb5 as aidesb16_5_0_ from t0015 automatica0_ where automatica0_.aiaaid=? and automatica0_.aiseq=?
Hibernate: insert into t0015 (aicid, aidtin, aitmin, aiuid, aidtlu, aitmlu, aiuidm, aibuid, aicoid, aidesb1, aidesb2, aidesb3, aidesb4, aidesb5, aiobj, aisub, aiaaid, aiseq) values (?, ?, ?, ?, ?, ?, ?, ?, ?, ?, ?, ?, ?, ?, ?, ?, ?, ?)
Hibernate: select automatica0_.aiaaid as aiaaid1_5_0_, automatica0_.aiseq as aiseq2_5_0_, automatica0_.aicid as aicid3_5_0_, automatica0_.aidtin as aidtin4_5_0_, automatica0_.aitmin as aitmin5_5_0_, automatica0_.aiuid as aiuid6_5_0_, automatica0_.aidtlu as aidtlu7_5_0_, automatica0_.aitmlu as aitmlu8_5_0_, automatica0_.aiuidm as aiuidm9_5_0_, automatica0_.aiobj as aiobj17_5_0_, automatica0_.aibuid as aibuid10_5_0_, automatica0_.aicoid as aicoid11_5_0_, automatica0_.aisub as aisub18_5_0_, automatica0_.aidesb1 as aidesb12_5_0_, automatica0_.aidesb2 as aidesb13_5_0_, automatica0_.aidesb3 as aidesb14_5_0_, automatica0_.aidesb4 as aidesb15_5_0_, automatica0_.aidesb5 as aidesb16_5_0_ from t0015 automatica0_ where automatica0_.aiaaid=? and automatica0_.aiseq=?
Hibernate: select chartofacc0_.oaobj as oaobj1_25_0_, chartofacc0_.oacid as oacid2_25_0_, chartofacc0_.oadtin as oadtin3_25_0_, chartofacc0_.oatmin as oatmin4_25_0_, chartofacc0_.oauid as oauid5_25_0_, chartofacc0_.oadtlu as oadtlu6_25_0_, chartofacc0_.oatmlu as oatmlu7_25_0_, chartofacc0_.oauidm as oauidm8_25_0_, chartofacc0_.oablc as oablc9_25_0_, chartofacc0_.oacoid as oacoid10_25_0_, chartofacc0_.oadesb1 as oadesb11_25_0_, chartofacc0_.oadesc1 as oadesc12_25_0_, chartofacc0_.oalod as oalod13_25_0_, chartofacc0_.oapec as oapec14_25_0_ from t0900 chartofacc0_ where chartofacc0_.oaobj=?
Hibernate: select company0_.cncoid as cncoid1_9_0_, company0_.cncid as cncid2_9_0_, company0_.cndtin as cndtin3_9_0_, company0_.cntmin as cntmin4_9_0_, company0_.cnuid as cnuid5_9_0_, company0_.cndtlu as cndtlu6_9_0_, company0_.cntmlu as cntmlu7_9_0_, company0_.cnuidm as cnuidm8_9_0_, company0_.cnanum as cnanum9_9_0_, company0_.cncrcb as cncrcb10_9_0_, company0_.cncap as cncap11_9_0_, company0_.cncfy as cncfy12_9_0_, company0_.cncip as cncip13_9_0_, company0_.cncpp as cncpp14_9_0_, company0_.cncrp as cncrp15_9_0_, company0_.cndesb1 as cndesb16_9_0_, company0_.cnfdp as cnfdp17_9_0_ from t0020 company0_ where company0_.cncoid=?
Hibernate: select accountmas0_.ambuid as ambuid1_26_0_, accountmas0_.amcoid as amcoid2_26_0_, accountmas0_.amobj as amobj3_26_0_, accountmas0_.amsub as amsub4_26_0_, accountmas0_.amcid as amcid5_26_0_, accountmas0_.amdtin as amdtin6_26_0_, accountmas0_.amtmin as amtmin7_26_0_, accountmas0_.amuid as amuid8_26_0_, accountmas0_.amdtlu as amdtlu9_26_0_, accountmas0_.amtmlu as amtmlu10_26_0_, accountmas0_.amuidm as amuidm11_26_0_, accountmas0_.amdtlt as amdtlt12_26_0_, accountmas0_.amacid as amacid13_26_0_, accountmas0_.amblc as amblc14_26_0_, accountmas0_.ambpc as ambpc15_26_0_, accountmas0_.amglc01 as amglc16_26_0_, accountmas0_.amglc02 as amglc17_26_0_, accountmas0_.amglc03 as amglc18_26_0_, accountmas0_.amglc04 as amglc19_26_0_, accountmas0_.amglc05 as amglc20_26_0_, accountmas0_.amcrct as amcrct21_26_0_, accountmas0_.amdesb1 as amdesb22_26_0_, accountmas0_.amtmlt as amtmlt23_26_0_, accountmas0_.amlod as amlod24_26_0_, accountmas0_.ammac as ammac25_26_0_, accountmas0_.amoan as amoan26_26_0_, accountmas0_.ampec as ampec27_26_0_ from t0901 accountmas0_ where accountmas0_.ambuid=? and accountmas0_.amcoid=? and accountmas0_.amobj=? and accountmas0_.amsub=?

MockHttpServletRequest:
      HTTP Method = GET
      Request URI = /api/aai/12345_TESTTEST
       Parameters = {}
          Headers = {Accept=[application/json]}
             Body = <no character encoding set>
    Session Attrs = {org.springframework.security.web.csrf.HttpSessionCsrfTokenRepository.CSRF_TOKEN=org.springframework.security.web.csrf.DefaultCsrfToken@755facd8, SPRING_SECURITY_CONTEXT=org.springframework.security.core.context.SecurityContextImpl@475fcd89: Authentication: org.springframework.security.authentication.UsernamePasswordAuthenticationToken@475fcd89: Principal: org.springframework.security.core.userdetails.User@f02988d6: Username: username; Password: [PROTECTED]; Enabled: true; AccountNonExpired: true; credentialsNonExpired: true; AccountNonLocked: true; Not granted any authorities; Credentials: [PROTECTED]; Authenticated: true; Details: null; Not granted any authorities}

Handler:
             Type = org.springframework.data.rest.webmvc.RepositoryEntityController
           Method = public org.springframework.http.ResponseEntity<org.springframework.hateoas.Resource<?>> org.springframework.data.rest.webmvc.RepositoryEntityController.getItemResource(org.springframework.data.rest.webmvc.RootResourceInformation,java.io.Serializable,org.springframework.data.rest.webmvc.PersistentEntityResourceAssembler,org.springframework.http.HttpHeaders) throws org.springframework.web.HttpRequestMethodNotSupportedException

Async:
    Async started = false
     Async result = null

Resolved Exception:
             Type = null

ModelAndView:
        View name = null
             View = null
            Model = null

FlashMap:
       Attributes = null

MockHttpServletResponse:
           Status = 200
    Error message = null
          Headers = {Content-Type=[application/json;charset=UTF-8], X-Content-Type-Options=[nosniff], X-XSS-Protection=[1; mode=block], Cache-Control=[no-cache, no-store, max-age=0, must-revalidate], Pragma=[no-cache], Expires=[0], X-Frame-Options=[DENY]}
     Content type = application/json;charset=UTF-8
             Body = {
  "inputUserId" : "username",
  "lastUpdateUserId" : "username",
  "computerId" : "username",
  "sequence" : 12345,
  "aaiCode" : "TESTTEST",
  "description1" : "Test description",
  "description2" : "Test description 2",
  "description3" : "",
  "description4" : "",
  "description5" : "",
  "companyId" : "11000",
  "businessUnitId" : "100",
  "objectAccountCode" : "111110",
  "subsidiaryCode" : "",
  "lastUpdateDateTime" : "2018-12-27T11:25:55",
  "inputDateTime" : "2018-12-27T11:25:55",
  "_links" : {
    "self" : {
      "href" : "http://localhost/api/aai/12345_TESTTEST"
    },
    "automaticAccountingInstruction" : {
      "href" : "http://localhost/api/aai/12345_TESTTEST"
    },
    "account" : {
      "href" : "http://localhost/api/aai/12345_TESTTEST/account"
    },
    "accountMaster" : {
      "href" : "http://localhost/api/aai/12345_TESTTEST/accountMaster"
    }
  }
}
    Forwarded URL = null
   Redirected URL = null
          Cookies = []
2018-12-27 11:25:56.010  INFO 2120 --- [    Test worker] o.s.t.c.transaction.TransactionContext   : Rolled back transaction for test: [DefaultTestContext@14d065b5 testClass = AAIApiTest, testInstance = ags.goldenlionerp.apiTests.setups.AAIApiTest@728294e1, testMethod = createTestWithPost@ApiTestBase, testException = [null], mergedContextConfiguration = [WebMergedContextConfiguration@516a6b25 testClass = AAIApiTest, locations = '{}', classes = '{class ags.goldenlionerp.GoldenLionErpApplication}', contextInitializerClasses = '[]', activeProfiles = '{}', propertySourceLocations = '{classpath:test.properties}', propertySourceProperties = '{org.springframework.boot.test.context.SpringBootTestContextBootstrapper=true}', contextCustomizers = set[org.springframework.boot.test.autoconfigure.properties.PropertyMappingContextCustomizer@0, org.springframework.boot.test.autoconfigure.web.servlet.WebDriverContextCustomizerFactory$Customizer@636d731e, [ImportsContextCustomizer@9391f95 key = [ags.goldenlionerp.apiTests.ApiTestBase$TestConfig]], org.springframework.boot.test.context.filter.ExcludeFilterContextCustomizer@6afa5291, org.springframework.boot.test.json.DuplicateJsonObjectContextCustomizerFactory$DuplicateJsonObjectContextCustomizer@20cebcb4, org.springframework.boot.test.mock.mockito.MockitoContextCustomizer@0, org.springframework.boot.test.web.client.TestRestTemplateContextCustomizer@49a32273], resourceBasePath = 'src/main/webapp', contextLoader = 'org.springframework.boot.test.context.SpringBootContextLoader', parent = [null]], attributes = map['org.springframework.test.context.web.ServletTestExecutionListener.activateListener' -> true, 'org.springframework.test.context.web.ServletTestExecutionListener.populatedRequestContextHolder' -> true, 'org.springframework.test.context.web.ServletTestExecutionListener.resetRequestContextHolder' -> true]]
]]></system-out>
  <system-err><![CDATA[]]></system-err>
</testsuite>
