<?xml version="1.0" encoding="UTF-8"?>
<testsuite name="ags.goldenlionerp.apiTests.accountPayable.PayableVoucherApiTest" tests="11" skipped="0" failures="0" errors="0" timestamp="2018-12-27T04:25:37" hostname="LAPTOP-FHFRCCL6" time="0.771">
  <properties/>
  <testcase name="getVoidedCollection" classname="ags.goldenlionerp.apiTests.accountPayable.PayableVoucherApiTest" time="0.152"/>
  <testcase name="updateTestWithPost" classname="ags.goldenlionerp.apiTests.accountPayable.PayableVoucherApiTest" time="0.043"/>
  <testcase name="createTestNoInvoiceNumber" classname="ags.goldenlionerp.apiTests.accountPayable.PayableVoucherApiTest" time="0.16"/>
  <testcase name="getVoidedSingle" classname="ags.goldenlionerp.apiTests.accountPayable.PayableVoucherApiTest" time="0.023"/>
  <testcase name="updateTestWithPatch" classname="ags.goldenlionerp.apiTests.accountPayable.PayableVoucherApiTest" time="0.022"/>
  <testcase name="deleteTest" classname="ags.goldenlionerp.apiTests.accountPayable.PayableVoucherApiTest" time="0.065"/>
  <testcase name="updateTestWithPut" classname="ags.goldenlionerp.apiTests.accountPayable.PayableVoucherApiTest" time="0.02"/>
  <testcase name="getTestSingle" classname="ags.goldenlionerp.apiTests.accountPayable.PayableVoucherApiTest" time="0.026"/>
  <testcase name="getTestCollection" classname="ags.goldenlionerp.apiTests.accountPayable.PayableVoucherApiTest" time="0.117"/>
  <testcase name="createTestWithPut" classname="ags.goldenlionerp.apiTests.accountPayable.PayableVoucherApiTest" time="0.034"/>
  <testcase name="createTestWithPost" classname="ags.goldenlionerp.apiTests.accountPayable.PayableVoucherApiTest" time="0.098"/>
  <system-out><![CDATA[2018-12-27 11:25:37.890  INFO 2120 --- [    Test worker] .b.t.c.SpringBootTestContextBootstrapper : Neither @ContextConfiguration nor @ContextHierarchy found for test class [ags.goldenlionerp.apiTests.accountPayable.PayableVoucherApiTest], using SpringBootContextLoader
2018-12-27 11:25:37.891  INFO 2120 --- [    Test worker] o.s.t.c.support.AbstractContextLoader    : Could not detect default resource locations for test class [ags.goldenlionerp.apiTests.accountPayable.PayableVoucherApiTest]: no resource found for suffixes {-context.xml, Context.groovy}.
2018-12-27 11:25:37.891  INFO 2120 --- [    Test worker] t.c.s.AnnotationConfigContextLoaderUtils : Could not detect default configuration classes for test class [ags.goldenlionerp.apiTests.accountPayable.PayableVoucherApiTest]: PayableVoucherApiTest does not declare any static, non-private, non-final, nested classes annotated with @Configuration.
2018-12-27 11:25:37.912  INFO 2120 --- [    Test worker] .b.t.c.SpringBootTestContextBootstrapper : Found @SpringBootConfiguration ags.goldenlionerp.GoldenLionErpApplication for test class ags.goldenlionerp.apiTests.accountPayable.PayableVoucherApiTest
2018-12-27 11:25:37.914  INFO 2120 --- [    Test worker] .b.t.c.SpringBootTestContextBootstrapper : Loaded default TestExecutionListener class names from location [META-INF/spring.factories]: [org.springframework.security.test.context.support.WithSecurityContextTestExecutionListener, org.springframework.security.test.context.support.ReactorContextTestExecutionListener, org.springframework.boot.test.autoconfigure.restdocs.RestDocsTestExecutionListener, org.springframework.boot.test.autoconfigure.web.client.MockRestServiceServerResetTestExecutionListener, org.springframework.boot.test.autoconfigure.web.servlet.MockMvcPrintOnlyOnFailureTestExecutionListener, org.springframework.boot.test.autoconfigure.web.servlet.WebDriverTestExecutionListener, org.springframework.boot.test.mock.mockito.MockitoTestExecutionListener, org.springframework.boot.test.mock.mockito.ResetMocksTestExecutionListener, org.springframework.test.context.web.ServletTestExecutionListener, org.springframework.test.context.support.DirtiesContextBeforeModesTestExecutionListener, org.springframework.test.context.support.DependencyInjectionTestExecutionListener, org.springframework.test.context.support.DirtiesContextTestExecutionListener, org.springframework.test.context.transaction.TransactionalTestExecutionListener, org.springframework.test.context.jdbc.SqlScriptsTestExecutionListener]
2018-12-27 11:25:37.915  INFO 2120 --- [    Test worker] .b.t.c.SpringBootTestContextBootstrapper : Using TestExecutionListeners: [org.springframework.test.context.web.ServletTestExecutionListener@14641649, org.springframework.test.context.support.DirtiesContextBeforeModesTestExecutionListener@28d369ce, org.springframework.boot.test.mock.mockito.MockitoTestExecutionListener@2883ab02, org.springframework.boot.test.autoconfigure.SpringBootDependencyInjectionTestExecutionListener@6e16a1fc, org.springframework.test.context.support.DirtiesContextTestExecutionListener@5af42429, org.springframework.test.context.transaction.TransactionalTestExecutionListener@695aaba0, org.springframework.test.context.jdbc.SqlScriptsTestExecutionListener@5cb4c632, org.springframework.security.test.context.support.WithSecurityContextTestExecutionListener@7769519, org.springframework.security.test.context.support.ReactorContextTestExecutionListener@7c583cb2, org.springframework.boot.test.autoconfigure.restdocs.RestDocsTestExecutionListener@40e39f32, org.springframework.boot.test.autoconfigure.web.client.MockRestServiceServerResetTestExecutionListener@3a9c544a, org.springframework.boot.test.autoconfigure.web.servlet.MockMvcPrintOnlyOnFailureTestExecutionListener@971d05d, org.springframework.boot.test.autoconfigure.web.servlet.WebDriverTestExecutionListener@3471c06d, org.springframework.boot.test.mock.mockito.ResetMocksTestExecutionListener@68b7c3de]
2018-12-27 11:25:37.943  INFO 2120 --- [    Test worker] o.s.t.c.transaction.TransactionContext   : Began transaction (1) for test context [DefaultTestContext@76f8829c testClass = PayableVoucherApiTest, testInstance = ags.goldenlionerp.apiTests.accountPayable.PayableVoucherApiTest@6e512673, testMethod = getVoidedCollection@PayableVoucherApiTest, testException = [null], mergedContextConfiguration = [WebMergedContextConfiguration@1f795088 testClass = PayableVoucherApiTest, locations = '{}', classes = '{class ags.goldenlionerp.GoldenLionErpApplication}', contextInitializerClasses = '[]', activeProfiles = '{}', propertySourceLocations = '{classpath:test.properties}', propertySourceProperties = '{org.springframework.boot.test.context.SpringBootTestContextBootstrapper=true}', contextCustomizers = set[org.springframework.boot.test.autoconfigure.properties.PropertyMappingContextCustomizer@0, org.springframework.boot.test.autoconfigure.web.servlet.WebDriverContextCustomizerFactory$Customizer@636d731e, [ImportsContextCustomizer@5498a892 key = [ags.goldenlionerp.apiTests.ApiTestBase$TestConfig]], org.springframework.boot.test.context.filter.ExcludeFilterContextCustomizer@6afa5291, org.springframework.boot.test.json.DuplicateJsonObjectContextCustomizerFactory$DuplicateJsonObjectContextCustomizer@20cebcb4, org.springframework.boot.test.mock.mockito.MockitoContextCustomizer@0, org.springframework.boot.test.web.client.TestRestTemplateContextCustomizer@49a32273], resourceBasePath = 'src/main/webapp', contextLoader = 'org.springframework.boot.test.context.SpringBootContextLoader', parent = [null]], attributes = map['org.springframework.test.context.web.ServletTestExecutionListener.activateListener' -> true, 'org.springframework.test.context.web.ServletTestExecutionListener.populatedRequestContextHolder' -> true, 'org.springframework.test.context.web.ServletTestExecutionListener.resetRequestContextHolder' -> true]]; transaction manager [org.springframework.orm.jpa.JpaTransactionManager@75de8c12]; rollback [true]
2018-12-27 11:25:37.944  INFO 2120 --- [    Test worker] o.s.b.t.m.w.SpringBootMockServletContext : Initializing Spring FrameworkServlet ''
2018-12-27 11:25:37.944  INFO 2120 --- [    Test worker] o.s.t.web.servlet.TestDispatcherServlet  : FrameworkServlet '': initialization started
2018-12-27 11:25:37.950  INFO 2120 --- [    Test worker] o.s.t.web.servlet.TestDispatcherServlet  : FrameworkServlet '': initialization completed in 6 ms
Hibernate: select TOP(?) payablevou0_.pvcoid as pvcoid1_24_, payablevou0_.pvdocino as pvdocino2_24_, payablevou0_.pvdocisq as pvdocisq3_24_, payablevou0_.pvdocity as pvdocity4_24_, payablevou0_.pvcid as pvcid5_24_, payablevou0_.pvdtin as pvdtin6_24_, payablevou0_.pvtmin as pvtmin7_24_, payablevou0_.pvuid as pvuid8_24_, payablevou0_.pvdtlu as pvdtlu9_24_, payablevou0_.pvtmlu as pvtmlu10_24_, payablevou0_.pvuidm as pvuidm11_24_, payablevou0_.pvdesb1 as pvdesb12_24_, payablevou0_.pvacid as pvacid13_24_, payablevou0_.pvcrcb as pvcrcb14_24_, payablevou0_.pvtaxab as pvtaxab15_24_, payablevou0_.pvicu as pvicu16_24_, payablevou0_.pvicut as pvicut17_24_, payablevou0_.pvbuid as pvbuid18_24_, payablevou0_.pvcldt as pvcldt19_24_, payablevou0_.pvdesb2 as pvdesb20_24_, payablevou0_.pvadsca as pvadsca21_24_, payablevou0_.pvadsct as pvadsct22_24_, payablevou0_.pvdcdt as pvdcdt23_24_, payablevou0_.pvdocono as pvdocon24_24_, payablevou0_.pvdocosq as pvdocos25_24_, payablevou0_.pvdocoty as pvdocot26_24_, payablevou0_.pvdsc as pvdsc27_24_, payablevou0_.pvdvs as pvdvs28_24_, payablevou0_.pvdoft as pvdoft29_24_, payablevou0_.pvdudt as pvdudt30_24_, payablevou0_.pvexcrt as pvexcrt31_24_, payablevou0_.pvftb as pvftb32_24_, payablevou0_.pvfda as pvfda33_24_, payablevou0_.pvfdt as pvfdt34_24_, payablevou0_.pvfea as pvfea35_24_, payablevou0_.pvfta as pvfta36_24_, payablevou0_.pvglcls as pvglcls37_24_, payablevou0_.pvgldt as pvgldt38_24_, payablevou0_.pvamnt as pvamnt39_24_, payablevou0_.pvobj as pvobj40_24_, payablevou0_.pvobid as pvobid41_24_, payablevou0_.pvaop as pvaop42_24_, payablevou0_.pvordocno as pvordoc43_24_, payablevou0_.pvordocsq as pvordoc44_24_, payablevou0_.pvordocty as pvordoc45_24_, payablevou0_.pvpyid as pvpyid46_24_, payablevou0_.pvptc as pvptc47_24_, payablevou0_.pvsubl as pvsubl48_24_, payablevou0_.pvsublt as pvsublt49_24_, payablevou0_.pvsub as pvsub50_24_, payablevou0_.pvtaxal as pvtaxal51_24_, payablevou0_.pvtaxcd as pvtaxcd52_24_, payablevou0_.pvtaxidt as pvtaxid53_24_, payablevou0_.pvtaxino as pvtaxin54_24_, payablevou0_.pvtaxrt as pvtaxrt55_24_, payablevou0_.pvtaxam as pvtaxam56_24_, payablevou0_.pvcrct as pvcrct57_24_, payablevou0_.pvvnid as pvvnid58_24_, payablevou0_.pvinvdt as pvinvdt59_24_, payablevou0_.pvinvno as pvinvno60_24_, payablevou0_.pvdocidt as pvdocid61_24_, payablevou0_.pvvms as pvvms62_24_ from t0411 payablevou0_ where payablevou0_.pvdvs=''
Hibernate: select count(payablevou0_.pvcoid) as col_0_0_ from t0411 payablevou0_ where payablevou0_.pvdvs=''
Hibernate: select TOP(?) payablevou0_.pvcoid as pvcoid1_24_, payablevou0_.pvdocino as pvdocino2_24_, payablevou0_.pvdocisq as pvdocisq3_24_, payablevou0_.pvdocity as pvdocity4_24_, payablevou0_.pvcid as pvcid5_24_, payablevou0_.pvdtin as pvdtin6_24_, payablevou0_.pvtmin as pvtmin7_24_, payablevou0_.pvuid as pvuid8_24_, payablevou0_.pvdtlu as pvdtlu9_24_, payablevou0_.pvtmlu as pvtmlu10_24_, payablevou0_.pvuidm as pvuidm11_24_, payablevou0_.pvdesb1 as pvdesb12_24_, payablevou0_.pvacid as pvacid13_24_, payablevou0_.pvcrcb as pvcrcb14_24_, payablevou0_.pvtaxab as pvtaxab15_24_, payablevou0_.pvicu as pvicu16_24_, payablevou0_.pvicut as pvicut17_24_, payablevou0_.pvbuid as pvbuid18_24_, payablevou0_.pvcldt as pvcldt19_24_, payablevou0_.pvdesb2 as pvdesb20_24_, payablevou0_.pvadsca as pvadsca21_24_, payablevou0_.pvadsct as pvadsct22_24_, payablevou0_.pvdcdt as pvdcdt23_24_, payablevou0_.pvdocono as pvdocon24_24_, payablevou0_.pvdocosq as pvdocos25_24_, payablevou0_.pvdocoty as pvdocot26_24_, payablevou0_.pvdsc as pvdsc27_24_, payablevou0_.pvdvs as pvdvs28_24_, payablevou0_.pvdoft as pvdoft29_24_, payablevou0_.pvdudt as pvdudt30_24_, payablevou0_.pvexcrt as pvexcrt31_24_, payablevou0_.pvftb as pvftb32_24_, payablevou0_.pvfda as pvfda33_24_, payablevou0_.pvfdt as pvfdt34_24_, payablevou0_.pvfea as pvfea35_24_, payablevou0_.pvfta as pvfta36_24_, payablevou0_.pvglcls as pvglcls37_24_, payablevou0_.pvgldt as pvgldt38_24_, payablevou0_.pvamnt as pvamnt39_24_, payablevou0_.pvobj as pvobj40_24_, payablevou0_.pvobid as pvobid41_24_, payablevou0_.pvaop as pvaop42_24_, payablevou0_.pvordocno as pvordoc43_24_, payablevou0_.pvordocsq as pvordoc44_24_, payablevou0_.pvordocty as pvordoc45_24_, payablevou0_.pvpyid as pvpyid46_24_, payablevou0_.pvptc as pvptc47_24_, payablevou0_.pvsubl as pvsubl48_24_, payablevou0_.pvsublt as pvsublt49_24_, payablevou0_.pvsub as pvsub50_24_, payablevou0_.pvtaxal as pvtaxal51_24_, payablevou0_.pvtaxcd as pvtaxcd52_24_, payablevou0_.pvtaxidt as pvtaxid53_24_, payablevou0_.pvtaxino as pvtaxin54_24_, payablevou0_.pvtaxrt as pvtaxrt55_24_, payablevou0_.pvtaxam as pvtaxam56_24_, payablevou0_.pvcrct as pvcrct57_24_, payablevou0_.pvvnid as pvvnid58_24_, payablevou0_.pvinvdt as pvinvdt59_24_, payablevou0_.pvinvno as pvinvno60_24_, payablevou0_.pvdocidt as pvdocid61_24_, payablevou0_.pvvms as pvvms62_24_ from t0411 payablevou0_
Hibernate: select count(payablevou0_.pvcoid) as col_0_0_ from t0411 payablevou0_
2018-12-27 11:25:38.094  INFO 2120 --- [    Test worker] o.s.t.c.transaction.TransactionContext   : Rolled back transaction for test: [DefaultTestContext@76f8829c testClass = PayableVoucherApiTest, testInstance = ags.goldenlionerp.apiTests.accountPayable.PayableVoucherApiTest@6e512673, testMethod = getVoidedCollection@PayableVoucherApiTest, testException = [null], mergedContextConfiguration = [WebMergedContextConfiguration@1f795088 testClass = PayableVoucherApiTest, locations = '{}', classes = '{class ags.goldenlionerp.GoldenLionErpApplication}', contextInitializerClasses = '[]', activeProfiles = '{}', propertySourceLocations = '{classpath:test.properties}', propertySourceProperties = '{org.springframework.boot.test.context.SpringBootTestContextBootstrapper=true}', contextCustomizers = set[org.springframework.boot.test.autoconfigure.properties.PropertyMappingContextCustomizer@0, org.springframework.boot.test.autoconfigure.web.servlet.WebDriverContextCustomizerFactory$Customizer@636d731e, [ImportsContextCustomizer@5498a892 key = [ags.goldenlionerp.apiTests.ApiTestBase$TestConfig]], org.springframework.boot.test.context.filter.ExcludeFilterContextCustomizer@6afa5291, org.springframework.boot.test.json.DuplicateJsonObjectContextCustomizerFactory$DuplicateJsonObjectContextCustomizer@20cebcb4, org.springframework.boot.test.mock.mockito.MockitoContextCustomizer@0, org.springframework.boot.test.web.client.TestRestTemplateContextCustomizer@49a32273], resourceBasePath = 'src/main/webapp', contextLoader = 'org.springframework.boot.test.context.SpringBootContextLoader', parent = [null]], attributes = map['org.springframework.test.context.web.ServletTestExecutionListener.activateListener' -> true, 'org.springframework.test.context.web.ServletTestExecutionListener.populatedRequestContextHolder' -> true, 'org.springframework.test.context.web.ServletTestExecutionListener.resetRequestContextHolder' -> true]]
2018-12-27 11:25:38.096  INFO 2120 --- [    Test worker] o.s.t.c.transaction.TransactionContext   : Began transaction (1) for test context [DefaultTestContext@76f8829c testClass = PayableVoucherApiTest, testInstance = ags.goldenlionerp.apiTests.accountPayable.PayableVoucherApiTest@40daa69c, testMethod = updateTestWithPost@PayableVoucherApiTest, testException = [null], mergedContextConfiguration = [WebMergedContextConfiguration@1f795088 testClass = PayableVoucherApiTest, locations = '{}', classes = '{class ags.goldenlionerp.GoldenLionErpApplication}', contextInitializerClasses = '[]', activeProfiles = '{}', propertySourceLocations = '{classpath:test.properties}', propertySourceProperties = '{org.springframework.boot.test.context.SpringBootTestContextBootstrapper=true}', contextCustomizers = set[org.springframework.boot.test.autoconfigure.properties.PropertyMappingContextCustomizer@0, org.springframework.boot.test.autoconfigure.web.servlet.WebDriverContextCustomizerFactory$Customizer@636d731e, [ImportsContextCustomizer@5498a892 key = [ags.goldenlionerp.apiTests.ApiTestBase$TestConfig]], org.springframework.boot.test.context.filter.ExcludeFilterContextCustomizer@6afa5291, org.springframework.boot.test.json.DuplicateJsonObjectContextCustomizerFactory$DuplicateJsonObjectContextCustomizer@20cebcb4, org.springframework.boot.test.mock.mockito.MockitoContextCustomizer@0, org.springframework.boot.test.web.client.TestRestTemplateContextCustomizer@49a32273], resourceBasePath = 'src/main/webapp', contextLoader = 'org.springframework.boot.test.context.SpringBootContextLoader', parent = [null]], attributes = map['org.springframework.test.context.web.ServletTestExecutionListener.activateListener' -> true, 'org.springframework.test.context.web.ServletTestExecutionListener.populatedRequestContextHolder' -> true, 'org.springframework.test.context.web.ServletTestExecutionListener.resetRequestContextHolder' -> true]]; transaction manager [org.springframework.orm.jpa.JpaTransactionManager@75de8c12]; rollback [true]
2018-12-27 11:25:38.097  INFO 2120 --- [    Test worker] o.s.b.t.m.w.SpringBootMockServletContext : Initializing Spring FrameworkServlet ''
2018-12-27 11:25:38.097  INFO 2120 --- [    Test worker] o.s.t.web.servlet.TestDispatcherServlet  : FrameworkServlet '': initialization started
2018-12-27 11:25:38.103  INFO 2120 --- [    Test worker] o.s.t.web.servlet.TestDispatcherServlet  : FrameworkServlet '': initialization completed in 6 ms
Hibernate: select payablevou0_.pvcoid as pvcoid1_24_, payablevou0_.pvdocino as pvdocino2_24_, payablevou0_.pvdocisq as pvdocisq3_24_, payablevou0_.pvdocity as pvdocity4_24_, payablevou0_.pvcid as pvcid5_24_, payablevou0_.pvdtin as pvdtin6_24_, payablevou0_.pvtmin as pvtmin7_24_, payablevou0_.pvuid as pvuid8_24_, payablevou0_.pvdtlu as pvdtlu9_24_, payablevou0_.pvtmlu as pvtmlu10_24_, payablevou0_.pvuidm as pvuidm11_24_, payablevou0_.pvdesb1 as pvdesb12_24_, payablevou0_.pvacid as pvacid13_24_, payablevou0_.pvcrcb as pvcrcb14_24_, payablevou0_.pvtaxab as pvtaxab15_24_, payablevou0_.pvicu as pvicu16_24_, payablevou0_.pvicut as pvicut17_24_, payablevou0_.pvbuid as pvbuid18_24_, payablevou0_.pvcldt as pvcldt19_24_, payablevou0_.pvdesb2 as pvdesb20_24_, payablevou0_.pvadsca as pvadsca21_24_, payablevou0_.pvadsct as pvadsct22_24_, payablevou0_.pvdcdt as pvdcdt23_24_, payablevou0_.pvdocono as pvdocon24_24_, payablevou0_.pvdocosq as pvdocos25_24_, payablevou0_.pvdocoty as pvdocot26_24_, payablevou0_.pvdsc as pvdsc27_24_, payablevou0_.pvdvs as pvdvs28_24_, payablevou0_.pvdoft as pvdoft29_24_, payablevou0_.pvdudt as pvdudt30_24_, payablevou0_.pvexcrt as pvexcrt31_24_, payablevou0_.pvftb as pvftb32_24_, payablevou0_.pvfda as pvfda33_24_, payablevou0_.pvfdt as pvfdt34_24_, payablevou0_.pvfea as pvfea35_24_, payablevou0_.pvfta as pvfta36_24_, payablevou0_.pvglcls as pvglcls37_24_, payablevou0_.pvgldt as pvgldt38_24_, payablevou0_.pvamnt as pvamnt39_24_, payablevou0_.pvobj as pvobj40_24_, payablevou0_.pvobid as pvobid41_24_, payablevou0_.pvaop as pvaop42_24_, payablevou0_.pvordocno as pvordoc43_24_, payablevou0_.pvordocsq as pvordoc44_24_, payablevou0_.pvordocty as pvordoc45_24_, payablevou0_.pvpyid as pvpyid46_24_, payablevou0_.pvptc as pvptc47_24_, payablevou0_.pvsubl as pvsubl48_24_, payablevou0_.pvsublt as pvsublt49_24_, payablevou0_.pvsub as pvsub50_24_, payablevou0_.pvtaxal as pvtaxal51_24_, payablevou0_.pvtaxcd as pvtaxcd52_24_, payablevou0_.pvtaxidt as pvtaxid53_24_, payablevou0_.pvtaxino as pvtaxin54_24_, payablevou0_.pvtaxrt as pvtaxrt55_24_, payablevou0_.pvtaxam as pvtaxam56_24_, payablevou0_.pvcrct as pvcrct57_24_, payablevou0_.pvvnid as pvvnid58_24_, payablevou0_.pvinvdt as pvinvdt59_24_, payablevou0_.pvinvno as pvinvno60_24_, payablevou0_.pvdocidt as pvdocid61_24_, payablevou0_.pvvms as pvvms62_24_ from t0411 payablevou0_ where payablevou0_.pvdvs='' and payablevou0_.pvcoid=? and payablevou0_.pvdocino=? and payablevou0_.pvdocisq=? and payablevou0_.pvdocity=?
Hibernate: select payablevou0_.pvcoid as pvcoid1_24_, payablevou0_.pvdocino as pvdocino2_24_, payablevou0_.pvdocisq as pvdocisq3_24_, payablevou0_.pvdocity as pvdocity4_24_, payablevou0_.pvcid as pvcid5_24_, payablevou0_.pvdtin as pvdtin6_24_, payablevou0_.pvtmin as pvtmin7_24_, payablevou0_.pvuid as pvuid8_24_, payablevou0_.pvdtlu as pvdtlu9_24_, payablevou0_.pvtmlu as pvtmlu10_24_, payablevou0_.pvuidm as pvuidm11_24_, payablevou0_.pvdesb1 as pvdesb12_24_, payablevou0_.pvacid as pvacid13_24_, payablevou0_.pvcrcb as pvcrcb14_24_, payablevou0_.pvtaxab as pvtaxab15_24_, payablevou0_.pvicu as pvicu16_24_, payablevou0_.pvicut as pvicut17_24_, payablevou0_.pvbuid as pvbuid18_24_, payablevou0_.pvcldt as pvcldt19_24_, payablevou0_.pvdesb2 as pvdesb20_24_, payablevou0_.pvadsca as pvadsca21_24_, payablevou0_.pvadsct as pvadsct22_24_, payablevou0_.pvdcdt as pvdcdt23_24_, payablevou0_.pvdocono as pvdocon24_24_, payablevou0_.pvdocosq as pvdocos25_24_, payablevou0_.pvdocoty as pvdocot26_24_, payablevou0_.pvdsc as pvdsc27_24_, payablevou0_.pvdvs as pvdvs28_24_, payablevou0_.pvdoft as pvdoft29_24_, payablevou0_.pvdudt as pvdudt30_24_, payablevou0_.pvexcrt as pvexcrt31_24_, payablevou0_.pvftb as pvftb32_24_, payablevou0_.pvfda as pvfda33_24_, payablevou0_.pvfdt as pvfdt34_24_, payablevou0_.pvfea as pvfea35_24_, payablevou0_.pvfta as pvfta36_24_, payablevou0_.pvglcls as pvglcls37_24_, payablevou0_.pvgldt as pvgldt38_24_, payablevou0_.pvamnt as pvamnt39_24_, payablevou0_.pvobj as pvobj40_24_, payablevou0_.pvobid as pvobid41_24_, payablevou0_.pvaop as pvaop42_24_, payablevou0_.pvordocno as pvordoc43_24_, payablevou0_.pvordocsq as pvordoc44_24_, payablevou0_.pvordocty as pvordoc45_24_, payablevou0_.pvpyid as pvpyid46_24_, payablevou0_.pvptc as pvptc47_24_, payablevou0_.pvsubl as pvsubl48_24_, payablevou0_.pvsublt as pvsublt49_24_, payablevou0_.pvsub as pvsub50_24_, payablevou0_.pvtaxal as pvtaxal51_24_, payablevou0_.pvtaxcd as pvtaxcd52_24_, payablevou0_.pvtaxidt as pvtaxid53_24_, payablevou0_.pvtaxino as pvtaxin54_24_, payablevou0_.pvtaxrt as pvtaxrt55_24_, payablevou0_.pvtaxam as pvtaxam56_24_, payablevou0_.pvcrct as pvcrct57_24_, payablevou0_.pvvnid as pvvnid58_24_, payablevou0_.pvinvdt as pvinvdt59_24_, payablevou0_.pvinvno as pvinvno60_24_, payablevou0_.pvdocidt as pvdocid61_24_, payablevou0_.pvvms as pvvms62_24_ from t0411 payablevou0_ where payablevou0_.pvdvs='' and payablevou0_.pvcoid=? and payablevou0_.pvdocino=? and payablevou0_.pvdocisq=? and payablevou0_.pvdocity=?
2018-12-27 11:25:38.137  INFO 2120 --- [    Test worker] o.s.t.c.transaction.TransactionContext   : Rolled back transaction for test: [DefaultTestContext@76f8829c testClass = PayableVoucherApiTest, testInstance = ags.goldenlionerp.apiTests.accountPayable.PayableVoucherApiTest@40daa69c, testMethod = updateTestWithPost@PayableVoucherApiTest, testException = [null], mergedContextConfiguration = [WebMergedContextConfiguration@1f795088 testClass = PayableVoucherApiTest, locations = '{}', classes = '{class ags.goldenlionerp.GoldenLionErpApplication}', contextInitializerClasses = '[]', activeProfiles = '{}', propertySourceLocations = '{classpath:test.properties}', propertySourceProperties = '{org.springframework.boot.test.context.SpringBootTestContextBootstrapper=true}', contextCustomizers = set[org.springframework.boot.test.autoconfigure.properties.PropertyMappingContextCustomizer@0, org.springframework.boot.test.autoconfigure.web.servlet.WebDriverContextCustomizerFactory$Customizer@636d731e, [ImportsContextCustomizer@5498a892 key = [ags.goldenlionerp.apiTests.ApiTestBase$TestConfig]], org.springframework.boot.test.context.filter.ExcludeFilterContextCustomizer@6afa5291, org.springframework.boot.test.json.DuplicateJsonObjectContextCustomizerFactory$DuplicateJsonObjectContextCustomizer@20cebcb4, org.springframework.boot.test.mock.mockito.MockitoContextCustomizer@0, org.springframework.boot.test.web.client.TestRestTemplateContextCustomizer@49a32273], resourceBasePath = 'src/main/webapp', contextLoader = 'org.springframework.boot.test.context.SpringBootContextLoader', parent = [null]], attributes = map['org.springframework.test.context.web.ServletTestExecutionListener.activateListener' -> true, 'org.springframework.test.context.web.ServletTestExecutionListener.populatedRequestContextHolder' -> true, 'org.springframework.test.context.web.ServletTestExecutionListener.resetRequestContextHolder' -> true]]
2018-12-27 11:25:38.139  INFO 2120 --- [    Test worker] o.s.t.c.transaction.TransactionContext   : Began transaction (1) for test context [DefaultTestContext@76f8829c testClass = PayableVoucherApiTest, testInstance = ags.goldenlionerp.apiTests.accountPayable.PayableVoucherApiTest@3c20fee6, testMethod = createTestNoInvoiceNumber@PayableVoucherApiTest, testException = [null], mergedContextConfiguration = [WebMergedContextConfiguration@1f795088 testClass = PayableVoucherApiTest, locations = '{}', classes = '{class ags.goldenlionerp.GoldenLionErpApplication}', contextInitializerClasses = '[]', activeProfiles = '{}', propertySourceLocations = '{classpath:test.properties}', propertySourceProperties = '{org.springframework.boot.test.context.SpringBootTestContextBootstrapper=true}', contextCustomizers = set[org.springframework.boot.test.autoconfigure.properties.PropertyMappingContextCustomizer@0, org.springframework.boot.test.autoconfigure.web.servlet.WebDriverContextCustomizerFactory$Customizer@636d731e, [ImportsContextCustomizer@5498a892 key = [ags.goldenlionerp.apiTests.ApiTestBase$TestConfig]], org.springframework.boot.test.context.filter.ExcludeFilterContextCustomizer@6afa5291, org.springframework.boot.test.json.DuplicateJsonObjectContextCustomizerFactory$DuplicateJsonObjectContextCustomizer@20cebcb4, org.springframework.boot.test.mock.mockito.MockitoContextCustomizer@0, org.springframework.boot.test.web.client.TestRestTemplateContextCustomizer@49a32273], resourceBasePath = 'src/main/webapp', contextLoader = 'org.springframework.boot.test.context.SpringBootContextLoader', parent = [null]], attributes = map['org.springframework.test.context.web.ServletTestExecutionListener.activateListener' -> true, 'org.springframework.test.context.web.ServletTestExecutionListener.populatedRequestContextHolder' -> true, 'org.springframework.test.context.web.ServletTestExecutionListener.resetRequestContextHolder' -> true]]; transaction manager [org.springframework.orm.jpa.JpaTransactionManager@75de8c12]; rollback [true]
2018-12-27 11:25:38.141  INFO 2120 --- [    Test worker] o.s.b.t.m.w.SpringBootMockServletContext : Initializing Spring FrameworkServlet ''
2018-12-27 11:25:38.141  INFO 2120 --- [    Test worker] o.s.t.web.servlet.TestDispatcherServlet  : FrameworkServlet '': initialization started
2018-12-27 11:25:38.147  INFO 2120 --- [    Test worker] o.s.t.web.servlet.TestDispatcherServlet  : FrameworkServlet '': initialization completed in 6 ms
Hibernate: select nextnumber0_.ncdocty as ncdocty1_3_0_, nextnumber0_.nccid as nccid2_3_0_, nextnumber0_.ncdtin as ncdtin3_3_0_, nextnumber0_.nctmin as nctmin4_3_0_, nextnumber0_.ncuid as ncuid5_3_0_, nextnumber0_.ncdtlu as ncdtlu6_3_0_, nextnumber0_.nctmlu as nctmlu7_3_0_, nextnumber0_.ncuidm as ncuidm8_3_0_, nextnumber0_.ncinmo as ncinmo9_3_0_, nextnumber0_.ncinyr as ncinyr10_3_0_, nextnumber0_.ncrsmt as ncrsmt11_3_0_, nextnumber0_.ncrsat as ncrsat12_3_0_ from t0010n nextnumber0_ where nextnumber0_.ncdocty=?
Hibernate: select nextnumber0_.nncoid as nncoid1_0_0_, nextnumber0_.nndocbty as nndocbty2_0_0_, nextnumber0_.nnmo as nnmo3_0_0_, nextnumber0_.nnyr as nnyr4_0_0_, nextnumber0_.nncid as nncid5_0_0_, nextnumber0_.nndtin as nndtin6_0_0_, nextnumber0_.nntmin as nntmin7_0_0_, nextnumber0_.nnuid as nnuid8_0_0_, nextnumber0_.nndtlu as nndtlu9_0_0_, nextnumber0_.nntmlu as nntmlu10_0_0_, nextnumber0_.nnuidm as nnuidm11_0_0_, nextnumber0_.nnseq as nnseq12_0_0_ from t0002 nextnumber0_ where nextnumber0_.nncoid=? and nextnumber0_.nndocbty=? and nextnumber0_.nnmo=? and nextnumber0_.nnyr=?
Hibernate: select nextnumber0_.nncoid as nncoid1_0_0_, nextnumber0_.nndocbty as nndocbty2_0_0_, nextnumber0_.nnmo as nnmo3_0_0_, nextnumber0_.nnyr as nnyr4_0_0_, nextnumber0_.nncid as nncid5_0_0_, nextnumber0_.nndtin as nndtin6_0_0_, nextnumber0_.nntmin as nntmin7_0_0_, nextnumber0_.nnuid as nnuid8_0_0_, nextnumber0_.nndtlu as nndtlu9_0_0_, nextnumber0_.nntmlu as nntmlu10_0_0_, nextnumber0_.nnuidm as nnuidm11_0_0_, nextnumber0_.nnseq as nnseq12_0_0_ from t0002 nextnumber0_ where nextnumber0_.nncoid=? and nextnumber0_.nndocbty=? and nextnumber0_.nnmo=? and nextnumber0_.nnyr=?
Hibernate: select payablevou0_.pvcoid as pvcoid1_24_, payablevou0_.pvdocino as pvdocino2_24_, payablevou0_.pvdocisq as pvdocisq3_24_, payablevou0_.pvdocity as pvdocity4_24_, payablevou0_.pvcid as pvcid5_24_, payablevou0_.pvdtin as pvdtin6_24_, payablevou0_.pvtmin as pvtmin7_24_, payablevou0_.pvuid as pvuid8_24_, payablevou0_.pvdtlu as pvdtlu9_24_, payablevou0_.pvtmlu as pvtmlu10_24_, payablevou0_.pvuidm as pvuidm11_24_, payablevou0_.pvdesb1 as pvdesb12_24_, payablevou0_.pvacid as pvacid13_24_, payablevou0_.pvcrcb as pvcrcb14_24_, payablevou0_.pvtaxab as pvtaxab15_24_, payablevou0_.pvicu as pvicu16_24_, payablevou0_.pvicut as pvicut17_24_, payablevou0_.pvbuid as pvbuid18_24_, payablevou0_.pvcldt as pvcldt19_24_, payablevou0_.pvdesb2 as pvdesb20_24_, payablevou0_.pvadsca as pvadsca21_24_, payablevou0_.pvadsct as pvadsct22_24_, payablevou0_.pvdcdt as pvdcdt23_24_, payablevou0_.pvdocono as pvdocon24_24_, payablevou0_.pvdocosq as pvdocos25_24_, payablevou0_.pvdocoty as pvdocot26_24_, payablevou0_.pvdsc as pvdsc27_24_, payablevou0_.pvdvs as pvdvs28_24_, payablevou0_.pvdoft as pvdoft29_24_, payablevou0_.pvdudt as pvdudt30_24_, payablevou0_.pvexcrt as pvexcrt31_24_, payablevou0_.pvftb as pvftb32_24_, payablevou0_.pvfda as pvfda33_24_, payablevou0_.pvfdt as pvfdt34_24_, payablevou0_.pvfea as pvfea35_24_, payablevou0_.pvfta as pvfta36_24_, payablevou0_.pvglcls as pvglcls37_24_, payablevou0_.pvgldt as pvgldt38_24_, payablevou0_.pvamnt as pvamnt39_24_, payablevou0_.pvobj as pvobj40_24_, payablevou0_.pvobid as pvobid41_24_, payablevou0_.pvaop as pvaop42_24_, payablevou0_.pvordocno as pvordoc43_24_, payablevou0_.pvordocsq as pvordoc44_24_, payablevou0_.pvordocty as pvordoc45_24_, payablevou0_.pvpyid as pvpyid46_24_, payablevou0_.pvptc as pvptc47_24_, payablevou0_.pvsubl as pvsubl48_24_, payablevou0_.pvsublt as pvsublt49_24_, payablevou0_.pvsub as pvsub50_24_, payablevou0_.pvtaxal as pvtaxal51_24_, payablevou0_.pvtaxcd as pvtaxcd52_24_, payablevou0_.pvtaxidt as pvtaxid53_24_, payablevou0_.pvtaxino as pvtaxin54_24_, payablevou0_.pvtaxrt as pvtaxrt55_24_, payablevou0_.pvtaxam as pvtaxam56_24_, payablevou0_.pvcrct as pvcrct57_24_, payablevou0_.pvvnid as pvvnid58_24_, payablevou0_.pvinvdt as pvinvdt59_24_, payablevou0_.pvinvno as pvinvno60_24_, payablevou0_.pvdocidt as pvdocid61_24_, payablevou0_.pvvms as pvvms62_24_ from t0411 payablevou0_ where payablevou0_.pvdvs='' and payablevou0_.pvcoid=? and payablevou0_.pvdocino=? and payablevou0_.pvdocisq=? and payablevou0_.pvdocity=?
Hibernate: select nextnumber0_.nncoid as nncoid1_0_0_, nextnumber0_.nndocbty as nndocbty2_0_0_, nextnumber0_.nnmo as nnmo3_0_0_, nextnumber0_.nnyr as nnyr4_0_0_, nextnumber0_.nncid as nncid5_0_0_, nextnumber0_.nndtin as nndtin6_0_0_, nextnumber0_.nntmin as nntmin7_0_0_, nextnumber0_.nnuid as nnuid8_0_0_, nextnumber0_.nndtlu as nndtlu9_0_0_, nextnumber0_.nntmlu as nntmlu10_0_0_, nextnumber0_.nnuidm as nnuidm11_0_0_, nextnumber0_.nnseq as nnseq12_0_0_ from t0002 nextnumber0_ where nextnumber0_.nncoid=? and nextnumber0_.nndocbty=? and nextnumber0_.nnmo=? and nextnumber0_.nnyr=?
Hibernate: select nextnumber0_.nncoid as nncoid1_0_0_, nextnumber0_.nndocbty as nndocbty2_0_0_, nextnumber0_.nnmo as nnmo3_0_0_, nextnumber0_.nnyr as nnyr4_0_0_, nextnumber0_.nncid as nncid5_0_0_, nextnumber0_.nndtin as nndtin6_0_0_, nextnumber0_.nntmin as nntmin7_0_0_, nextnumber0_.nnuid as nnuid8_0_0_, nextnumber0_.nndtlu as nndtlu9_0_0_, nextnumber0_.nntmlu as nntmlu10_0_0_, nextnumber0_.nnuidm as nnuidm11_0_0_, nextnumber0_.nnseq as nnseq12_0_0_ from t0002 nextnumber0_ where nextnumber0_.nncoid=? and nextnumber0_.nndocbty=? and nextnumber0_.nnmo=? and nextnumber0_.nnyr=?
Hibernate: select nextnumber0_.nncoid as nncoid1_0_0_, nextnumber0_.nndocbty as nndocbty2_0_0_, nextnumber0_.nnmo as nnmo3_0_0_, nextnumber0_.nnyr as nnyr4_0_0_, nextnumber0_.nncid as nncid5_0_0_, nextnumber0_.nndtin as nndtin6_0_0_, nextnumber0_.nntmin as nntmin7_0_0_, nextnumber0_.nnuid as nnuid8_0_0_, nextnumber0_.nndtlu as nndtlu9_0_0_, nextnumber0_.nntmlu as nntmlu10_0_0_, nextnumber0_.nnuidm as nnuidm11_0_0_, nextnumber0_.nnseq as nnseq12_0_0_ from t0002 nextnumber0_ where nextnumber0_.nncoid=? and nextnumber0_.nndocbty=? and nextnumber0_.nnmo=? and nextnumber0_.nnyr=?
Hibernate: select payablevou0_.pvcoid as pvcoid1_24_, payablevou0_.pvdocino as pvdocino2_24_, payablevou0_.pvdocisq as pvdocisq3_24_, payablevou0_.pvdocity as pvdocity4_24_, payablevou0_.pvcid as pvcid5_24_, payablevou0_.pvdtin as pvdtin6_24_, payablevou0_.pvtmin as pvtmin7_24_, payablevou0_.pvuid as pvuid8_24_, payablevou0_.pvdtlu as pvdtlu9_24_, payablevou0_.pvtmlu as pvtmlu10_24_, payablevou0_.pvuidm as pvuidm11_24_, payablevou0_.pvdesb1 as pvdesb12_24_, payablevou0_.pvacid as pvacid13_24_, payablevou0_.pvcrcb as pvcrcb14_24_, payablevou0_.pvtaxab as pvtaxab15_24_, payablevou0_.pvicu as pvicu16_24_, payablevou0_.pvicut as pvicut17_24_, payablevou0_.pvbuid as pvbuid18_24_, payablevou0_.pvcldt as pvcldt19_24_, payablevou0_.pvdesb2 as pvdesb20_24_, payablevou0_.pvadsca as pvadsca21_24_, payablevou0_.pvadsct as pvadsct22_24_, payablevou0_.pvdcdt as pvdcdt23_24_, payablevou0_.pvdocono as pvdocon24_24_, payablevou0_.pvdocosq as pvdocos25_24_, payablevou0_.pvdocoty as pvdocot26_24_, payablevou0_.pvdsc as pvdsc27_24_, payablevou0_.pvdvs as pvdvs28_24_, payablevou0_.pvdoft as pvdoft29_24_, payablevou0_.pvdudt as pvdudt30_24_, payablevou0_.pvexcrt as pvexcrt31_24_, payablevou0_.pvftb as pvftb32_24_, payablevou0_.pvfda as pvfda33_24_, payablevou0_.pvfdt as pvfdt34_24_, payablevou0_.pvfea as pvfea35_24_, payablevou0_.pvfta as pvfta36_24_, payablevou0_.pvglcls as pvglcls37_24_, payablevou0_.pvgldt as pvgldt38_24_, payablevou0_.pvamnt as pvamnt39_24_, payablevou0_.pvobj as pvobj40_24_, payablevou0_.pvobid as pvobid41_24_, payablevou0_.pvaop as pvaop42_24_, payablevou0_.pvordocno as pvordoc43_24_, payablevou0_.pvordocsq as pvordoc44_24_, payablevou0_.pvordocty as pvordoc45_24_, payablevou0_.pvpyid as pvpyid46_24_, payablevou0_.pvptc as pvptc47_24_, payablevou0_.pvsubl as pvsubl48_24_, payablevou0_.pvsublt as pvsublt49_24_, payablevou0_.pvsub as pvsub50_24_, payablevou0_.pvtaxal as pvtaxal51_24_, payablevou0_.pvtaxcd as pvtaxcd52_24_, payablevou0_.pvtaxidt as pvtaxid53_24_, payablevou0_.pvtaxino as pvtaxin54_24_, payablevou0_.pvtaxrt as pvtaxrt55_24_, payablevou0_.pvtaxam as pvtaxam56_24_, payablevou0_.pvcrct as pvcrct57_24_, payablevou0_.pvvnid as pvvnid58_24_, payablevou0_.pvinvdt as pvinvdt59_24_, payablevou0_.pvinvno as pvinvno60_24_, payablevou0_.pvdocidt as pvdocid61_24_, payablevou0_.pvvms as pvvms62_24_ from t0411 payablevou0_ where payablevou0_.pvcoid=? and payablevou0_.pvdocino=?
Hibernate: select paymentter0_.pyptc as pyptc1_4_0_, paymentter0_.pycid as pycid2_4_0_, paymentter0_.pydtin as pydtin3_4_0_, paymentter0_.pytmin as pytmin4_4_0_, paymentter0_.pyuid as pyuid5_4_0_, paymentter0_.pydtlu as pydtlu6_4_0_, paymentter0_.pytmlu as pytmlu7_4_0_, paymentter0_.pyuidm as pyuidm8_4_0_, paymentter0_.pydtpa as pydtpa9_4_0_, paymentter0_.pydesa1 as pydesa10_4_0_, paymentter0_.pydcdy as pydcdy11_4_0_, paymentter0_.pydcrt as pydcrt12_4_0_, paymentter0_.pydudy as pydudy13_4_0_, paymentter0_.pydumo as pydumo14_4_0_, paymentter0_.pyeir as pyeir15_4_0_, paymentter0_.pyitap as pyitap16_4_0_, paymentter0_.pyitar as pyitar17_4_0_, paymentter0_.pyndtp as pyndtp18_4_0_, paymentter0_.pynosp as pynosp19_4_0_, paymentter0_.pyobid as pyobid20_4_0_ from t0014 paymentter0_ where paymentter0_.pyptc=?
Hibernate: select automatica0_.aiaaid as aiaaid1_5_, automatica0_.aiseq as aiseq2_5_, automatica0_.aicid as aicid3_5_, automatica0_.aidtin as aidtin4_5_, automatica0_.aitmin as aitmin5_5_, automatica0_.aiuid as aiuid6_5_, automatica0_.aidtlu as aidtlu7_5_, automatica0_.aitmlu as aitmlu8_5_, automatica0_.aiuidm as aiuidm9_5_, automatica0_.aiobj as aiobj17_5_, automatica0_.aibuid as aibuid10_5_, automatica0_.aicoid as aicoid11_5_, automatica0_.aisub as aisub18_5_, automatica0_.aidesb1 as aidesb12_5_, automatica0_.aidesb2 as aidesb13_5_, automatica0_.aidesb3 as aidesb14_5_, automatica0_.aidesb4 as aidesb15_5_, automatica0_.aidesb5 as aidesb16_5_ from t0015 automatica0_ where automatica0_.aiaaid=? and automatica0_.aicoid=?
Hibernate: select chartofacc0_.oaobj as oaobj1_25_0_, chartofacc0_.oacid as oacid2_25_0_, chartofacc0_.oadtin as oadtin3_25_0_, chartofacc0_.oatmin as oatmin4_25_0_, chartofacc0_.oauid as oauid5_25_0_, chartofacc0_.oadtlu as oadtlu6_25_0_, chartofacc0_.oatmlu as oatmlu7_25_0_, chartofacc0_.oauidm as oauidm8_25_0_, chartofacc0_.oablc as oablc9_25_0_, chartofacc0_.oacoid as oacoid10_25_0_, chartofacc0_.oadesb1 as oadesb11_25_0_, chartofacc0_.oadesc1 as oadesc12_25_0_, chartofacc0_.oalod as oalod13_25_0_, chartofacc0_.oapec as oapec14_25_0_ from t0900 chartofacc0_ where chartofacc0_.oaobj=?
Hibernate: select company0_.cncoid as cncoid1_9_0_, company0_.cncid as cncid2_9_0_, company0_.cndtin as cndtin3_9_0_, company0_.cntmin as cntmin4_9_0_, company0_.cnuid as cnuid5_9_0_, company0_.cndtlu as cndtlu6_9_0_, company0_.cntmlu as cntmlu7_9_0_, company0_.cnuidm as cnuidm8_9_0_, company0_.cnanum as cnanum9_9_0_, company0_.cncrcb as cncrcb10_9_0_, company0_.cncap as cncap11_9_0_, company0_.cncfy as cncfy12_9_0_, company0_.cncip as cncip13_9_0_, company0_.cncpp as cncpp14_9_0_, company0_.cncrp as cncrp15_9_0_, company0_.cndesb1 as cndesb16_9_0_, company0_.cnfdp as cnfdp17_9_0_ from t0020 company0_ where company0_.cncoid=?
Hibernate: select accountmas0_.ambuid as ambuid1_26_0_, accountmas0_.amcoid as amcoid2_26_0_, accountmas0_.amobj as amobj3_26_0_, accountmas0_.amsub as amsub4_26_0_, accountmas0_.amcid as amcid5_26_0_, accountmas0_.amdtin as amdtin6_26_0_, accountmas0_.amtmin as amtmin7_26_0_, accountmas0_.amuid as amuid8_26_0_, accountmas0_.amdtlu as amdtlu9_26_0_, accountmas0_.amtmlu as amtmlu10_26_0_, accountmas0_.amuidm as amuidm11_26_0_, accountmas0_.amdtlt as amdtlt12_26_0_, accountmas0_.amacid as amacid13_26_0_, accountmas0_.amblc as amblc14_26_0_, accountmas0_.ambpc as ambpc15_26_0_, accountmas0_.amglc01 as amglc16_26_0_, accountmas0_.amglc02 as amglc17_26_0_, accountmas0_.amglc03 as amglc18_26_0_, accountmas0_.amglc04 as amglc19_26_0_, accountmas0_.amglc05 as amglc20_26_0_, accountmas0_.amcrct as amcrct21_26_0_, accountmas0_.amdesb1 as amdesb22_26_0_, accountmas0_.amtmlt as amtmlt23_26_0_, accountmas0_.amlod as amlod24_26_0_, accountmas0_.ammac as ammac25_26_0_, accountmas0_.amoan as amoan26_26_0_, accountmas0_.ampec as ampec27_26_0_ from t0901 accountmas0_ where accountmas0_.ambuid=? and accountmas0_.amcoid=? and accountmas0_.amobj=? and accountmas0_.amsub=?
Hibernate: select nextnumber0_.ncdocty as ncdocty1_3_0_, nextnumber0_.nccid as nccid2_3_0_, nextnumber0_.ncdtin as ncdtin3_3_0_, nextnumber0_.nctmin as nctmin4_3_0_, nextnumber0_.ncuid as ncuid5_3_0_, nextnumber0_.ncdtlu as ncdtlu6_3_0_, nextnumber0_.nctmlu as nctmlu7_3_0_, nextnumber0_.ncuidm as ncuidm8_3_0_, nextnumber0_.ncinmo as ncinmo9_3_0_, nextnumber0_.ncinyr as ncinyr10_3_0_, nextnumber0_.ncrsmt as ncrsmt11_3_0_, nextnumber0_.ncrsat as ncrsat12_3_0_ from t0010n nextnumber0_ where nextnumber0_.ncdocty=?
Hibernate: select nextnumber0_.nncoid as nncoid1_0_0_, nextnumber0_.nndocbty as nndocbty2_0_0_, nextnumber0_.nnmo as nnmo3_0_0_, nextnumber0_.nnyr as nnyr4_0_0_, nextnumber0_.nncid as nncid5_0_0_, nextnumber0_.nndtin as nndtin6_0_0_, nextnumber0_.nntmin as nntmin7_0_0_, nextnumber0_.nnuid as nnuid8_0_0_, nextnumber0_.nndtlu as nndtlu9_0_0_, nextnumber0_.nntmlu as nntmlu10_0_0_, nextnumber0_.nnuidm as nnuidm11_0_0_, nextnumber0_.nnseq as nnseq12_0_0_ from t0002 nextnumber0_ where nextnumber0_.nncoid=? and nextnumber0_.nndocbty=? and nextnumber0_.nnmo=? and nextnumber0_.nnyr=?
Hibernate: select nextnumber0_.nncoid as nncoid1_0_0_, nextnumber0_.nndocbty as nndocbty2_0_0_, nextnumber0_.nnmo as nnmo3_0_0_, nextnumber0_.nnyr as nnyr4_0_0_, nextnumber0_.nncid as nncid5_0_0_, nextnumber0_.nndtin as nndtin6_0_0_, nextnumber0_.nntmin as nntmin7_0_0_, nextnumber0_.nnuid as nnuid8_0_0_, nextnumber0_.nndtlu as nndtlu9_0_0_, nextnumber0_.nntmlu as nntmlu10_0_0_, nextnumber0_.nnuidm as nnuidm11_0_0_, nextnumber0_.nnseq as nnseq12_0_0_ from t0002 nextnumber0_ where nextnumber0_.nncoid=? and nextnumber0_.nndocbty=? and nextnumber0_.nnmo=? and nextnumber0_.nnyr=?
Hibernate: select company0_.cncoid as cncoid1_9_0_, company0_.cncid as cncid2_9_0_, company0_.cndtin as cndtin3_9_0_, company0_.cntmin as cntmin4_9_0_, company0_.cnuid as cnuid5_9_0_, company0_.cndtlu as cndtlu6_9_0_, company0_.cntmlu as cntmlu7_9_0_, company0_.cnuidm as cnuidm8_9_0_, company0_.cnanum as cnanum9_9_0_, company0_.cncrcb as cncrcb10_9_0_, company0_.cncap as cncap11_9_0_, company0_.cncfy as cncfy12_9_0_, company0_.cncip as cncip13_9_0_, company0_.cncpp as cncpp14_9_0_, company0_.cncrp as cncrp15_9_0_, company0_.cndesb1 as cndesb16_9_0_, company0_.cnfdp as cnfdp17_9_0_ from t0020 company0_ where company0_.cncoid=?
Hibernate: select addressboo0_.adanum as adanum1_16_0_, addressboo0_.adcid as adcid2_16_0_, addressboo0_.addtin as addtin3_16_0_, addressboo0_.adtmin as adtmin4_16_0_, addressboo0_.aduid as aduid5_16_0_, addressboo0_.addtlu as addtlu6_16_0_, addressboo0_.adtmlu as adtmlu7_16_0_, addressboo0_.aduidm as aduidm8_16_0_, addressboo0_.adap as adap9_16_0_, addressboo0_.adar as adar10_16_0_, addressboo0_.adbuid as adbuid11_16_0_, addressboo0_.adcc01 as adcc12_16_0_, addressboo0_.adcc02 as adcc13_16_0_, addressboo0_.adcc03 as adcc14_16_0_, addressboo0_.adcc04 as adcc15_16_0_, addressboo0_.adcc05 as adcc16_16_0_, addressboo0_.adcc06 as adcc17_16_0_, addressboo0_.adcc07 as adcc18_16_0_, addressboo0_.adcc08 as adcc19_16_0_, addressboo0_.adcc09 as adcc20_16_0_, addressboo0_.adcc10 as adcc21_16_0_, addressboo0_.adempl as adempl22_16_0_, addressboo0_.adtmlt as adtmlt23_16_0_, addressboo0_.adlan as adlan24_16_0_, addressboo0_.admlnm as admlnm25_16_0_, addressboo0_.adnm as adnm26_16_0_, addressboo0_.adpan as adpan27_16_0_, addressboo0_.adrecid as adrecid28_16_0_, addressboo0_.adrlid0 as adrlid29_16_0_, addressboo0_.adrlid2 as adrlid30_16_0_, addressboo0_.adrlid3 as adrlid31_16_0_, addressboo0_.adrlid4 as adrlid32_16_0_, addressboo0_.adrlid5 as adrlid33_16_0_, addressboo0_.adrlid6 as adrlid34_16_0_, addressboo0_.adrlid7 as adrlid35_16_0_, addressboo0_.adrlid8 as adrlid36_16_0_, addressboo0_.adrlid9 as adrlid37_16_0_, addressboo0_.adrlid1 as adrlid38_16_0_, addressboo0_.adst as adst39_16_0_, addressboo0_.adtaxid as adtaxid40_16_0_ from t0101 addressboo0_ where addressboo0_.adanum=?
Hibernate: select payablevou0_.pvcoid as pvcoid1_24_0_, payablevou0_.pvdocino as pvdocino2_24_0_, payablevou0_.pvdocisq as pvdocisq3_24_0_, payablevou0_.pvdocity as pvdocity4_24_0_, payablevou0_.pvcid as pvcid5_24_0_, payablevou0_.pvdtin as pvdtin6_24_0_, payablevou0_.pvtmin as pvtmin7_24_0_, payablevou0_.pvuid as pvuid8_24_0_, payablevou0_.pvdtlu as pvdtlu9_24_0_, payablevou0_.pvtmlu as pvtmlu10_24_0_, payablevou0_.pvuidm as pvuidm11_24_0_, payablevou0_.pvdesb1 as pvdesb12_24_0_, payablevou0_.pvacid as pvacid13_24_0_, payablevou0_.pvcrcb as pvcrcb14_24_0_, payablevou0_.pvtaxab as pvtaxab15_24_0_, payablevou0_.pvicu as pvicu16_24_0_, payablevou0_.pvicut as pvicut17_24_0_, payablevou0_.pvbuid as pvbuid18_24_0_, payablevou0_.pvcldt as pvcldt19_24_0_, payablevou0_.pvdesb2 as pvdesb20_24_0_, payablevou0_.pvadsca as pvadsca21_24_0_, payablevou0_.pvadsct as pvadsct22_24_0_, payablevou0_.pvdcdt as pvdcdt23_24_0_, payablevou0_.pvdocono as pvdocon24_24_0_, payablevou0_.pvdocosq as pvdocos25_24_0_, payablevou0_.pvdocoty as pvdocot26_24_0_, payablevou0_.pvdsc as pvdsc27_24_0_, payablevou0_.pvdvs as pvdvs28_24_0_, payablevou0_.pvdoft as pvdoft29_24_0_, payablevou0_.pvdudt as pvdudt30_24_0_, payablevou0_.pvexcrt as pvexcrt31_24_0_, payablevou0_.pvftb as pvftb32_24_0_, payablevou0_.pvfda as pvfda33_24_0_, payablevou0_.pvfdt as pvfdt34_24_0_, payablevou0_.pvfea as pvfea35_24_0_, payablevou0_.pvfta as pvfta36_24_0_, payablevou0_.pvglcls as pvglcls37_24_0_, payablevou0_.pvgldt as pvgldt38_24_0_, payablevou0_.pvamnt as pvamnt39_24_0_, payablevou0_.pvobj as pvobj40_24_0_, payablevou0_.pvobid as pvobid41_24_0_, payablevou0_.pvaop as pvaop42_24_0_, payablevou0_.pvordocno as pvordoc43_24_0_, payablevou0_.pvordocsq as pvordoc44_24_0_, payablevou0_.pvordocty as pvordoc45_24_0_, payablevou0_.pvpyid as pvpyid46_24_0_, payablevou0_.pvptc as pvptc47_24_0_, payablevou0_.pvsubl as pvsubl48_24_0_, payablevou0_.pvsublt as pvsublt49_24_0_, payablevou0_.pvsub as pvsub50_24_0_, payablevou0_.pvtaxal as pvtaxal51_24_0_, payablevou0_.pvtaxcd as pvtaxcd52_24_0_, payablevou0_.pvtaxidt as pvtaxid53_24_0_, payablevou0_.pvtaxino as pvtaxin54_24_0_, payablevou0_.pvtaxrt as pvtaxrt55_24_0_, payablevou0_.pvtaxam as pvtaxam56_24_0_, payablevou0_.pvcrct as pvcrct57_24_0_, payablevou0_.pvvnid as pvvnid58_24_0_, payablevou0_.pvinvdt as pvinvdt59_24_0_, payablevou0_.pvinvno as pvinvno60_24_0_, payablevou0_.pvdocidt as pvdocid61_24_0_, payablevou0_.pvvms as pvvms62_24_0_ from t0411 payablevou0_ where payablevou0_.pvcoid=? and payablevou0_.pvdocino=? and payablevou0_.pvdocisq=? and payablevou0_.pvdocity=?
Hibernate: insert into t0002 (nncid, nndtin, nntmin, nnuid, nndtlu, nntmlu, nnuidm, nnseq, nncoid, nndocbty, nnmo, nnyr) values (?, ?, ?, ?, ?, ?, ?, ?, ?, ?, ?, ?)
Hibernate: insert into t0411 (pvcid, pvdtin, pvtmin, pvuid, pvdtlu, pvtmlu, pvuidm, pvdesb1, pvacid, pvcrcb, pvtaxab, pvicu, pvicut, pvbuid, pvcldt, pvdesb2, pvadsca, pvadsct, pvdcdt, pvdocono, pvdocosq, pvdocoty, pvdsc, pvdvs, pvdoft, pvdudt, pvexcrt, pvftb, pvfda, pvfdt, pvfea, pvfta, pvglcls, pvgldt, pvamnt, pvobj, pvobid, pvaop, pvordocno, pvordocsq, pvordocty, pvpyid, pvptc, pvsubl, pvsublt, pvsub, pvtaxal, pvtaxcd, pvtaxidt, pvtaxino, pvtaxrt, pvtaxam, pvcrct, pvvnid, pvinvdt, pvinvno, pvdocidt, pvvms, pvcoid, pvdocino, pvdocisq, pvdocity) values (?, ?, ?, ?, ?, ?, ?, ?, ?, ?, ?, ?, ?, ?, ?, ?, ?, ?, ?, ?, ?, ?, ?, ?, ?, ?, ?, ?, ?, ?, ?, ?, ?, ?, ?, ?, ?, ?, ?, ?, ?, ?, ?, ?, ?, ?, ?, ?, ?, ?, ?, ?, ?, ?, ?, ?, ?, ?, ?, ?, ?, ?)
Hibernate: update t0002 set nncid=?, nndtlu=?, nntmlu=?, nnuidm=?, nnseq=? where nncoid=? and nndocbty=? and nnmo=? and nnyr=?
Hibernate: select payablevou0_.pvcoid as pvcoid1_24_, payablevou0_.pvdocino as pvdocino2_24_, payablevou0_.pvdocisq as pvdocisq3_24_, payablevou0_.pvdocity as pvdocity4_24_, payablevou0_.pvcid as pvcid5_24_, payablevou0_.pvdtin as pvdtin6_24_, payablevou0_.pvtmin as pvtmin7_24_, payablevou0_.pvuid as pvuid8_24_, payablevou0_.pvdtlu as pvdtlu9_24_, payablevou0_.pvtmlu as pvtmlu10_24_, payablevou0_.pvuidm as pvuidm11_24_, payablevou0_.pvdesb1 as pvdesb12_24_, payablevou0_.pvacid as pvacid13_24_, payablevou0_.pvcrcb as pvcrcb14_24_, payablevou0_.pvtaxab as pvtaxab15_24_, payablevou0_.pvicu as pvicu16_24_, payablevou0_.pvicut as pvicut17_24_, payablevou0_.pvbuid as pvbuid18_24_, payablevou0_.pvcldt as pvcldt19_24_, payablevou0_.pvdesb2 as pvdesb20_24_, payablevou0_.pvadsca as pvadsca21_24_, payablevou0_.pvadsct as pvadsct22_24_, payablevou0_.pvdcdt as pvdcdt23_24_, payablevou0_.pvdocono as pvdocon24_24_, payablevou0_.pvdocosq as pvdocos25_24_, payablevou0_.pvdocoty as pvdocot26_24_, payablevou0_.pvdsc as pvdsc27_24_, payablevou0_.pvdvs as pvdvs28_24_, payablevou0_.pvdoft as pvdoft29_24_, payablevou0_.pvdudt as pvdudt30_24_, payablevou0_.pvexcrt as pvexcrt31_24_, payablevou0_.pvftb as pvftb32_24_, payablevou0_.pvfda as pvfda33_24_, payablevou0_.pvfdt as pvfdt34_24_, payablevou0_.pvfea as pvfea35_24_, payablevou0_.pvfta as pvfta36_24_, payablevou0_.pvglcls as pvglcls37_24_, payablevou0_.pvgldt as pvgldt38_24_, payablevou0_.pvamnt as pvamnt39_24_, payablevou0_.pvobj as pvobj40_24_, payablevou0_.pvobid as pvobid41_24_, payablevou0_.pvaop as pvaop42_24_, payablevou0_.pvordocno as pvordoc43_24_, payablevou0_.pvordocsq as pvordoc44_24_, payablevou0_.pvordocty as pvordoc45_24_, payablevou0_.pvpyid as pvpyid46_24_, payablevou0_.pvptc as pvptc47_24_, payablevou0_.pvsubl as pvsubl48_24_, payablevou0_.pvsublt as pvsublt49_24_, payablevou0_.pvsub as pvsub50_24_, payablevou0_.pvtaxal as pvtaxal51_24_, payablevou0_.pvtaxcd as pvtaxcd52_24_, payablevou0_.pvtaxidt as pvtaxid53_24_, payablevou0_.pvtaxino as pvtaxin54_24_, payablevou0_.pvtaxrt as pvtaxrt55_24_, payablevou0_.pvtaxam as pvtaxam56_24_, payablevou0_.pvcrct as pvcrct57_24_, payablevou0_.pvvnid as pvvnid58_24_, payablevou0_.pvinvdt as pvinvdt59_24_, payablevou0_.pvinvno as pvinvno60_24_, payablevou0_.pvdocidt as pvdocid61_24_, payablevou0_.pvvms as pvvms62_24_ from t0411 payablevou0_ where payablevou0_.pvdvs='' and payablevou0_.pvcoid=? and payablevou0_.pvdocino=? and payablevou0_.pvdocisq=? and payablevou0_.pvdocity=?
2018-12-27 11:25:38.298  INFO 2120 --- [    Test worker] o.s.t.c.transaction.TransactionContext   : Rolled back transaction for test: [DefaultTestContext@76f8829c testClass = PayableVoucherApiTest, testInstance = ags.goldenlionerp.apiTests.accountPayable.PayableVoucherApiTest@3c20fee6, testMethod = createTestNoInvoiceNumber@PayableVoucherApiTest, testException = [null], mergedContextConfiguration = [WebMergedContextConfiguration@1f795088 testClass = PayableVoucherApiTest, locations = '{}', classes = '{class ags.goldenlionerp.GoldenLionErpApplication}', contextInitializerClasses = '[]', activeProfiles = '{}', propertySourceLocations = '{classpath:test.properties}', propertySourceProperties = '{org.springframework.boot.test.context.SpringBootTestContextBootstrapper=true}', contextCustomizers = set[org.springframework.boot.test.autoconfigure.properties.PropertyMappingContextCustomizer@0, org.springframework.boot.test.autoconfigure.web.servlet.WebDriverContextCustomizerFactory$Customizer@636d731e, [ImportsContextCustomizer@5498a892 key = [ags.goldenlionerp.apiTests.ApiTestBase$TestConfig]], org.springframework.boot.test.context.filter.ExcludeFilterContextCustomizer@6afa5291, org.springframework.boot.test.json.DuplicateJsonObjectContextCustomizerFactory$DuplicateJsonObjectContextCustomizer@20cebcb4, org.springframework.boot.test.mock.mockito.MockitoContextCustomizer@0, org.springframework.boot.test.web.client.TestRestTemplateContextCustomizer@49a32273], resourceBasePath = 'src/main/webapp', contextLoader = 'org.springframework.boot.test.context.SpringBootContextLoader', parent = [null]], attributes = map['org.springframework.test.context.web.ServletTestExecutionListener.activateListener' -> true, 'org.springframework.test.context.web.ServletTestExecutionListener.populatedRequestContextHolder' -> true, 'org.springframework.test.context.web.ServletTestExecutionListener.resetRequestContextHolder' -> true]]
2018-12-27 11:25:38.301  INFO 2120 --- [    Test worker] o.s.t.c.transaction.TransactionContext   : Began transaction (1) for test context [DefaultTestContext@76f8829c testClass = PayableVoucherApiTest, testInstance = ags.goldenlionerp.apiTests.accountPayable.PayableVoucherApiTest@16cd5ec3, testMethod = getVoidedSingle@PayableVoucherApiTest, testException = [null], mergedContextConfiguration = [WebMergedContextConfiguration@1f795088 testClass = PayableVoucherApiTest, locations = '{}', classes = '{class ags.goldenlionerp.GoldenLionErpApplication}', contextInitializerClasses = '[]', activeProfiles = '{}', propertySourceLocations = '{classpath:test.properties}', propertySourceProperties = '{org.springframework.boot.test.context.SpringBootTestContextBootstrapper=true}', contextCustomizers = set[org.springframework.boot.test.autoconfigure.properties.PropertyMappingContextCustomizer@0, org.springframework.boot.test.autoconfigure.web.servlet.WebDriverContextCustomizerFactory$Customizer@636d731e, [ImportsContextCustomizer@5498a892 key = [ags.goldenlionerp.apiTests.ApiTestBase$TestConfig]], org.springframework.boot.test.context.filter.ExcludeFilterContextCustomizer@6afa5291, org.springframework.boot.test.json.DuplicateJsonObjectContextCustomizerFactory$DuplicateJsonObjectContextCustomizer@20cebcb4, org.springframework.boot.test.mock.mockito.MockitoContextCustomizer@0, org.springframework.boot.test.web.client.TestRestTemplateContextCustomizer@49a32273], resourceBasePath = 'src/main/webapp', contextLoader = 'org.springframework.boot.test.context.SpringBootContextLoader', parent = [null]], attributes = map['org.springframework.test.context.web.ServletTestExecutionListener.activateListener' -> true, 'org.springframework.test.context.web.ServletTestExecutionListener.populatedRequestContextHolder' -> true, 'org.springframework.test.context.web.ServletTestExecutionListener.resetRequestContextHolder' -> true]]; transaction manager [org.springframework.orm.jpa.JpaTransactionManager@75de8c12]; rollback [true]
2018-12-27 11:25:38.302  INFO 2120 --- [    Test worker] o.s.b.t.m.w.SpringBootMockServletContext : Initializing Spring FrameworkServlet ''
2018-12-27 11:25:38.302  INFO 2120 --- [    Test worker] o.s.t.web.servlet.TestDispatcherServlet  : FrameworkServlet '': initialization started
2018-12-27 11:25:38.308  INFO 2120 --- [    Test worker] o.s.t.web.servlet.TestDispatcherServlet  : FrameworkServlet '': initialization completed in 6 ms
Hibernate: select payablevou0_.pvcoid as pvcoid1_24_, payablevou0_.pvdocino as pvdocino2_24_, payablevou0_.pvdocisq as pvdocisq3_24_, payablevou0_.pvdocity as pvdocity4_24_, payablevou0_.pvcid as pvcid5_24_, payablevou0_.pvdtin as pvdtin6_24_, payablevou0_.pvtmin as pvtmin7_24_, payablevou0_.pvuid as pvuid8_24_, payablevou0_.pvdtlu as pvdtlu9_24_, payablevou0_.pvtmlu as pvtmlu10_24_, payablevou0_.pvuidm as pvuidm11_24_, payablevou0_.pvdesb1 as pvdesb12_24_, payablevou0_.pvacid as pvacid13_24_, payablevou0_.pvcrcb as pvcrcb14_24_, payablevou0_.pvtaxab as pvtaxab15_24_, payablevou0_.pvicu as pvicu16_24_, payablevou0_.pvicut as pvicut17_24_, payablevou0_.pvbuid as pvbuid18_24_, payablevou0_.pvcldt as pvcldt19_24_, payablevou0_.pvdesb2 as pvdesb20_24_, payablevou0_.pvadsca as pvadsca21_24_, payablevou0_.pvadsct as pvadsct22_24_, payablevou0_.pvdcdt as pvdcdt23_24_, payablevou0_.pvdocono as pvdocon24_24_, payablevou0_.pvdocosq as pvdocos25_24_, payablevou0_.pvdocoty as pvdocot26_24_, payablevou0_.pvdsc as pvdsc27_24_, payablevou0_.pvdvs as pvdvs28_24_, payablevou0_.pvdoft as pvdoft29_24_, payablevou0_.pvdudt as pvdudt30_24_, payablevou0_.pvexcrt as pvexcrt31_24_, payablevou0_.pvftb as pvftb32_24_, payablevou0_.pvfda as pvfda33_24_, payablevou0_.pvfdt as pvfdt34_24_, payablevou0_.pvfea as pvfea35_24_, payablevou0_.pvfta as pvfta36_24_, payablevou0_.pvglcls as pvglcls37_24_, payablevou0_.pvgldt as pvgldt38_24_, payablevou0_.pvamnt as pvamnt39_24_, payablevou0_.pvobj as pvobj40_24_, payablevou0_.pvobid as pvobid41_24_, payablevou0_.pvaop as pvaop42_24_, payablevou0_.pvordocno as pvordoc43_24_, payablevou0_.pvordocsq as pvordoc44_24_, payablevou0_.pvordocty as pvordoc45_24_, payablevou0_.pvpyid as pvpyid46_24_, payablevou0_.pvptc as pvptc47_24_, payablevou0_.pvsubl as pvsubl48_24_, payablevou0_.pvsublt as pvsublt49_24_, payablevou0_.pvsub as pvsub50_24_, payablevou0_.pvtaxal as pvtaxal51_24_, payablevou0_.pvtaxcd as pvtaxcd52_24_, payablevou0_.pvtaxidt as pvtaxid53_24_, payablevou0_.pvtaxino as pvtaxin54_24_, payablevou0_.pvtaxrt as pvtaxrt55_24_, payablevou0_.pvtaxam as pvtaxam56_24_, payablevou0_.pvcrct as pvcrct57_24_, payablevou0_.pvvnid as pvvnid58_24_, payablevou0_.pvinvdt as pvinvdt59_24_, payablevou0_.pvinvno as pvinvno60_24_, payablevou0_.pvdocidt as pvdocid61_24_, payablevou0_.pvvms as pvvms62_24_ from t0411 payablevou0_ where payablevou0_.pvdvs='' and payablevou0_.pvcoid=? and payablevou0_.pvdocino=? and payablevou0_.pvdocisq=? and payablevou0_.pvdocity=?
Hibernate: select payablevou0_.pvcoid as pvcoid1_24_, payablevou0_.pvdocino as pvdocino2_24_, payablevou0_.pvdocisq as pvdocisq3_24_, payablevou0_.pvdocity as pvdocity4_24_, payablevou0_.pvcid as pvcid5_24_, payablevou0_.pvdtin as pvdtin6_24_, payablevou0_.pvtmin as pvtmin7_24_, payablevou0_.pvuid as pvuid8_24_, payablevou0_.pvdtlu as pvdtlu9_24_, payablevou0_.pvtmlu as pvtmlu10_24_, payablevou0_.pvuidm as pvuidm11_24_, payablevou0_.pvdesb1 as pvdesb12_24_, payablevou0_.pvacid as pvacid13_24_, payablevou0_.pvcrcb as pvcrcb14_24_, payablevou0_.pvtaxab as pvtaxab15_24_, payablevou0_.pvicu as pvicu16_24_, payablevou0_.pvicut as pvicut17_24_, payablevou0_.pvbuid as pvbuid18_24_, payablevou0_.pvcldt as pvcldt19_24_, payablevou0_.pvdesb2 as pvdesb20_24_, payablevou0_.pvadsca as pvadsca21_24_, payablevou0_.pvadsct as pvadsct22_24_, payablevou0_.pvdcdt as pvdcdt23_24_, payablevou0_.pvdocono as pvdocon24_24_, payablevou0_.pvdocosq as pvdocos25_24_, payablevou0_.pvdocoty as pvdocot26_24_, payablevou0_.pvdsc as pvdsc27_24_, payablevou0_.pvdvs as pvdvs28_24_, payablevou0_.pvdoft as pvdoft29_24_, payablevou0_.pvdudt as pvdudt30_24_, payablevou0_.pvexcrt as pvexcrt31_24_, payablevou0_.pvftb as pvftb32_24_, payablevou0_.pvfda as pvfda33_24_, payablevou0_.pvfdt as pvfdt34_24_, payablevou0_.pvfea as pvfea35_24_, payablevou0_.pvfta as pvfta36_24_, payablevou0_.pvglcls as pvglcls37_24_, payablevou0_.pvgldt as pvgldt38_24_, payablevou0_.pvamnt as pvamnt39_24_, payablevou0_.pvobj as pvobj40_24_, payablevou0_.pvobid as pvobid41_24_, payablevou0_.pvaop as pvaop42_24_, payablevou0_.pvordocno as pvordoc43_24_, payablevou0_.pvordocsq as pvordoc44_24_, payablevou0_.pvordocty as pvordoc45_24_, payablevou0_.pvpyid as pvpyid46_24_, payablevou0_.pvptc as pvptc47_24_, payablevou0_.pvsubl as pvsubl48_24_, payablevou0_.pvsublt as pvsublt49_24_, payablevou0_.pvsub as pvsub50_24_, payablevou0_.pvtaxal as pvtaxal51_24_, payablevou0_.pvtaxcd as pvtaxcd52_24_, payablevou0_.pvtaxidt as pvtaxid53_24_, payablevou0_.pvtaxino as pvtaxin54_24_, payablevou0_.pvtaxrt as pvtaxrt55_24_, payablevou0_.pvtaxam as pvtaxam56_24_, payablevou0_.pvcrct as pvcrct57_24_, payablevou0_.pvvnid as pvvnid58_24_, payablevou0_.pvinvdt as pvinvdt59_24_, payablevou0_.pvinvno as pvinvno60_24_, payablevou0_.pvdocidt as pvdocid61_24_, payablevou0_.pvvms as pvvms62_24_ from t0411 payablevou0_ where payablevou0_.pvcoid=? and payablevou0_.pvdocino=? and payablevou0_.pvdocisq=? and payablevou0_.pvdocity=?
2018-12-27 11:25:38.322  INFO 2120 --- [    Test worker] o.s.t.c.transaction.TransactionContext   : Rolled back transaction for test: [DefaultTestContext@76f8829c testClass = PayableVoucherApiTest, testInstance = ags.goldenlionerp.apiTests.accountPayable.PayableVoucherApiTest@16cd5ec3, testMethod = getVoidedSingle@PayableVoucherApiTest, testException = [null], mergedContextConfiguration = [WebMergedContextConfiguration@1f795088 testClass = PayableVoucherApiTest, locations = '{}', classes = '{class ags.goldenlionerp.GoldenLionErpApplication}', contextInitializerClasses = '[]', activeProfiles = '{}', propertySourceLocations = '{classpath:test.properties}', propertySourceProperties = '{org.springframework.boot.test.context.SpringBootTestContextBootstrapper=true}', contextCustomizers = set[org.springframework.boot.test.autoconfigure.properties.PropertyMappingContextCustomizer@0, org.springframework.boot.test.autoconfigure.web.servlet.WebDriverContextCustomizerFactory$Customizer@636d731e, [ImportsContextCustomizer@5498a892 key = [ags.goldenlionerp.apiTests.ApiTestBase$TestConfig]], org.springframework.boot.test.context.filter.ExcludeFilterContextCustomizer@6afa5291, org.springframework.boot.test.json.DuplicateJsonObjectContextCustomizerFactory$DuplicateJsonObjectContextCustomizer@20cebcb4, org.springframework.boot.test.mock.mockito.MockitoContextCustomizer@0, org.springframework.boot.test.web.client.TestRestTemplateContextCustomizer@49a32273], resourceBasePath = 'src/main/webapp', contextLoader = 'org.springframework.boot.test.context.SpringBootContextLoader', parent = [null]], attributes = map['org.springframework.test.context.web.ServletTestExecutionListener.activateListener' -> true, 'org.springframework.test.context.web.ServletTestExecutionListener.populatedRequestContextHolder' -> true, 'org.springframework.test.context.web.ServletTestExecutionListener.resetRequestContextHolder' -> true]]
2018-12-27 11:25:38.326  INFO 2120 --- [    Test worker] o.s.t.c.transaction.TransactionContext   : Began transaction (1) for test context [DefaultTestContext@76f8829c testClass = PayableVoucherApiTest, testInstance = ags.goldenlionerp.apiTests.accountPayable.PayableVoucherApiTest@1c64e548, testMethod = updateTestWithPatch@PayableVoucherApiTest, testException = [null], mergedContextConfiguration = [WebMergedContextConfiguration@1f795088 testClass = PayableVoucherApiTest, locations = '{}', classes = '{class ags.goldenlionerp.GoldenLionErpApplication}', contextInitializerClasses = '[]', activeProfiles = '{}', propertySourceLocations = '{classpath:test.properties}', propertySourceProperties = '{org.springframework.boot.test.context.SpringBootTestContextBootstrapper=true}', contextCustomizers = set[org.springframework.boot.test.autoconfigure.properties.PropertyMappingContextCustomizer@0, org.springframework.boot.test.autoconfigure.web.servlet.WebDriverContextCustomizerFactory$Customizer@636d731e, [ImportsContextCustomizer@5498a892 key = [ags.goldenlionerp.apiTests.ApiTestBase$TestConfig]], org.springframework.boot.test.context.filter.ExcludeFilterContextCustomizer@6afa5291, org.springframework.boot.test.json.DuplicateJsonObjectContextCustomizerFactory$DuplicateJsonObjectContextCustomizer@20cebcb4, org.springframework.boot.test.mock.mockito.MockitoContextCustomizer@0, org.springframework.boot.test.web.client.TestRestTemplateContextCustomizer@49a32273], resourceBasePath = 'src/main/webapp', contextLoader = 'org.springframework.boot.test.context.SpringBootContextLoader', parent = [null]], attributes = map['org.springframework.test.context.web.ServletTestExecutionListener.activateListener' -> true, 'org.springframework.test.context.web.ServletTestExecutionListener.populatedRequestContextHolder' -> true, 'org.springframework.test.context.web.ServletTestExecutionListener.resetRequestContextHolder' -> true]]; transaction manager [org.springframework.orm.jpa.JpaTransactionManager@75de8c12]; rollback [true]
2018-12-27 11:25:38.327  INFO 2120 --- [    Test worker] o.s.b.t.m.w.SpringBootMockServletContext : Initializing Spring FrameworkServlet ''
2018-12-27 11:25:38.327  INFO 2120 --- [    Test worker] o.s.t.web.servlet.TestDispatcherServlet  : FrameworkServlet '': initialization started
2018-12-27 11:25:38.333  INFO 2120 --- [    Test worker] o.s.t.web.servlet.TestDispatcherServlet  : FrameworkServlet '': initialization completed in 6 ms
Hibernate: select payablevou0_.pvcoid as pvcoid1_24_, payablevou0_.pvdocino as pvdocino2_24_, payablevou0_.pvdocisq as pvdocisq3_24_, payablevou0_.pvdocity as pvdocity4_24_, payablevou0_.pvcid as pvcid5_24_, payablevou0_.pvdtin as pvdtin6_24_, payablevou0_.pvtmin as pvtmin7_24_, payablevou0_.pvuid as pvuid8_24_, payablevou0_.pvdtlu as pvdtlu9_24_, payablevou0_.pvtmlu as pvtmlu10_24_, payablevou0_.pvuidm as pvuidm11_24_, payablevou0_.pvdesb1 as pvdesb12_24_, payablevou0_.pvacid as pvacid13_24_, payablevou0_.pvcrcb as pvcrcb14_24_, payablevou0_.pvtaxab as pvtaxab15_24_, payablevou0_.pvicu as pvicu16_24_, payablevou0_.pvicut as pvicut17_24_, payablevou0_.pvbuid as pvbuid18_24_, payablevou0_.pvcldt as pvcldt19_24_, payablevou0_.pvdesb2 as pvdesb20_24_, payablevou0_.pvadsca as pvadsca21_24_, payablevou0_.pvadsct as pvadsct22_24_, payablevou0_.pvdcdt as pvdcdt23_24_, payablevou0_.pvdocono as pvdocon24_24_, payablevou0_.pvdocosq as pvdocos25_24_, payablevou0_.pvdocoty as pvdocot26_24_, payablevou0_.pvdsc as pvdsc27_24_, payablevou0_.pvdvs as pvdvs28_24_, payablevou0_.pvdoft as pvdoft29_24_, payablevou0_.pvdudt as pvdudt30_24_, payablevou0_.pvexcrt as pvexcrt31_24_, payablevou0_.pvftb as pvftb32_24_, payablevou0_.pvfda as pvfda33_24_, payablevou0_.pvfdt as pvfdt34_24_, payablevou0_.pvfea as pvfea35_24_, payablevou0_.pvfta as pvfta36_24_, payablevou0_.pvglcls as pvglcls37_24_, payablevou0_.pvgldt as pvgldt38_24_, payablevou0_.pvamnt as pvamnt39_24_, payablevou0_.pvobj as pvobj40_24_, payablevou0_.pvobid as pvobid41_24_, payablevou0_.pvaop as pvaop42_24_, payablevou0_.pvordocno as pvordoc43_24_, payablevou0_.pvordocsq as pvordoc44_24_, payablevou0_.pvordocty as pvordoc45_24_, payablevou0_.pvpyid as pvpyid46_24_, payablevou0_.pvptc as pvptc47_24_, payablevou0_.pvsubl as pvsubl48_24_, payablevou0_.pvsublt as pvsublt49_24_, payablevou0_.pvsub as pvsub50_24_, payablevou0_.pvtaxal as pvtaxal51_24_, payablevou0_.pvtaxcd as pvtaxcd52_24_, payablevou0_.pvtaxidt as pvtaxid53_24_, payablevou0_.pvtaxino as pvtaxin54_24_, payablevou0_.pvtaxrt as pvtaxrt55_24_, payablevou0_.pvtaxam as pvtaxam56_24_, payablevou0_.pvcrct as pvcrct57_24_, payablevou0_.pvvnid as pvvnid58_24_, payablevou0_.pvinvdt as pvinvdt59_24_, payablevou0_.pvinvno as pvinvno60_24_, payablevou0_.pvdocidt as pvdocid61_24_, payablevou0_.pvvms as pvvms62_24_ from t0411 payablevou0_ where payablevou0_.pvdvs='' and payablevou0_.pvcoid=? and payablevou0_.pvdocino=? and payablevou0_.pvdocisq=? and payablevou0_.pvdocity=?
2018-12-27 11:25:38.346  INFO 2120 --- [    Test worker] o.s.t.c.transaction.TransactionContext   : Rolled back transaction for test: [DefaultTestContext@76f8829c testClass = PayableVoucherApiTest, testInstance = ags.goldenlionerp.apiTests.accountPayable.PayableVoucherApiTest@1c64e548, testMethod = updateTestWithPatch@PayableVoucherApiTest, testException = [null], mergedContextConfiguration = [WebMergedContextConfiguration@1f795088 testClass = PayableVoucherApiTest, locations = '{}', classes = '{class ags.goldenlionerp.GoldenLionErpApplication}', contextInitializerClasses = '[]', activeProfiles = '{}', propertySourceLocations = '{classpath:test.properties}', propertySourceProperties = '{org.springframework.boot.test.context.SpringBootTestContextBootstrapper=true}', contextCustomizers = set[org.springframework.boot.test.autoconfigure.properties.PropertyMappingContextCustomizer@0, org.springframework.boot.test.autoconfigure.web.servlet.WebDriverContextCustomizerFactory$Customizer@636d731e, [ImportsContextCustomizer@5498a892 key = [ags.goldenlionerp.apiTests.ApiTestBase$TestConfig]], org.springframework.boot.test.context.filter.ExcludeFilterContextCustomizer@6afa5291, org.springframework.boot.test.json.DuplicateJsonObjectContextCustomizerFactory$DuplicateJsonObjectContextCustomizer@20cebcb4, org.springframework.boot.test.mock.mockito.MockitoContextCustomizer@0, org.springframework.boot.test.web.client.TestRestTemplateContextCustomizer@49a32273], resourceBasePath = 'src/main/webapp', contextLoader = 'org.springframework.boot.test.context.SpringBootContextLoader', parent = [null]], attributes = map['org.springframework.test.context.web.ServletTestExecutionListener.activateListener' -> true, 'org.springframework.test.context.web.ServletTestExecutionListener.populatedRequestContextHolder' -> true, 'org.springframework.test.context.web.ServletTestExecutionListener.resetRequestContextHolder' -> true]]
2018-12-27 11:25:38.348  INFO 2120 --- [    Test worker] o.s.t.c.transaction.TransactionContext   : Began transaction (1) for test context [DefaultTestContext@76f8829c testClass = PayableVoucherApiTest, testInstance = ags.goldenlionerp.apiTests.accountPayable.PayableVoucherApiTest@47c02e27, testMethod = deleteTest@PayableVoucherApiTest, testException = [null], mergedContextConfiguration = [WebMergedContextConfiguration@1f795088 testClass = PayableVoucherApiTest, locations = '{}', classes = '{class ags.goldenlionerp.GoldenLionErpApplication}', contextInitializerClasses = '[]', activeProfiles = '{}', propertySourceLocations = '{classpath:test.properties}', propertySourceProperties = '{org.springframework.boot.test.context.SpringBootTestContextBootstrapper=true}', contextCustomizers = set[org.springframework.boot.test.autoconfigure.properties.PropertyMappingContextCustomizer@0, org.springframework.boot.test.autoconfigure.web.servlet.WebDriverContextCustomizerFactory$Customizer@636d731e, [ImportsContextCustomizer@5498a892 key = [ags.goldenlionerp.apiTests.ApiTestBase$TestConfig]], org.springframework.boot.test.context.filter.ExcludeFilterContextCustomizer@6afa5291, org.springframework.boot.test.json.DuplicateJsonObjectContextCustomizerFactory$DuplicateJsonObjectContextCustomizer@20cebcb4, org.springframework.boot.test.mock.mockito.MockitoContextCustomizer@0, org.springframework.boot.test.web.client.TestRestTemplateContextCustomizer@49a32273], resourceBasePath = 'src/main/webapp', contextLoader = 'org.springframework.boot.test.context.SpringBootContextLoader', parent = [null]], attributes = map['org.springframework.test.context.web.ServletTestExecutionListener.activateListener' -> true, 'org.springframework.test.context.web.ServletTestExecutionListener.populatedRequestContextHolder' -> true, 'org.springframework.test.context.web.ServletTestExecutionListener.resetRequestContextHolder' -> true]]; transaction manager [org.springframework.orm.jpa.JpaTransactionManager@75de8c12]; rollback [true]
2018-12-27 11:25:38.348  INFO 2120 --- [    Test worker] o.s.b.t.m.w.SpringBootMockServletContext : Initializing Spring FrameworkServlet ''
2018-12-27 11:25:38.349  INFO 2120 --- [    Test worker] o.s.t.web.servlet.TestDispatcherServlet  : FrameworkServlet '': initialization started
2018-12-27 11:25:38.357  INFO 2120 --- [    Test worker] o.s.t.web.servlet.TestDispatcherServlet  : FrameworkServlet '': initialization completed in 8 ms
Hibernate: select payablevou0_.pvcoid as pvcoid1_24_, payablevou0_.pvdocino as pvdocino2_24_, payablevou0_.pvdocisq as pvdocisq3_24_, payablevou0_.pvdocity as pvdocity4_24_, payablevou0_.pvcid as pvcid5_24_, payablevou0_.pvdtin as pvdtin6_24_, payablevou0_.pvtmin as pvtmin7_24_, payablevou0_.pvuid as pvuid8_24_, payablevou0_.pvdtlu as pvdtlu9_24_, payablevou0_.pvtmlu as pvtmlu10_24_, payablevou0_.pvuidm as pvuidm11_24_, payablevou0_.pvdesb1 as pvdesb12_24_, payablevou0_.pvacid as pvacid13_24_, payablevou0_.pvcrcb as pvcrcb14_24_, payablevou0_.pvtaxab as pvtaxab15_24_, payablevou0_.pvicu as pvicu16_24_, payablevou0_.pvicut as pvicut17_24_, payablevou0_.pvbuid as pvbuid18_24_, payablevou0_.pvcldt as pvcldt19_24_, payablevou0_.pvdesb2 as pvdesb20_24_, payablevou0_.pvadsca as pvadsca21_24_, payablevou0_.pvadsct as pvadsct22_24_, payablevou0_.pvdcdt as pvdcdt23_24_, payablevou0_.pvdocono as pvdocon24_24_, payablevou0_.pvdocosq as pvdocos25_24_, payablevou0_.pvdocoty as pvdocot26_24_, payablevou0_.pvdsc as pvdsc27_24_, payablevou0_.pvdvs as pvdvs28_24_, payablevou0_.pvdoft as pvdoft29_24_, payablevou0_.pvdudt as pvdudt30_24_, payablevou0_.pvexcrt as pvexcrt31_24_, payablevou0_.pvftb as pvftb32_24_, payablevou0_.pvfda as pvfda33_24_, payablevou0_.pvfdt as pvfdt34_24_, payablevou0_.pvfea as pvfea35_24_, payablevou0_.pvfta as pvfta36_24_, payablevou0_.pvglcls as pvglcls37_24_, payablevou0_.pvgldt as pvgldt38_24_, payablevou0_.pvamnt as pvamnt39_24_, payablevou0_.pvobj as pvobj40_24_, payablevou0_.pvobid as pvobid41_24_, payablevou0_.pvaop as pvaop42_24_, payablevou0_.pvordocno as pvordoc43_24_, payablevou0_.pvordocsq as pvordoc44_24_, payablevou0_.pvordocty as pvordoc45_24_, payablevou0_.pvpyid as pvpyid46_24_, payablevou0_.pvptc as pvptc47_24_, payablevou0_.pvsubl as pvsubl48_24_, payablevou0_.pvsublt as pvsublt49_24_, payablevou0_.pvsub as pvsub50_24_, payablevou0_.pvtaxal as pvtaxal51_24_, payablevou0_.pvtaxcd as pvtaxcd52_24_, payablevou0_.pvtaxidt as pvtaxid53_24_, payablevou0_.pvtaxino as pvtaxin54_24_, payablevou0_.pvtaxrt as pvtaxrt55_24_, payablevou0_.pvtaxam as pvtaxam56_24_, payablevou0_.pvcrct as pvcrct57_24_, payablevou0_.pvvnid as pvvnid58_24_, payablevou0_.pvinvdt as pvinvdt59_24_, payablevou0_.pvinvno as pvinvno60_24_, payablevou0_.pvdocidt as pvdocid61_24_, payablevou0_.pvvms as pvvms62_24_ from t0411 payablevou0_ where payablevou0_.pvdvs='' and payablevou0_.pvcoid=? and payablevou0_.pvdocino=? and payablevou0_.pvdocisq=? and payablevou0_.pvdocity=?
Hibernate: select payablevou0_.pvcoid as pvcoid1_24_, payablevou0_.pvdocino as pvdocino2_24_, payablevou0_.pvdocisq as pvdocisq3_24_, payablevou0_.pvdocity as pvdocity4_24_, payablevou0_.pvcid as pvcid5_24_, payablevou0_.pvdtin as pvdtin6_24_, payablevou0_.pvtmin as pvtmin7_24_, payablevou0_.pvuid as pvuid8_24_, payablevou0_.pvdtlu as pvdtlu9_24_, payablevou0_.pvtmlu as pvtmlu10_24_, payablevou0_.pvuidm as pvuidm11_24_, payablevou0_.pvdesb1 as pvdesb12_24_, payablevou0_.pvacid as pvacid13_24_, payablevou0_.pvcrcb as pvcrcb14_24_, payablevou0_.pvtaxab as pvtaxab15_24_, payablevou0_.pvicu as pvicu16_24_, payablevou0_.pvicut as pvicut17_24_, payablevou0_.pvbuid as pvbuid18_24_, payablevou0_.pvcldt as pvcldt19_24_, payablevou0_.pvdesb2 as pvdesb20_24_, payablevou0_.pvadsca as pvadsca21_24_, payablevou0_.pvadsct as pvadsct22_24_, payablevou0_.pvdcdt as pvdcdt23_24_, payablevou0_.pvdocono as pvdocon24_24_, payablevou0_.pvdocosq as pvdocos25_24_, payablevou0_.pvdocoty as pvdocot26_24_, payablevou0_.pvdsc as pvdsc27_24_, payablevou0_.pvdvs as pvdvs28_24_, payablevou0_.pvdoft as pvdoft29_24_, payablevou0_.pvdudt as pvdudt30_24_, payablevou0_.pvexcrt as pvexcrt31_24_, payablevou0_.pvftb as pvftb32_24_, payablevou0_.pvfda as pvfda33_24_, payablevou0_.pvfdt as pvfdt34_24_, payablevou0_.pvfea as pvfea35_24_, payablevou0_.pvfta as pvfta36_24_, payablevou0_.pvglcls as pvglcls37_24_, payablevou0_.pvgldt as pvgldt38_24_, payablevou0_.pvamnt as pvamnt39_24_, payablevou0_.pvobj as pvobj40_24_, payablevou0_.pvobid as pvobid41_24_, payablevou0_.pvaop as pvaop42_24_, payablevou0_.pvordocno as pvordoc43_24_, payablevou0_.pvordocsq as pvordoc44_24_, payablevou0_.pvordocty as pvordoc45_24_, payablevou0_.pvpyid as pvpyid46_24_, payablevou0_.pvptc as pvptc47_24_, payablevou0_.pvsubl as pvsubl48_24_, payablevou0_.pvsublt as pvsublt49_24_, payablevou0_.pvsub as pvsub50_24_, payablevou0_.pvtaxal as pvtaxal51_24_, payablevou0_.pvtaxcd as pvtaxcd52_24_, payablevou0_.pvtaxidt as pvtaxid53_24_, payablevou0_.pvtaxino as pvtaxin54_24_, payablevou0_.pvtaxrt as pvtaxrt55_24_, payablevou0_.pvtaxam as pvtaxam56_24_, payablevou0_.pvcrct as pvcrct57_24_, payablevou0_.pvvnid as pvvnid58_24_, payablevou0_.pvinvdt as pvinvdt59_24_, payablevou0_.pvinvno as pvinvno60_24_, payablevou0_.pvdocidt as pvdocid61_24_, payablevou0_.pvvms as pvvms62_24_ from t0411 payablevou0_ where payablevou0_.pvcoid=? and payablevou0_.pvdocino=? and payablevou0_.pvdocisq=? and payablevou0_.pvdocity=?
Hibernate: update t0411 set pvcid=?, pvdtlu=?, pvtmlu=?, pvuidm=?, pvdesb1=?, pvacid=?, pvcrcb=?, pvtaxab=?, pvicu=?, pvicut=?, pvbuid=?, pvcldt=?, pvdesb2=?, pvadsca=?, pvadsct=?, pvdcdt=?, pvdocono=?, pvdocosq=?, pvdocoty=?, pvdsc=?, pvdvs=?, pvdoft=?, pvdudt=?, pvexcrt=?, pvftb=?, pvfda=?, pvfdt=?, pvfea=?, pvfta=?, pvglcls=?, pvgldt=?, pvamnt=?, pvobj=?, pvobid=?, pvaop=?, pvordocno=?, pvordocsq=?, pvordocty=?, pvpyid=?, pvptc=?, pvsubl=?, pvsublt=?, pvsub=?, pvtaxal=?, pvtaxcd=?, pvtaxidt=?, pvtaxino=?, pvtaxrt=?, pvtaxam=?, pvcrct=?, pvvnid=?, pvinvdt=?, pvinvno=?, pvdocidt=?, pvvms=? where pvcoid=? and pvdocino=? and pvdocisq=? and pvdocity=?
Hibernate: select payablevou0_.pvcoid as pvcoid1_24_, payablevou0_.pvdocino as pvdocino2_24_, payablevou0_.pvdocisq as pvdocisq3_24_, payablevou0_.pvdocity as pvdocity4_24_, payablevou0_.pvcid as pvcid5_24_, payablevou0_.pvdtin as pvdtin6_24_, payablevou0_.pvtmin as pvtmin7_24_, payablevou0_.pvuid as pvuid8_24_, payablevou0_.pvdtlu as pvdtlu9_24_, payablevou0_.pvtmlu as pvtmlu10_24_, payablevou0_.pvuidm as pvuidm11_24_, payablevou0_.pvdesb1 as pvdesb12_24_, payablevou0_.pvacid as pvacid13_24_, payablevou0_.pvcrcb as pvcrcb14_24_, payablevou0_.pvtaxab as pvtaxab15_24_, payablevou0_.pvicu as pvicu16_24_, payablevou0_.pvicut as pvicut17_24_, payablevou0_.pvbuid as pvbuid18_24_, payablevou0_.pvcldt as pvcldt19_24_, payablevou0_.pvdesb2 as pvdesb20_24_, payablevou0_.pvadsca as pvadsca21_24_, payablevou0_.pvadsct as pvadsct22_24_, payablevou0_.pvdcdt as pvdcdt23_24_, payablevou0_.pvdocono as pvdocon24_24_, payablevou0_.pvdocosq as pvdocos25_24_, payablevou0_.pvdocoty as pvdocot26_24_, payablevou0_.pvdsc as pvdsc27_24_, payablevou0_.pvdvs as pvdvs28_24_, payablevou0_.pvdoft as pvdoft29_24_, payablevou0_.pvdudt as pvdudt30_24_, payablevou0_.pvexcrt as pvexcrt31_24_, payablevou0_.pvftb as pvftb32_24_, payablevou0_.pvfda as pvfda33_24_, payablevou0_.pvfdt as pvfdt34_24_, payablevou0_.pvfea as pvfea35_24_, payablevou0_.pvfta as pvfta36_24_, payablevou0_.pvglcls as pvglcls37_24_, payablevou0_.pvgldt as pvgldt38_24_, payablevou0_.pvamnt as pvamnt39_24_, payablevou0_.pvobj as pvobj40_24_, payablevou0_.pvobid as pvobid41_24_, payablevou0_.pvaop as pvaop42_24_, payablevou0_.pvordocno as pvordoc43_24_, payablevou0_.pvordocsq as pvordoc44_24_, payablevou0_.pvordocty as pvordoc45_24_, payablevou0_.pvpyid as pvpyid46_24_, payablevou0_.pvptc as pvptc47_24_, payablevou0_.pvsubl as pvsubl48_24_, payablevou0_.pvsublt as pvsublt49_24_, payablevou0_.pvsub as pvsub50_24_, payablevou0_.pvtaxal as pvtaxal51_24_, payablevou0_.pvtaxcd as pvtaxcd52_24_, payablevou0_.pvtaxidt as pvtaxid53_24_, payablevou0_.pvtaxino as pvtaxin54_24_, payablevou0_.pvtaxrt as pvtaxrt55_24_, payablevou0_.pvtaxam as pvtaxam56_24_, payablevou0_.pvcrct as pvcrct57_24_, payablevou0_.pvvnid as pvvnid58_24_, payablevou0_.pvinvdt as pvinvdt59_24_, payablevou0_.pvinvno as pvinvno60_24_, payablevou0_.pvdocidt as pvdocid61_24_, payablevou0_.pvvms as pvvms62_24_ from t0411 payablevou0_ where payablevou0_.pvdvs='' and payablevou0_.pvcoid=? and payablevou0_.pvdocino=? and payablevou0_.pvdocisq=? and payablevou0_.pvdocity=?
[...]
Hibernate: select payablevou0_.pvcoid as pvcoid1_24_0_, payablevou0_.pvdocino as pvdocino2_24_0_, payablevou0_.pvdocisq as pvdocisq3_24_0_, payablevou0_.pvdocity as pvdocity4_24_0_, payablevou0_.pvcid as pvcid5_24_0_, payablevou0_.pvdtin as pvdtin6_24_0_, payablevou0_.pvtmin as pvtmin7_24_0_, payablevou0_.pvuid as pvuid8_24_0_, payablevou0_.pvdtlu as pvdtlu9_24_0_, payablevou0_.pvtmlu as pvtmlu10_24_0_, payablevou0_.pvuidm as pvuidm11_24_0_, payablevou0_.pvdesb1 as pvdesb12_24_0_, payablevou0_.pvacid as pvacid13_24_0_, payablevou0_.pvcrcb as pvcrcb14_24_0_, payablevou0_.pvtaxab as pvtaxab15_24_0_, payablevou0_.pvicu as pvicu16_24_0_, payablevou0_.pvicut as pvicut17_24_0_, payablevou0_.pvbuid as pvbuid18_24_0_, payablevou0_.pvcldt as pvcldt19_24_0_, payablevou0_.pvdesb2 as pvdesb20_24_0_, payablevou0_.pvadsca as pvadsca21_24_0_, payablevou0_.pvadsct as pvadsct22_24_0_, payablevou0_.pvdcdt as pvdcdt23_24_0_, payablevou0_.pvdocono as pvdocon24_24_0_, payablevou0_.pvdocosq as pvdocos25_24_0_, payablevou0_.pvdocoty as pvdocot26_24_0_, payablevou0_.pvdsc as pvdsc27_24_0_, payablevou0_.pvdvs as pvdvs28_24_0_, payablevou0_.pvdoft as pvdoft29_24_0_, payablevou0_.pvdudt as pvdudt30_24_0_, payablevou0_.pvexcrt as pvexcrt31_24_0_, payablevou0_.pvftb as pvftb32_24_0_, payablevou0_.pvfda as pvfda33_24_0_, payablevou0_.pvfdt as pvfdt34_24_0_, payablevou0_.pvfea as pvfea35_24_0_, payablevou0_.pvfta as pvfta36_24_0_, payablevou0_.pvglcls as pvglcls37_24_0_, payablevou0_.pvgldt as pvgldt38_24_0_, payablevou0_.pvamnt as pvamnt39_24_0_, payablevou0_.pvobj as pvobj40_24_0_, payablevou0_.pvobid as pvobid41_24_0_, payablevou0_.pvaop as pvaop42_24_0_, payablevou0_.pvordocno as pvordoc43_24_0_, payablevou0_.pvordocsq as pvordoc44_24_0_, payablevou0_.pvordocty as pvordoc45_24_0_, payablevou0_.pvpyid as pvpyid46_24_0_, payablevou0_.pvptc as pvptc47_24_0_, payablevou0_.pvsubl as pvsubl48_24_0_, payablevou0_.pvsublt as pvsublt49_24_0_, payablevou0_.pvsub as pvsub50_24_0_, payablevou0_.pvtaxal as pvtaxal51_24_0_, payablevou0_.pvtaxcd as pvtaxcd52_24_0_, payablevou0_.pvtaxidt as pvtaxid53_24_0_, payablevou0_.pvtaxino as pvtaxin54_24_0_, payablevou0_.pvtaxrt as pvtaxrt55_24_0_, payablevou0_.pvtaxam as pvtaxam56_24_0_, payablevou0_.pvcrct as pvcrct57_24_0_, payablevou0_.pvvnid as pvvnid58_24_0_, payablevou0_.pvinvdt as pvinvdt59_24_0_, payablevou0_.pvinvno as pvinvno60_24_0_, payablevou0_.pvdocidt as pvdocid61_24_0_, payablevou0_.pvvms as pvvms62_24_0_ from t0411 payablevou0_ where payablevou0_.pvcoid=? and payablevou0_.pvdocino=? and payablevou0_.pvdocisq=? and payablevou0_.pvdocity=?
Hibernate: insert into t0411 (pvcid, pvdtin, pvtmin, pvuid, pvdtlu, pvtmlu, pvuidm, pvdesb1, pvacid, pvcrcb, pvtaxab, pvicu, pvicut, pvbuid, pvcldt, pvdesb2, pvadsca, pvadsct, pvdcdt, pvdocono, pvdocosq, pvdocoty, pvdsc, pvdvs, pvdoft, pvdudt, pvexcrt, pvftb, pvfda, pvfdt, pvfea, pvfta, pvglcls, pvgldt, pvamnt, pvobj, pvobid, pvaop, pvordocno, pvordocsq, pvordocty, pvpyid, pvptc, pvsubl, pvsublt, pvsub, pvtaxal, pvtaxcd, pvtaxidt, pvtaxino, pvtaxrt, pvtaxam, pvcrct, pvvnid, pvinvdt, pvinvno, pvdocidt, pvvms, pvcoid, pvdocino, pvdocisq, pvdocity) values (?, ?, ?, ?, ?, ?, ?, ?, ?, ?, ?, ?, ?, ?, ?, ?, ?, ?, ?, ?, ?, ?, ?, ?, ?, ?, ?, ?, ?, ?, ?, ?, ?, ?, ?, ?, ?, ?, ?, ?, ?, ?, ?, ?, ?, ?, ?, ?, ?, ?, ?, ?, ?, ?, ?, ?, ?, ?, ?, ?, ?, ?)
Hibernate: update t0002 set nncid=?, nndtlu=?, nntmlu=?, nnuidm=?, nnseq=? where nncoid=? and nndocbty=? and nnmo=? and nnyr=?
Hibernate: select payablevou0_.pvcoid as pvcoid1_24_, payablevou0_.pvdocino as pvdocino2_24_, payablevou0_.pvdocisq as pvdocisq3_24_, payablevou0_.pvdocity as pvdocity4_24_, payablevou0_.pvcid as pvcid5_24_, payablevou0_.pvdtin as pvdtin6_24_, payablevou0_.pvtmin as pvtmin7_24_, payablevou0_.pvuid as pvuid8_24_, payablevou0_.pvdtlu as pvdtlu9_24_, payablevou0_.pvtmlu as pvtmlu10_24_, payablevou0_.pvuidm as pvuidm11_24_, payablevou0_.pvdesb1 as pvdesb12_24_, payablevou0_.pvacid as pvacid13_24_, payablevou0_.pvcrcb as pvcrcb14_24_, payablevou0_.pvtaxab as pvtaxab15_24_, payablevou0_.pvicu as pvicu16_24_, payablevou0_.pvicut as pvicut17_24_, payablevou0_.pvbuid as pvbuid18_24_, payablevou0_.pvcldt as pvcldt19_24_, payablevou0_.pvdesb2 as pvdesb20_24_, payablevou0_.pvadsca as pvadsca21_24_, payablevou0_.pvadsct as pvadsct22_24_, payablevou0_.pvdcdt as pvdcdt23_24_, payablevou0_.pvdocono as pvdocon24_24_, payablevou0_.pvdocosq as pvdocos25_24_, payablevou0_.pvdocoty as pvdocot26_24_, payablevou0_.pvdsc as pvdsc27_24_, payablevou0_.pvdvs as pvdvs28_24_, payablevou0_.pvdoft as pvdoft29_24_, payablevou0_.pvdudt as pvdudt30_24_, payablevou0_.pvexcrt as pvexcrt31_24_, payablevou0_.pvftb as pvftb32_24_, payablevou0_.pvfda as pvfda33_24_, payablevou0_.pvfdt as pvfdt34_24_, payablevou0_.pvfea as pvfea35_24_, payablevou0_.pvfta as pvfta36_24_, payablevou0_.pvglcls as pvglcls37_24_, payablevou0_.pvgldt as pvgldt38_24_, payablevou0_.pvamnt as pvamnt39_24_, payablevou0_.pvobj as pvobj40_24_, payablevou0_.pvobid as pvobid41_24_, payablevou0_.pvaop as pvaop42_24_, payablevou0_.pvordocno as pvordoc43_24_, payablevou0_.pvordocsq as pvordoc44_24_, payablevou0_.pvordocty as pvordoc45_24_, payablevou0_.pvpyid as pvpyid46_24_, payablevou0_.pvptc as pvptc47_24_, payablevou0_.pvsubl as pvsubl48_24_, payablevou0_.pvsublt as pvsublt49_24_, payablevou0_.pvsub as pvsub50_24_, payablevou0_.pvtaxal as pvtaxal51_24_, payablevou0_.pvtaxcd as pvtaxcd52_24_, payablevou0_.pvtaxidt as pvtaxid53_24_, payablevou0_.pvtaxino as pvtaxin54_24_, payablevou0_.pvtaxrt as pvtaxrt55_24_, payablevou0_.pvtaxam as pvtaxam56_24_, payablevou0_.pvcrct as pvcrct57_24_, payablevou0_.pvvnid as pvvnid58_24_, payablevou0_.pvinvdt as pvinvdt59_24_, payablevou0_.pvinvno as pvinvno60_24_, payablevou0_.pvdocidt as pvdocid61_24_, payablevou0_.pvvms as pvvms62_24_ from t0411 payablevou0_ where payablevou0_.pvdvs='' and payablevou0_.pvcoid=? and payablevou0_.pvdocino=? and payablevou0_.pvdocisq=? and payablevou0_.pvdocity=?

MockHttpServletRequest:
      HTTP Method = GET
      Request URI = /api/vouchers/11000_123456789_PV_10
       Parameters = {}
          Headers = {Accept=[application/json]}
             Body = <no character encoding set>
    Session Attrs = {org.springframework.security.web.csrf.HttpSessionCsrfTokenRepository.CSRF_TOKEN=org.springframework.security.web.csrf.DefaultCsrfToken@3e989e90, SPRING_SECURITY_CONTEXT=org.springframework.security.core.context.SecurityContextImpl@475fcd89: Authentication: org.springframework.security.authentication.UsernamePasswordAuthenticationToken@475fcd89: Principal: org.springframework.security.core.userdetails.User@f02988d6: Username: username; Password: [PROTECTED]; Enabled: true; AccountNonExpired: true; credentialsNonExpired: true; AccountNonLocked: true; Not granted any authorities; Credentials: [PROTECTED]; Authenticated: true; Details: null; Not granted any authorities}

Handler:
             Type = ags.goldenlionerp.application.ap.voucher.PayableVoucherController
           Method = public org.springframework.hateoas.Resource<?> ags.goldenlionerp.application.ap.voucher.PayableVoucherController.getSingle(java.lang.String,boolean,org.springframework.data.rest.webmvc.PersistentEntityResourceAssembler)

Async:
    Async started = false
     Async result = null

Resolved Exception:
             Type = null

ModelAndView:
        View name = null
             View = null
            Model = null

FlashMap:
       Attributes = null

MockHttpServletResponse:
           Status = 200
    Error message = null
          Headers = {Content-Type=[application/json;charset=UTF-8], X-Content-Type-Options=[nosniff], X-XSS-Protection=[1; mode=block], Cache-Control=[no-cache, no-store, max-age=0, must-revalidate], Pragma=[no-cache], Expires=[0], X-Frame-Options=[DENY]}
     Content type = application/json;charset=UTF-8
             Body = {
  "inputUserId" : "username",
  "lastUpdateUserId" : "username",
  "computerId" : "username",
  "companyId" : "11000",
  "voucherNumber" : 123456789,
  "voucherType" : "PV",
  "voucherSequence" : 10,
  "voucherDate" : "2018-12-30",
  "voucherMatchStatus" : "",
  "batchNumber" : 168,
  "batchType" : "P",
  "glDate" : "2018-12-30",
  "payerId" : "1015",
  "vendorId" : "1015",
  "dueDate" : "2019-01-29",
  "discountDueDate" : "2019-01-09",
  "closedDate" : null,
  "netAmount" : 1000.50000,
  "openAmount" : 1000.50000,
  "discountAmountAvailable" : 20.01000,
  "discountAmountTaken" : 0.00000,
  "baseTaxableAmount" : 900.50000,
  "taxableAmount" : 100.00000,
  "foreignExtendedAmount" : 0.00000,
  "foreignDiscountAmountAvailable" : 0.00000,
  "foreignDiscountAmountTaken" : 0.00000,
  "foreignBaseTaxableAmount" : 0.00000,
  "foreignTaxableAmount" : 0.00000,
  "baseCurrency" : "IDR",
  "transactionCurrency" : "SGD",
  "exchangeRate" : 10000.000000000,
  "taxCode" : "",
  "taxRate" : 0E-15,
  "taxAllowance" : "",
  "taxInvoiceNumber" : "",
  "taxInvoiceDate" : null,
  "vendorInvoiceNumber" : "",
  "vendorInvoiceDate" : null,
  "domesticOrForeignTransaction" : "F",
  "documentStatusCode" : "A",
  "paymentTermCode" : "D02",
  "documentOrderNumber" : 0,
  "documentOrderType" : "",
  "documentOrderSequence" : 0,
  "originalDocumentNumber" : 0,
  "originalDocumentType" : "",
  "originalDocumentSequence" : 0,
  "documentVoidStatus" : "",
  "voided" : false,
  "glClass" : "",
  "accountId" : "100.212100",
  "businessUnitId" : "110",
  "objectAccountCode" : "212100",
  "subsidiaryCode" : "",
  "subledger" : "",
  "subledgerType" : "",
  "accountDescription" : "--- Hutang Usaha ---",
  "description" : "Absolute~TESTESTEST",
  "objectId" : "",
  "lastUpdateDateTime" : "2018-12-27T11:25:38",
  "inputDateTime" : "2018-12-27T11:25:38",
  "_links" : {
    "self" : {
      "href" : "http://localhost/api/vouchers/11000_123456789_PV_10"
    },
    "payableVoucher" : {
      "href" : "http://localhost/api/vouchers/11000_123456789_PV_10"
    }
  }
}
    Forwarded URL = null
   Redirected URL = null
          Cookies = []
Hibernate: select nextnumber0_.ncdocty as ncdocty1_3_0_, nextnumber0_.nccid as nccid2_3_0_, nextnumber0_.ncdtin as ncdtin3_3_0_, nextnumber0_.nctmin as nctmin4_3_0_, nextnumber0_.ncuid as ncuid5_3_0_, nextnumber0_.ncdtlu as ncdtlu6_3_0_, nextnumber0_.nctmlu as nctmlu7_3_0_, nextnumber0_.ncuidm as ncuidm8_3_0_, nextnumber0_.ncinmo as ncinmo9_3_0_, nextnumber0_.ncinyr as ncinyr10_3_0_, nextnumber0_.ncrsmt as ncrsmt11_3_0_, nextnumber0_.ncrsat as ncrsat12_3_0_ from t0010n nextnumber0_ where nextnumber0_.ncdocty=?
Hibernate: select nextnumber0_.nncoid as nncoid1_0_0_, nextnumber0_.nndocbty as nndocbty2_0_0_, nextnumber0_.nnmo as nnmo3_0_0_, nextnumber0_.nnyr as nnyr4_0_0_, nextnumber0_.nncid as nncid5_0_0_, nextnumber0_.nndtin as nndtin6_0_0_, nextnumber0_.nntmin as nntmin7_0_0_, nextnumber0_.nnuid as nnuid8_0_0_, nextnumber0_.nndtlu as nndtlu9_0_0_, nextnumber0_.nntmlu as nntmlu10_0_0_, nextnumber0_.nnuidm as nnuidm11_0_0_, nextnumber0_.nnseq as nnseq12_0_0_ from t0002 nextnumber0_ where nextnumber0_.nncoid=? and nextnumber0_.nndocbty=? and nextnumber0_.nnmo=? and nextnumber0_.nnyr=?
Hibernate: select nextnumber0_.nncoid as nncoid1_0_0_, nextnumber0_.nndocbty as nndocbty2_0_0_, nextnumber0_.nnmo as nnmo3_0_0_, nextnumber0_.nnyr as nnyr4_0_0_, nextnumber0_.nncid as nncid5_0_0_, nextnumber0_.nndtin as nndtin6_0_0_, nextnumber0_.nntmin as nntmin7_0_0_, nextnumber0_.nnuid as nnuid8_0_0_, nextnumber0_.nndtlu as nndtlu9_0_0_, nextnumber0_.nntmlu as nntmlu10_0_0_, nextnumber0_.nnuidm as nnuidm11_0_0_, nextnumber0_.nnseq as nnseq12_0_0_ from t0002 nextnumber0_ where nextnumber0_.nncoid=? and nextnumber0_.nndocbty=? and nextnumber0_.nnmo=? and nextnumber0_.nnyr=?
Hibernate: select company0_.cncoid as cncoid1_9_0_, company0_.cncid as cncid2_9_0_, company0_.cndtin as cndtin3_9_0_, company0_.cntmin as cntmin4_9_0_, company0_.cnuid as cnuid5_9_0_, company0_.cndtlu as cndtlu6_9_0_, company0_.cntmlu as cntmlu7_9_0_, company0_.cnuidm as cnuidm8_9_0_, company0_.cnanum as cnanum9_9_0_, company0_.cncrcb as cncrcb10_9_0_, company0_.cncap as cncap11_9_0_, company0_.cncfy as cncfy12_9_0_, company0_.cncip as cncip13_9_0_, company0_.cncpp as cncpp14_9_0_, company0_.cncrp as cncrp15_9_0_, company0_.cndesb1 as cndesb16_9_0_, company0_.cnfdp as cnfdp17_9_0_ from t0020 company0_ where company0_.cncoid=?
Hibernate: select paymentter0_.pyptc as pyptc1_4_0_, paymentter0_.pycid as pycid2_4_0_, paymentter0_.pydtin as pydtin3_4_0_, paymentter0_.pytmin as pytmin4_4_0_, paymentter0_.pyuid as pyuid5_4_0_, paymentter0_.pydtlu as pydtlu6_4_0_, paymentter0_.pytmlu as pytmlu7_4_0_, paymentter0_.pyuidm as pyuidm8_4_0_, paymentter0_.pydtpa as pydtpa9_4_0_, paymentter0_.pydesa1 as pydesa10_4_0_, paymentter0_.pydcdy as pydcdy11_4_0_, paymentter0_.pydcrt as pydcrt12_4_0_, paymentter0_.pydudy as pydudy13_4_0_, paymentter0_.pydumo as pydumo14_4_0_, paymentter0_.pyeir as pyeir15_4_0_, paymentter0_.pyitap as pyitap16_4_0_, paymentter0_.pyitar as pyitar17_4_0_, paymentter0_.pyndtp as pyndtp18_4_0_, paymentter0_.pynosp as pynosp19_4_0_, paymentter0_.pyobid as pyobid20_4_0_ from t0014 paymentter0_ where paymentter0_.pyptc=?
Hibernate: select addressboo0_.adanum as adanum1_16_0_, addressboo0_.adcid as adcid2_16_0_, addressboo0_.addtin as addtin3_16_0_, addressboo0_.adtmin as adtmin4_16_0_, addressboo0_.aduid as aduid5_16_0_, addressboo0_.addtlu as addtlu6_16_0_, addressboo0_.adtmlu as adtmlu7_16_0_, addressboo0_.aduidm as aduidm8_16_0_, addressboo0_.adap as adap9_16_0_, addressboo0_.adar as adar10_16_0_, addressboo0_.adbuid as adbuid11_16_0_, addressboo0_.adcc01 as adcc12_16_0_, addressboo0_.adcc02 as adcc13_16_0_, addressboo0_.adcc03 as adcc14_16_0_, addressboo0_.adcc04 as adcc15_16_0_, addressboo0_.adcc05 as adcc16_16_0_, addressboo0_.adcc06 as adcc17_16_0_, addressboo0_.adcc07 as adcc18_16_0_, addressboo0_.adcc08 as adcc19_16_0_, addressboo0_.adcc09 as adcc20_16_0_, addressboo0_.adcc10 as adcc21_16_0_, addressboo0_.adempl as adempl22_16_0_, addressboo0_.adtmlt as adtmlt23_16_0_, addressboo0_.adlan as adlan24_16_0_, addressboo0_.admlnm as admlnm25_16_0_, addressboo0_.adnm as adnm26_16_0_, addressboo0_.adpan as adpan27_16_0_, addressboo0_.adrecid as adrecid28_16_0_, addressboo0_.adrlid0 as adrlid29_16_0_, addressboo0_.adrlid2 as adrlid30_16_0_, addressboo0_.adrlid3 as adrlid31_16_0_, addressboo0_.adrlid4 as adrlid32_16_0_, addressboo0_.adrlid5 as adrlid33_16_0_, addressboo0_.adrlid6 as adrlid34_16_0_, addressboo0_.adrlid7 as adrlid35_16_0_, addressboo0_.adrlid8 as adrlid36_16_0_, addressboo0_.adrlid9 as adrlid37_16_0_, addressboo0_.adrlid1 as adrlid38_16_0_, addressboo0_.adst as adst39_16_0_, addressboo0_.adtaxid as adtaxid40_16_0_ from t0101 addressboo0_ where addressboo0_.adanum=?
Hibernate: select payablevou0_.pvcoid as pvcoid1_24_, payablevou0_.pvdocino as pvdocino2_24_, payablevou0_.pvdocisq as pvdocisq3_24_, payablevou0_.pvdocity as pvdocity4_24_, payablevou0_.pvcid as pvcid5_24_, payablevou0_.pvdtin as pvdtin6_24_, payablevou0_.pvtmin as pvtmin7_24_, payablevou0_.pvuid as pvuid8_24_, payablevou0_.pvdtlu as pvdtlu9_24_, payablevou0_.pvtmlu as pvtmlu10_24_, payablevou0_.pvuidm as pvuidm11_24_, payablevou0_.pvdesb1 as pvdesb12_24_, payablevou0_.pvacid as pvacid13_24_, payablevou0_.pvcrcb as pvcrcb14_24_, payablevou0_.pvtaxab as pvtaxab15_24_, payablevou0_.pvicu as pvicu16_24_, payablevou0_.pvicut as pvicut17_24_, payablevou0_.pvbuid as pvbuid18_24_, payablevou0_.pvcldt as pvcldt19_24_, payablevou0_.pvdesb2 as pvdesb20_24_, payablevou0_.pvadsca as pvadsca21_24_, payablevou0_.pvadsct as pvadsct22_24_, payablevou0_.pvdcdt as pvdcdt23_24_, payablevou0_.pvdocono as pvdocon24_24_, payablevou0_.pvdocosq as pvdocos25_24_, payablevou0_.pvdocoty as pvdocot26_24_, payablevou0_.pvdsc as pvdsc27_24_, payablevou0_.pvdvs as pvdvs28_24_, payablevou0_.pvdoft as pvdoft29_24_, payablevou0_.pvdudt as pvdudt30_24_, payablevou0_.pvexcrt as pvexcrt31_24_, payablevou0_.pvftb as pvftb32_24_, payablevou0_.pvfda as pvfda33_24_, payablevou0_.pvfdt as pvfdt34_24_, payablevou0_.pvfea as pvfea35_24_, payablevou0_.pvfta as pvfta36_24_, payablevou0_.pvglcls as pvglcls37_24_, payablevou0_.pvgldt as pvgldt38_24_, payablevou0_.pvamnt as pvamnt39_24_, payablevou0_.pvobj as pvobj40_24_, payablevou0_.pvobid as pvobid41_24_, payablevou0_.pvaop as pvaop42_24_, payablevou0_.pvordocno as pvordoc43_24_, payablevou0_.pvordocsq as pvordoc44_24_, payablevou0_.pvordocty as pvordoc45_24_, payablevou0_.pvpyid as pvpyid46_24_, payablevou0_.pvptc as pvptc47_24_, payablevou0_.pvsubl as pvsubl48_24_, payablevou0_.pvsublt as pvsublt49_24_, payablevou0_.pvsub as pvsub50_24_, payablevou0_.pvtaxal as pvtaxal51_24_, payablevou0_.pvtaxcd as pvtaxcd52_24_, payablevou0_.pvtaxidt as pvtaxid53_24_, payablevou0_.pvtaxino as pvtaxin54_24_, payablevou0_.pvtaxrt as pvtaxrt55_24_, payablevou0_.pvtaxam as pvtaxam56_24_, payablevou0_.pvcrct as pvcrct57_24_, payablevou0_.pvvnid as pvvnid58_24_, payablevou0_.pvinvdt as pvinvdt59_24_, payablevou0_.pvinvno as pvinvno60_24_, payablevou0_.pvdocidt as pvdocid61_24_, payablevou0_.pvvms as pvvms62_24_ from t0411 payablevou0_ where payablevou0_.pvdvs='' and payablevou0_.pvcoid=? and payablevou0_.pvdocino=? and payablevou0_.pvdocisq=? and payablevou0_.pvdocity=?
2018-12-27 11:25:38.713  INFO 2120 --- [    Test worker] o.s.t.c.transaction.TransactionContext   : Rolled back transaction for test: [DefaultTestContext@76f8829c testClass = PayableVoucherApiTest, testInstance = ags.goldenlionerp.apiTests.accountPayable.PayableVoucherApiTest@44729315, testMethod = createTestWithPost@ApiTestBase, testException = [null], mergedContextConfiguration = [WebMergedContextConfiguration@1f795088 testClass = PayableVoucherApiTest, locations = '{}', classes = '{class ags.goldenlionerp.GoldenLionErpApplication}', contextInitializerClasses = '[]', activeProfiles = '{}', propertySourceLocations = '{classpath:test.properties}', propertySourceProperties = '{org.springframework.boot.test.context.SpringBootTestContextBootstrapper=true}', contextCustomizers = set[org.springframework.boot.test.autoconfigure.properties.PropertyMappingContextCustomizer@0, org.springframework.boot.test.autoconfigure.web.servlet.WebDriverContextCustomizerFactory$Customizer@636d731e, [ImportsContextCustomizer@5498a892 key = [ags.goldenlionerp.apiTests.ApiTestBase$TestConfig]], org.springframework.boot.test.context.filter.ExcludeFilterContextCustomizer@6afa5291, org.springframework.boot.test.json.DuplicateJsonObjectContextCustomizerFactory$DuplicateJsonObjectContextCustomizer@20cebcb4, org.springframework.boot.test.mock.mockito.MockitoContextCustomizer@0, org.springframework.boot.test.web.client.TestRestTemplateContextCustomizer@49a32273], resourceBasePath = 'src/main/webapp', contextLoader = 'org.springframework.boot.test.context.SpringBootContextLoader', parent = [null]], attributes = map['org.springframework.test.context.web.ServletTestExecutionListener.activateListener' -> true, 'org.springframework.test.context.web.ServletTestExecutionListener.populatedRequestContextHolder' -> true, 'org.springframework.test.context.web.ServletTestExecutionListener.resetRequestContextHolder' -> true]]
]]></system-out>
  <system-err><![CDATA[]]></system-err>
</testsuite>
