<?xml version="1.0" encoding="UTF-8"?>
<testsuite name="ags.goldenlionerp.apiTests.item.ItemBranchInfoApiTest" tests="7" skipped="0" failures="0" errors="0" timestamp="2018-12-27T04:25:45" hostname="LAPTOP-FHFRCCL6" time="0.49">
  <properties/>
  <testcase name="updateTestWithPatch" classname="ags.goldenlionerp.apiTests.item.ItemBranchInfoApiTest" time="0.161"/>
  <testcase name="updateTestWithPut" classname="ags.goldenlionerp.apiTests.item.ItemBranchInfoApiTest" time="0.03"/>
  <testcase name="getTestSingle" classname="ags.goldenlionerp.apiTests.item.ItemBranchInfoApiTest" time="0.035"/>
  <testcase name="getTestCollection" classname="ags.goldenlionerp.apiTests.item.ItemBranchInfoApiTest" time="0.114"/>
  <testcase name="createTestWithPut" classname="ags.goldenlionerp.apiTests.item.ItemBranchInfoApiTest" time="0.03"/>
  <testcase name="deleteTest" classname="ags.goldenlionerp.apiTests.item.ItemBranchInfoApiTest" time="0.032"/>
  <testcase name="createTestWithPost" classname="ags.goldenlionerp.apiTests.item.ItemBranchInfoApiTest" time="0.081"/>
  <system-out><![CDATA[2018-12-27 11:25:45.340  INFO 2120 --- [    Test worker] .b.t.c.SpringBootTestContextBootstrapper : Neither @ContextConfiguration nor @ContextHierarchy found for test class [ags.goldenlionerp.apiTests.item.ItemBranchInfoApiTest], using SpringBootContextLoader
2018-12-27 11:25:45.341  INFO 2120 --- [    Test worker] o.s.t.c.support.AbstractContextLoader    : Could not detect default resource locations for test class [ags.goldenlionerp.apiTests.item.ItemBranchInfoApiTest]: no resource found for suffixes {-context.xml, Context.groovy}.
2018-12-27 11:25:45.342  INFO 2120 --- [    Test worker] t.c.s.AnnotationConfigContextLoaderUtils : Could not detect default configuration classes for test class [ags.goldenlionerp.apiTests.item.ItemBranchInfoApiTest]: ItemBranchInfoApiTest does not declare any static, non-private, non-final, nested classes annotated with @Configuration.
2018-12-27 11:25:45.366  INFO 2120 --- [    Test worker] .b.t.c.SpringBootTestContextBootstrapper : Found @SpringBootConfiguration ags.goldenlionerp.GoldenLionErpApplication for test class ags.goldenlionerp.apiTests.item.ItemBranchInfoApiTest
2018-12-27 11:25:45.370  INFO 2120 --- [    Test worker] .b.t.c.SpringBootTestContextBootstrapper : Loaded default TestExecutionListener class names from location [META-INF/spring.factories]: [org.springframework.security.test.context.support.WithSecurityContextTestExecutionListener, org.springframework.security.test.context.support.ReactorContextTestExecutionListener, org.springframework.boot.test.autoconfigure.restdocs.RestDocsTestExecutionListener, org.springframework.boot.test.autoconfigure.web.client.MockRestServiceServerResetTestExecutionListener, org.springframework.boot.test.autoconfigure.web.servlet.MockMvcPrintOnlyOnFailureTestExecutionListener, org.springframework.boot.test.autoconfigure.web.servlet.WebDriverTestExecutionListener, org.springframework.boot.test.mock.mockito.MockitoTestExecutionListener, org.springframework.boot.test.mock.mockito.ResetMocksTestExecutionListener, org.springframework.test.context.web.ServletTestExecutionListener, org.springframework.test.context.support.DirtiesContextBeforeModesTestExecutionListener, org.springframework.test.context.support.DependencyInjectionTestExecutionListener, org.springframework.test.context.support.DirtiesContextTestExecutionListener, org.springframework.test.context.transaction.TransactionalTestExecutionListener, org.springframework.test.context.jdbc.SqlScriptsTestExecutionListener]
2018-12-27 11:25:45.371  INFO 2120 --- [    Test worker] .b.t.c.SpringBootTestContextBootstrapper : Using TestExecutionListeners: [org.springframework.test.context.web.ServletTestExecutionListener@2d1d6385, org.springframework.test.context.support.DirtiesContextBeforeModesTestExecutionListener@30a95ae2, org.springframework.boot.test.mock.mockito.MockitoTestExecutionListener@120fa53, org.springframework.boot.test.autoconfigure.SpringBootDependencyInjectionTestExecutionListener@3b75a2f1, org.springframework.test.context.support.DirtiesContextTestExecutionListener@7db2ef51, org.springframework.test.context.transaction.TransactionalTestExecutionListener@7b6c44f, org.springframework.test.context.jdbc.SqlScriptsTestExecutionListener@1c24488, org.springframework.security.test.context.support.WithSecurityContextTestExecutionListener@17360c6b, org.springframework.security.test.context.support.ReactorContextTestExecutionListener@7d94b1bb, org.springframework.boot.test.autoconfigure.restdocs.RestDocsTestExecutionListener@4c3186fa, org.springframework.boot.test.autoconfigure.web.client.MockRestServiceServerResetTestExecutionListener@5fc47df0, org.springframework.boot.test.autoconfigure.web.servlet.MockMvcPrintOnlyOnFailureTestExecutionListener@78b66737, org.springframework.boot.test.autoconfigure.web.servlet.WebDriverTestExecutionListener@20f708f3, org.springframework.boot.test.mock.mockito.ResetMocksTestExecutionListener@60b14c41]
2018-12-27 11:25:45.403  INFO 2120 --- [    Test worker] o.s.t.c.transaction.TransactionContext   : Began transaction (1) for test context [DefaultTestContext@dcf67f7 testClass = ItemBranchInfoApiTest, testInstance = ags.goldenlionerp.apiTests.item.ItemBranchInfoApiTest@4c854855, testMethod = updateTestWithPatch@ItemBranchInfoApiTest, testException = [null], mergedContextConfiguration = [WebMergedContextConfiguration@546a01db testClass = ItemBranchInfoApiTest, locations = '{}', classes = '{class ags.goldenlionerp.GoldenLionErpApplication}', contextInitializerClasses = '[]', activeProfiles = '{}', propertySourceLocations = '{classpath:test.properties}', propertySourceProperties = '{org.springframework.boot.test.context.SpringBootTestContextBootstrapper=true}', contextCustomizers = set[org.springframework.boot.test.autoconfigure.properties.PropertyMappingContextCustomizer@0, org.springframework.boot.test.autoconfigure.web.servlet.WebDriverContextCustomizerFactory$Customizer@636d731e, [ImportsContextCustomizer@6a6dbb12 key = [ags.goldenlionerp.apiTests.ApiTestBase$TestConfig]], org.springframework.boot.test.context.filter.ExcludeFilterContextCustomizer@6afa5291, org.springframework.boot.test.json.DuplicateJsonObjectContextCustomizerFactory$DuplicateJsonObjectContextCustomizer@20cebcb4, org.springframework.boot.test.mock.mockito.MockitoContextCustomizer@0, org.springframework.boot.test.web.client.TestRestTemplateContextCustomizer@49a32273], resourceBasePath = 'src/main/webapp', contextLoader = 'org.springframework.boot.test.context.SpringBootContextLoader', parent = [null]], attributes = map['org.springframework.test.context.web.ServletTestExecutionListener.activateListener' -> true, 'org.springframework.test.context.web.ServletTestExecutionListener.populatedRequestContextHolder' -> true, 'org.springframework.test.context.web.ServletTestExecutionListener.resetRequestContextHolder' -> true]]; transaction manager [org.springframework.orm.jpa.JpaTransactionManager@75de8c12]; rollback [true]
2018-12-27 11:25:45.405  INFO 2120 --- [    Test worker] o.s.b.t.m.w.SpringBootMockServletContext : Initializing Spring FrameworkServlet ''
2018-12-27 11:25:45.405  INFO 2120 --- [    Test worker] o.s.t.web.servlet.TestDispatcherServlet  : FrameworkServlet '': initialization started
2018-12-27 11:25:45.413  INFO 2120 --- [    Test worker] o.s.t.web.servlet.TestDispatcherServlet  : FrameworkServlet '': initialization completed in 8 ms
Hibernate: select itembranch0_.ibbuid as ibbuid1_32_0_, itembranch0_.ibinum as ibinum2_32_0_, itembranch0_.ibcid as ibcid3_32_0_, itembranch0_.ibdtin as ibdtin4_32_0_, itembranch0_.ibtmin as ibtmin5_32_0_, itembranch0_.ibuid as ibuid6_32_0_, itembranch0_.ibdtlu as ibdtlu7_32_0_, itembranch0_.ibtmlu as ibtmlu8_32_0_, itembranch0_.ibuidm as ibuidm9_32_0_, itembranch0_.ibdtls as ibdtls10_32_0_, itembranch0_.ibctm as ibctm11_32_0_, itembranch0_.ibitc02 as ibitc12_32_0_, itembranch0_.ibitc01 as ibitc13_32_0_, itembranch0_.ibitc10 as ibitc14_32_0_, itembranch0_.ibitc04 as ibitc15_32_0_, itembranch0_.ibitc06 as ibitc16_32_0_, itembranch0_.ibitc07 as ibitc17_32_0_, itembranch0_.ibitc08 as ibitc18_32_0_, itembranch0_.ibitc09 as ibitc19_32_0_, itembranch0_.ibitc05 as ibitc20_32_0_, itembranch0_.ibslrc0 as ibslrc21_32_0_, itembranch0_.ibslrc1 as ibslrc22_32_0_, itembranch0_.ibslrc2 as ibslrc23_32_0_, itembranch0_.ibslrc3 as ibslrc24_32_0_, itembranch0_.ibslrc4 as ibslrc25_32_0_, itembranch0_.ibslrc5 as ibslrc26_32_0_, itembranch0_.ibslrc6 as ibslrc27_32_0_, itembranch0_.ibslrc7 as ibslrc28_32_0_, itembranch0_.ibslrc8 as ibslrc29_32_0_, itembranch0_.ibslrc9 as ibslrc30_32_0_, itembranch0_.ibitc03 as ibitc31_32_0_, itembranch0_.ibglcls as ibglcls32_32_0_, itembranch0_.ibilc as ibilc33_32_0_, itembranch0_.ibipg as ibipg34_32_0_, itembranch0_.iblsc as iblsc35_32_0_, itembranch0_.ibmaxroq as ibmaxro36_32_0_, itembranch0_.ibminroq as ibminro37_32_0_, itembranch0_.ibbpid as ibbpid38_32_0_, itembranch0_.ibcsid as ibcsid39_32_0_, itembranch0_.ibudf as ibudf40_32_0_, itembranch0_.ibpmmf as ibpmmf41_32_0_, itembranch0_.ibrbii as ibrbii42_32_0_, itembranch0_.ibrbim as ibrbim43_32_0_, itembranch0_.ibrbis as ibrbis44_32_0_, itembranch0_.ibvnid as ibvnid45_32_0_, itembranch0_.ibtaxpc as ibtaxpc46_32_0_, itembranch0_.ibtaxsc as ibtaxsc47_32_0_, itembranch0_.ibplg as ibplg48_32_0_, itembranch0_.ibrop as ibrop49_32_0_, itembranch0_.ibroq as ibroq50_32_0_, itembranch0_.ibsfstk as ibsfstk51_32_0_, itembranch0_.ibsnr as ibsnr52_32_0_, itembranch0_.ibskty as ibskty53_32_0_, itembranch0_.iblnty as iblnty54_32_0_ from t41011 itembranch0_ where itembranch0_.ibbuid=? and itembranch0_.ibinum=?
Hibernate: update t41011 set ibcid=?, ibdtlu=?, ibtmlu=?, ibuidm=?, ibdtls=?, ibctm=?, ibitc02=?, ibitc01=?, ibitc10=?, ibitc04=?, ibitc06=?, ibitc07=?, ibitc08=?, ibitc09=?, ibitc05=?, ibslrc0=?, ibslrc1=?, ibslrc2=?, ibslrc3=?, ibslrc4=?, ibslrc5=?, ibslrc6=?, ibslrc7=?, ibslrc8=?, ibslrc9=?, ibitc03=?, ibglcls=?, ibilc=?, ibipg=?, iblsc=?, ibmaxroq=?, ibminroq=?, ibbpid=?, ibcsid=?, ibudf=?, ibpmmf=?, ibrbii=?, ibrbim=?, ibrbis=?, ibvnid=?, ibtaxpc=?, ibtaxsc=?, ibplg=?, ibrop=?, ibroq=?, ibsfstk=?, ibsnr=?, ibskty=?, iblnty=? where ibbuid=? and ibinum=?
Hibernate: select itembranch0_.ibbuid as ibbuid1_32_0_, itembranch0_.ibinum as ibinum2_32_0_, itembranch0_.ibcid as ibcid3_32_0_, itembranch0_.ibdtin as ibdtin4_32_0_, itembranch0_.ibtmin as ibtmin5_32_0_, itembranch0_.ibuid as ibuid6_32_0_, itembranch0_.ibdtlu as ibdtlu7_32_0_, itembranch0_.ibtmlu as ibtmlu8_32_0_, itembranch0_.ibuidm as ibuidm9_32_0_, itembranch0_.ibdtls as ibdtls10_32_0_, itembranch0_.ibctm as ibctm11_32_0_, itembranch0_.ibitc02 as ibitc12_32_0_, itembranch0_.ibitc01 as ibitc13_32_0_, itembranch0_.ibitc10 as ibitc14_32_0_, itembranch0_.ibitc04 as ibitc15_32_0_, itembranch0_.ibitc06 as ibitc16_32_0_, itembranch0_.ibitc07 as ibitc17_32_0_, itembranch0_.ibitc08 as ibitc18_32_0_, itembranch0_.ibitc09 as ibitc19_32_0_, itembranch0_.ibitc05 as ibitc20_32_0_, itembranch0_.ibslrc0 as ibslrc21_32_0_, itembranch0_.ibslrc1 as ibslrc22_32_0_, itembranch0_.ibslrc2 as ibslrc23_32_0_, itembranch0_.ibslrc3 as ibslrc24_32_0_, itembranch0_.ibslrc4 as ibslrc25_32_0_, itembranch0_.ibslrc5 as ibslrc26_32_0_, itembranch0_.ibslrc6 as ibslrc27_32_0_, itembranch0_.ibslrc7 as ibslrc28_32_0_, itembranch0_.ibslrc8 as ibslrc29_32_0_, itembranch0_.ibslrc9 as ibslrc30_32_0_, itembranch0_.ibitc03 as ibitc31_32_0_, itembranch0_.ibglcls as ibglcls32_32_0_, itembranch0_.ibilc as ibilc33_32_0_, itembranch0_.ibipg as ibipg34_32_0_, itembranch0_.iblsc as iblsc35_32_0_, itembranch0_.ibmaxroq as ibmaxro36_32_0_, itembranch0_.ibminroq as ibminro37_32_0_, itembranch0_.ibbpid as ibbpid38_32_0_, itembranch0_.ibcsid as ibcsid39_32_0_, itembranch0_.ibudf as ibudf40_32_0_, itembranch0_.ibpmmf as ibpmmf41_32_0_, itembranch0_.ibrbii as ibrbii42_32_0_, itembranch0_.ibrbim as ibrbim43_32_0_, itembranch0_.ibrbis as ibrbis44_32_0_, itembranch0_.ibvnid as ibvnid45_32_0_, itembranch0_.ibtaxpc as ibtaxpc46_32_0_, itembranch0_.ibtaxsc as ibtaxsc47_32_0_, itembranch0_.ibplg as ibplg48_32_0_, itembranch0_.ibrop as ibrop49_32_0_, itembranch0_.ibroq as ibroq50_32_0_, itembranch0_.ibsfstk as ibsfstk51_32_0_, itembranch0_.ibsnr as ibsnr52_32_0_, itembranch0_.ibskty as ibskty53_32_0_, itembranch0_.iblnty as iblnty54_32_0_ from t41011 itembranch0_ where itembranch0_.ibbuid=? and itembranch0_.ibinum=?
2018-12-27 11:25:45.562  INFO 2120 --- [    Test worker] o.s.t.c.transaction.TransactionContext   : Rolled back transaction for test: [DefaultTestContext@dcf67f7 testClass = ItemBranchInfoApiTest, testInstance = ags.goldenlionerp.apiTests.item.ItemBranchInfoApiTest@4c854855, testMethod = updateTestWithPatch@ItemBranchInfoApiTest, testException = [null], mergedContextConfiguration = [WebMergedContextConfiguration@546a01db testClass = ItemBranchInfoApiTest, locations = '{}', classes = '{class ags.goldenlionerp.GoldenLionErpApplication}', contextInitializerClasses = '[]', activeProfiles = '{}', propertySourceLocations = '{classpath:test.properties}', propertySourceProperties = '{org.springframework.boot.test.context.SpringBootTestContextBootstrapper=true}', contextCustomizers = set[org.springframework.boot.test.autoconfigure.properties.PropertyMappingContextCustomizer@0, org.springframework.boot.test.autoconfigure.web.servlet.WebDriverContextCustomizerFactory$Customizer@636d731e, [ImportsContextCustomizer@6a6dbb12 key = [ags.goldenlionerp.apiTests.ApiTestBase$TestConfig]], org.springframework.boot.test.context.filter.ExcludeFilterContextCustomizer@6afa5291, org.springframework.boot.test.json.DuplicateJsonObjectContextCustomizerFactory$DuplicateJsonObjectContextCustomizer@20cebcb4, org.springframework.boot.test.mock.mockito.MockitoContextCustomizer@0, org.springframework.boot.test.web.client.TestRestTemplateContextCustomizer@49a32273], resourceBasePath = 'src/main/webapp', contextLoader = 'org.springframework.boot.test.context.SpringBootContextLoader', parent = [null]], attributes = map['org.springframework.test.context.web.ServletTestExecutionListener.activateListener' -> true, 'org.springframework.test.context.web.ServletTestExecutionListener.populatedRequestContextHolder' -> true, 'org.springframework.test.context.web.ServletTestExecutionListener.resetRequestContextHolder' -> true]]
2018-12-27 11:25:45.565  INFO 2120 --- [    Test worker] o.s.t.c.transaction.TransactionContext   : Began transaction (1) for test context [DefaultTestContext@dcf67f7 testClass = ItemBranchInfoApiTest, testInstance = ags.goldenlionerp.apiTests.item.ItemBranchInfoApiTest@117a5c86, testMethod = updateTestWithPut@ApiTestBase, testException = [null], mergedContextConfiguration = [WebMergedContextConfiguration@546a01db testClass = ItemBranchInfoApiTest, locations = '{}', classes = '{class ags.goldenlionerp.GoldenLionErpApplication}', contextInitializerClasses = '[]', activeProfiles = '{}', propertySourceLocations = '{classpath:test.properties}', propertySourceProperties = '{org.springframework.boot.test.context.SpringBootTestContextBootstrapper=true}', contextCustomizers = set[org.springframework.boot.test.autoconfigure.properties.PropertyMappingContextCustomizer@0, org.springframework.boot.test.autoconfigure.web.servlet.WebDriverContextCustomizerFactory$Customizer@636d731e, [ImportsContextCustomizer@6a6dbb12 key = [ags.goldenlionerp.apiTests.ApiTestBase$TestConfig]], org.springframework.boot.test.context.filter.ExcludeFilterContextCustomizer@6afa5291, org.springframework.boot.test.json.DuplicateJsonObjectContextCustomizerFactory$DuplicateJsonObjectContextCustomizer@20cebcb4, org.springframework.boot.test.mock.mockito.MockitoContextCustomizer@0, org.springframework.boot.test.web.client.TestRestTemplateContextCustomizer@49a32273], resourceBasePath = 'src/main/webapp', contextLoader = 'org.springframework.boot.test.context.SpringBootContextLoader', parent = [null]], attributes = map['org.springframework.test.context.web.ServletTestExecutionListener.activateListener' -> true, 'org.springframework.test.context.web.ServletTestExecutionListener.populatedRequestContextHolder' -> true, 'org.springframework.test.context.web.ServletTestExecutionListener.resetRequestContextHolder' -> true]]; transaction manager [org.springframework.orm.jpa.JpaTransactionManager@75de8c12]; rollback [true]
2018-12-27 11:25:45.567  INFO 2120 --- [    Test worker] o.s.b.t.m.w.SpringBootMockServletContext : Initializing Spring FrameworkServlet ''
2018-12-27 11:25:45.567  INFO 2120 --- [    Test worker] o.s.t.web.servlet.TestDispatcherServlet  : FrameworkServlet '': initialization started
2018-12-27 11:25:45.574  INFO 2120 --- [    Test worker] o.s.t.web.servlet.TestDispatcherServlet  : FrameworkServlet '': initialization completed in 7 ms
Hibernate: select itembranch0_.ibbuid as ibbuid1_32_0_, itembranch0_.ibinum as ibinum2_32_0_, itembranch0_.ibcid as ibcid3_32_0_, itembranch0_.ibdtin as ibdtin4_32_0_, itembranch0_.ibtmin as ibtmin5_32_0_, itembranch0_.ibuid as ibuid6_32_0_, itembranch0_.ibdtlu as ibdtlu7_32_0_, itembranch0_.ibtmlu as ibtmlu8_32_0_, itembranch0_.ibuidm as ibuidm9_32_0_, itembranch0_.ibdtls as ibdtls10_32_0_, itembranch0_.ibctm as ibctm11_32_0_, itembranch0_.ibitc02 as ibitc12_32_0_, itembranch0_.ibitc01 as ibitc13_32_0_, itembranch0_.ibitc10 as ibitc14_32_0_, itembranch0_.ibitc04 as ibitc15_32_0_, itembranch0_.ibitc06 as ibitc16_32_0_, itembranch0_.ibitc07 as ibitc17_32_0_, itembranch0_.ibitc08 as ibitc18_32_0_, itembranch0_.ibitc09 as ibitc19_32_0_, itembranch0_.ibitc05 as ibitc20_32_0_, itembranch0_.ibslrc0 as ibslrc21_32_0_, itembranch0_.ibslrc1 as ibslrc22_32_0_, itembranch0_.ibslrc2 as ibslrc23_32_0_, itembranch0_.ibslrc3 as ibslrc24_32_0_, itembranch0_.ibslrc4 as ibslrc25_32_0_, itembranch0_.ibslrc5 as ibslrc26_32_0_, itembranch0_.ibslrc6 as ibslrc27_32_0_, itembranch0_.ibslrc7 as ibslrc28_32_0_, itembranch0_.ibslrc8 as ibslrc29_32_0_, itembranch0_.ibslrc9 as ibslrc30_32_0_, itembranch0_.ibitc03 as ibitc31_32_0_, itembranch0_.ibglcls as ibglcls32_32_0_, itembranch0_.ibilc as ibilc33_32_0_, itembranch0_.ibipg as ibipg34_32_0_, itembranch0_.iblsc as iblsc35_32_0_, itembranch0_.ibmaxroq as ibmaxro36_32_0_, itembranch0_.ibminroq as ibminro37_32_0_, itembranch0_.ibbpid as ibbpid38_32_0_, itembranch0_.ibcsid as ibcsid39_32_0_, itembranch0_.ibudf as ibudf40_32_0_, itembranch0_.ibpmmf as ibpmmf41_32_0_, itembranch0_.ibrbii as ibrbii42_32_0_, itembranch0_.ibrbim as ibrbim43_32_0_, itembranch0_.ibrbis as ibrbis44_32_0_, itembranch0_.ibvnid as ibvnid45_32_0_, itembranch0_.ibtaxpc as ibtaxpc46_32_0_, itembranch0_.ibtaxsc as ibtaxsc47_32_0_, itembranch0_.ibplg as ibplg48_32_0_, itembranch0_.ibrop as ibrop49_32_0_, itembranch0_.ibroq as ibroq50_32_0_, itembranch0_.ibsfstk as ibsfstk51_32_0_, itembranch0_.ibsnr as ibsnr52_32_0_, itembranch0_.ibskty as ibskty53_32_0_, itembranch0_.iblnty as iblnty54_32_0_ from t41011 itembranch0_ where itembranch0_.ibbuid=? and itembranch0_.ibinum=?
2018-12-27 11:25:45.594  INFO 2120 --- [    Test worker] o.s.t.c.transaction.TransactionContext   : Rolled back transaction for test: [DefaultTestContext@dcf67f7 testClass = ItemBranchInfoApiTest, testInstance = ags.goldenlionerp.apiTests.item.ItemBranchInfoApiTest@117a5c86, testMethod = updateTestWithPut@ApiTestBase, testException = [null], mergedContextConfiguration = [WebMergedContextConfiguration@546a01db testClass = ItemBranchInfoApiTest, locations = '{}', classes = '{class ags.goldenlionerp.GoldenLionErpApplication}', contextInitializerClasses = '[]', activeProfiles = '{}', propertySourceLocations = '{classpath:test.properties}', propertySourceProperties = '{org.springframework.boot.test.context.SpringBootTestContextBootstrapper=true}', contextCustomizers = set[org.springframework.boot.test.autoconfigure.properties.PropertyMappingContextCustomizer@0, org.springframework.boot.test.autoconfigure.web.servlet.WebDriverContextCustomizerFactory$Customizer@636d731e, [ImportsContextCustomizer@6a6dbb12 key = [ags.goldenlionerp.apiTests.ApiTestBase$TestConfig]], org.springframework.boot.test.context.filter.ExcludeFilterContextCustomizer@6afa5291, org.springframework.boot.test.json.DuplicateJsonObjectContextCustomizerFactory$DuplicateJsonObjectContextCustomizer@20cebcb4, org.springframework.boot.test.mock.mockito.MockitoContextCustomizer@0, org.springframework.boot.test.web.client.TestRestTemplateContextCustomizer@49a32273], resourceBasePath = 'src/main/webapp', contextLoader = 'org.springframework.boot.test.context.SpringBootContextLoader', parent = [null]], attributes = map['org.springframework.test.context.web.ServletTestExecutionListener.activateListener' -> true, 'org.springframework.test.context.web.ServletTestExecutionListener.populatedRequestContextHolder' -> true, 'org.springframework.test.context.web.ServletTestExecutionListener.resetRequestContextHolder' -> true]]
2018-12-27 11:25:45.597  INFO 2120 --- [    Test worker] o.s.t.c.transaction.TransactionContext   : Began transaction (1) for test context [DefaultTestContext@dcf67f7 testClass = ItemBranchInfoApiTest, testInstance = ags.goldenlionerp.apiTests.item.ItemBranchInfoApiTest@685193, testMethod = getTestSingle@ApiTestBase, testException = [null], mergedContextConfiguration = [WebMergedContextConfiguration@546a01db testClass = ItemBranchInfoApiTest, locations = '{}', classes = '{class ags.goldenlionerp.GoldenLionErpApplication}', contextInitializerClasses = '[]', activeProfiles = '{}', propertySourceLocations = '{classpath:test.properties}', propertySourceProperties = '{org.springframework.boot.test.context.SpringBootTestContextBootstrapper=true}', contextCustomizers = set[org.springframework.boot.test.autoconfigure.properties.PropertyMappingContextCustomizer@0, org.springframework.boot.test.autoconfigure.web.servlet.WebDriverContextCustomizerFactory$Customizer@636d731e, [ImportsContextCustomizer@6a6dbb12 key = [ags.goldenlionerp.apiTests.ApiTestBase$TestConfig]], org.springframework.boot.test.context.filter.ExcludeFilterContextCustomizer@6afa5291, org.springframework.boot.test.json.DuplicateJsonObjectContextCustomizerFactory$DuplicateJsonObjectContextCustomizer@20cebcb4, org.springframework.boot.test.mock.mockito.MockitoContextCustomizer@0, org.springframework.boot.test.web.client.TestRestTemplateContextCustomizer@49a32273], resourceBasePath = 'src/main/webapp', contextLoader = 'org.springframework.boot.test.context.SpringBootContextLoader', parent = [null]], attributes = map['org.springframework.test.context.web.ServletTestExecutionListener.activateListener' -> true, 'org.springframework.test.context.web.ServletTestExecutionListener.populatedRequestContextHolder' -> true, 'org.springframework.test.context.web.ServletTestExecutionListener.resetRequestContextHolder' -> true]]; transaction manager [org.springframework.orm.jpa.JpaTransactionManager@75de8c12]; rollback [true]
2018-12-27 11:25:45.598  INFO 2120 --- [    Test worker] o.s.b.t.m.w.SpringBootMockServletContext : Initializing Spring FrameworkServlet ''
2018-12-27 11:25:45.598  INFO 2120 --- [    Test worker] o.s.t.web.servlet.TestDispatcherServlet  : FrameworkServlet '': initialization started
2018-12-27 11:25:45.606  INFO 2120 --- [    Test worker] o.s.t.web.servlet.TestDispatcherServlet  : FrameworkServlet '': initialization completed in 8 ms
Hibernate: select itembranch0_.ibbuid as ibbuid1_32_0_, itembranch0_.ibinum as ibinum2_32_0_, itembranch0_.ibcid as ibcid3_32_0_, itembranch0_.ibdtin as ibdtin4_32_0_, itembranch0_.ibtmin as ibtmin5_32_0_, itembranch0_.ibuid as ibuid6_32_0_, itembranch0_.ibdtlu as ibdtlu7_32_0_, itembranch0_.ibtmlu as ibtmlu8_32_0_, itembranch0_.ibuidm as ibuidm9_32_0_, itembranch0_.ibdtls as ibdtls10_32_0_, itembranch0_.ibctm as ibctm11_32_0_, itembranch0_.ibitc02 as ibitc12_32_0_, itembranch0_.ibitc01 as ibitc13_32_0_, itembranch0_.ibitc10 as ibitc14_32_0_, itembranch0_.ibitc04 as ibitc15_32_0_, itembranch0_.ibitc06 as ibitc16_32_0_, itembranch0_.ibitc07 as ibitc17_32_0_, itembranch0_.ibitc08 as ibitc18_32_0_, itembranch0_.ibitc09 as ibitc19_32_0_, itembranch0_.ibitc05 as ibitc20_32_0_, itembranch0_.ibslrc0 as ibslrc21_32_0_, itembranch0_.ibslrc1 as ibslrc22_32_0_, itembranch0_.ibslrc2 as ibslrc23_32_0_, itembranch0_.ibslrc3 as ibslrc24_32_0_, itembranch0_.ibslrc4 as ibslrc25_32_0_, itembranch0_.ibslrc5 as ibslrc26_32_0_, itembranch0_.ibslrc6 as ibslrc27_32_0_, itembranch0_.ibslrc7 as ibslrc28_32_0_, itembranch0_.ibslrc8 as ibslrc29_32_0_, itembranch0_.ibslrc9 as ibslrc30_32_0_, itembranch0_.ibitc03 as ibitc31_32_0_, itembranch0_.ibglcls as ibglcls32_32_0_, itembranch0_.ibilc as ibilc33_32_0_, itembranch0_.ibipg as ibipg34_32_0_, itembranch0_.iblsc as iblsc35_32_0_, itembranch0_.ibmaxroq as ibmaxro36_32_0_, itembranch0_.ibminroq as ibminro37_32_0_, itembranch0_.ibbpid as ibbpid38_32_0_, itembranch0_.ibcsid as ibcsid39_32_0_, itembranch0_.ibudf as ibudf40_32_0_, itembranch0_.ibpmmf as ibpmmf41_32_0_, itembranch0_.ibrbii as ibrbii42_32_0_, itembranch0_.ibrbim as ibrbim43_32_0_, itembranch0_.ibrbis as ibrbis44_32_0_, itembranch0_.ibvnid as ibvnid45_32_0_, itembranch0_.ibtaxpc as ibtaxpc46_32_0_, itembranch0_.ibtaxsc as ibtaxsc47_32_0_, itembranch0_.ibplg as ibplg48_32_0_, itembranch0_.ibrop as ibrop49_32_0_, itembranch0_.ibroq as ibroq50_32_0_, itembranch0_.ibsfstk as ibsfstk51_32_0_, itembranch0_.ibsnr as ibsnr52_32_0_, itembranch0_.ibskty as ibskty53_32_0_, itembranch0_.iblnty as iblnty54_32_0_ from t41011 itembranch0_ where itembranch0_.ibbuid=? and itembranch0_.ibinum=?
2018-12-27 11:25:45.630  INFO 2120 --- [    Test worker] o.s.t.c.transaction.TransactionContext   : Rolled back transaction for test: [DefaultTestContext@dcf67f7 testClass = ItemBranchInfoApiTest, testInstance = ags.goldenlionerp.apiTests.item.ItemBranchInfoApiTest@685193, testMethod = getTestSingle@ApiTestBase, testException = [null], mergedContextConfiguration = [WebMergedContextConfiguration@546a01db testClass = ItemBranchInfoApiTest, locations = '{}', classes = '{class ags.goldenlionerp.GoldenLionErpApplication}', contextInitializerClasses = '[]', activeProfiles = '{}', propertySourceLocations = '{classpath:test.properties}', propertySourceProperties = '{org.springframework.boot.test.context.SpringBootTestContextBootstrapper=true}', contextCustomizers = set[org.springframework.boot.test.autoconfigure.properties.PropertyMappingContextCustomizer@0, org.springframework.boot.test.autoconfigure.web.servlet.WebDriverContextCustomizerFactory$Customizer@636d731e, [ImportsContextCustomizer@6a6dbb12 key = [ags.goldenlionerp.apiTests.ApiTestBase$TestConfig]], org.springframework.boot.test.context.filter.ExcludeFilterContextCustomizer@6afa5291, org.springframework.boot.test.json.DuplicateJsonObjectContextCustomizerFactory$DuplicateJsonObjectContextCustomizer@20cebcb4, org.springframework.boot.test.mock.mockito.MockitoContextCustomizer@0, org.springframework.boot.test.web.client.TestRestTemplateContextCustomizer@49a32273], resourceBasePath = 'src/main/webapp', contextLoader = 'org.springframework.boot.test.context.SpringBootContextLoader', parent = [null]], attributes = map['org.springframework.test.context.web.ServletTestExecutionListener.activateListener' -> true, 'org.springframework.test.context.web.ServletTestExecutionListener.populatedRequestContextHolder' -> true, 'org.springframework.test.context.web.ServletTestExecutionListener.resetRequestContextHolder' -> true]]
2018-12-27 11:25:45.634  INFO 2120 --- [    Test worker] o.s.t.c.transaction.TransactionContext   : Began transaction (1) for test context [DefaultTestContext@dcf67f7 testClass = ItemBranchInfoApiTest, testInstance = ags.goldenlionerp.apiTests.item.ItemBranchInfoApiTest@2f46e640, testMethod = getTestCollection@ApiTestBase, testException = [null], mergedContextConfiguration = [WebMergedContextConfiguration@546a01db testClass = ItemBranchInfoApiTest, locations = '{}', classes = '{class ags.goldenlionerp.GoldenLionErpApplication}', contextInitializerClasses = '[]', activeProfiles = '{}', propertySourceLocations = '{classpath:test.properties}', propertySourceProperties = '{org.springframework.boot.test.context.SpringBootTestContextBootstrapper=true}', contextCustomizers = set[org.springframework.boot.test.autoconfigure.properties.PropertyMappingContextCustomizer@0, org.springframework.boot.test.autoconfigure.web.servlet.WebDriverContextCustomizerFactory$Customizer@636d731e, [ImportsContextCustomizer@6a6dbb12 key = [ags.goldenlionerp.apiTests.ApiTestBase$TestConfig]], org.springframework.boot.test.context.filter.ExcludeFilterContextCustomizer@6afa5291, org.springframework.boot.test.json.DuplicateJsonObjectContextCustomizerFactory$DuplicateJsonObjectContextCustomizer@20cebcb4, org.springframework.boot.test.mock.mockito.MockitoContextCustomizer@0, org.springframework.boot.test.web.client.TestRestTemplateContextCustomizer@49a32273], resourceBasePath = 'src/main/webapp', contextLoader = 'org.springframework.boot.test.context.SpringBootContextLoader', parent = [null]], attributes = map['org.springframework.test.context.web.ServletTestExecutionListener.activateListener' -> true, 'org.springframework.test.context.web.ServletTestExecutionListener.populatedRequestContextHolder' -> true, 'org.springframework.test.context.web.ServletTestExecutionListener.resetRequestContextHolder' -> true]]; transaction manager [org.springframework.orm.jpa.JpaTransactionManager@75de8c12]; rollback [true]
2018-12-27 11:25:45.634  INFO 2120 --- [    Test worker] o.s.b.t.m.w.SpringBootMockServletContext : Initializing Spring FrameworkServlet ''
2018-12-27 11:25:45.634  INFO 2120 --- [    Test worker] o.s.t.web.servlet.TestDispatcherServlet  : FrameworkServlet '': initialization started
2018-12-27 11:25:45.641  INFO 2120 --- [    Test worker] o.s.t.web.servlet.TestDispatcherServlet  : FrameworkServlet '': initialization completed in 7 ms
Hibernate: select TOP(?) itembranch0_.ibbuid as ibbuid1_32_, itembranch0_.ibinum as ibinum2_32_, itembranch0_.ibcid as ibcid3_32_, itembranch0_.ibdtin as ibdtin4_32_, itembranch0_.ibtmin as ibtmin5_32_, itembranch0_.ibuid as ibuid6_32_, itembranch0_.ibdtlu as ibdtlu7_32_, itembranch0_.ibtmlu as ibtmlu8_32_, itembranch0_.ibuidm as ibuidm9_32_, itembranch0_.ibdtls as ibdtls10_32_, itembranch0_.ibctm as ibctm11_32_, itembranch0_.ibitc02 as ibitc12_32_, itembranch0_.ibitc01 as ibitc13_32_, itembranch0_.ibitc10 as ibitc14_32_, itembranch0_.ibitc04 as ibitc15_32_, itembranch0_.ibitc06 as ibitc16_32_, itembranch0_.ibitc07 as ibitc17_32_, itembranch0_.ibitc08 as ibitc18_32_, itembranch0_.ibitc09 as ibitc19_32_, itembranch0_.ibitc05 as ibitc20_32_, itembranch0_.ibslrc0 as ibslrc21_32_, itembranch0_.ibslrc1 as ibslrc22_32_, itembranch0_.ibslrc2 as ibslrc23_32_, itembranch0_.ibslrc3 as ibslrc24_32_, itembranch0_.ibslrc4 as ibslrc25_32_, itembranch0_.ibslrc5 as ibslrc26_32_, itembranch0_.ibslrc6 as ibslrc27_32_, itembranch0_.ibslrc7 as ibslrc28_32_, itembranch0_.ibslrc8 as ibslrc29_32_, itembranch0_.ibslrc9 as ibslrc30_32_, itembranch0_.ibitc03 as ibitc31_32_, itembranch0_.ibglcls as ibglcls32_32_, itembranch0_.ibilc as ibilc33_32_, itembranch0_.ibipg as ibipg34_32_, itembranch0_.iblsc as iblsc35_32_, itembranch0_.ibmaxroq as ibmaxro36_32_, itembranch0_.ibminroq as ibminro37_32_, itembranch0_.ibbpid as ibbpid38_32_, itembranch0_.ibcsid as ibcsid39_32_, itembranch0_.ibudf as ibudf40_32_, itembranch0_.ibpmmf as ibpmmf41_32_, itembranch0_.ibrbii as ibrbii42_32_, itembranch0_.ibrbim as ibrbim43_32_, itembranch0_.ibrbis as ibrbis44_32_, itembranch0_.ibvnid as ibvnid45_32_, itembranch0_.ibtaxpc as ibtaxpc46_32_, itembranch0_.ibtaxsc as ibtaxsc47_32_, itembranch0_.ibplg as ibplg48_32_, itembranch0_.ibrop as ibrop49_32_, itembranch0_.ibroq as ibroq50_32_, itembranch0_.ibsfstk as ibsfstk51_32_, itembranch0_.ibsnr as ibsnr52_32_, itembranch0_.ibskty as ibskty53_32_, itembranch0_.iblnty as iblnty54_32_ from t41011 itembranch0_
Hibernate: select count(itembranch0_.ibbuid) as col_0_0_ from t41011 itembranch0_

MockHttpServletRequest:
      HTTP Method = GET
      Request URI = /api/itembranches/
       Parameters = {}
          Headers = {Accept=[application/json]}
             Body = <no character encoding set>
    Session Attrs = {org.springframework.security.web.csrf.HttpSessionCsrfTokenRepository.CSRF_TOKEN=org.springframework.security.web.csrf.DefaultCsrfToken@6bd9fdb8, SPRING_SECURITY_CONTEXT=org.springframework.security.core.context.SecurityContextImpl@475fcd89: Authentication: org.springframework.security.authentication.UsernamePasswordAuthenticationToken@475fcd89: Principal: org.springframework.security.core.userdetails.User@f02988d6: Username: username; Password: [PROTECTED]; Enabled: true; AccountNonExpired: true; credentialsNonExpired: true; AccountNonLocked: true; Not granted any authorities; Credentials: [PROTECTED]; Authenticated: true; Details: null; Not granted any authorities}

Handler:
             Type = org.springframework.data.rest.webmvc.RepositoryEntityController
           Method = public org.springframework.hateoas.Resources<?> org.springframework.data.rest.webmvc.RepositoryEntityController.getCollectionResource(org.springframework.data.rest.webmvc.RootResourceInformation,org.springframework.data.rest.webmvc.support.DefaultedPageable,org.springframework.data.domain.Sort,org.springframework.data.rest.webmvc.PersistentEntityResourceAssembler) throws org.springframework.data.rest.webmvc.ResourceNotFoundException,org.springframework.web.HttpRequestMethodNotSupportedException

Async:
    Async started = false
     Async result = null

Resolved Exception:
             Type = null

ModelAndView:
        View name = null
             View = null
            Model = null

FlashMap:
       Attributes = null

MockHttpServletResponse:
           Status = 200
    Error message = null
          Headers = {Content-Type=[application/json;charset=UTF-8], X-Content-Type-Options=[nosniff], X-XSS-Protection=[1; mode=block], Cache-Control=[no-cache, no-store, max-age=0, must-revalidate], Pragma=[no-cache], Expires=[0], X-Frame-Options=[DENY]}
     Content type = application/json;charset=UTF-8
             Body = {
  "_embedded" : {
    "itembranches" : [ {
      "inputUserId" : "QSA",
      "lastUpdateUserId" : "ERWIN",
      "computerId" : "AYOOKLIK",
      "lastSynchronizedDate" : null,
      "branchCode" : "110",
      "itemCode" : "ACC.APC-AR2400FP1",
      "stockingType" : "P",
      "glClass" : "INV",
      "transactionType" : "S",
      "reorderQty" : 0.00000,
      "reorderPoint" : 0.00000,
      "maximumReorderQty" : 0.00000,
      "minimumReorderQty" : 0.00000,
      "safetyStock" : 0.00000,
      "commitmentMethod" : "2",
      "inventoryLotCreation" : false,
      "serialNumberRequired" : false,
      "lotStatusCode" : "",
      "itemPriceGroup" : "",
      "printerLocationGroup" : "",
      "parameters" : {
        "discountFactor" : 0E-15,
        "profitMarginMinimumFactor" : 0.00000,
        "taxOnSalesCode" : "",
        "taxOnPurchaseCode" : "",
        "branchPlantId" : "",
        "customerId" : "",
        "supplierId" : "",
        "rankByInventorySales" : "",
        "rankByInventoryMargin" : "",
        "rankByInventoryInvestment" : ""
      },
      "dataGroups" : {
        "categoryCode" : "",
        "brandCode" : "",
        "typeCode" : "",
        "categoryCode4" : "",
        "landedCostRule" : "",
        "categoryCode6" : "",
        "categoryCode7" : "",
        "categoryCode8" : "",
        "categoryCode9" : "",
        "categoryCode10" : "",
        "salesReportingCode1" : "",
        "salesReportingCode2" : "",
        "salesReportingCode3" : "",
        "salesReportingCode4" : "",
        "salesReportingCode5" : "",
        "salesReportingCode6" : "",
        "salesReportingCode7" : "",
        "salesReportingCode8" : "",
        "salesReportingCode9" : "",
        "salesReportingCode0" : ""
      },
      "itemCode" : "ACC.APC-AR2400FP1",
      "branchCode" : "110",
      "lastUpdateDateTime" : "2018-02-02T17:17:20",
      "inputDateTime" : "2017-10-30T00:00:00",
      "_links" : {
        "self" : {
          "href" : "http://localhost/api/itembranches/110_ACC.APC-AR2400FP1"
        },
        "itemBranchInfo" : {
          "href" : "http://localhost/api/itembranches/110_ACC.APC-AR2400FP1"
        },
        "itemMaster" : {
          "href" : "http://localhost/api/itembranches/110_ACC.APC-AR2400FP1/itemMaster"
        },
        "branch" : {
          "href" : "http://localhost/api/itembranches/110_ACC.APC-AR2400FP1/branch"
        }
      }
    }, {
      "inputUserId" : "ANTHONI",
      "lastUpdateUserId" : "ANTHONI",
      "computerId" : "DESKTOP-9TRIRBU",
      "lastSynchronizedDate" : null,
      "branchCode" : "110",
      "itemCode" : "ACC.BATERAI - CMOS\t\t\t",
      "stockingType" : "P",
      "glClass" : "INFG",
      "transactionType" : "S",
      "reorderQty" : 0.00000,
      "reorderPoint" : 0.00000,
      "maximumReorderQty" : 0.00000,
      "minimumReorderQty" : 0.00000,
      "safetyStock" : 0.00000,
      "commitmentMethod" : "2",
      "inventoryLotCreation" : false,
      "serialNumberRequired" : false,
      "lotStatusCode" : "",
      "itemPriceGroup" : "",
      "printerLocationGroup" : "",
      "parameters" : {
        "discountFactor" : 0E-15,
        "profitMarginMinimumFactor" : 0.00000,
        "taxOnSalesCode" : "",
        "taxOnPurchaseCode" : "",
        "branchPlantId" : "",
        "customerId" : "",
        "supplierId" : "",
        "rankByInventorySales" : "",
        "rankByInventoryMargin" : "",
        "rankByInventoryInvestment" : ""
      },
      "dataGroups" : {
        "categoryCode" : "",
        "brandCode" : "",
        "typeCode" : "",
        "categoryCode4" : "",
        "landedCostRule" : "",
        "categoryCode6" : "",
        "categoryCode7" : "",
        "categoryCode8" : "",
        "categoryCode9" : "",
        "categoryCode10" : "",
        "salesReportingCode1" : "",
        "salesReportingCode2" : "",
        "salesReportingCode3" : "",
        "salesReportingCode4" : "",
        "salesReportingCode5" : "",
        "salesReportingCode6" : "",
        "salesReportingCode7" : "",
        "salesReportingCode8" : "",
        "salesReportingCode9" : "",
        "salesReportingCode0" : ""
      },
      "itemCode" : "ACC.BATERAI - CMOS\t\t\t",
      "branchCode" : "110",
      "lastUpdateDateTime" : "2018-02-12T13:51:22",
      "inputDateTime" : "2018-02-12T13:51:22",
      "_links" : {
        "self" : {
          "href" : "http://localhost/api/itembranches/110_ACC.BATERAI_-_CMOS_t_t_t"
        },
        "itemBranchInfo" : {
          "href" : "http://localhost/api/itembranches/110_ACC.BATERAI_-_CMOS_t_t_t"
        },
        "itemMaster" : {
          "href" : "http://localhost/api/itembranches/110_ACC.BATERAI_-_CMOS_t_t_t/itemMaster"
        },
        "branch" : {
          "href" : "http://localhost/api/itembranches/110_ACC.BATERAI_-_CMOS_t_t_t/branch"
        }
      }
    }, {
      "inputUserId" : "QSA",
      "lastUpdateUserId" : "QSA",
      "computerId" : "LAPTOP-FHFRCCL6",
      "lastSynchronizedDate" : null,
      "branchCode" : "110",
      "itemCode" : "ACC.BROTHER-LT6505",
      "stockingType" : "P",
      "glClass" : "INFG",
      "transactionType" : "S",
      "reorderQty" : 0.00000,
      "reorderPoint" : 0.00000,
      "maximumReorderQty" : 0.00000,
      "minimumReorderQty" : 0.00000,
      "safetyStock" : 0.00000,
      "commitmentMethod" : "2",
      "inventoryLotCreation" : false,
      "serialNumberRequired" : true,
      "lotStatusCode" : "",
      "itemPriceGroup" : "",
      "printerLocationGroup" : "",
      "parameters" : {
        "discountFactor" : 0E-15,
        "profitMarginMinimumFactor" : 0.00000,
        "taxOnSalesCode" : "",
        "taxOnPurchaseCode" : "",
        "branchPlantId" : "",
        "customerId" : "",
        "supplierId" : "",
        "rankByInventorySales" : "",
        "rankByInventoryMargin" : "",
        "rankByInventoryInvestment" : ""
      },
      "dataGroups" : {
        "categoryCode" : "",
        "brandCode" : "",
        "typeCode" : "",
        "categoryCode4" : "",
        "landedCostRule" : "",
        "categoryCode6" : "",
        "categoryCode7" : "",
        "categoryCode8" : "",
        "categoryCode9" : "",
        "categoryCode10" : "",
        "salesReportingCode1" : "",
        "salesReportingCode2" : "",
        "salesReportingCode3" : "",
        "salesReportingCode4" : "",
        "salesReportingCode5" : "",
        "salesReportingCode6" : "",
        "salesReportingCode7" : "",
        "salesReportingCode8" : "",
        "salesReportingCode9" : "",
        "salesReportingCode0" : ""
      },
      "itemCode" : "ACC.BROTHER-LT6505",
      "branchCode" : "110",
      "lastUpdateDateTime" : "2018-10-26T14:57:47",
      "inputDateTime" : "2017-10-30T00:00:00",
      "_links" : {
        "self" : {
          "href" : "http://localhost/api/itembranches/110_ACC.BROTHER-LT6505"
        },
        "itemBranchInfo" : {
          "href" : "http://localhost/api/itembranches/110_ACC.BROTHER-LT6505"
        },
        "itemMaster" : {
          "href" : "http://localhost/api/itembranches/110_ACC.BROTHER-LT6505/itemMaster"
        },
        "branch" : {
          "href" : "http://localhost/api/itembranches/110_ACC.BROTHER-LT6505/branch"
        }
      }
    }, {
      "inputUserId" : "QSA",
      "lastUpdateUserId" : "ANTHONI",
      "computerId" : "DESKTOP-09OGK1M",
      "lastSynchronizedDate" : null,
      "branchCode" : "110",
      "itemCode" : "ACC.BROTHER-MX4000",
      "stockingType" : "P",
      "glClass" : "INFG",
      "transactionType" : "S",
      "reorderQty" : 0.00000,
      "reorderPoint" : 0.00000,
      "maximumReorderQty" : 0.00000,
      "minimumReorderQty" : 0.00000,
      "safetyStock" : 0.00000,
      "commitmentMethod" : "2",
      "inventoryLotCreation" : false,
      "serialNumberRequired" : false,
      "lotStatusCode" : "N",
      "itemPriceGroup" : "",
      "printerLocationGroup" : "",
      "parameters" : {
        "discountFactor" : 0E-15,
        "profitMarginMinimumFactor" : 0.00000,
        "taxOnSalesCode" : "",
        "taxOnPurchaseCode" : "",
        "branchPlantId" : "",
        "customerId" : "",
        "supplierId" : "",
        "rankByInventorySales" : "",
        "rankByInventoryMargin" : "",
        "rankByInventoryInvestment" : ""
      },
      "dataGroups" : {
        "categoryCode" : "",
        "brandCode" : "",
        "typeCode" : "",
        "categoryCode4" : "",
        "landedCostRule" : "",
        "categoryCode6" : "",
        "categoryCode7" : "",
        "categoryCode8" : "",
        "categoryCode9" : "",
        "categoryCode10" : "",
        "salesReportingCode1" : "",
        "salesReportingCode2" : "",
        "salesReportingCode3" : "",
        "salesReportingCode4" : "",
        "salesReportingCode5" : "",
        "salesReportingCode6" : "",
        "salesReportingCode7" : "",
        "salesReportingCode8" : "",
        "salesReportingCode9" : "",
        "salesReportingCode0" : ""
      },
      "itemCode" : "ACC.BROTHER-MX4000",
      "branchCode" : "110",
      "lastUpdateDateTime" : "2018-03-24T14:34:05",
      "inputDateTime" : "2017-10-30T00:00:00",
      "_links" : {
        "self" : {
          "href" : "http://localhost/api/itembranches/110_ACC.BROTHER-MX4000"
        },
        "itemBranchInfo" : {
          "href" : "http://localhost/api/itembranches/110_ACC.BROTHER-MX4000"
        },
        "itemMaster" : {
          "href" : "http://localhost/api/itembranches/110_ACC.BROTHER-MX4000/itemMaster"
        },
        "branch" : {
          "href" : "http://localhost/api/itembranches/110_ACC.BROTHER-MX4000/branch"
        }
      }
    }, {
      "inputUserId" : "QSA",
      "lastUpdateUserId" : "ANTHONI",
      "computerId" : "DESKTOP-09OGK1M",
      "lastSynchronizedDate" : null,
      "branchCode" : "110",
      "itemCode" : "ACC.BROTHER-TT4000",
      "stockingType" : "P",
      "glClass" : "INFG",
      "transactionType" : "S",
      "reorderQty" : 0.00000,
      "reorderPoint" : 0.00000,
      "maximumReorderQty" : 0.00000,
      "minimumReorderQty" : 0.00000,
      "safetyStock" : 0.00000,
      "commitmentMethod" : "2",
      "inventoryLotCreation" : false,
      "serialNumberRequired" : false,
      "lotStatusCode" : "N",
      "itemPriceGroup" : "",
      "printerLocationGroup" : "",
      "parameters" : {
        "discountFactor" : 0E-15,
        "profitMarginMinimumFactor" : 0.00000,
        "taxOnSalesCode" : "",
        "taxOnPurchaseCode" : "",
        "branchPlantId" : "",
        "customerId" : "",
        "supplierId" : "",
        "rankByInventorySales" : "",
        "rankByInventoryMargin" : "",
        "rankByInventoryInvestment" : ""
      },
      "dataGroups" : {
        "categoryCode" : "",
        "brandCode" : "",
        "typeCode" : "",
        "categoryCode4" : "",
        "landedCostRule" : "",
        "categoryCode6" : "",
        "categoryCode7" : "",
        "categoryCode8" : "",
        "categoryCode9" : "",
        "categoryCode10" : "",
        "salesReportingCode1" : "",
        "salesReportingCode2" : "",
        "salesReportingCode3" : "",
        "salesReportingCode4" : "",
        "salesReportingCode5" : "",
        "salesReportingCode6" : "",
        "salesReportingCode7" : "",
        "salesReportingCode8" : "",
        "salesReportingCode9" : "",
        "salesReportingCode0" : ""
      },
      "itemCode" : "ACC.BROTHER-TT4000",
      "branchCode" : "110",
      "lastUpdateDateTime" : "2018-03-24T14:34:18",
      "inputDateTime" : "2017-10-30T00:00:00",
      "_links" : {
        "self" : {
          "href" : "http://localhost/api/itembranches/110_ACC.BROTHER-TT4000"
        },
        "itemBranchInfo" : {
          "href" : "http://localhost/api/itembranches/110_ACC.BROTHER-TT4000"
        },
        "itemMaster" : {
          "href" : "http://localhost/api/itembranches/110_ACC.BROTHER-TT4000/itemMaster"
        },
        "branch" : {
          "href" : "http://localhost/api/itembranches/110_ACC.BROTHER-TT4000/branch"
        }
      }
    }, {
      "inputUserId" : "QSA",
      "lastUpdateUserId" : "QSA",
      "computerId" : "GLSERVER01",
      "lastSynchronizedDate" : null,
      "branchCode" : "110",
      "itemCode" : "ACC.CD-CDBLANK",
      "stockingType" : "P",
      "glClass" : "INFG",
      "transactionType" : "S",
      "reorderQty" : 0.00000,
      "reorderPoint" : 0.00000,
      "maximumReorderQty" : 0.00000,
      "minimumReorderQty" : 0.00000,
      "safetyStock" : 0.00000,
      "commitmentMethod" : "2",
      "inventoryLotCreation" : false,
      "serialNumberRequired" : false,
      "lotStatusCode" : "",
      "itemPriceGroup" : "",
      "printerLocationGroup" : "",
      "parameters" : {
        "discountFactor" : 0E-15,
        "profitMarginMinimumFactor" : 0.00000,
        "taxOnSalesCode" : "",
        "taxOnPurchaseCode" : "",
        "branchPlantId" : "",
        "customerId" : "",
        "supplierId" : "",
        "rankByInventorySales" : "",
        "rankByInventoryMargin" : "",
        "rankByInventoryInvestment" : ""
      },
      "dataGroups" : {
        "categoryCode" : "",
        "brandCode" : "",
        "typeCode" : "",
        "categoryCode4" : "",
        "landedCostRule" : "",
        "categoryCode6" : "",
        "categoryCode7" : "",
        "categoryCode8" : "",
        "categoryCode9" : "",
        "categoryCode10" : "",
        "salesReportingCode1" : "",
        "salesReportingCode2" : "",
        "salesReportingCode3" : "",
        "salesReportingCode4" : "",
        "salesReportingCode5" : "",
        "salesReportingCode6" : "",
        "salesReportingCode7" : "",
        "salesReportingCode8" : "",
        "salesReportingCode9" : "",
        "salesReportingCode0" : ""
      },
      "itemCode" : "ACC.CD-CDBLANK",
      "branchCode" : "110",
      "lastUpdateDateTime" : "2017-10-30T00:00:00",
      "inputDateTime" : "2017-10-30T00:00:00",
      "_links" : {
        "self" : {
          "href" : "http://localhost/api/itembranches/110_ACC.CD-CDBLANK"
        },
        "itemBranchInfo" : {
          "href" : "http://localhost/api/itembranches/110_ACC.CD-CDBLANK"
        },
        "itemMaster" : {
          "href" : "http://localhost/api/itembranches/110_ACC.CD-CDBLANK/itemMaster"
        },
        "branch" : {
          "href" : "http://localhost/api/itembranches/110_ACC.CD-CDBLANK/branch"
        }
      }
    }, {
      "inputUserId" : "ANTHONI",
      "lastUpdateUserId" : "ANTHONI",
      "computerId" : "DESKTOP-9TRIRBU",
      "lastSynchronizedDate" : null,
      "branchCode" : "110",
      "itemCode" : "ACC.CHARGER-CHARGER",
      "stockingType" : "P",
      "glClass" : "INFG",
      "transactionType" : "S",
      "reorderQty" : 0.00000,
      "reorderPoint" : 0.00000,
      "maximumReorderQty" : 0.00000,
      "minimumReorderQty" : 0.00000,
      "safetyStock" : 0.00000,
      "commitmentMethod" : "2",
      "inventoryLotCreation" : false,
      "serialNumberRequired" : false,
      "lotStatusCode" : "",
      "itemPriceGroup" : "",
      "printerLocationGroup" : "",
      "parameters" : {
        "discountFactor" : 0E-15,
        "profitMarginMinimumFactor" : 0.00000,
        "taxOnSalesCode" : "",
        "taxOnPurchaseCode" : "",
        "branchPlantId" : "",
        "customerId" : "",
        "supplierId" : "",
        "rankByInventorySales" : "",
        "rankByInventoryMargin" : "",
        "rankByInventoryInvestment" : ""
      },
      "dataGroups" : {
        "categoryCode" : "",
        "brandCode" : "",
        "typeCode" : "",
        "categoryCode4" : "",
        "landedCostRule" : "",
        "categoryCode6" : "",
        "categoryCode7" : "",
        "categoryCode8" : "",
        "categoryCode9" : "",
        "categoryCode10" : "",
        "salesReportingCode1" : "",
        "salesReportingCode2" : "",
        "salesReportingCode3" : "",
        "salesReportingCode4" : "",
        "salesReportingCode5" : "",
        "salesReportingCode6" : "",
        "salesReportingCode7" : "",
        "salesReportingCode8" : "",
        "salesReportingCode9" : "",
        "salesReportingCode0" : ""
      },
      "itemCode" : "ACC.CHARGER-CHARGER",
      "branchCode" : "110",
      "lastUpdateDateTime" : "2018-04-16T10:52:44",
      "inputDateTime" : "2018-04-16T10:52:44",
      "_links" : {
        "self" : {
          "href" : "http://localhost/api/itembranches/110_ACC.CHARGER-CHARGER"
        },
        "itemBranchInfo" : {
          "href" : "http://localhost/api/itembranches/110_ACC.CHARGER-CHARGER"
        },
        "itemMaster" : {
          "href" : "http://localhost/api/itembranches/110_ACC.CHARGER-CHARGER/itemMaster"
        },
        "branch" : {
          "href" : "http://localhost/api/itembranches/110_ACC.CHARGER-CHARGER/branch"
        }
      }
    }, {
      "inputUserId" : "ANTHONI",
      "lastUpdateUserId" : "ANTHONI",
      "computerId" : "DESKTOP-9TRIRBU",
      "lastSynchronizedDate" : null,
      "branchCode" : "110",
      "itemCode" : "ACC.KABEL - KABEL POWER\t\t",
      "stockingType" : "P",
      "glClass" : "INFG",
      "transactionType" : "S",
      "reorderQty" : 0.00000,
      "reorderPoint" : 0.00000,
      "maximumReorderQty" : 0.00000,
      "minimumReorderQty" : 0.00000,
      "safetyStock" : 0.00000,
      "commitmentMethod" : "2",
      "inventoryLotCreation" : false,
      "serialNumberRequired" : false,
      "lotStatusCode" : "",
      "itemPriceGroup" : "",
      "printerLocationGroup" : "",
      "parameters" : {
        "discountFactor" : 0E-15,
        "profitMarginMinimumFactor" : 0.00000,
        "taxOnSalesCode" : "",
        "taxOnPurchaseCode" : "",
        "branchPlantId" : "",
        "customerId" : "",
        "supplierId" : "",
        "rankByInventorySales" : "",
        "rankByInventoryMargin" : "",
        "rankByInventoryInvestment" : ""
      },
      "dataGroups" : {
        "categoryCode" : "",
        "brandCode" : "",
        "typeCode" : "",
        "categoryCode4" : "",
        "landedCostRule" : "",
        "categoryCode6" : "",
        "categoryCode7" : "",
        "categoryCode8" : "",
        "categoryCode9" : "",
        "categoryCode10" : "",
        "salesReportingCode1" : "",
        "salesReportingCode2" : "",
        "salesReportingCode3" : "",
        "salesReportingCode4" : "",
        "salesReportingCode5" : "",
        "salesReportingCode6" : "",
        "salesReportingCode7" : "",
        "salesReportingCode8" : "",
        "salesReportingCode9" : "",
        "salesReportingCode0" : ""
      },
      "itemCode" : "ACC.KABEL - KABEL POWER\t\t",
      "branchCode" : "110",
      "lastUpdateDateTime" : "2018-02-12T13:49:34",
      "inputDateTime" : "2018-02-12T13:49:34",
      "_links" : {
        "self" : {
          "href" : "http://localhost/api/itembranches/110_ACC.KABEL_-_KABEL_POWER_t_t"
        },
        "itemBranchInfo" : {
          "href" : "http://localhost/api/itembranches/110_ACC.KABEL_-_KABEL_POWER_t_t"
        },
        "itemMaster" : {
          "href" : "http://localhost/api/itembranches/110_ACC.KABEL_-_KABEL_POWER_t_t/itemMaster"
        },
        "branch" : {
          "href" : "http://localhost/api/itembranches/110_ACC.KABEL_-_KABEL_POWER_t_t/branch"
        }
      }
    }, {
      "inputUserId" : "DEBBY",
      "lastUpdateUserId" : "DEBBY",
      "computerId" : "DESKTOP-9TRIRBU",
      "lastSynchronizedDate" : null,
      "branchCode" : "110",
      "itemCode" : "ACC.KABEL - UTP AMP",
      "stockingType" : "P",
      "glClass" : "INFG",
      "transactionType" : "S",
      "reorderQty" : 0.00000,
      "reorderPoint" : 0.00000,
      "maximumReorderQty" : 0.00000,
      "minimumReorderQty" : 0.00000,
      "safetyStock" : 0.00000,
      "commitmentMethod" : "2",
      "inventoryLotCreation" : false,
      "serialNumberRequired" : false,
      "lotStatusCode" : "",
      "itemPriceGroup" : "",
      "printerLocationGroup" : "",
      "parameters" : {
        "discountFactor" : 0E-15,
        "profitMarginMinimumFactor" : 0.00000,
        "taxOnSalesCode" : "",
        "taxOnPurchaseCode" : "",
        "branchPlantId" : "",
        "customerId" : "",
        "supplierId" : "",
        "rankByInventorySales" : "",
        "rankByInventoryMargin" : "",
        "rankByInventoryInvestment" : ""
      },
      "dataGroups" : {
        "categoryCode" : "",
        "brandCode" : "",
        "typeCode" : "",
        "categoryCode4" : "",
        "landedCostRule" : "",
        "categoryCode6" : "",
        "categoryCode7" : "",
        "categoryCode8" : "",
        "categoryCode9" : "",
        "categoryCode10" : "",
        "salesReportingCode1" : "",
        "salesReportingCode2" : "",
        "salesReportingCode3" : "",
        "salesReportingCode4" : "",
        "salesReportingCode5" : "",
        "salesReportingCode6" : "",
        "salesReportingCode7" : "",
        "salesReportingCode8" : "",
        "salesReportingCode9" : "",
        "salesReportingCode0" : ""
      },
      "itemCode" : "ACC.KABEL - UTP AMP",
      "branchCode" : "110",
      "lastUpdateDateTime" : "2018-02-28T14:34:31",
      "inputDateTime" : "2018-02-28T14:34:31",
      "_links" : {
        "self" : {
          "href" : "http://localhost/api/itembranches/110_ACC.KABEL_-_UTP_AMP"
        },
        "itemBranchInfo" : {
          "href" : "http://localhost/api/itembranches/110_ACC.KABEL_-_UTP_AMP"
        },
        "itemMaster" : {
          "href" : "http://localhost/api/itembranches/110_ACC.KABEL_-_UTP_AMP/itemMaster"
        },
        "branch" : {
          "href" : "http://localhost/api/itembranches/110_ACC.KABEL_-_UTP_AMP/branch"
        }
      }
    }, {
      "inputUserId" : "DEBBY",
      "lastUpdateUserId" : "DEBBY",
      "computerId" : "DESKTOP-9TRIRBU",
      "lastSynchronizedDate" : null,
      "branchCode" : "110",
      "itemCode" : "ACC.KEYBOARD - K120\t\t\t",
      "stockingType" : "P",
      "glClass" : "INFG",
      "transactionType" : "S",
      "reorderQty" : 0.00000,
      "reorderPoint" : 0.00000,
      "maximumReorderQty" : 0.00000,
      "minimumReorderQty" : 0.00000,
      "safetyStock" : 0.00000,
      "commitmentMethod" : "2",
      "inventoryLotCreation" : false,
      "serialNumberRequired" : false,
      "lotStatusCode" : "",
      "itemPriceGroup" : "",
      "printerLocationGroup" : "",
      "parameters" : {
        "discountFactor" : 0E-15,
        "profitMarginMinimumFactor" : 0.00000,
        "taxOnSalesCode" : "",
        "taxOnPurchaseCode" : "",
        "branchPlantId" : "",
        "customerId" : "",
        "supplierId" : "",
        "rankByInventorySales" : "",
        "rankByInventoryMargin" : "",
        "rankByInventoryInvestment" : ""
      },
      "dataGroups" : {
        "categoryCode" : "",
        "brandCode" : "",
        "typeCode" : "",
        "categoryCode4" : "",
        "landedCostRule" : "",
        "categoryCode6" : "",
        "categoryCode7" : "",
        "categoryCode8" : "",
        "categoryCode9" : "",
        "categoryCode10" : "",
        "salesReportingCode1" : "",
        "salesReportingCode2" : "",
        "salesReportingCode3" : "",
        "salesReportingCode4" : "",
        "salesReportingCode5" : "",
        "salesReportingCode6" : "",
        "salesReportingCode7" : "",
        "salesReportingCode8" : "",
        "salesReportingCode9" : "",
        "salesReportingCode0" : ""
      },
      "itemCode" : "ACC.KEYBOARD - K120\t\t\t",
      "branchCode" : "110",
      "lastUpdateDateTime" : "2018-02-28T15:16:14",
      "inputDateTime" : "2018-02-28T15:16:14",
      "_links" : {
        "self" : {
          "href" : "http://localhost/api/itembranches/110_ACC.KEYBOARD_-_K120_t_t_t"
        },
        "itemBranchInfo" : {
          "href" : "http://localhost/api/itembranches/110_ACC.KEYBOARD_-_K120_t_t_t"
        },
        "itemMaster" : {
          "href" : "http://localhost/api/itembranches/110_ACC.KEYBOARD_-_K120_t_t_t/itemMaster"
        },
        "branch" : {
          "href" : "http://localhost/api/itembranches/110_ACC.KEYBOARD_-_K120_t_t_t/branch"
        }
      }
    }, {
      "inputUserId" : "QSA",
      "lastUpdateUserId" : "QSA",
      "computerId" : "GLSERVER01",
      "lastSynchronizedDate" : null,
      "branchCode" : "110",
      "itemCode" : "ACC.LOGITECH-PAKETAN",
      "stockingType" : "P",
      "glClass" : "INFG",
      "transactionType" : "S",
      "reorderQty" : 0.00000,
      "reorderPoint" : 0.00000,
      "maximumReorderQty" : 0.00000,
      "minimumReorderQty" : 0.00000,
      "safetyStock" : 0.00000,
      "commitmentMethod" : "2",
      "inventoryLotCreation" : false,
      "serialNumberRequired" : false,
      "lotStatusCode" : "",
      "itemPriceGroup" : "",
      "printerLocationGroup" : "",
      "parameters" : {
        "discountFactor" : 0E-15,
        "profitMarginMinimumFactor" : 0.00000,
        "taxOnSalesCode" : "",
        "taxOnPurchaseCode" : "",
        "branchPlantId" : "",
        "customerId" : "",
        "supplierId" : "",
        "rankByInventorySales" : "",
        "rankByInventoryMargin" : "",
        "rankByInventoryInvestment" : ""
      },
      "dataGroups" : {
        "categoryCode" : "",
        "brandCode" : "",
        "typeCode" : "",
        "categoryCode4" : "",
        "landedCostRule" : "",
        "categoryCode6" : "",
        "categoryCode7" : "",
        "categoryCode8" : "",
        "categoryCode9" : "",
        "categoryCode10" : "",
        "salesReportingCode1" : "",
        "salesReportingCode2" : "",
        "salesReportingCode3" : "",
        "salesReportingCode4" : "",
        "salesReportingCode5" : "",
        "salesReportingCode6" : "",
        "salesReportingCode7" : "",
        "salesReportingCode8" : "",
        "salesReportingCode9" : "",
        "salesReportingCode0" : ""
      },
      "itemCode" : "ACC.LOGITECH-PAKETAN",
      "branchCode" : "110",
      "lastUpdateDateTime" : "2017-10-30T00:00:00",
      "inputDateTime" : "2017-10-30T00:00:00",
      "_links" : {
        "self" : {
          "href" : "http://localhost/api/itembranches/110_ACC.LOGITECH-PAKETAN"
        },
        "itemBranchInfo" : {
          "href" : "http://localhost/api/itembranches/110_ACC.LOGITECH-PAKETAN"
        },
        "itemMaster" : {
          "href" : "http://localhost/api/itembranches/110_ACC.LOGITECH-PAKETAN/itemMaster"
        },
        "branch" : {
          "href" : "http://localhost/api/itembranches/110_ACC.LOGITECH-PAKETAN/branch"
        }
      }
    }, {
      "inputUserId" : "DEBBY",
      "lastUpdateUserId" : "DEBBY",
      "computerId" : "DESKTOP-9TRIRBU",
      "lastSynchronizedDate" : null,
      "branchCode" : "110",
      "itemCode" : "ACC.MOUSE - B100\t\t\t",
      "stockingType" : "P",
      "glClass" : "INFG",
      "transactionType" : "S",
      "reorderQty" : 0.00000,
      "reorderPoint" : 0.00000,
      "maximumReorderQty" : 0.00000,
      "minimumReorderQty" : 0.00000,
      "safetyStock" : 0.00000,
      "commitmentMethod" : "2",
      "inventoryLotCreation" : false,
      "serialNumberRequired" : false,
      "lotStatusCode" : "",
      "itemPriceGroup" : "",
      "printerLocationGroup" : "",
      "parameters" : {
        "discountFactor" : 0E-15,
        "profitMarginMinimumFactor" : 0.00000,
        "taxOnSalesCode" : "",
        "taxOnPurchaseCode" : "",
        "branchPlantId" : "",
        "customerId" : "",
        "supplierId" : "",
        "rankByInventorySales" : "",
        "rankByInventoryMargin" : "",
        "rankByInventoryInvestment" : ""
      },
      "dataGroups" : {
        "categoryCode" : "",
        "brandCode" : "",
        "typeCode" : "",
        "categoryCode4" : "",
        "landedCostRule" : "",
        "categoryCode6" : "",
        "categoryCode7" : "",
        "categoryCode8" : "",
        "categoryCode9" : "",
        "categoryCode10" : "",
        "salesReportingCode1" : "",
        "salesReportingCode2" : "",
        "salesReportingCode3" : "",
        "salesReportingCode4" : "",
        "salesReportingCode5" : "",
        "salesReportingCode6" : "",
        "salesReportingCode7" : "",
        "salesReportingCode8" : "",
        "salesReportingCode9" : "",
        "salesReportingCode0" : ""
      },
      "itemCode" : "ACC.MOUSE - B100\t\t\t",
      "branchCode" : "110",
      "lastUpdateDateTime" : "2018-02-28T15:18:54",
      "inputDateTime" : "2018-02-28T15:18:54",
      "_links" : {
        "self" : {
          "href" : "http://localhost/api/itembranches/110_ACC.MOUSE_-_B100_t_t_t"
        },
        "itemBranchInfo" : {
          "href" : "http://localhost/api/itembranches/110_ACC.MOUSE_-_B100_t_t_t"
        },
        "itemMaster" : {
          "href" : "http://localhost/api/itembranches/110_ACC.MOUSE_-_B100_t_t_t/itemMaster"
        },
        "branch" : {
          "href" : "http://localhost/api/itembranches/110_ACC.MOUSE_-_B100_t_t_t/branch"
        }
      }
    }, {
      "inputUserId" : "DEBBY",
      "lastUpdateUserId" : "DEBBY",
      "computerId" : "DESKTOP-9TRIRBU",
      "lastSynchronizedDate" : null,
      "branchCode" : "110",
      "itemCode" : "ACC.MOUSE - MOUSE M221\t\t\t",
      "stockingType" : "P",
      "glClass" : "INFG",
      "transactionType" : "S",
      "reorderQty" : 0.00000,
      "reorderPoint" : 0.00000,
      "maximumReorderQty" : 0.00000,
      "minimumReorderQty" : 0.00000,
      "safetyStock" : 0.00000,
      "commitmentMethod" : "2",
      "inventoryLotCreation" : false,
      "serialNumberRequired" : false,
      "lotStatusCode" : "",
      "itemPriceGroup" : "",
      "printerLocationGroup" : "",
      "parameters" : {
        "discountFactor" : 0E-15,
        "profitMarginMinimumFactor" : 0.00000,
        "taxOnSalesCode" : "",
        "taxOnPurchaseCode" : "",
        "branchPlantId" : "",
        "customerId" : "",
        "supplierId" : "",
        "rankByInventorySales" : "",
        "rankByInventoryMargin" : "",
        "rankByInventoryInvestment" : ""
      },
      "dataGroups" : {
        "categoryCode" : "",
        "brandCode" : "",
        "typeCode" : "",
        "categoryCode4" : "",
        "landedCostRule" : "",
        "categoryCode6" : "",
        "categoryCode7" : "",
        "categoryCode8" : "",
        "categoryCode9" : "",
        "categoryCode10" : "",
        "salesReportingCode1" : "",
        "salesReportingCode2" : "",
        "salesReportingCode3" : "",
        "salesReportingCode4" : "",
        "salesReportingCode5" : "",
        "salesReportingCode6" : "",
        "salesReportingCode7" : "",
        "salesReportingCode8" : "",
        "salesReportingCode9" : "",
        "salesReportingCode0" : ""
      },
      "itemCode" : "ACC.MOUSE - MOUSE M221\t\t\t",
      "branchCode" : "110",
      "lastUpdateDateTime" : "2018-02-28T14:46:50",
      "inputDateTime" : "2018-02-28T14:46:50",
      "_links" : {
        "self" : {
          "href" : "http://localhost/api/itembranches/110_ACC.MOUSE_-_MOUSE_M221_t_t_t"
        },
        "itemBranchInfo" : {
          "href" : "http://localhost/api/itembranches/110_ACC.MOUSE_-_MOUSE_M221_t_t_t"
        },
        "itemMaster" : {
          "href" : "http://localhost/api/itembranches/110_ACC.MOUSE_-_MOUSE_M221_t_t_t/itemMaster"
        },
        "branch" : {
          "href" : "http://localhost/api/itembranches/110_ACC.MOUSE_-_MOUSE_M221_t_t_t/branch"
        }
      }
    }, {
      "inputUserId" : "QSA",
      "lastUpdateUserId" : "LUDY",
      "computerId" : "LUDY-LAPPIE",
      "lastSynchronizedDate" : null,
      "branchCode" : "110",
      "itemCode" : "ACC.MOUSE-B100",
      "stockingType" : "P",
      "glClass" : "INFG",
      "transactionType" : "S",
      "reorderQty" : 0.00000,
      "reorderPoint" : 0.00000,
      "maximumReorderQty" : 0.00000,
      "minimumReorderQty" : 0.00000,
      "safetyStock" : 0.00000,
      "commitmentMethod" : "2",
      "inventoryLotCreation" : false,
      "serialNumberRequired" : false,
      "lotStatusCode" : "",
      "itemPriceGroup" : "",
      "printerLocationGroup" : "",
      "parameters" : {
        "discountFactor" : 0E-15,
        "profitMarginMinimumFactor" : 0.00000,
        "taxOnSalesCode" : "",
        "taxOnPurchaseCode" : "",
        "branchPlantId" : "",
        "customerId" : "",
        "supplierId" : "",
        "rankByInventorySales" : "",
        "rankByInventoryMargin" : "",
        "rankByInventoryInvestment" : ""
      },
      "dataGroups" : {
        "categoryCode" : "",
        "brandCode" : "",
        "typeCode" : "",
        "categoryCode4" : "",
        "landedCostRule" : "",
        "categoryCode6" : "",
        "categoryCode7" : "",
        "categoryCode8" : "",
        "categoryCode9" : "",
        "categoryCode10" : "",
        "salesReportingCode1" : "",
        "salesReportingCode2" : "",
        "salesReportingCode3" : "",
        "salesReportingCode4" : "",
        "salesReportingCode5" : "",
        "salesReportingCode6" : "",
        "salesReportingCode7" : "",
        "salesReportingCode8" : "",
        "salesReportingCode9" : "",
        "salesReportingCode0" : ""
      },
      "itemCode" : "ACC.MOUSE-B100",
      "branchCode" : "110",
      "lastUpdateDateTime" : "2017-12-04T14:59:10",
      "inputDateTime" : "2017-10-30T00:00:00",
      "_links" : {
        "self" : {
          "href" : "http://localhost/api/itembranches/110_ACC.MOUSE-B100"
        },
        "itemBranchInfo" : {
          "href" : "http://localhost/api/itembranches/110_ACC.MOUSE-B100"
        },
        "itemMaster" : {
          "href" : "http://localhost/api/itembranches/110_ACC.MOUSE-B100/itemMaster"
        },
        "branch" : {
          "href" : "http://localhost/api/itembranches/110_ACC.MOUSE-B100/branch"
        }
      }
    }, {
      "inputUserId" : "DEBBY",
      "lastUpdateUserId" : "DEBBY",
      "computerId" : "DESKTOP-9TRIRBU",
      "lastSynchronizedDate" : null,
      "branchCode" : "110",
      "itemCode" : "ACC.PAPER - HVS SIDU FOLI",
      "stockingType" : "P",
      "glClass" : "INFG",
      "transactionType" : "S",
      "reorderQty" : 0.00000,
      "reorderPoint" : 0.00000,
      "maximumReorderQty" : 0.00000,
      "minimumReorderQty" : 0.00000,
      "safetyStock" : 0.00000,
      "commitmentMethod" : "2",
      "inventoryLotCreation" : false,
      "serialNumberRequired" : false,
      "lotStatusCode" : "",
      "itemPriceGroup" : "",
      "printerLocationGroup" : "",
      "parameters" : {
        "discountFactor" : 0E-15,
        "profitMarginMinimumFactor" : 0.00000,
        "taxOnSalesCode" : "",
        "taxOnPurchaseCode" : "",
        "branchPlantId" : "",
        "customerId" : "",
        "supplierId" : "",
        "rankByInventorySales" : "",
        "rankByInventoryMargin" : "",
        "rankByInventoryInvestment" : ""
      },
      "dataGroups" : {
        "categoryCode" : "",
        "brandCode" : "",
        "typeCode" : "",
        "categoryCode4" : "",
        "landedCostRule" : "",
        "categoryCode6" : "",
        "categoryCode7" : "",
        "categoryCode8" : "",
        "categoryCode9" : "",
        "categoryCode10" : "",
        "salesReportingCode1" : "",
        "salesReportingCode2" : "",
        "salesReportingCode3" : "",
        "salesReportingCode4" : "",
        "salesReportingCode5" : "",
        "salesReportingCode6" : "",
        "salesReportingCode7" : "",
        "salesReportingCode8" : "",
        "salesReportingCode9" : "",
        "salesReportingCode0" : ""
      },
      "itemCode" : "ACC.PAPER - HVS SIDU FOLI",
      "branchCode" : "110",
      "lastUpdateDateTime" : "2018-03-01T11:53:59",
      "inputDateTime" : "2018-03-01T11:53:59",
      "_links" : {
        "self" : {
          "href" : "http://localhost/api/itembranches/110_ACC.PAPER_-_HVS_SIDU_FOLI"
        },
        "itemBranchInfo" : {
          "href" : "http://localhost/api/itembranches/110_ACC.PAPER_-_HVS_SIDU_FOLI"
        },
        "itemMaster" : {
          "href" : "http://localhost/api/itembranches/110_ACC.PAPER_-_HVS_SIDU_FOLI/itemMaster"
        },
        "branch" : {
          "href" : "http://localhost/api/itembranches/110_ACC.PAPER_-_HVS_SIDU_FOLI/branch"
        }
      }
    }, {
      "inputUserId" : "ANTHONI",
      "lastUpdateUserId" : "ANTHONI",
      "computerId" : "DESKTOP-9TRIRBU",
      "lastSynchronizedDate" : null,
      "branchCode" : "110",
      "itemCode" : "ACC.PROC - PASTA PROCESSO",
      "stockingType" : "P",
      "glClass" : "INFG",
      "transactionType" : "S",
      "reorderQty" : 0.00000,
      "reorderPoint" : 0.00000,
      "maximumReorderQty" : 0.00000,
      "minimumReorderQty" : 0.00000,
      "safetyStock" : 0.00000,
      "commitmentMethod" : "2",
      "inventoryLotCreation" : false,
      "serialNumberRequired" : false,
      "lotStatusCode" : "",
      "itemPriceGroup" : "",
      "printerLocationGroup" : "",
      "parameters" : {
        "discountFactor" : 0E-15,
        "profitMarginMinimumFactor" : 0.00000,
        "taxOnSalesCode" : "",
        "taxOnPurchaseCode" : "",
        "branchPlantId" : "",
        "customerId" : "",
        "supplierId" : "",
        "rankByInventorySales" : "",
        "rankByInventoryMargin" : "",
        "rankByInventoryInvestment" : ""
      },
      "dataGroups" : {
        "categoryCode" : "",
        "brandCode" : "",
        "typeCode" : "",
        "categoryCode4" : "",
        "landedCostRule" : "",
        "categoryCode6" : "",
        "categoryCode7" : "",
        "categoryCode8" : "",
        "categoryCode9" : "",
        "categoryCode10" : "",
        "salesReportingCode1" : "",
        "salesReportingCode2" : "",
        "salesReportingCode3" : "",
        "salesReportingCode4" : "",
        "salesReportingCode5" : "",
        "salesReportingCode6" : "",
        "salesReportingCode7" : "",
        "salesReportingCode8" : "",
        "salesReportingCode9" : "",
        "salesReportingCode0" : ""
      },
      "itemCode" : "ACC.PROC - PASTA PROCESSO",
      "branchCode" : "110",
      "lastUpdateDateTime" : "2018-02-12T13:52:34",
      "inputDateTime" : "2018-02-12T13:52:34",
      "_links" : {
        "self" : {
          "href" : "http://localhost/api/itembranches/110_ACC.PROC_-_PASTA_PROCESSO"
        },
        "itemBranchInfo" : {
          "href" : "http://localhost/api/itembranches/110_ACC.PROC_-_PASTA_PROCESSO"
        },
        "itemMaster" : {
          "href" : "http://localhost/api/itembranches/110_ACC.PROC_-_PASTA_PROCESSO/itemMaster"
        },
        "branch" : {
          "href" : "http://localhost/api/itembranches/110_ACC.PROC_-_PASTA_PROCESSO/branch"
        }
      }
    }, {
      "inputUserId" : "ANTHONI",
      "lastUpdateUserId" : "ANTHONI",
      "computerId" : "DESKTOP-9TRIRBU",
      "lastSynchronizedDate" : null,
      "branchCode" : "110",
      "itemCode" : "ACC.RIBBON - LABEL",
      "stockingType" : "P",
      "glClass" : "INFG",
      "transactionType" : "S",
      "reorderQty" : 0.00000,
      "reorderPoint" : 0.00000,
      "maximumReorderQty" : 0.00000,
      "minimumReorderQty" : 0.00000,
      "safetyStock" : 0.00000,
      "commitmentMethod" : "2",
      "inventoryLotCreation" : false,
      "serialNumberRequired" : false,
      "lotStatusCode" : "",
      "itemPriceGroup" : "",
      "printerLocationGroup" : "",
      "parameters" : {
        "discountFactor" : 0E-15,
        "profitMarginMinimumFactor" : 0.00000,
        "taxOnSalesCode" : "",
        "taxOnPurchaseCode" : "",
        "branchPlantId" : "",
        "customerId" : "",
        "supplierId" : "",
        "rankByInventorySales" : "",
        "rankByInventoryMargin" : "",
        "rankByInventoryInvestment" : ""
      },
      "dataGroups" : {
        "categoryCode" : "",
        "brandCode" : "",
        "typeCode" : "",
        "categoryCode4" : "",
        "landedCostRule" : "",
        "categoryCode6" : "",
        "categoryCode7" : "",
        "categoryCode8" : "",
        "categoryCode9" : "",
        "categoryCode10" : "",
        "salesReportingCode1" : "",
        "salesReportingCode2" : "",
        "salesReportingCode3" : "",
        "salesReportingCode4" : "",
        "salesReportingCode5" : "",
        "salesReportingCode6" : "",
        "salesReportingCode7" : "",
        "salesReportingCode8" : "",
        "salesReportingCode9" : "",
        "salesReportingCode0" : ""
      },
      "itemCode" : "ACC.RIBBON - LABEL",
      "branchCode" : "110",
      "lastUpdateDateTime" : "2018-02-07T17:35:52",
      "inputDateTime" : "2018-02-07T17:35:52",
      "_links" : {
        "self" : {
          "href" : "http://localhost/api/itembranches/110_ACC.RIBBON_-_LABEL"
        },
        "itemBranchInfo" : {
          "href" : "http://localhost/api/itembranches/110_ACC.RIBBON_-_LABEL"
        },
        "itemMaster" : {
          "href" : "http://localhost/api/itembranches/110_ACC.RIBBON_-_LABEL/itemMaster"
        },
        "branch" : {
          "href" : "http://localhost/api/itembranches/110_ACC.RIBBON_-_LABEL/branch"
        }
      }
    }, {
      "inputUserId" : "QSA",
      "lastUpdateUserId" : "QSA",
      "computerId" : "AYOOKLIK",
      "lastSynchronizedDate" : null,
      "branchCode" : "110",
      "itemCode" : "ACC.RIBBON - LABEL 55",
      "stockingType" : "P",
      "glClass" : "INFG",
      "transactionType" : "S",
      "reorderQty" : 0.00000,
      "reorderPoint" : 0.00000,
      "maximumReorderQty" : 0.00000,
      "minimumReorderQty" : 0.00000,
      "safetyStock" : 0.00000,
      "commitmentMethod" : "2",
      "inventoryLotCreation" : false,
      "serialNumberRequired" : false,
      "lotStatusCode" : "",
      "itemPriceGroup" : "",
      "printerLocationGroup" : "",
      "parameters" : {
        "discountFactor" : 0E-15,
        "profitMarginMinimumFactor" : 0.00000,
        "taxOnSalesCode" : "",
        "taxOnPurchaseCode" : "",
        "branchPlantId" : "",
        "customerId" : "",
        "supplierId" : "",
        "rankByInventorySales" : "",
        "rankByInventoryMargin" : "",
        "rankByInventoryInvestment" : ""
      },
      "dataGroups" : {
        "categoryCode" : "",
        "brandCode" : "",
        "typeCode" : "",
        "categoryCode4" : "",
        "landedCostRule" : "",
        "categoryCode6" : "",
        "categoryCode7" : "",
        "categoryCode8" : "",
        "categoryCode9" : "",
        "categoryCode10" : "",
        "salesReportingCode1" : "",
        "salesReportingCode2" : "",
        "salesReportingCode3" : "",
        "salesReportingCode4" : "",
        "salesReportingCode5" : "",
        "salesReportingCode6" : "",
        "salesReportingCode7" : "",
        "salesReportingCode8" : "",
        "salesReportingCode9" : "",
        "salesReportingCode0" : ""
      },
      "itemCode" : "ACC.RIBBON - LABEL 55",
      "branchCode" : "110",
      "lastUpdateDateTime" : "2018-02-24T09:25:20",
      "inputDateTime" : "2018-02-24T09:25:20",
      "_links" : {
        "self" : {
          "href" : "http://localhost/api/itembranches/110_ACC.RIBBON_-_LABEL_55"
        },
        "itemBranchInfo" : {
          "href" : "http://localhost/api/itembranches/110_ACC.RIBBON_-_LABEL_55"
        },
        "itemMaster" : {
          "href" : "http://localhost/api/itembranches/110_ACC.RIBBON_-_LABEL_55/itemMaster"
        },
        "branch" : {
          "href" : "http://localhost/api/itembranches/110_ACC.RIBBON_-_LABEL_55/branch"
        }
      }
    }, {
      "inputUserId" : "ANTHONI",
      "lastUpdateUserId" : "ANTHONI",
      "computerId" : "DESKTOP-9TRIRBU",
      "lastSynchronizedDate" : null,
      "branchCode" : "110",
      "itemCode" : "ACC.RIBBON WAX RESIN",
      "stockingType" : "P",
      "glClass" : "INFG",
      "transactionType" : "S",
      "reorderQty" : 0.00000,
      "reorderPoint" : 0.00000,
      "maximumReorderQty" : 0.00000,
      "minimumReorderQty" : 0.00000,
      "safetyStock" : 0.00000,
      "commitmentMethod" : "2",
      "inventoryLotCreation" : false,
      "serialNumberRequired" : false,
      "lotStatusCode" : "",
      "itemPriceGroup" : "",
      "printerLocationGroup" : "",
      "parameters" : {
        "discountFactor" : 0E-15,
        "profitMarginMinimumFactor" : 0.00000,
        "taxOnSalesCode" : "",
        "taxOnPurchaseCode" : "",
        "branchPlantId" : "",
        "customerId" : "",
        "supplierId" : "",
        "rankByInventorySales" : "",
        "rankByInventoryMargin" : "",
        "rankByInventoryInvestment" : ""
      },
      "dataGroups" : {
        "categoryCode" : "",
        "brandCode" : "",
        "typeCode" : "",
        "categoryCode4" : "",
        "landedCostRule" : "",
        "categoryCode6" : "",
        "categoryCode7" : "",
        "categoryCode8" : "",
        "categoryCode9" : "",
        "categoryCode10" : "",
        "salesReportingCode1" : "",
        "salesReportingCode2" : "",
        "salesReportingCode3" : "",
        "salesReportingCode4" : "",
        "salesReportingCode5" : "",
        "salesReportingCode6" : "",
        "salesReportingCode7" : "",
        "salesReportingCode8" : "",
        "salesReportingCode9" : "",
        "salesReportingCode0" : ""
      },
      "itemCode" : "ACC.RIBBON WAX RESIN",
      "branchCode" : "110",
      "lastUpdateDateTime" : "2018-02-07T17:27:40",
      "inputDateTime" : "2018-02-07T17:27:40",
      "_links" : {
        "self" : {
          "href" : "http://localhost/api/itembranches/110_ACC.RIBBON_WAX_RESIN"
        },
        "itemBranchInfo" : {
          "href" : "http://localhost/api/itembranches/110_ACC.RIBBON_WAX_RESIN"
        },
        "itemMaster" : {
          "href" : "http://localhost/api/itembranches/110_ACC.RIBBON_WAX_RESIN/itemMaster"
        },
        "branch" : {
          "href" : "http://localhost/api/itembranches/110_ACC.RIBBON_WAX_RESIN/branch"
        }
      }
    }, {
[...]
ernate: select itembranch0_.ibbuid as ibbuid1_32_0_, itembranch0_.ibinum as ibinum2_32_0_, itembranch0_.ibcid as ibcid3_32_0_, itembranch0_.ibdtin as ibdtin4_32_0_, itembranch0_.ibtmin as ibtmin5_32_0_, itembranch0_.ibuid as ibuid6_32_0_, itembranch0_.ibdtlu as ibdtlu7_32_0_, itembranch0_.ibtmlu as ibtmlu8_32_0_, itembranch0_.ibuidm as ibuidm9_32_0_, itembranch0_.ibdtls as ibdtls10_32_0_, itembranch0_.ibctm as ibctm11_32_0_, itembranch0_.ibitc02 as ibitc12_32_0_, itembranch0_.ibitc01 as ibitc13_32_0_, itembranch0_.ibitc10 as ibitc14_32_0_, itembranch0_.ibitc04 as ibitc15_32_0_, itembranch0_.ibitc06 as ibitc16_32_0_, itembranch0_.ibitc07 as ibitc17_32_0_, itembranch0_.ibitc08 as ibitc18_32_0_, itembranch0_.ibitc09 as ibitc19_32_0_, itembranch0_.ibitc05 as ibitc20_32_0_, itembranch0_.ibslrc0 as ibslrc21_32_0_, itembranch0_.ibslrc1 as ibslrc22_32_0_, itembranch0_.ibslrc2 as ibslrc23_32_0_, itembranch0_.ibslrc3 as ibslrc24_32_0_, itembranch0_.ibslrc4 as ibslrc25_32_0_, itembranch0_.ibslrc5 as ibslrc26_32_0_, itembranch0_.ibslrc6 as ibslrc27_32_0_, itembranch0_.ibslrc7 as ibslrc28_32_0_, itembranch0_.ibslrc8 as ibslrc29_32_0_, itembranch0_.ibslrc9 as ibslrc30_32_0_, itembranch0_.ibitc03 as ibitc31_32_0_, itembranch0_.ibglcls as ibglcls32_32_0_, itembranch0_.ibilc as ibilc33_32_0_, itembranch0_.ibipg as ibipg34_32_0_, itembranch0_.iblsc as iblsc35_32_0_, itembranch0_.ibmaxroq as ibmaxro36_32_0_, itembranch0_.ibminroq as ibminro37_32_0_, itembranch0_.ibbpid as ibbpid38_32_0_, itembranch0_.ibcsid as ibcsid39_32_0_, itembranch0_.ibudf as ibudf40_32_0_, itembranch0_.ibpmmf as ibpmmf41_32_0_, itembranch0_.ibrbii as ibrbii42_32_0_, itembranch0_.ibrbim as ibrbim43_32_0_, itembranch0_.ibrbis as ibrbis44_32_0_, itembranch0_.ibvnid as ibvnid45_32_0_, itembranch0_.ibtaxpc as ibtaxpc46_32_0_, itembranch0_.ibtaxsc as ibtaxsc47_32_0_, itembranch0_.ibplg as ibplg48_32_0_, itembranch0_.ibrop as ibrop49_32_0_, itembranch0_.ibroq as ibroq50_32_0_, itembranch0_.ibsfstk as ibsfstk51_32_0_, itembranch0_.ibsnr as ibsnr52_32_0_, itembranch0_.ibskty as ibskty53_32_0_, itembranch0_.iblnty as iblnty54_32_0_ from t41011 itembranch0_ where itembranch0_.ibbuid=? and itembranch0_.ibinum=?
2018-12-27 11:25:45.809  INFO 2120 --- [    Test worker] o.s.t.c.transaction.TransactionContext   : Rolled back transaction for test: [DefaultTestContext@dcf67f7 testClass = ItemBranchInfoApiTest, testInstance = ags.goldenlionerp.apiTests.item.ItemBranchInfoApiTest@4da0a38a, testMethod = deleteTest@ApiTestBase, testException = [null], mergedContextConfiguration = [WebMergedContextConfiguration@546a01db testClass = ItemBranchInfoApiTest, locations = '{}', classes = '{class ags.goldenlionerp.GoldenLionErpApplication}', contextInitializerClasses = '[]', activeProfiles = '{}', propertySourceLocations = '{classpath:test.properties}', propertySourceProperties = '{org.springframework.boot.test.context.SpringBootTestContextBootstrapper=true}', contextCustomizers = set[org.springframework.boot.test.autoconfigure.properties.PropertyMappingContextCustomizer@0, org.springframework.boot.test.autoconfigure.web.servlet.WebDriverContextCustomizerFactory$Customizer@636d731e, [ImportsContextCustomizer@6a6dbb12 key = [ags.goldenlionerp.apiTests.ApiTestBase$TestConfig]], org.springframework.boot.test.context.filter.ExcludeFilterContextCustomizer@6afa5291, org.springframework.boot.test.json.DuplicateJsonObjectContextCustomizerFactory$DuplicateJsonObjectContextCustomizer@20cebcb4, org.springframework.boot.test.mock.mockito.MockitoContextCustomizer@0, org.springframework.boot.test.web.client.TestRestTemplateContextCustomizer@49a32273], resourceBasePath = 'src/main/webapp', contextLoader = 'org.springframework.boot.test.context.SpringBootContextLoader', parent = [null]], attributes = map['org.springframework.test.context.web.ServletTestExecutionListener.activateListener' -> true, 'org.springframework.test.context.web.ServletTestExecutionListener.populatedRequestContextHolder' -> true, 'org.springframework.test.context.web.ServletTestExecutionListener.resetRequestContextHolder' -> true]]
2018-12-27 11:25:45.812  INFO 2120 --- [    Test worker] o.s.t.c.transaction.TransactionContext   : Began transaction (1) for test context [DefaultTestContext@dcf67f7 testClass = ItemBranchInfoApiTest, testInstance = ags.goldenlionerp.apiTests.item.ItemBranchInfoApiTest@5d68b827, testMethod = createTestWithPost@ApiTestBase, testException = [null], mergedContextConfiguration = [WebMergedContextConfiguration@546a01db testClass = ItemBranchInfoApiTest, locations = '{}', classes = '{class ags.goldenlionerp.GoldenLionErpApplication}', contextInitializerClasses = '[]', activeProfiles = '{}', propertySourceLocations = '{classpath:test.properties}', propertySourceProperties = '{org.springframework.boot.test.context.SpringBootTestContextBootstrapper=true}', contextCustomizers = set[org.springframework.boot.test.autoconfigure.properties.PropertyMappingContextCustomizer@0, org.springframework.boot.test.autoconfigure.web.servlet.WebDriverContextCustomizerFactory$Customizer@636d731e, [ImportsContextCustomizer@6a6dbb12 key = [ags.goldenlionerp.apiTests.ApiTestBase$TestConfig]], org.springframework.boot.test.context.filter.ExcludeFilterContextCustomizer@6afa5291, org.springframework.boot.test.json.DuplicateJsonObjectContextCustomizerFactory$DuplicateJsonObjectContextCustomizer@20cebcb4, org.springframework.boot.test.mock.mockito.MockitoContextCustomizer@0, org.springframework.boot.test.web.client.TestRestTemplateContextCustomizer@49a32273], resourceBasePath = 'src/main/webapp', contextLoader = 'org.springframework.boot.test.context.SpringBootContextLoader', parent = [null]], attributes = map['org.springframework.test.context.web.ServletTestExecutionListener.activateListener' -> true, 'org.springframework.test.context.web.ServletTestExecutionListener.populatedRequestContextHolder' -> true, 'org.springframework.test.context.web.ServletTestExecutionListener.resetRequestContextHolder' -> true]]; transaction manager [org.springframework.orm.jpa.JpaTransactionManager@75de8c12]; rollback [true]
2018-12-27 11:25:45.813  INFO 2120 --- [    Test worker] o.s.b.t.m.w.SpringBootMockServletContext : Initializing Spring FrameworkServlet ''
2018-12-27 11:25:45.813  INFO 2120 --- [    Test worker] o.s.t.web.servlet.TestDispatcherServlet  : FrameworkServlet '': initialization started
2018-12-27 11:25:45.823  INFO 2120 --- [    Test worker] o.s.t.web.servlet.TestDispatcherServlet  : FrameworkServlet '': initialization completed in 10 ms
Hibernate: select itembranch0_.ibbuid as ibbuid1_32_0_, itembranch0_.ibinum as ibinum2_32_0_, itembranch0_.ibcid as ibcid3_32_0_, itembranch0_.ibdtin as ibdtin4_32_0_, itembranch0_.ibtmin as ibtmin5_32_0_, itembranch0_.ibuid as ibuid6_32_0_, itembranch0_.ibdtlu as ibdtlu7_32_0_, itembranch0_.ibtmlu as ibtmlu8_32_0_, itembranch0_.ibuidm as ibuidm9_32_0_, itembranch0_.ibdtls as ibdtls10_32_0_, itembranch0_.ibctm as ibctm11_32_0_, itembranch0_.ibitc02 as ibitc12_32_0_, itembranch0_.ibitc01 as ibitc13_32_0_, itembranch0_.ibitc10 as ibitc14_32_0_, itembranch0_.ibitc04 as ibitc15_32_0_, itembranch0_.ibitc06 as ibitc16_32_0_, itembranch0_.ibitc07 as ibitc17_32_0_, itembranch0_.ibitc08 as ibitc18_32_0_, itembranch0_.ibitc09 as ibitc19_32_0_, itembranch0_.ibitc05 as ibitc20_32_0_, itembranch0_.ibslrc0 as ibslrc21_32_0_, itembranch0_.ibslrc1 as ibslrc22_32_0_, itembranch0_.ibslrc2 as ibslrc23_32_0_, itembranch0_.ibslrc3 as ibslrc24_32_0_, itembranch0_.ibslrc4 as ibslrc25_32_0_, itembranch0_.ibslrc5 as ibslrc26_32_0_, itembranch0_.ibslrc6 as ibslrc27_32_0_, itembranch0_.ibslrc7 as ibslrc28_32_0_, itembranch0_.ibslrc8 as ibslrc29_32_0_, itembranch0_.ibslrc9 as ibslrc30_32_0_, itembranch0_.ibitc03 as ibitc31_32_0_, itembranch0_.ibglcls as ibglcls32_32_0_, itembranch0_.ibilc as ibilc33_32_0_, itembranch0_.ibipg as ibipg34_32_0_, itembranch0_.iblsc as iblsc35_32_0_, itembranch0_.ibmaxroq as ibmaxro36_32_0_, itembranch0_.ibminroq as ibminro37_32_0_, itembranch0_.ibbpid as ibbpid38_32_0_, itembranch0_.ibcsid as ibcsid39_32_0_, itembranch0_.ibudf as ibudf40_32_0_, itembranch0_.ibpmmf as ibpmmf41_32_0_, itembranch0_.ibrbii as ibrbii42_32_0_, itembranch0_.ibrbim as ibrbim43_32_0_, itembranch0_.ibrbis as ibrbis44_32_0_, itembranch0_.ibvnid as ibvnid45_32_0_, itembranch0_.ibtaxpc as ibtaxpc46_32_0_, itembranch0_.ibtaxsc as ibtaxsc47_32_0_, itembranch0_.ibplg as ibplg48_32_0_, itembranch0_.ibrop as ibrop49_32_0_, itembranch0_.ibroq as ibroq50_32_0_, itembranch0_.ibsfstk as ibsfstk51_32_0_, itembranch0_.ibsnr as ibsnr52_32_0_, itembranch0_.ibskty as ibskty53_32_0_, itembranch0_.iblnty as iblnty54_32_0_ from t41011 itembranch0_ where itembranch0_.ibbuid=? and itembranch0_.ibinum=?
Hibernate: select itembranch0_.ibbuid as ibbuid1_32_0_, itembranch0_.ibinum as ibinum2_32_0_, itembranch0_.ibcid as ibcid3_32_0_, itembranch0_.ibdtin as ibdtin4_32_0_, itembranch0_.ibtmin as ibtmin5_32_0_, itembranch0_.ibuid as ibuid6_32_0_, itembranch0_.ibdtlu as ibdtlu7_32_0_, itembranch0_.ibtmlu as ibtmlu8_32_0_, itembranch0_.ibuidm as ibuidm9_32_0_, itembranch0_.ibdtls as ibdtls10_32_0_, itembranch0_.ibctm as ibctm11_32_0_, itembranch0_.ibitc02 as ibitc12_32_0_, itembranch0_.ibitc01 as ibitc13_32_0_, itembranch0_.ibitc10 as ibitc14_32_0_, itembranch0_.ibitc04 as ibitc15_32_0_, itembranch0_.ibitc06 as ibitc16_32_0_, itembranch0_.ibitc07 as ibitc17_32_0_, itembranch0_.ibitc08 as ibitc18_32_0_, itembranch0_.ibitc09 as ibitc19_32_0_, itembranch0_.ibitc05 as ibitc20_32_0_, itembranch0_.ibslrc0 as ibslrc21_32_0_, itembranch0_.ibslrc1 as ibslrc22_32_0_, itembranch0_.ibslrc2 as ibslrc23_32_0_, itembranch0_.ibslrc3 as ibslrc24_32_0_, itembranch0_.ibslrc4 as ibslrc25_32_0_, itembranch0_.ibslrc5 as ibslrc26_32_0_, itembranch0_.ibslrc6 as ibslrc27_32_0_, itembranch0_.ibslrc7 as ibslrc28_32_0_, itembranch0_.ibslrc8 as ibslrc29_32_0_, itembranch0_.ibslrc9 as ibslrc30_32_0_, itembranch0_.ibitc03 as ibitc31_32_0_, itembranch0_.ibglcls as ibglcls32_32_0_, itembranch0_.ibilc as ibilc33_32_0_, itembranch0_.ibipg as ibipg34_32_0_, itembranch0_.iblsc as iblsc35_32_0_, itembranch0_.ibmaxroq as ibmaxro36_32_0_, itembranch0_.ibminroq as ibminro37_32_0_, itembranch0_.ibbpid as ibbpid38_32_0_, itembranch0_.ibcsid as ibcsid39_32_0_, itembranch0_.ibudf as ibudf40_32_0_, itembranch0_.ibpmmf as ibpmmf41_32_0_, itembranch0_.ibrbii as ibrbii42_32_0_, itembranch0_.ibrbim as ibrbim43_32_0_, itembranch0_.ibrbis as ibrbis44_32_0_, itembranch0_.ibvnid as ibvnid45_32_0_, itembranch0_.ibtaxpc as ibtaxpc46_32_0_, itembranch0_.ibtaxsc as ibtaxsc47_32_0_, itembranch0_.ibplg as ibplg48_32_0_, itembranch0_.ibrop as ibrop49_32_0_, itembranch0_.ibroq as ibroq50_32_0_, itembranch0_.ibsfstk as ibsfstk51_32_0_, itembranch0_.ibsnr as ibsnr52_32_0_, itembranch0_.ibskty as ibskty53_32_0_, itembranch0_.iblnty as iblnty54_32_0_ from t41011 itembranch0_ where itembranch0_.ibbuid=? and itembranch0_.ibinum=?
Hibernate: insert into t41011 (ibcid, ibdtin, ibtmin, ibuid, ibdtlu, ibtmlu, ibuidm, ibdtls, ibctm, ibitc02, ibitc01, ibitc10, ibitc04, ibitc06, ibitc07, ibitc08, ibitc09, ibitc05, ibslrc0, ibslrc1, ibslrc2, ibslrc3, ibslrc4, ibslrc5, ibslrc6, ibslrc7, ibslrc8, ibslrc9, ibitc03, ibglcls, ibilc, ibipg, iblsc, ibmaxroq, ibminroq, ibbpid, ibcsid, ibudf, ibpmmf, ibrbii, ibrbim, ibrbis, ibvnid, ibtaxpc, ibtaxsc, ibplg, ibrop, ibroq, ibsfstk, ibsnr, ibskty, iblnty, ibbuid, ibinum) values (?, ?, ?, ?, ?, ?, ?, ?, ?, ?, ?, ?, ?, ?, ?, ?, ?, ?, ?, ?, ?, ?, ?, ?, ?, ?, ?, ?, ?, ?, ?, ?, ?, ?, ?, ?, ?, ?, ?, ?, ?, ?, ?, ?, ?, ?, ?, ?, ?, ?, ?, ?, ?, ?)
Hibernate: select itembranch0_.ibbuid as ibbuid1_32_0_, itembranch0_.ibinum as ibinum2_32_0_, itembranch0_.ibcid as ibcid3_32_0_, itembranch0_.ibdtin as ibdtin4_32_0_, itembranch0_.ibtmin as ibtmin5_32_0_, itembranch0_.ibuid as ibuid6_32_0_, itembranch0_.ibdtlu as ibdtlu7_32_0_, itembranch0_.ibtmlu as ibtmlu8_32_0_, itembranch0_.ibuidm as ibuidm9_32_0_, itembranch0_.ibdtls as ibdtls10_32_0_, itembranch0_.ibctm as ibctm11_32_0_, itembranch0_.ibitc02 as ibitc12_32_0_, itembranch0_.ibitc01 as ibitc13_32_0_, itembranch0_.ibitc10 as ibitc14_32_0_, itembranch0_.ibitc04 as ibitc15_32_0_, itembranch0_.ibitc06 as ibitc16_32_0_, itembranch0_.ibitc07 as ibitc17_32_0_, itembranch0_.ibitc08 as ibitc18_32_0_, itembranch0_.ibitc09 as ibitc19_32_0_, itembranch0_.ibitc05 as ibitc20_32_0_, itembranch0_.ibslrc0 as ibslrc21_32_0_, itembranch0_.ibslrc1 as ibslrc22_32_0_, itembranch0_.ibslrc2 as ibslrc23_32_0_, itembranch0_.ibslrc3 as ibslrc24_32_0_, itembranch0_.ibslrc4 as ibslrc25_32_0_, itembranch0_.ibslrc5 as ibslrc26_32_0_, itembranch0_.ibslrc6 as ibslrc27_32_0_, itembranch0_.ibslrc7 as ibslrc28_32_0_, itembranch0_.ibslrc8 as ibslrc29_32_0_, itembranch0_.ibslrc9 as ibslrc30_32_0_, itembranch0_.ibitc03 as ibitc31_32_0_, itembranch0_.ibglcls as ibglcls32_32_0_, itembranch0_.ibilc as ibilc33_32_0_, itembranch0_.ibipg as ibipg34_32_0_, itembranch0_.iblsc as iblsc35_32_0_, itembranch0_.ibmaxroq as ibmaxro36_32_0_, itembranch0_.ibminroq as ibminro37_32_0_, itembranch0_.ibbpid as ibbpid38_32_0_, itembranch0_.ibcsid as ibcsid39_32_0_, itembranch0_.ibudf as ibudf40_32_0_, itembranch0_.ibpmmf as ibpmmf41_32_0_, itembranch0_.ibrbii as ibrbii42_32_0_, itembranch0_.ibrbim as ibrbim43_32_0_, itembranch0_.ibrbis as ibrbis44_32_0_, itembranch0_.ibvnid as ibvnid45_32_0_, itembranch0_.ibtaxpc as ibtaxpc46_32_0_, itembranch0_.ibtaxsc as ibtaxsc47_32_0_, itembranch0_.ibplg as ibplg48_32_0_, itembranch0_.ibrop as ibrop49_32_0_, itembranch0_.ibroq as ibroq50_32_0_, itembranch0_.ibsfstk as ibsfstk51_32_0_, itembranch0_.ibsnr as ibsnr52_32_0_, itembranch0_.ibskty as ibskty53_32_0_, itembranch0_.iblnty as iblnty54_32_0_ from t41011 itembranch0_ where itembranch0_.ibbuid=? and itembranch0_.ibinum=?

MockHttpServletRequest:
      HTTP Method = GET
      Request URI = /api/itembranches/123_TEST.TEST
       Parameters = {}
          Headers = {Accept=[application/json]}
             Body = <no character encoding set>
    Session Attrs = {org.springframework.security.web.csrf.HttpSessionCsrfTokenRepository.CSRF_TOKEN=org.springframework.security.web.csrf.DefaultCsrfToken@6a7d9310, SPRING_SECURITY_CONTEXT=org.springframework.security.core.context.SecurityContextImpl@475fcd89: Authentication: org.springframework.security.authentication.UsernamePasswordAuthenticationToken@475fcd89: Principal: org.springframework.security.core.userdetails.User@f02988d6: Username: username; Password: [PROTECTED]; Enabled: true; AccountNonExpired: true; credentialsNonExpired: true; AccountNonLocked: true; Not granted any authorities; Credentials: [PROTECTED]; Authenticated: true; Details: null; Not granted any authorities}

Handler:
             Type = org.springframework.data.rest.webmvc.RepositoryEntityController
           Method = public org.springframework.http.ResponseEntity<org.springframework.hateoas.Resource<?>> org.springframework.data.rest.webmvc.RepositoryEntityController.getItemResource(org.springframework.data.rest.webmvc.RootResourceInformation,java.io.Serializable,org.springframework.data.rest.webmvc.PersistentEntityResourceAssembler,org.springframework.http.HttpHeaders) throws org.springframework.web.HttpRequestMethodNotSupportedException

Async:
    Async started = false
     Async result = null

Resolved Exception:
             Type = null

ModelAndView:
        View name = null
             View = null
            Model = null

FlashMap:
       Attributes = null

MockHttpServletResponse:
           Status = 200
    Error message = null
          Headers = {Content-Disposition=[inline;filename=f.txt], Content-Type=[application/json;charset=UTF-8], X-Content-Type-Options=[nosniff], X-XSS-Protection=[1; mode=block], Cache-Control=[no-cache, no-store, max-age=0, must-revalidate], Pragma=[no-cache], Expires=[0], X-Frame-Options=[DENY]}
     Content type = application/json;charset=UTF-8
             Body = {
  "inputUserId" : "username",
  "lastUpdateUserId" : "username",
  "computerId" : "username",
  "lastSynchronizedDate" : null,
  "branchCode" : "123",
  "itemCode" : "TEST.TEST",
  "stockingType" : "C",
  "glClass" : "",
  "transactionType" : "",
  "reorderQty" : 100.15000,
  "reorderPoint" : 0.00000,
  "maximumReorderQty" : 0.00000,
  "minimumReorderQty" : 0.00000,
  "safetyStock" : 0.00000,
  "commitmentMethod" : "",
  "inventoryLotCreation" : false,
  "serialNumberRequired" : true,
  "lotStatusCode" : "",
  "itemPriceGroup" : "",
  "printerLocationGroup" : "",
  "parameters" : {
    "discountFactor" : 0E-15,
    "profitMarginMinimumFactor" : 25.75000,
    "taxOnSalesCode" : "",
    "taxOnPurchaseCode" : "",
    "branchPlantId" : "",
    "customerId" : "",
    "supplierId" : "",
    "rankByInventorySales" : "",
    "rankByInventoryMargin" : "",
    "rankByInventoryInvestment" : "C"
  },
  "dataGroups" : {
    "categoryCode" : "",
    "brandCode" : "",
    "typeCode" : "",
    "categoryCode4" : "",
    "landedCostRule" : "",
    "categoryCode6" : "",
    "categoryCode7" : "",
    "categoryCode8" : "",
    "categoryCode9" : "",
    "categoryCode10" : "",
    "salesReportingCode1" : "",
    "salesReportingCode2" : "",
    "salesReportingCode3" : "",
    "salesReportingCode4" : "",
    "salesReportingCode5" : "",
    "salesReportingCode6" : "",
    "salesReportingCode7" : "",
    "salesReportingCode8" : "",
    "salesReportingCode9" : "",
    "salesReportingCode0" : ""
  },
  "itemCode" : "TEST.TEST",
  "branchCode" : "123",
  "lastUpdateDateTime" : "2018-12-27T11:25:45",
  "inputDateTime" : "2018-12-27T11:25:45",
  "_links" : {
    "self" : {
      "href" : "http://localhost/api/itembranches/123_TEST.TEST"
    },
    "itemBranchInfo" : {
      "href" : "http://localhost/api/itembranches/123_TEST.TEST"
    },
    "itemMaster" : {
      "href" : "http://localhost/api/itembranches/123_TEST.TEST/itemMaster"
    },
    "branch" : {
      "href" : "http://localhost/api/itembranches/123_TEST.TEST/branch"
    }
  }
}
    Forwarded URL = null
   Redirected URL = null
          Cookies = []
2018-12-27 11:25:45.892  INFO 2120 --- [    Test worker] o.s.t.c.transaction.TransactionContext   : Rolled back transaction for test: [DefaultTestContext@dcf67f7 testClass = ItemBranchInfoApiTest, testInstance = ags.goldenlionerp.apiTests.item.ItemBranchInfoApiTest@5d68b827, testMethod = createTestWithPost@ApiTestBase, testException = [null], mergedContextConfiguration = [WebMergedContextConfiguration@546a01db testClass = ItemBranchInfoApiTest, locations = '{}', classes = '{class ags.goldenlionerp.GoldenLionErpApplication}', contextInitializerClasses = '[]', activeProfiles = '{}', propertySourceLocations = '{classpath:test.properties}', propertySourceProperties = '{org.springframework.boot.test.context.SpringBootTestContextBootstrapper=true}', contextCustomizers = set[org.springframework.boot.test.autoconfigure.properties.PropertyMappingContextCustomizer@0, org.springframework.boot.test.autoconfigure.web.servlet.WebDriverContextCustomizerFactory$Customizer@636d731e, [ImportsContextCustomizer@6a6dbb12 key = [ags.goldenlionerp.apiTests.ApiTestBase$TestConfig]], org.springframework.boot.test.context.filter.ExcludeFilterContextCustomizer@6afa5291, org.springframework.boot.test.json.DuplicateJsonObjectContextCustomizerFactory$DuplicateJsonObjectContextCustomizer@20cebcb4, org.springframework.boot.test.mock.mockito.MockitoContextCustomizer@0, org.springframework.boot.test.web.client.TestRestTemplateContextCustomizer@49a32273], resourceBasePath = 'src/main/webapp', contextLoader = 'org.springframework.boot.test.context.SpringBootContextLoader', parent = [null]], attributes = map['org.springframework.test.context.web.ServletTestExecutionListener.activateListener' -> true, 'org.springframework.test.context.web.ServletTestExecutionListener.populatedRequestContextHolder' -> true, 'org.springframework.test.context.web.ServletTestExecutionListener.resetRequestContextHolder' -> true]]
]]></system-out>
  <system-err><![CDATA[]]></system-err>
</testsuite>
