<?xml version="1.0" encoding="UTF-8"?>
<testsuite name="ags.goldenlionerp.apiTests.purchase.PurchaseOrderApiTest" tests="8" skipped="0" failures="0" errors="0" timestamp="2018-12-27T04:25:48" hostname="LAPTOP-FHFRCCL6" time="1.195">
  <properties/>
  <testcase name="updateTestWithPost" classname="ags.goldenlionerp.apiTests.purchase.PurchaseOrderApiTest" time="0.175"/>
  <testcase name="updateTestWithPatch" classname="ags.goldenlionerp.apiTests.purchase.PurchaseOrderApiTest" time="0.017"/>
  <testcase name="deleteTest" classname="ags.goldenlionerp.apiTests.purchase.PurchaseOrderApiTest" time="0.043"/>
  <testcase name="updateTestWithPut" classname="ags.goldenlionerp.apiTests.purchase.PurchaseOrderApiTest" time="0.045"/>
  <testcase name="getTestSingle" classname="ags.goldenlionerp.apiTests.purchase.PurchaseOrderApiTest" time="0.058"/>
  <testcase name="getTestCollection" classname="ags.goldenlionerp.apiTests.purchase.PurchaseOrderApiTest" time="0.55"/>
  <testcase name="createTestWithPut" classname="ags.goldenlionerp.apiTests.purchase.PurchaseOrderApiTest" time="0.02"/>
  <testcase name="createTestWithPost" classname="ags.goldenlionerp.apiTests.purchase.PurchaseOrderApiTest" time="0.28"/>
  <system-out><![CDATA[2018-12-27 11:25:48.914  INFO 2120 --- [    Test worker] .b.t.c.SpringBootTestContextBootstrapper : Neither @ContextConfiguration nor @ContextHierarchy found for test class [ags.goldenlionerp.apiTests.purchase.PurchaseOrderApiTest], using SpringBootContextLoader
2018-12-27 11:25:48.915  INFO 2120 --- [    Test worker] o.s.t.c.support.AbstractContextLoader    : Could not detect default resource locations for test class [ags.goldenlionerp.apiTests.purchase.PurchaseOrderApiTest]: no resource found for suffixes {-context.xml, Context.groovy}.
2018-12-27 11:25:48.916  INFO 2120 --- [    Test worker] t.c.s.AnnotationConfigContextLoaderUtils : Could not detect default configuration classes for test class [ags.goldenlionerp.apiTests.purchase.PurchaseOrderApiTest]: PurchaseOrderApiTest does not declare any static, non-private, non-final, nested classes annotated with @Configuration.
2018-12-27 11:25:48.941  INFO 2120 --- [    Test worker] .b.t.c.SpringBootTestContextBootstrapper : Found @SpringBootConfiguration ags.goldenlionerp.GoldenLionErpApplication for test class ags.goldenlionerp.apiTests.purchase.PurchaseOrderApiTest
2018-12-27 11:25:48.943  INFO 2120 --- [    Test worker] .b.t.c.SpringBootTestContextBootstrapper : Loaded default TestExecutionListener class names from location [META-INF/spring.factories]: [org.springframework.security.test.context.support.WithSecurityContextTestExecutionListener, org.springframework.security.test.context.support.ReactorContextTestExecutionListener, org.springframework.boot.test.autoconfigure.restdocs.RestDocsTestExecutionListener, org.springframework.boot.test.autoconfigure.web.client.MockRestServiceServerResetTestExecutionListener, org.springframework.boot.test.autoconfigure.web.servlet.MockMvcPrintOnlyOnFailureTestExecutionListener, org.springframework.boot.test.autoconfigure.web.servlet.WebDriverTestExecutionListener, org.springframework.boot.test.mock.mockito.MockitoTestExecutionListener, org.springframework.boot.test.mock.mockito.ResetMocksTestExecutionListener, org.springframework.test.context.web.ServletTestExecutionListener, org.springframework.test.context.support.DirtiesContextBeforeModesTestExecutionListener, org.springframework.test.context.support.DependencyInjectionTestExecutionListener, org.springframework.test.context.support.DirtiesContextTestExecutionListener, org.springframework.test.context.transaction.TransactionalTestExecutionListener, org.springframework.test.context.jdbc.SqlScriptsTestExecutionListener]
2018-12-27 11:25:48.945  INFO 2120 --- [    Test worker] .b.t.c.SpringBootTestContextBootstrapper : Using TestExecutionListeners: [org.springframework.test.context.web.ServletTestExecutionListener@7acae8fb, org.springframework.test.context.support.DirtiesContextBeforeModesTestExecutionListener@19b2bd92, org.springframework.boot.test.mock.mockito.MockitoTestExecutionListener@c7fc1f3, org.springframework.boot.test.autoconfigure.SpringBootDependencyInjectionTestExecutionListener@537f3b07, org.springframework.test.context.support.DirtiesContextTestExecutionListener@7e5f9ca3, org.springframework.test.context.transaction.TransactionalTestExecutionListener@728de0d7, org.springframework.test.context.jdbc.SqlScriptsTestExecutionListener@8fd72c, org.springframework.security.test.context.support.WithSecurityContextTestExecutionListener@2a026339, org.springframework.security.test.context.support.ReactorContextTestExecutionListener@283a485e, org.springframework.boot.test.autoconfigure.restdocs.RestDocsTestExecutionListener@352c9ed6, org.springframework.boot.test.autoconfigure.web.client.MockRestServiceServerResetTestExecutionListener@4be409e8, org.springframework.boot.test.autoconfigure.web.servlet.MockMvcPrintOnlyOnFailureTestExecutionListener@7246b006, org.springframework.boot.test.autoconfigure.web.servlet.WebDriverTestExecutionListener@8c46ea8, org.springframework.boot.test.mock.mockito.ResetMocksTestExecutionListener@59cf9b48]
2018-12-27 11:25:48.971  INFO 2120 --- [    Test worker] o.s.t.c.transaction.TransactionContext   : Began transaction (1) for test context [DefaultTestContext@3a48521 testClass = PurchaseOrderApiTest, testInstance = ags.goldenlionerp.apiTests.purchase.PurchaseOrderApiTest@410fcc01, testMethod = updateTestWithPost@PurchaseOrderApiTest, testException = [null], mergedContextConfiguration = [WebMergedContextConfiguration@4ddae5f2 testClass = PurchaseOrderApiTest, locations = '{}', classes = '{class ags.goldenlionerp.GoldenLionErpApplication}', contextInitializerClasses = '[]', activeProfiles = '{}', propertySourceLocations = '{classpath:test.properties}', propertySourceProperties = '{org.springframework.boot.test.context.SpringBootTestContextBootstrapper=true}', contextCustomizers = set[org.springframework.boot.test.autoconfigure.properties.PropertyMappingContextCustomizer@0, org.springframework.boot.test.autoconfigure.web.servlet.WebDriverContextCustomizerFactory$Customizer@636d731e, [ImportsContextCustomizer@666603a7 key = [ags.goldenlionerp.apiTests.ApiTestBase$TestConfig]], org.springframework.boot.test.context.filter.ExcludeFilterContextCustomizer@6afa5291, org.springframework.boot.test.json.DuplicateJsonObjectContextCustomizerFactory$DuplicateJsonObjectContextCustomizer@20cebcb4, org.springframework.boot.test.mock.mockito.MockitoContextCustomizer@0, org.springframework.boot.test.web.client.TestRestTemplateContextCustomizer@49a32273], resourceBasePath = 'src/main/webapp', contextLoader = 'org.springframework.boot.test.context.SpringBootContextLoader', parent = [null]], attributes = map['org.springframework.test.context.web.ServletTestExecutionListener.activateListener' -> true, 'org.springframework.test.context.web.ServletTestExecutionListener.populatedRequestContextHolder' -> true, 'org.springframework.test.context.web.ServletTestExecutionListener.resetRequestContextHolder' -> true]]; transaction manager [org.springframework.orm.jpa.JpaTransactionManager@75de8c12]; rollback [true]
2018-12-27 11:25:48.972  INFO 2120 --- [    Test worker] o.s.b.t.m.w.SpringBootMockServletContext : Initializing Spring FrameworkServlet ''
2018-12-27 11:25:48.972  INFO 2120 --- [    Test worker] o.s.t.web.servlet.TestDispatcherServlet  : FrameworkServlet '': initialization started
2018-12-27 11:25:48.980  INFO 2120 --- [    Test worker] o.s.t.web.servlet.TestDispatcherServlet  : FrameworkServlet '': initialization completed in 8 ms
Hibernate: select purchaseor0_.ohcoid as ohcoid1_39_0_, purchaseor0_.ohdocono as ohdocono2_39_0_, purchaseor0_.ohdocoty as ohdocoty3_39_0_, purchaseor0_.ohcid as ohcid4_39_0_, purchaseor0_.ohdtin as ohdtin5_39_0_, purchaseor0_.ohtmin as ohtmin6_39_0_, purchaseor0_.ohuid as ohuid7_39_0_, purchaseor0_.ohdtlu as ohdtlu8_39_0_, purchaseor0_.ohtmlu as ohtmlu9_39_0_, purchaseor0_.ohuidm as ohuidm10_39_0_, purchaseor0_.ohaprcd as ohaprcd11_39_0_, purchaseor0_.ohcrcb as ohcrcb12_39_0_, purchaseor0_.ohbuid as ohbuid13_39_0_, purchaseor0_.ohcldt as ohcldt14_39_0_, purchaseor0_.ohcot as ohcot15_39_0_, purchaseor0_.ohcsid as ohcsid16_39_0_, purchaseor0_.ohdesb1 as ohdesb17_39_0_, purchaseor0_.ohdccd as ohdccd18_39_0_, purchaseor0_.ohdcrt as ohdcrt19_39_0_, purchaseor0_.ohexcrt as ohexcrt20_39_0_, purchaseor0_.ohgldt as ohgldt21_39_0_, purchaseor0_.ohidd as ohidd22_39_0_, purchaseor0_.ohidn as ohidn23_39_0_, purchaseor0_.ohlst as ohlst24_39_0_, purchaseor0_.ohnst as ohnst25_39_0_, purchaseor0_.ohobid as ohobid26_39_0_, purchaseor0_.ohordt as ohordt27_39_0_, purchaseor0_.ohptc as ohptc28_39_0_, purchaseor0_.ohpoa as ohpoa29_39_0_, purchaseor0_.ohpod as ohpod30_39_0_, purchaseor0_.ohpjid as ohpjid31_39_0_, purchaseor0_.ohpddt as ohpddt32_39_0_, purchaseor0_.ohrcdt as ohrcdt33_39_0_, purchaseor0_.ohstid as ohstid34_39_0_, purchaseor0_.ohrqdt as ohrqdt35_39_0_, purchaseor0_.ohtaxal as ohtaxal36_39_0_, purchaseor0_.ohtaxcd as ohtaxcd37_39_0_, purchaseor0_.ohtaxrt as ohtaxrt38_39_0_, purchaseor0_.ohcrct as ohcrct39_39_0_, purchaseor0_.ohdesc1 as ohdesc40_39_0_, purchaseor0_.ohdesc2 as ohdesc41_39_0_, purchaseor0_.ohvhrn as ohvhrn42_39_0_, purchaseor0_.ohvhty as ohvhty43_39_0_, purchaseor0_.ohvnid as ohvnid44_39_0_ from t4301 purchaseor0_ where purchaseor0_.ohcoid=? and purchaseor0_.ohdocono=? and purchaseor0_.ohdocoty=?
Hibernate: select details0_.odcoid as odcoid1_40_0_, details0_.oddocono as oddocono2_40_0_, details0_.oddocoty as oddocoty4_40_0_, details0_.oddocosq as oddocosq3_40_0_, details0_.odcoid as odcoid1_40_1_, details0_.oddocono as oddocono2_40_1_, details0_.oddocosq as oddocosq3_40_1_, details0_.oddocoty as oddocoty4_40_1_, details0_.odcid as odcid5_40_1_, details0_.oddtin as oddtin6_40_1_, details0_.odtmin as odtmin7_40_1_, details0_.oduid as oduid8_40_1_, details0_.oddtlu as oddtlu9_40_1_, details0_.odtmlu as odtmlu10_40_1_, details0_.oduidm as oduidm11_40_1_, details0_.odacid as odacid12_40_1_, details0_.odaprcd as odaprcd13_40_1_, details0_.odcrcb as odcrcb14_40_1_, details0_.oditc02 as oditc15_40_1_, details0_.odbuid as odbuid16_40_1_, details0_.odqtycl as odqtycl17_40_1_, details0_.oditc01 as oditc18_40_1_, details0_.odcldt as odcldt19_40_1_, details0_.odcsid as odcsid20_40_1_, details0_.oddccd as oddccd21_40_1_, details0_.oddcrt as oddcrt22_40_1_, details0_.odexcrt as odexcrt23_40_1_, details0_.odexcost as odexcos24_40_1_, details0_.odqtyx as odqtyx25_40_1_, details0_.oducfx as oducfx26_40_1_, details0_.oduncostx as oduncos27_40_1_, details0_.oduomx as oduomx28_40_1_, details0_.odfec as odfec29_40_1_, details0_.odfta as odfta30_40_1_, details0_.odftb as odftb31_40_1_, details0_.odfuc as odfuc32_40_1_, details0_.odglcls as odglcls33_40_1_, details0_.odgldt as odgldt34_40_1_, details0_.odir02 as odir35_40_1_, details0_.odir01 as odir36_40_1_, details0_.odir03 as odir37_40_1_, details0_.odinum as odinum38_40_1_, details0_.oddesb1 as oddesb39_40_1_, details0_.oditc05 as oditc40_40_1_, details0_.odlst as odlst41_40_1_, details0_.odlnty as odlnty42_40_1_, details0_.odlocid as odlocid43_40_1_, details0_.odnst as odnst44_40_1_, details0_.odobid as odobid45_40_1_, details0_.odqtyop as odqtyop46_40_1_, details0_.odordt as odordt47_40_1_, details0_.odqtyor as odqtyor48_40_1_, details0_.odott as odott49_40_1_, details0_.odordocdt as odordoc50_40_1_, details0_.odordocno as odordoc51_40_1_, details0_.odordocsq as odordoc52_40_1_, details0_.odordocty as odordoc53_40_1_, details0_.odptc as odptc54_40_1_, details0_.odpqor as odpqor55_40_1_, details0_.oduom1 as oduom56_40_1_, details0_.odpjid as odpjid57_40_1_, details0_.odpddt as odpddt58_40_1_, details0_.odpo03 as odpo59_40_1_, details0_.odpo01 as odpo60_40_1_, details0_.odpo02 as odpo61_40_1_, details0_.odqty as odqty62_40_1_, details0_.odrcdt as odrcdt63_40_1_, details0_.odqtyrc as odqtyrc64_40_1_, details0_.odstid as odstid65_40_1_, details0_.odvr04 as odvr66_40_1_, details0_.odvr01 as odvr67_40_1_, details0_.odvr03 as odvr68_40_1_, details0_.odvr05 as odvr69_40_1_, details0_.odvr02 as odvr70_40_1_, details0_.odrldocno as odrldoc71_40_1_, details0_.odrldocsq as odrldoc72_40_1_, details0_.odrldocty as odrldoc73_40_1_, details0_.odrqdt as odrqdt74_40_1_, details0_.odqtyrn as odqtyrn75_40_1_, details0_.odsqor as odsqor76_40_1_, details0_.oduom2 as oduom77_40_1_, details0_.odsnlot as odsnlot78_40_1_, details0_.odtaxal as odtaxal79_40_1_, details0_.odtaxam as odtaxam80_40_1_, details0_.odtaxab as odtaxab81_40_1_, details0_.odtaxcd as odtaxcd82_40_1_, details0_.odtaxrt as odtaxrt83_40_1_, details0_.odcrct as odcrct84_40_1_, details0_.oditc03 as oditc85_40_1_, details0_.oducf as oducf86_40_1_, details0_.oduncost as oduncos87_40_1_, details0_.odudc as odudc88_40_1_, details0_.odudf as odudf89_40_1_, details0_.oduom as oduom90_40_1_, details0_.odvnid as odvnid91_40_1_ from t4311 details0_ where details0_.odcoid=? and details0_.oddocono=? and details0_.oddocoty=?
Hibernate: select receipts0_.ovcoid as ovcoid1_41_0_, receipts0_.ovdocono as ovdocon53_41_0_, receipts0_.ovdocosq as ovdocos54_41_0_, receipts0_.ovdocoty as ovdocot55_41_0_, receipts0_.ovdocno as ovdocno2_41_0_, receipts0_.ovdocty as ovdocty3_41_0_, receipts0_.ovdocsq as ovdocsq4_41_0_, receipts0_.ovcoid as ovcoid1_41_1_, receipts0_.ovdocno as ovdocno2_41_1_, receipts0_.ovdocty as ovdocty3_41_1_, receipts0_.ovdocsq as ovdocsq4_41_1_, receipts0_.ovcid as ovcid5_41_1_, receipts0_.ovdtin as ovdtin6_41_1_, receipts0_.ovtmin as ovtmin7_41_1_, receipts0_.ovuid as ovuid8_41_1_, receipts0_.ovdtlu as ovdtlu9_41_1_, receipts0_.ovtmlu as ovtmlu10_41_1_, receipts0_.ovuidm as ovuidm11_41_1_, receipts0_.ovacid as ovacid12_41_1_, receipts0_.ovcrcb as ovcrcb13_41_1_, receipts0_.ovicu as ovicu14_41_1_, receipts0_.ovicut as ovicut15_41_1_, receipts0_.ovitc02 as ovitc16_41_1_, receipts0_.ovbuid as ovbuid17_41_1_, receipts0_.ovitc01 as ovitc18_41_1_, receipts0_.ovcot as ovcot19_41_1_, receipts0_.ovcnid as ovcnid20_41_1_, receipts0_.ovcsdocdt as ovcsdoc21_41_1_, receipts0_.ovcsdocno as ovcsdoc22_41_1_, receipts0_.ovurtx as ovurtx23_41_1_, receipts0_.ovdccd as ovdccd24_41_1_, receipts0_.ovdcrt as ovdcrt25_41_1_, receipts0_.ovdocdt as ovdocdt26_41_1_, receipts0_.ovexcrt as ovexcrt27_41_1_, receipts0_.ovexpdt as ovexpdt28_41_1_, receipts0_.ovexcost as ovexcos29_41_1_, receipts0_.ovfec as ovfec30_41_1_, receipts0_.ovfta as ovfta31_41_1_, receipts0_.ovftb as ovftb32_41_1_, receipts0_.ovfuc as ovfuc33_41_1_, receipts0_.ovglcls as ovglcls34_41_1_, receipts0_.ovidd as ovidd35_41_1_, receipts0_.ovidn as ovidn36_41_1_, receipts0_.ovitt as ovitt37_41_1_, receipts0_.ovdocidt as ovdocid38_41_1_, receipts0_.ovdocino as ovdocin39_41_1_, receipts0_.ovdocisq as ovdocis40_41_1_, receipts0_.ovdocity as ovdocit41_41_1_, receipts0_.ovinum as ovinum42_41_1_, receipts0_.ovdesb1 as ovdesb43_41_1_, receipts0_.ovlcrt as ovlcrt44_41_1_, receipts0_.ovitc05 as ovitc45_41_1_, receipts0_.ovlst as ovlst46_41_1_, receipts0_.ovlvla as ovlvla47_41_1_, receipts0_.ovlnty as ovlnty48_41_1_, receipts0_.ovlocid as ovlocid49_41_1_, receipts0_.ovmatc as ovmatc50_41_1_, receipts0_.ovnst as ovnst51_41_1_, receipts0_.ovobid as ovobid52_41_1_, receipts0_.ovdocono as ovdocon53_41_1_, receipts0_.ovdocosq as ovdocos54_41_1_, receipts0_.ovdocoty as ovdocot55_41_1_, receipts0_.ovordocno as ovordoc56_41_1_, receipts0_.ovordocsq as ovordoc57_41_1_, receipts0_.ovordocty as ovordoc58_41_1_, receipts0_.ovptc as ovptc59_41_1_, receipts0_.ovpoa as ovpoa60_41_1_, receipts0_.ovpod as ovpod61_41_1_, receipts0_.ovpqot as ovpqot62_41_1_, receipts0_.ovuom1 as ovuom63_41_1_, receipts0_.ovpjid as ovpjid64_41_1_, receipts0_.ovpo03 as ovpo65_41_1_, receipts0_.ovpo01 as ovpo66_41_1_, receipts0_.ovpo02 as ovpo67_41_1_, receipts0_.ovqty as ovqty68_41_1_, receipts0_.ovrcdt as ovrcdt69_41_1_, receipts0_.ovrecid as ovrecid70_41_1_, receipts0_.ovvr04 as ovvr71_41_1_, receipts0_.ovvr01 as ovvr72_41_1_, receipts0_.ovvr03 as ovvr73_41_1_, receipts0_.ovvr05 as ovvr74_41_1_, receipts0_.ovvr02 as ovvr75_41_1_, receipts0_.ovrtgc as ovrtgc76_41_1_, receipts0_.ovsqot as ovsqot77_41_1_, receipts0_.ovuom2 as ovuom78_41_1_, receipts0_.ovsnlot as ovsnlot79_41_1_, receipts0_.ovtaxal as ovtaxal80_41_1_, receipts0_.ovtaxam as ovtaxam81_41_1_, receipts0_.ovtaxab as ovtaxab82_41_1_, receipts0_.ovtaxcd as ovtaxcd83_41_1_, receipts0_.ovtaxidt as ovtaxid84_41_1_, receipts0_.ovtaxino as ovtaxin85_41_1_, receipts0_.ovtaxrt as ovtaxrt86_41_1_, receipts0_.ovcrct as ovcrct87_41_1_, receipts0_.ovitc03 as ovitc88_41_1_, receipts0_.ovucf as ovucf89_41_1_, receipts0_.ovuncost as ovuncos90_41_1_, receipts0_.ovudc as ovudc91_41_1_, receipts0_.ovudf as ovudf92_41_1_, receipts0_.ovuom as ovuom93_41_1_, receipts0_.ovvnid as ovvnid94_41_1_, receipts0_.ovinvdt as ovinvdt95_41_1_, receipts0_.ovinvno as ovinvno96_41_1_ from t4312 receipts0_ where receipts0_.ovcoid=? and receipts0_.ovdocono=? and receipts0_.ovdocosq=? and receipts0_.ovdocoty=?
Hibernate: select receipts0_.ovcoid as ovcoid1_41_0_, receipts0_.ovdocono as ovdocon53_41_0_, receipts0_.ovdocosq as ovdocos54_41_0_, receipts0_.ovdocoty as ovdocot55_41_0_, receipts0_.ovdocno as ovdocno2_41_0_, receipts0_.ovdocty as ovdocty3_41_0_, receipts0_.ovdocsq as ovdocsq4_41_0_, receipts0_.ovcoid as ovcoid1_41_1_, receipts0_.ovdocno as ovdocno2_41_1_, receipts0_.ovdocty as ovdocty3_41_1_, receipts0_.ovdocsq as ovdocsq4_41_1_, receipts0_.ovcid as ovcid5_41_1_, receipts0_.ovdtin as ovdtin6_41_1_, receipts0_.ovtmin as ovtmin7_41_1_, receipts0_.ovuid as ovuid8_41_1_, receipts0_.ovdtlu as ovdtlu9_41_1_, receipts0_.ovtmlu as ovtmlu10_41_1_, receipts0_.ovuidm as ovuidm11_41_1_, receipts0_.ovacid as ovacid12_41_1_, receipts0_.ovcrcb as ovcrcb13_41_1_, receipts0_.ovicu as ovicu14_41_1_, receipts0_.ovicut as ovicut15_41_1_, receipts0_.ovitc02 as ovitc16_41_1_, receipts0_.ovbuid as ovbuid17_41_1_, receipts0_.ovitc01 as ovitc18_41_1_, receipts0_.ovcot as ovcot19_41_1_, receipts0_.ovcnid as ovcnid20_41_1_, receipts0_.ovcsdocdt as ovcsdoc21_41_1_, receipts0_.ovcsdocno as ovcsdoc22_41_1_, receipts0_.ovurtx as ovurtx23_41_1_, receipts0_.ovdccd as ovdccd24_41_1_, receipts0_.ovdcrt as ovdcrt25_41_1_, receipts0_.ovdocdt as ovdocdt26_41_1_, receipts0_.ovexcrt as ovexcrt27_41_1_, receipts0_.ovexpdt as ovexpdt28_41_1_, receipts0_.ovexcost as ovexcos29_41_1_, receipts0_.ovfec as ovfec30_41_1_, receipts0_.ovfta as ovfta31_41_1_, receipts0_.ovftb as ovftb32_41_1_, receipts0_.ovfuc as ovfuc33_41_1_, receipts0_.ovglcls as ovglcls34_41_1_, receipts0_.ovidd as ovidd35_41_1_, receipts0_.ovidn as ovidn36_41_1_, receipts0_.ovitt as ovitt37_41_1_, receipts0_.ovdocidt as ovdocid38_41_1_, receipts0_.ovdocino as ovdocin39_41_1_, receipts0_.ovdocisq as ovdocis40_41_1_, receipts0_.ovdocity as ovdocit41_41_1_, receipts0_.ovinum as ovinum42_41_1_, receipts0_.ovdesb1 as ovdesb43_41_1_, receipts0_.ovlcrt as ovlcrt44_41_1_, receipts0_.ovitc05 as ovitc45_41_1_, receipts0_.ovlst as ovlst46_41_1_, receipts0_.ovlvla as ovlvla47_41_1_, receipts0_.ovlnty as ovlnty48_41_1_, receipts0_.ovlocid as ovlocid49_41_1_, receipts0_.ovmatc as ovmatc50_41_1_, receipts0_.ovnst as ovnst51_41_1_, receipts0_.ovobid as ovobid52_41_1_, receipts0_.ovdocono as ovdocon53_41_1_, receipts0_.ovdocosq as ovdocos54_41_1_, receipts0_.ovdocoty as ovdocot55_41_1_, receipts0_.ovordocno as ovordoc56_41_1_, receipts0_.ovordocsq as ovordoc57_41_1_, receipts0_.ovordocty as ovordoc58_41_1_, receipts0_.ovptc as ovptc59_41_1_, receipts0_.ovpoa as ovpoa60_41_1_, receipts0_.ovpod as ovpod61_41_1_, receipts0_.ovpqot as ovpqot62_41_1_, receipts0_.ovuom1 as ovuom63_41_1_, receipts0_.ovpjid as ovpjid64_41_1_, receipts0_.ovpo03 as ovpo65_41_1_, receipts0_.ovpo01 as ovpo66_41_1_, receipts0_.ovpo02 as ovpo67_41_1_, receipts0_.ovqty as ovqty68_41_1_, receipts0_.ovrcdt as ovrcdt69_41_1_, receipts0_.ovrecid as ovrecid70_41_1_, receipts0_.ovvr04 as ovvr71_41_1_, receipts0_.ovvr01 as ovvr72_41_1_, receipts0_.ovvr03 as ovvr73_41_1_, receipts0_.ovvr05 as ovvr74_41_1_, receipts0_.ovvr02 as ovvr75_41_1_, receipts0_.ovrtgc as ovrtgc76_41_1_, receipts0_.ovsqot as ovsqot77_41_1_, receipts0_.ovuom2 as ovuom78_41_1_, receipts0_.ovsnlot as ovsnlot79_41_1_, receipts0_.ovtaxal as ovtaxal80_41_1_, receipts0_.ovtaxam as ovtaxam81_41_1_, receipts0_.ovtaxab as ovtaxab82_41_1_, receipts0_.ovtaxcd as ovtaxcd83_41_1_, receipts0_.ovtaxidt as ovtaxid84_41_1_, receipts0_.ovtaxino as ovtaxin85_41_1_, receipts0_.ovtaxrt as ovtaxrt86_41_1_, receipts0_.ovcrct as ovcrct87_41_1_, receipts0_.ovitc03 as ovitc88_41_1_, receipts0_.ovucf as ovucf89_41_1_, receipts0_.ovuncost as ovuncos90_41_1_, receipts0_.ovudc as ovudc91_41_1_, receipts0_.ovudf as ovudf92_41_1_, receipts0_.ovuom as ovuom93_41_1_, receipts0_.ovvnid as ovvnid94_41_1_, receipts0_.ovinvdt as ovinvdt95_41_1_, receipts0_.ovinvno as ovinvno96_41_1_ from t4312 receipts0_ where receipts0_.ovcoid=? and receipts0_.ovdocono=? and receipts0_.ovdocosq=? and receipts0_.ovdocoty=?
Hibernate: select count(*) as col_0_0_ from t4301 purchaseor0_ where purchaseor0_.ohcoid=? and purchaseor0_.ohdocono=? and purchaseor0_.ohdocoty=?
2018-12-27 11:25:49.145  INFO 2120 --- [    Test worker] o.s.t.c.transaction.TransactionContext   : Rolled back transaction for test: [DefaultTestContext@3a48521 testClass = PurchaseOrderApiTest, testInstance = ags.goldenlionerp.apiTests.purchase.PurchaseOrderApiTest@410fcc01, testMethod = updateTestWithPost@PurchaseOrderApiTest, testException = [null], mergedContextConfiguration = [WebMergedContextConfiguration@4ddae5f2 testClass = PurchaseOrderApiTest, locations = '{}', classes = '{class ags.goldenlionerp.GoldenLionErpApplication}', contextInitializerClasses = '[]', activeProfiles = '{}', propertySourceLocations = '{classpath:test.properties}', propertySourceProperties = '{org.springframework.boot.test.context.SpringBootTestContextBootstrapper=true}', contextCustomizers = set[org.springframework.boot.test.autoconfigure.properties.PropertyMappingContextCustomizer@0, org.springframework.boot.test.autoconfigure.web.servlet.WebDriverContextCustomizerFactory$Customizer@636d731e, [ImportsContextCustomizer@666603a7 key = [ags.goldenlionerp.apiTests.ApiTestBase$TestConfig]], org.springframework.boot.test.context.filter.ExcludeFilterContextCustomizer@6afa5291, org.springframework.boot.test.json.DuplicateJsonObjectContextCustomizerFactory$DuplicateJsonObjectContextCustomizer@20cebcb4, org.springframework.boot.test.mock.mockito.MockitoContextCustomizer@0, org.springframework.boot.test.web.client.TestRestTemplateContextCustomizer@49a32273], resourceBasePath = 'src/main/webapp', contextLoader = 'org.springframework.boot.test.context.SpringBootContextLoader', parent = [null]], attributes = map['org.springframework.test.context.web.ServletTestExecutionListener.activateListener' -> true, 'org.springframework.test.context.web.ServletTestExecutionListener.populatedRequestContextHolder' -> true, 'org.springframework.test.context.web.ServletTestExecutionListener.resetRequestContextHolder' -> true]]
2018-12-27 11:25:49.147  INFO 2120 --- [    Test worker] o.s.t.c.transaction.TransactionContext   : Began transaction (1) for test context [DefaultTestContext@3a48521 testClass = PurchaseOrderApiTest, testInstance = ags.goldenlionerp.apiTests.purchase.PurchaseOrderApiTest@731debe8, testMethod = updateTestWithPatch@PurchaseOrderApiTest, testException = [null], mergedContextConfiguration = [WebMergedContextConfiguration@4ddae5f2 testClass = PurchaseOrderApiTest, locations = '{}', classes = '{class ags.goldenlionerp.GoldenLionErpApplication}', contextInitializerClasses = '[]', activeProfiles = '{}', propertySourceLocations = '{classpath:test.properties}', propertySourceProperties = '{org.springframework.boot.test.context.SpringBootTestContextBootstrapper=true}', contextCustomizers = set[org.springframework.boot.test.autoconfigure.properties.PropertyMappingContextCustomizer@0, org.springframework.boot.test.autoconfigure.web.servlet.WebDriverContextCustomizerFactory$Customizer@636d731e, [ImportsContextCustomizer@666603a7 key = [ags.goldenlionerp.apiTests.ApiTestBase$TestConfig]], org.springframework.boot.test.context.filter.ExcludeFilterContextCustomizer@6afa5291, org.springframework.boot.test.json.DuplicateJsonObjectContextCustomizerFactory$DuplicateJsonObjectContextCustomizer@20cebcb4, org.springframework.boot.test.mock.mockito.MockitoContextCustomizer@0, org.springframework.boot.test.web.client.TestRestTemplateContextCustomizer@49a32273], resourceBasePath = 'src/main/webapp', contextLoader = 'org.springframework.boot.test.context.SpringBootContextLoader', parent = [null]], attributes = map['org.springframework.test.context.web.ServletTestExecutionListener.activateListener' -> true, 'org.springframework.test.context.web.ServletTestExecutionListener.populatedRequestContextHolder' -> true, 'org.springframework.test.context.web.ServletTestExecutionListener.resetRequestContextHolder' -> true]]; transaction manager [org.springframework.orm.jpa.JpaTransactionManager@75de8c12]; rollback [true]
2018-12-27 11:25:49.148  INFO 2120 --- [    Test worker] o.s.b.t.m.w.SpringBootMockServletContext : Initializing Spring FrameworkServlet ''
2018-12-27 11:25:49.148  INFO 2120 --- [    Test worker] o.s.t.web.servlet.TestDispatcherServlet  : FrameworkServlet '': initialization started
2018-12-27 11:25:49.158  INFO 2120 --- [    Test worker] o.s.t.web.servlet.TestDispatcherServlet  : FrameworkServlet '': initialization completed in 10 ms
2018-12-27 11:25:49.162  INFO 2120 --- [    Test worker] o.s.t.c.transaction.TransactionContext   : Rolled back transaction for test: [DefaultTestContext@3a48521 testClass = PurchaseOrderApiTest, testInstance = ags.goldenlionerp.apiTests.purchase.PurchaseOrderApiTest@731debe8, testMethod = updateTestWithPatch@PurchaseOrderApiTest, testException = [null], mergedContextConfiguration = [WebMergedContextConfiguration@4ddae5f2 testClass = PurchaseOrderApiTest, locations = '{}', classes = '{class ags.goldenlionerp.GoldenLionErpApplication}', contextInitializerClasses = '[]', activeProfiles = '{}', propertySourceLocations = '{classpath:test.properties}', propertySourceProperties = '{org.springframework.boot.test.context.SpringBootTestContextBootstrapper=true}', contextCustomizers = set[org.springframework.boot.test.autoconfigure.properties.PropertyMappingContextCustomizer@0, org.springframework.boot.test.autoconfigure.web.servlet.WebDriverContextCustomizerFactory$Customizer@636d731e, [ImportsContextCustomizer@666603a7 key = [ags.goldenlionerp.apiTests.ApiTestBase$TestConfig]], org.springframework.boot.test.context.filter.ExcludeFilterContextCustomizer@6afa5291, org.springframework.boot.test.json.DuplicateJsonObjectContextCustomizerFactory$DuplicateJsonObjectContextCustomizer@20cebcb4, org.springframework.boot.test.mock.mockito.MockitoContextCustomizer@0, org.springframework.boot.test.web.client.TestRestTemplateContextCustomizer@49a32273], resourceBasePath = 'src/main/webapp', contextLoader = 'org.springframework.boot.test.context.SpringBootContextLoader', parent = [null]], attributes = map['org.springframework.test.context.web.ServletTestExecutionListener.activateListener' -> true, 'org.springframework.test.context.web.ServletTestExecutionListener.populatedRequestContextHolder' -> true, 'org.springframework.test.context.web.ServletTestExecutionListener.resetRequestContextHolder' -> true]]
2018-12-27 11:25:49.165  INFO 2120 --- [    Test worker] o.s.t.c.transaction.TransactionContext   : Began transaction (1) for test context [DefaultTestContext@3a48521 testClass = PurchaseOrderApiTest, testInstance = ags.goldenlionerp.apiTests.purchase.PurchaseOrderApiTest@459c6ec0, testMethod = deleteTest@PurchaseOrderApiTest, testException = [null], mergedContextConfiguration = [WebMergedContextConfiguration@4ddae5f2 testClass = PurchaseOrderApiTest, locations = '{}', classes = '{class ags.goldenlionerp.GoldenLionErpApplication}', contextInitializerClasses = '[]', activeProfiles = '{}', propertySourceLocations = '{classpath:test.properties}', propertySourceProperties = '{org.springframework.boot.test.context.SpringBootTestContextBootstrapper=true}', contextCustomizers = set[org.springframework.boot.test.autoconfigure.properties.PropertyMappingContextCustomizer@0, org.springframework.boot.test.autoconfigure.web.servlet.WebDriverContextCustomizerFactory$Customizer@636d731e, [ImportsContextCustomizer@666603a7 key = [ags.goldenlionerp.apiTests.ApiTestBase$TestConfig]], org.springframework.boot.test.context.filter.ExcludeFilterContextCustomizer@6afa5291, org.springframework.boot.test.json.DuplicateJsonObjectContextCustomizerFactory$DuplicateJsonObjectContextCustomizer@20cebcb4, org.springframework.boot.test.mock.mockito.MockitoContextCustomizer@0, org.springframework.boot.test.web.client.TestRestTemplateContextCustomizer@49a32273], resourceBasePath = 'src/main/webapp', contextLoader = 'org.springframework.boot.test.context.SpringBootContextLoader', parent = [null]], attributes = map['org.springframework.test.context.web.ServletTestExecutionListener.activateListener' -> true, 'org.springframework.test.context.web.ServletTestExecutionListener.populatedRequestContextHolder' -> true, 'org.springframework.test.context.web.ServletTestExecutionListener.resetRequestContextHolder' -> true]]; transaction manager [org.springframework.orm.jpa.JpaTransactionManager@75de8c12]; rollback [true]
2018-12-27 11:25:49.166  INFO 2120 --- [    Test worker] o.s.b.t.m.w.SpringBootMockServletContext : Initializing Spring FrameworkServlet ''
2018-12-27 11:25:49.166  INFO 2120 --- [    Test worker] o.s.t.web.servlet.TestDispatcherServlet  : FrameworkServlet '': initialization started
2018-12-27 11:25:49.175  INFO 2120 --- [    Test worker] o.s.t.web.servlet.TestDispatcherServlet  : FrameworkServlet '': initialization completed in 9 ms
Hibernate: select purchaseor0_.ohcoid as ohcoid1_39_0_, purchaseor0_.ohdocono as ohdocono2_39_0_, purchaseor0_.ohdocoty as ohdocoty3_39_0_, purchaseor0_.ohcid as ohcid4_39_0_, purchaseor0_.ohdtin as ohdtin5_39_0_, purchaseor0_.ohtmin as ohtmin6_39_0_, purchaseor0_.ohuid as ohuid7_39_0_, purchaseor0_.ohdtlu as ohdtlu8_39_0_, purchaseor0_.ohtmlu as ohtmlu9_39_0_, purchaseor0_.ohuidm as ohuidm10_39_0_, purchaseor0_.ohaprcd as ohaprcd11_39_0_, purchaseor0_.ohcrcb as ohcrcb12_39_0_, purchaseor0_.ohbuid as ohbuid13_39_0_, purchaseor0_.ohcldt as ohcldt14_39_0_, purchaseor0_.ohcot as ohcot15_39_0_, purchaseor0_.ohcsid as ohcsid16_39_0_, purchaseor0_.ohdesb1 as ohdesb17_39_0_, purchaseor0_.ohdccd as ohdccd18_39_0_, purchaseor0_.ohdcrt as ohdcrt19_39_0_, purchaseor0_.ohexcrt as ohexcrt20_39_0_, purchaseor0_.ohgldt as ohgldt21_39_0_, purchaseor0_.ohidd as ohidd22_39_0_, purchaseor0_.ohidn as ohidn23_39_0_, purchaseor0_.ohlst as ohlst24_39_0_, purchaseor0_.ohnst as ohnst25_39_0_, purchaseor0_.ohobid as ohobid26_39_0_, purchaseor0_.ohordt as ohordt27_39_0_, purchaseor0_.ohptc as ohptc28_39_0_, purchaseor0_.ohpoa as ohpoa29_39_0_, purchaseor0_.ohpod as ohpod30_39_0_, purchaseor0_.ohpjid as ohpjid31_39_0_, purchaseor0_.ohpddt as ohpddt32_39_0_, purchaseor0_.ohrcdt as ohrcdt33_39_0_, purchaseor0_.ohstid as ohstid34_39_0_, purchaseor0_.ohrqdt as ohrqdt35_39_0_, purchaseor0_.ohtaxal as ohtaxal36_39_0_, purchaseor0_.ohtaxcd as ohtaxcd37_39_0_, purchaseor0_.ohtaxrt as ohtaxrt38_39_0_, purchaseor0_.ohcrct as ohcrct39_39_0_, purchaseor0_.ohdesc1 as ohdesc40_39_0_, purchaseor0_.ohdesc2 as ohdesc41_39_0_, purchaseor0_.ohvhrn as ohvhrn42_39_0_, purchaseor0_.ohvhty as ohvhty43_39_0_, purchaseor0_.ohvnid as ohvnid44_39_0_ from t4301 purchaseor0_ where purchaseor0_.ohcoid=? and purchaseor0_.ohdocono=? and purchaseor0_.ohdocoty=?
Hibernate: select details0_.odcoid as odcoid1_40_0_, details0_.oddocono as oddocono2_40_0_, details0_.oddocoty as oddocoty4_40_0_, details0_.oddocosq as oddocosq3_40_0_, details0_.odcoid as odcoid1_40_1_, details0_.oddocono as oddocono2_40_1_, details0_.oddocosq as oddocosq3_40_1_, details0_.oddocoty as oddocoty4_40_1_, details0_.odcid as odcid5_40_1_, details0_.oddtin as oddtin6_40_1_, details0_.odtmin as odtmin7_40_1_, details0_.oduid as oduid8_40_1_, details0_.oddtlu as oddtlu9_40_1_, details0_.odtmlu as odtmlu10_40_1_, details0_.oduidm as oduidm11_40_1_, details0_.odacid as odacid12_40_1_, details0_.odaprcd as odaprcd13_40_1_, details0_.odcrcb as odcrcb14_40_1_, details0_.oditc02 as oditc15_40_1_, details0_.odbuid as odbuid16_40_1_, details0_.odqtycl as odqtycl17_40_1_, details0_.oditc01 as oditc18_40_1_, details0_.odcldt as odcldt19_40_1_, details0_.odcsid as odcsid20_40_1_, details0_.oddccd as oddccd21_40_1_, details0_.oddcrt as oddcrt22_40_1_, details0_.odexcrt as odexcrt23_40_1_, details0_.odexcost as odexcos24_40_1_, details0_.odqtyx as odqtyx25_40_1_, details0_.oducfx as oducfx26_40_1_, details0_.oduncostx as oduncos27_40_1_, details0_.oduomx as oduomx28_40_1_, details0_.odfec as odfec29_40_1_, details0_.odfta as odfta30_40_1_, details0_.odftb as odftb31_40_1_, details0_.odfuc as odfuc32_40_1_, details0_.odglcls as odglcls33_40_1_, details0_.odgldt as odgldt34_40_1_, details0_.odir02 as odir35_40_1_, details0_.odir01 as odir36_40_1_, details0_.odir03 as odir37_40_1_, details0_.odinum as odinum38_40_1_, details0_.oddesb1 as oddesb39_40_1_, details0_.oditc05 as oditc40_40_1_, details0_.odlst as odlst41_40_1_, details0_.odlnty as odlnty42_40_1_, details0_.odlocid as odlocid43_40_1_, details0_.odnst as odnst44_40_1_, details0_.odobid as odobid45_40_1_, details0_.odqtyop as odqtyop46_40_1_, details0_.odordt as odordt47_40_1_, details0_.odqtyor as odqtyor48_40_1_, details0_.odott as odott49_40_1_, details0_.odordocdt as odordoc50_40_1_, details0_.odordocno as odordoc51_40_1_, details0_.odordocsq as odordoc52_40_1_, details0_.odordocty as odordoc53_40_1_, details0_.odptc as odptc54_40_1_, details0_.odpqor as odpqor55_40_1_, details0_.oduom1 as oduom56_40_1_, details0_.odpjid as odpjid57_40_1_, details0_.odpddt as odpddt58_40_1_, details0_.odpo03 as odpo59_40_1_, details0_.odpo01 as odpo60_40_1_, details0_.odpo02 as odpo61_40_1_, details0_.odqty as odqty62_40_1_, details0_.odrcdt as odrcdt63_40_1_, details0_.odqtyrc as odqtyrc64_40_1_, details0_.odstid as odstid65_40_1_, details0_.odvr04 as odvr66_40_1_, details0_.odvr01 as odvr67_40_1_, details0_.odvr03 as odvr68_40_1_, details0_.odvr05 as odvr69_40_1_, details0_.odvr02 as odvr70_40_1_, details0_.odrldocno as odrldoc71_40_1_, details0_.odrldocsq as odrldoc72_40_1_, details0_.odrldocty as odrldoc73_40_1_, details0_.odrqdt as odrqdt74_40_1_, details0_.odqtyrn as odqtyrn75_40_1_, details0_.odsqor as odsqor76_40_1_, details0_.oduom2 as oduom77_40_1_, details0_.odsnlot as odsnlot78_40_1_, details0_.odtaxal as odtaxal79_40_1_, details0_.odtaxam as odtaxam80_40_1_, details0_.odtaxab as odtaxab81_40_1_, details0_.odtaxcd as odtaxcd82_40_1_, details0_.odtaxrt as odtaxrt83_40_1_, details0_.odcrct as odcrct84_40_1_, details0_.oditc03 as oditc85_40_1_, details0_.oducf as oducf86_40_1_, details0_.oduncost as oduncos87_40_1_, details0_.odudc as odudc88_40_1_, details0_.odudf as odudf89_40_1_, details0_.oduom as oduom90_40_1_, details0_.odvnid as odvnid91_40_1_ from t4311 details0_ where details0_.odcoid=? and details0_.oddocono=? and details0_.oddocoty=?
Hibernate: select receipts0_.ovcoid as ovcoid1_41_0_, receipts0_.ovdocono as ovdocon53_41_0_, receipts0_.ovdocosq as ovdocos54_41_0_, receipts0_.ovdocoty as ovdocot55_41_0_, receipts0_.ovdocno as ovdocno2_41_0_, receipts0_.ovdocty as ovdocty3_41_0_, receipts0_.ovdocsq as ovdocsq4_41_0_, receipts0_.ovcoid as ovcoid1_41_1_, receipts0_.ovdocno as ovdocno2_41_1_, receipts0_.ovdocty as ovdocty3_41_1_, receipts0_.ovdocsq as ovdocsq4_41_1_, receipts0_.ovcid as ovcid5_41_1_, receipts0_.ovdtin as ovdtin6_41_1_, receipts0_.ovtmin as ovtmin7_41_1_, receipts0_.ovuid as ovuid8_41_1_, receipts0_.ovdtlu as ovdtlu9_41_1_, receipts0_.ovtmlu as ovtmlu10_41_1_, receipts0_.ovuidm as ovuidm11_41_1_, receipts0_.ovacid as ovacid12_41_1_, receipts0_.ovcrcb as ovcrcb13_41_1_, receipts0_.ovicu as ovicu14_41_1_, receipts0_.ovicut as ovicut15_41_1_, receipts0_.ovitc02 as ovitc16_41_1_, receipts0_.ovbuid as ovbuid17_41_1_, receipts0_.ovitc01 as ovitc18_41_1_, receipts0_.ovcot as ovcot19_41_1_, receipts0_.ovcnid as ovcnid20_41_1_, receipts0_.ovcsdocdt as ovcsdoc21_41_1_, receipts0_.ovcsdocno as ovcsdoc22_41_1_, receipts0_.ovurtx as ovurtx23_41_1_, receipts0_.ovdccd as ovdccd24_41_1_, receipts0_.ovdcrt as ovdcrt25_41_1_, receipts0_.ovdocdt as ovdocdt26_41_1_, receipts0_.ovexcrt as ovexcrt27_41_1_, receipts0_.ovexpdt as ovexpdt28_41_1_, receipts0_.ovexcost as ovexcos29_41_1_, receipts0_.ovfec as ovfec30_41_1_, receipts0_.ovfta as ovfta31_41_1_, receipts0_.ovftb as ovftb32_41_1_, receipts0_.ovfuc as ovfuc33_41_1_, receipts0_.ovglcls as ovglcls34_41_1_, receipts0_.ovidd as ovidd35_41_1_, receipts0_.ovidn as ovidn36_41_1_, receipts0_.ovitt as ovitt37_41_1_, receipts0_.ovdocidt as ovdocid38_41_1_, receipts0_.ovdocino as ovdocin39_41_1_, receipts0_.ovdocisq as ovdocis40_41_1_, receipts0_.ovdocity as ovdocit41_41_1_, receipts0_.ovinum as ovinum42_41_1_, receipts0_.ovdesb1 as ovdesb43_41_1_, receipts0_.ovlcrt as ovlcrt44_41_1_, receipts0_.ovitc05 as ovitc45_41_1_, receipts0_.ovlst as ovlst46_41_1_, receipts0_.ovlvla as ovlvla47_41_1_, receipts0_.ovlnty as ovlnty48_41_1_, receipts0_.ovlocid as ovlocid49_41_1_, receipts0_.ovmatc as ovmatc50_41_1_, receipts0_.ovnst as ovnst51_41_1_, receipts0_.ovobid as ovobid52_41_1_, receipts0_.ovdocono as ovdocon53_41_1_, receipts0_.ovdocosq as ovdocos54_41_1_, receipts0_.ovdocoty as ovdocot55_41_1_, receipts0_.ovordocno as ovordoc56_41_1_, receipts0_.ovordocsq as ovordoc57_41_1_, receipts0_.ovordocty as ovordoc58_41_1_, receipts0_.ovptc as ovptc59_41_1_, receipts0_.ovpoa as ovpoa60_41_1_, receipts0_.ovpod as ovpod61_41_1_, receipts0_.ovpqot as ovpqot62_41_1_, receipts0_.ovuom1 as ovuom63_41_1_, receipts0_.ovpjid as ovpjid64_41_1_, receipts0_.ovpo03 as ovpo65_41_1_, receipts0_.ovpo01 as ovpo66_41_1_, receipts0_.ovpo02 as ovpo67_41_1_, receipts0_.ovqty as ovqty68_41_1_, receipts0_.ovrcdt as ovrcdt69_41_1_, receipts0_.ovrecid as ovrecid70_41_1_, receipts0_.ovvr04 as ovvr71_41_1_, receipts0_.ovvr01 as ovvr72_41_1_, receipts0_.ovvr03 as ovvr73_41_1_, receipts0_.ovvr05 as ovvr74_41_1_, receipts0_.ovvr02 as ovvr75_41_1_, receipts0_.ovrtgc as ovrtgc76_41_1_, receipts0_.ovsqot as ovsqot77_41_1_, receipts0_.ovuom2 as ovuom78_41_1_, receipts0_.ovsnlot as ovsnlot79_41_1_, receipts0_.ovtaxal as ovtaxal80_41_1_, receipts0_.ovtaxam as ovtaxam81_41_1_, receipts0_.ovtaxab as ovtaxab82_41_1_, receipts0_.ovtaxcd as ovtaxcd83_41_1_, receipts0_.ovtaxidt as ovtaxid84_41_1_, receipts0_.ovtaxino as ovtaxin85_41_1_, receipts0_.ovtaxrt as ovtaxrt86_41_1_, receipts0_.ovcrct as ovcrct87_41_1_, receipts0_.ovitc03 as ovitc88_41_1_, receipts0_.ovucf as ovucf89_41_1_, receipts0_.ovuncost as ovuncos90_41_1_, receipts0_.ovudc as ovudc91_41_1_, receipts0_.ovudf as ovudf92_41_1_, receipts0_.ovuom as ovuom93_41_1_, receipts0_.ovvnid as ovvnid94_41_1_, receipts0_.ovinvdt as ovinvdt95_41_1_, receipts0_.ovinvno as ovinvno96_41_1_ from t4312 receipts0_ where receipts0_.ovcoid=? and receipts0_.ovdocono=? and receipts0_.ovdocosq=? and receipts0_.ovdocoty=?
Hibernate: select receipts0_.ovcoid as ovcoid1_41_0_, receipts0_.ovdocono as ovdocon53_41_0_, receipts0_.ovdocosq as ovdocos54_41_0_, receipts0_.ovdocoty as ovdocot55_41_0_, receipts0_.ovdocno as ovdocno2_41_0_, receipts0_.ovdocty as ovdocty3_41_0_, receipts0_.ovdocsq as ovdocsq4_41_0_, receipts0_.ovcoid as ovcoid1_41_1_, receipts0_.ovdocno as ovdocno2_41_1_, receipts0_.ovdocty as ovdocty3_41_1_, receipts0_.ovdocsq as ovdocsq4_41_1_, receipts0_.ovcid as ovcid5_41_1_, receipts0_.ovdtin as ovdtin6_41_1_, receipts0_.ovtmin as ovtmin7_41_1_, receipts0_.ovuid as ovuid8_41_1_, receipts0_.ovdtlu as ovdtlu9_41_1_, receipts0_.ovtmlu as ovtmlu10_41_1_, receipts0_.ovuidm as ovuidm11_41_1_, receipts0_.ovacid as ovacid12_41_1_, receipts0_.ovcrcb as ovcrcb13_41_1_, receipts0_.ovicu as ovicu14_41_1_, receipts0_.ovicut as ovicut15_41_1_, receipts0_.ovitc02 as ovitc16_41_1_, receipts0_.ovbuid as ovbuid17_41_1_, receipts0_.ovitc01 as ovitc18_41_1_, receipts0_.ovcot as ovcot19_41_1_, receipts0_.ovcnid as ovcnid20_41_1_, receipts0_.ovcsdocdt as ovcsdoc21_41_1_, receipts0_.ovcsdocno as ovcsdoc22_41_1_, receipts0_.ovurtx as ovurtx23_41_1_, receipts0_.ovdccd as ovdccd24_41_1_, receipts0_.ovdcrt as ovdcrt25_41_1_, receipts0_.ovdocdt as ovdocdt26_41_1_, receipts0_.ovexcrt as ovexcrt27_41_1_, receipts0_.ovexpdt as ovexpdt28_41_1_, receipts0_.ovexcost as ovexcos29_41_1_, receipts0_.ovfec as ovfec30_41_1_, receipts0_.ovfta as ovfta31_41_1_, receipts0_.ovftb as ovftb32_41_1_, receipts0_.ovfuc as ovfuc33_41_1_, receipts0_.ovglcls as ovglcls34_41_1_, receipts0_.ovidd as ovidd35_41_1_, receipts0_.ovidn as ovidn36_41_1_, receipts0_.ovitt as ovitt37_41_1_, receipts0_.ovdocidt as ovdocid38_41_1_, receipts0_.ovdocino as ovdocin39_41_1_, receipts0_.ovdocisq as ovdocis40_41_1_, receipts0_.ovdocity as ovdocit41_41_1_, receipts0_.ovinum as ovinum42_41_1_, receipts0_.ovdesb1 as ovdesb43_41_1_, receipts0_.ovlcrt as ovlcrt44_41_1_, receipts0_.ovitc05 as ovitc45_41_1_, receipts0_.ovlst as ovlst46_41_1_, receipts0_.ovlvla as ovlvla47_41_1_, receipts0_.ovlnty as ovlnty48_41_1_, receipts0_.ovlocid as ovlocid49_41_1_, receipts0_.ovmatc as ovmatc50_41_1_, receipts0_.ovnst as ovnst51_41_1_, receipts0_.ovobid as ovobid52_41_1_, receipts0_.ovdocono as ovdocon53_41_1_, receipts0_.ovdocosq as ovdocos54_41_1_, receipts0_.ovdocoty as ovdocot55_41_1_, receipts0_.ovordocno as ovordoc56_41_1_, receipts0_.ovordocsq as ovordoc57_41_1_, receipts0_.ovordocty as ovordoc58_41_1_, receipts0_.ovptc as ovptc59_41_1_, receipts0_.ovpoa as ovpoa60_41_1_, receipts0_.ovpod as ovpod61_41_1_, receipts0_.ovpqot as ovpqot62_41_1_, receipts0_.ovuom1 as ovuom63_41_1_, receipts0_.ovpjid as ovpjid64_41_1_, receipts0_.ovpo03 as ovpo65_41_1_, receipts0_.ovpo01 as ovpo66_41_1_, receipts0_.ovpo02 as ovpo67_41_1_, receipts0_.ovqty as ovqty68_41_1_, receipts0_.ovrcdt as ovrcdt69_41_1_, receipts0_.ovrecid as ovrecid70_41_1_, receipts0_.ovvr04 as ovvr71_41_1_, receipts0_.ovvr01 as ovvr72_41_1_, receipts0_.ovvr03 as ovvr73_41_1_, receipts0_.ovvr05 as ovvr74_41_1_, receipts0_.ovvr02 as ovvr75_41_1_, receipts0_.ovrtgc as ovrtgc76_41_1_, receipts0_.ovsqot as ovsqot77_41_1_, receipts0_.ovuom2 as ovuom78_41_1_, receipts0_.ovsnlot as ovsnlot79_41_1_, receipts0_.ovtaxal as ovtaxal80_41_1_, receipts0_.ovtaxam as ovtaxam81_41_1_, receipts0_.ovtaxab as ovtaxab82_41_1_, receipts0_.ovtaxcd as ovtaxcd83_41_1_, receipts0_.ovtaxidt as ovtaxid84_41_1_, receipts0_.ovtaxino as ovtaxin85_41_1_, receipts0_.ovtaxrt as ovtaxrt86_41_1_, receipts0_.ovcrct as ovcrct87_41_1_, receipts0_.ovitc03 as ovitc88_41_1_, receipts0_.ovucf as ovucf89_41_1_, receipts0_.ovuncost as ovuncos90_41_1_, receipts0_.ovudc as ovudc91_41_1_, receipts0_.ovudf as ovudf92_41_1_, receipts0_.ovuom as ovuom93_41_1_, receipts0_.ovvnid as ovvnid94_41_1_, receipts0_.ovinvdt as ovinvdt95_41_1_, receipts0_.ovinvno as ovinvno96_41_1_ from t4312 receipts0_ where receipts0_.ovcoid=? and receipts0_.ovdocono=? and receipts0_.ovdocosq=? and receipts0_.ovdocoty=?
2018-12-27 11:25:49.206  INFO 2120 --- [    Test worker] o.s.t.c.transaction.TransactionContext   : Rolled back transaction for test: [DefaultTestContext@3a48521 testClass = PurchaseOrderApiTest, testInstance = ags.goldenlionerp.apiTests.purchase.PurchaseOrderApiTest@459c6ec0, testMethod = deleteTest@PurchaseOrderApiTest, testException = [null], mergedContextConfiguration = [WebMergedContextConfiguration@4ddae5f2 testClass = PurchaseOrderApiTest, locations = '{}', classes = '{class ags.goldenlionerp.GoldenLionErpApplication}', contextInitializerClasses = '[]', activeProfiles = '{}', propertySourceLocations = '{classpath:test.properties}', propertySourceProperties = '{org.springframework.boot.test.context.SpringBootTestContextBootstrapper=true}', contextCustomizers = set[org.springframework.boot.test.autoconfigure.properties.PropertyMappingContextCustomizer@0, org.springframework.boot.test.autoconfigure.web.servlet.WebDriverContextCustomizerFactory$Customizer@636d731e, [ImportsContextCustomizer@666603a7 key = [ags.goldenlionerp.apiTests.ApiTestBase$TestConfig]], org.springframework.boot.test.context.filter.ExcludeFilterContextCustomizer@6afa5291, org.springframework.boot.test.json.DuplicateJsonObjectContextCustomizerFactory$DuplicateJsonObjectContextCustomizer@20cebcb4, org.springframework.boot.test.mock.mockito.MockitoContextCustomizer@0, org.springframework.boot.test.web.client.TestRestTemplateContextCustomizer@49a32273], resourceBasePath = 'src/main/webapp', contextLoader = 'org.springframework.boot.test.context.SpringBootContextLoader', parent = [null]], attributes = map['org.springframework.test.context.web.ServletTestExecutionListener.activateListener' -> true, 'org.springframework.test.context.web.ServletTestExecutionListener.populatedRequestContextHolder' -> true, 'org.springframework.test.context.web.ServletTestExecutionListener.resetRequestContextHolder' -> true]]
2018-12-27 11:25:49.210  INFO 2120 --- [    Test worker] o.s.t.c.transaction.TransactionContext   : Began transaction (1) for test context [DefaultTestContext@3a48521 testClass = PurchaseOrderApiTest, testInstance = ags.goldenlionerp.apiTests.purchase.PurchaseOrderApiTest@e6a08df, testMethod = updateTestWithPut@ApiTestBase, testException = [null], mergedContextConfiguration = [WebMergedContextConfiguration@4ddae5f2 testClass = PurchaseOrderApiTest, locations = '{}', classes = '{class ags.goldenlionerp.GoldenLionErpApplication}', contextInitializerClasses = '[]', activeProfiles = '{}', propertySourceLocations = '{classpath:test.properties}', propertySourceProperties = '{org.springframework.boot.test.context.SpringBootTestContextBootstrapper=true}', contextCustomizers = set[org.springframework.boot.test.autoconfigure.properties.PropertyMappingContextCustomizer@0, org.springframework.boot.test.autoconfigure.web.servlet.WebDriverContextCustomizerFactory$Customizer@636d731e, [ImportsContextCustomizer@666603a7 key = [ags.goldenlionerp.apiTests.ApiTestBase$TestConfig]], org.springframework.boot.test.context.filter.ExcludeFilterContextCustomizer@6afa5291, org.springframework.boot.test.json.DuplicateJsonObjectContextCustomizerFactory$DuplicateJsonObjectContextCustomizer@20cebcb4, org.springframework.boot.test.mock.mockito.MockitoContextCustomizer@0, org.springframework.boot.test.web.client.TestRestTemplateContextCustomizer@49a32273], resourceBasePath = 'src/main/webapp', contextLoader = 'org.springframework.boot.test.context.SpringBootContextLoader', parent = [null]], attributes = map['org.springframework.test.context.web.ServletTestExecutionListener.activateListener' -> true, 'org.springframework.test.context.web.ServletTestExecutionListener.populatedRequestContextHolder' -> true, 'org.springframework.test.context.web.ServletTestExecutionListener.resetRequestContextHolder' -> true]]; transaction manager [org.springframework.orm.jpa.JpaTransactionManager@75de8c12]; rollback [true]
2018-12-27 11:25:49.211  INFO 2120 --- [    Test worker] o.s.b.t.m.w.SpringBootMockServletContext : Initializing Spring FrameworkServlet ''
2018-12-27 11:25:49.211  INFO 2120 --- [    Test worker] o.s.t.web.servlet.TestDispatcherServlet  : FrameworkServlet '': initialization started
2018-12-27 11:25:49.221  INFO 2120 --- [    Test worker] o.s.t.web.servlet.TestDispatcherServlet  : FrameworkServlet '': initialization completed in 10 ms
Hibernate: select purchaseor0_.ohcoid as ohcoid1_39_0_, purchaseor0_.ohdocono as ohdocono2_39_0_, purchaseor0_.ohdocoty as ohdocoty3_39_0_, purchaseor0_.ohcid as ohcid4_39_0_, purchaseor0_.ohdtin as ohdtin5_39_0_, purchaseor0_.ohtmin as ohtmin6_39_0_, purchaseor0_.ohuid as ohuid7_39_0_, purchaseor0_.ohdtlu as ohdtlu8_39_0_, purchaseor0_.ohtmlu as ohtmlu9_39_0_, purchaseor0_.ohuidm as ohuidm10_39_0_, purchaseor0_.ohaprcd as ohaprcd11_39_0_, purchaseor0_.ohcrcb as ohcrcb12_39_0_, purchaseor0_.ohbuid as ohbuid13_39_0_, purchaseor0_.ohcldt as ohcldt14_39_0_, purchaseor0_.ohcot as ohcot15_39_0_, purchaseor0_.ohcsid as ohcsid16_39_0_, purchaseor0_.ohdesb1 as ohdesb17_39_0_, purchaseor0_.ohdccd as ohdccd18_39_0_, purchaseor0_.ohdcrt as ohdcrt19_39_0_, purchaseor0_.ohexcrt as ohexcrt20_39_0_, purchaseor0_.ohgldt as ohgldt21_39_0_, purchaseor0_.ohidd as ohidd22_39_0_, purchaseor0_.ohidn as ohidn23_39_0_, purchaseor0_.ohlst as ohlst24_39_0_, purchaseor0_.ohnst as ohnst25_39_0_, purchaseor0_.ohobid as ohobid26_39_0_, purchaseor0_.ohordt as ohordt27_39_0_, purchaseor0_.ohptc as ohptc28_39_0_, purchaseor0_.ohpoa as ohpoa29_39_0_, purchaseor0_.ohpod as ohpod30_39_0_, purchaseor0_.ohpjid as ohpjid31_39_0_, purchaseor0_.ohpddt as ohpddt32_39_0_, purchaseor0_.ohrcdt as ohrcdt33_39_0_, purchaseor0_.ohstid as ohstid34_39_0_, purchaseor0_.ohrqdt as ohrqdt35_39_0_, purchaseor0_.ohtaxal as ohtaxal36_39_0_, purchaseor0_.ohtaxcd as ohtaxcd37_39_0_, purchaseor0_.ohtaxrt as ohtaxrt38_39_0_, purchaseor0_.ohcrct as ohcrct39_39_0_, purchaseor0_.ohdesc1 as ohdesc40_39_0_, purchaseor0_.ohdesc2 as ohdesc41_39_0_, purchaseor0_.ohvhrn as ohvhrn42_39_0_, purchaseor0_.ohvhty as ohvhty43_39_0_, purchaseor0_.ohvnid as ohvnid44_39_0_ from t4301 purchaseor0_ where purchaseor0_.ohcoid=? and purchaseor0_.ohdocono=? and purchaseor0_.ohdocoty=?
Hibernate: select details0_.odcoid as odcoid1_40_0_, details0_.oddocono as oddocono2_40_0_, details0_.oddocoty as oddocoty4_40_0_, details0_.oddocosq as oddocosq3_40_0_, details0_.odcoid as odcoid1_40_1_, details0_.oddocono as oddocono2_40_1_, details0_.oddocosq as oddocosq3_40_1_, details0_.oddocoty as oddocoty4_40_1_, details0_.odcid as odcid5_40_1_, details0_.oddtin as oddtin6_40_1_, details0_.odtmin as odtmin7_40_1_, details0_.oduid as oduid8_40_1_, details0_.oddtlu as oddtlu9_40_1_, details0_.odtmlu as odtmlu10_40_1_, details0_.oduidm as oduidm11_40_1_, details0_.odacid as odacid12_40_1_, details0_.odaprcd as odaprcd13_40_1_, details0_.odcrcb as odcrcb14_40_1_, details0_.oditc02 as oditc15_40_1_, details0_.odbuid as odbuid16_40_1_, details0_.odqtycl as odqtycl17_40_1_, details0_.oditc01 as oditc18_40_1_, details0_.odcldt as odcldt19_40_1_, details0_.odcsid as odcsid20_40_1_, details0_.oddccd as oddccd21_40_1_, details0_.oddcrt as oddcrt22_40_1_, details0_.odexcrt as odexcrt23_40_1_, details0_.odexcost as odexcos24_40_1_, details0_.odqtyx as odqtyx25_40_1_, details0_.oducfx as oducfx26_40_1_, details0_.oduncostx as oduncos27_40_1_, details0_.oduomx as oduomx28_40_1_, details0_.odfec as odfec29_40_1_, details0_.odfta as odfta30_40_1_, details0_.odftb as odftb31_40_1_, details0_.odfuc as odfuc32_40_1_, details0_.odglcls as odglcls33_40_1_, details0_.odgldt as odgldt34_40_1_, details0_.odir02 as odir35_40_1_, details0_.odir01 as odir36_40_1_, details0_.odir03 as odir37_40_1_, details0_.odinum as odinum38_40_1_, details0_.oddesb1 as oddesb39_40_1_, details0_.oditc05 as oditc40_40_1_, details0_.odlst as odlst41_40_1_, details0_.odlnty as odlnty42_40_1_, details0_.odlocid as odlocid43_40_1_, details0_.odnst as odnst44_40_1_, details0_.odobid as odobid45_40_1_, details0_.odqtyop as odqtyop46_40_1_, details0_.odordt as odordt47_40_1_, details0_.odqtyor as odqtyor48_40_1_, details0_.odott as odott49_40_1_, details0_.odordocdt as odordoc50_40_1_, details0_.odordocno as odordoc51_40_1_, details0_.odordocsq as odordoc52_40_1_, details0_.odordocty as odordoc53_40_1_, details0_.odptc as odptc54_40_1_, details0_.odpqor as odpqor55_40_1_, details0_.oduom1 as oduom56_40_1_, details0_.odpjid as odpjid57_40_1_, details0_.odpddt as odpddt58_40_1_, details0_.odpo03 as odpo59_40_1_, details0_.odpo01 as odpo60_40_1_, details0_.odpo02 as odpo61_40_1_, details0_.odqty as odqty62_40_1_, details0_.odrcdt as odrcdt63_40_1_, details0_.odqtyrc as odqtyrc64_40_1_, details0_.odstid as odstid65_40_1_, details0_.odvr04 as odvr66_40_1_, details0_.odvr01 as odvr67_40_1_, details0_.odvr03 as odvr68_40_1_, details0_.odvr05 as odvr69_40_1_, details0_.odvr02 as odvr70_40_1_, details0_.odrldocno as odrldoc71_40_1_, details0_.odrldocsq as odrldoc72_40_1_, details0_.odrldocty as odrldoc73_40_1_, details0_.odrqdt as odrqdt74_40_1_, details0_.odqtyrn as odqtyrn75_40_1_, details0_.odsqor as odsqor76_40_1_, details0_.oduom2 as oduom77_40_1_, details0_.odsnlot as odsnlot78_40_1_, details0_.odtaxal as odtaxal79_40_1_, details0_.odtaxam as odtaxam80_40_1_, details0_.odtaxab as odtaxab81_40_1_, details0_.odtaxcd as odtaxcd82_40_1_, details0_.odtaxrt as odtaxrt83_40_1_, details0_.odcrct as odcrct84_40_1_, details0_.oditc03 as oditc85_40_1_, details0_.oducf as oducf86_40_1_, details0_.oduncost as oduncos87_40_1_, details0_.odudc as odudc88_40_1_, details0_.odudf as odudf89_40_1_, details0_.oduom as oduom90_40_1_, details0_.odvnid as odvnid91_40_1_ from t4311 details0_ where details0_.odcoid=? and details0_.oddocono=? and details0_.oddocoty=?
Hibernate: select receipts0_.ovcoid as ovcoid1_41_0_, receipts0_.ovdocono as ovdocon53_41_0_, receipts0_.ovdocosq as ovdocos54_41_0_, receipts0_.ovdocoty as ovdocot55_41_0_, receipts0_.ovdocno as ovdocno2_41_0_, receipts0_.ovdocty as ovdocty3_41_0_, receipts0_.ovdocsq as ovdocsq4_41_0_, receipts0_.ovcoid as ovcoid1_41_1_, receipts0_.ovdocno as ovdocno2_41_1_, receipts0_.ovdocty as ovdocty3_41_1_, receipts0_.ovdocsq as ovdocsq4_41_1_, receipts0_.ovcid as ovcid5_41_1_, receipts0_.ovdtin as ovdtin6_41_1_, receipts0_.ovtmin as ovtmin7_41_1_, receipts0_.ovuid as ovuid8_41_1_, receipts0_.ovdtlu as ovdtlu9_41_1_, receipts0_.ovtmlu as ovtmlu10_41_1_, receipts0_.ovuidm as ovuidm11_41_1_, receipts0_.ovacid as ovacid12_41_1_, receipts0_.ovcrcb as ovcrcb13_41_1_, receipts0_.ovicu as ovicu14_41_1_, receipts0_.ovicut as ovicut15_41_1_, receipts0_.ovitc02 as ovitc16_41_1_, receipts0_.ovbuid as ovbuid17_41_1_, receipts0_.ovitc01 as ovitc18_41_1_, receipts0_.ovcot as ovcot19_41_1_, receipts0_.ovcnid as ovcnid20_41_1_, receipts0_.ovcsdocdt as ovcsdoc21_41_1_, receipts0_.ovcsdocno as ovcsdoc22_41_1_, receipts0_.ovurtx as ovurtx23_41_1_, receipts0_.ovdccd as ovdccd24_41_1_, receipts0_.ovdcrt as ovdcrt25_41_1_, receipts0_.ovdocdt as ovdocdt26_41_1_, receipts0_.ovexcrt as ovexcrt27_41_1_, receipts0_.ovexpdt as ovexpdt28_41_1_, receipts0_.ovexcost as ovexcos29_41_1_, receipts0_.ovfec as ovfec30_41_1_, receipts0_.ovfta as ovfta31_41_1_, receipts0_.ovftb as ovftb32_41_1_, receipts0_.ovfuc as ovfuc33_41_1_, receipts0_.ovglcls as ovglcls34_41_1_, receipts0_.ovidd as ovidd35_41_1_, receipts0_.ovidn as ovidn36_41_1_, receipts0_.ovitt as ovitt37_41_1_, receipts0_.ovdocidt as ovdocid38_41_1_, receipts0_.ovdocino as ovdocin39_41_1_, receipts0_.ovdocisq as ovdocis40_41_1_, receipts0_.ovdocity as ovdocit41_41_1_, receipts0_.ovinum as ovinum42_41_1_, receipts0_.ovdesb1 as ovdesb43_41_1_, receipts0_.ovlcrt as ovlcrt44_41_1_, receipts0_.ovitc05 as ovitc45_41_1_, receipts0_.ovlst as ovlst46_41_1_, receipts0_.ovlvla as ovlvla47_41_1_, receipts0_.ovlnty as ovlnty48_41_1_, receipts0_.ovlocid as ovlocid49_41_1_, receipts0_.ovmatc as ovmatc50_41_1_, receipts0_.ovnst as ovnst51_41_1_, receipts0_.ovobid as ovobid52_41_1_, receipts0_.ovdocono as ovdocon53_41_1_, receipts0_.ovdocosq as ovdocos54_41_1_, receipts0_.ovdocoty as ovdocot55_41_1_, receipts0_.ovordocno as ovordoc56_41_1_, receipts0_.ovordocsq as ovordoc57_41_1_, receipts0_.ovordocty as ovordoc58_41_1_, receipts0_.ovptc as ovptc59_41_1_, receipts0_.ovpoa as ovpoa60_41_1_, receipts0_.ovpod as ovpod61_41_1_, receipts0_.ovpqot as ovpqot62_41_1_, receipts0_.ovuom1 as ovuom63_41_1_, receipts0_.ovpjid as ovpjid64_41_1_, receipts0_.ovpo03 as ovpo65_41_1_, receipts0_.ovpo01 as ovpo66_41_1_, receipts0_.ovpo02 as ovpo67_41_1_, receipts0_.ovqty as ovqty68_41_1_, receipts0_.ovrcdt as ovrcdt69_41_1_, receipts0_.ovrecid as ovrecid70_41_1_, receipts0_.ovvr04 as ovvr71_41_1_, receipts0_.ovvr01 as ovvr72_41_1_, receipts0_.ovvr03 as ovvr73_41_1_, receipts0_.ovvr05 as ovvr74_41_1_, receipts0_.ovvr02 as ovvr75_41_1_, receipts0_.ovrtgc as ovrtgc76_41_1_, receipts0_.ovsqot as ovsqot77_41_1_, receipts0_.ovuom2 as ovuom78_41_1_, receipts0_.ovsnlot as ovsnlot79_41_1_, receipts0_.ovtaxal as ovtaxal80_41_1_, receipts0_.ovtaxam as ovtaxam81_41_1_, receipts0_.ovtaxab as ovtaxab82_41_1_, receipts0_.ovtaxcd as ovtaxcd83_41_1_, receipts0_.ovtaxidt as ovtaxid84_41_1_, receipts0_.ovtaxino as ovtaxin85_41_1_, receipts0_.ovtaxrt as ovtaxrt86_41_1_, receipts0_.ovcrct as ovcrct87_41_1_, receipts0_.ovitc03 as ovitc88_41_1_, receipts0_.ovucf as ovucf89_41_1_, receipts0_.ovuncost as ovuncos90_41_1_, receipts0_.ovudc as ovudc91_41_1_, receipts0_.ovudf as ovudf92_41_1_, receipts0_.ovuom as ovuom93_41_1_, receipts0_.ovvnid as ovvnid94_41_1_, receipts0_.ovinvdt as ovinvdt95_41_1_, receipts0_.ovinvno as ovinvno96_41_1_ from t4312 receipts0_ where receipts0_.ovcoid=? and receipts0_.ovdocono=? and receipts0_.ovdocosq=? and receipts0_.ovdocoty=?
Hibernate: select receipts0_.ovcoid as ovcoid1_41_0_, receipts0_.ovdocono as ovdocon53_41_0_, receipts0_.ovdocosq as ovdocos54_41_0_, receipts0_.ovdocoty as ovdocot55_41_0_, receipts0_.ovdocno as ovdocno2_41_0_, receipts0_.ovdocty as ovdocty3_41_0_, receipts0_.ovdocsq as ovdocsq4_41_0_, receipts0_.ovcoid as ovcoid1_41_1_, receipts0_.ovdocno as ovdocno2_41_1_, receipts0_.ovdocty as ovdocty3_41_1_, receipts0_.ovdocsq as ovdocsq4_41_1_, receipts0_.ovcid as ovcid5_41_1_, receipts0_.ovdtin as ovdtin6_41_1_, receipts0_.ovtmin as ovtmin7_41_1_, receipts0_.ovuid as ovuid8_41_1_, receipts0_.ovdtlu as ovdtlu9_41_1_, receipts0_.ovtmlu as ovtmlu10_41_1_, receipts0_.ovuidm as ovuidm11_41_1_, receipts0_.ovacid as ovacid12_41_1_, receipts0_.ovcrcb as ovcrcb13_41_1_, receipts0_.ovicu as ovicu14_41_1_, receipts0_.ovicut as ovicut15_41_1_, receipts0_.ovitc02 as ovitc16_41_1_, receipts0_.ovbuid as ovbuid17_41_1_, receipts0_.ovitc01 as ovitc18_41_1_, receipts0_.ovcot as ovcot19_41_1_, receipts0_.ovcnid as ovcnid20_41_1_, receipts0_.ovcsdocdt as ovcsdoc21_41_1_, receipts0_.ovcsdocno as ovcsdoc22_41_1_, receipts0_.ovurtx as ovurtx23_41_1_, receipts0_.ovdccd as ovdccd24_41_1_, receipts0_.ovdcrt as ovdcrt25_41_1_, receipts0_.ovdocdt as ovdocdt26_41_1_, receipts0_.ovexcrt as ovexcrt27_41_1_, receipts0_.ovexpdt as ovexpdt28_41_1_, receipts0_.ovexcost as ovexcos29_41_1_, receipts0_.ovfec as ovfec30_41_1_, receipts0_.ovfta as ovfta31_41_1_, receipts0_.ovftb as ovftb32_41_1_, receipts0_.ovfuc as ovfuc33_41_1_, receipts0_.ovglcls as ovglcls34_41_1_, receipts0_.ovidd as ovidd35_41_1_, receipts0_.ovidn as ovidn36_41_1_, receipts0_.ovitt as ovitt37_41_1_, receipts0_.ovdocidt as ovdocid38_41_1_, receipts0_.ovdocino as ovdocin39_41_1_, receipts0_.ovdocisq as ovdocis40_41_1_, receipts0_.ovdocity as ovdocit41_41_1_, receipts0_.ovinum as ovinum42_41_1_, receipts0_.ovdesb1 as ovdesb43_41_1_, receipts0_.ovlcrt as ovlcrt44_41_1_, receipts0_.ovitc05 as ovitc45_41_1_, receipts0_.ovlst as ovlst46_41_1_, receipts0_.ovlvla as ovlvla47_41_1_, receipts0_.ovlnty as ovlnty48_41_1_, receipts0_.ovlocid as ovlocid49_41_1_, receipts0_.ovmatc as ovmatc50_41_1_, receipts0_.ovnst as ovnst51_41_1_, receipts0_.ovobid as ovobid52_41_1_, receipts0_.ovdocono as ovdocon53_41_1_, receipts0_.ovdocosq as ovdocos54_41_1_, receipts0_.ovdocoty as ovdocot55_41_1_, receipts0_.ovordocno as ovordoc56_41_1_, receipts0_.ovordocsq as ovordoc57_41_1_, receipts0_.ovordocty as ovordoc58_41_1_, receipts0_.ovptc as ovptc59_41_1_, receipts0_.ovpoa as ovpoa60_41_1_, receipts0_.ovpod as ovpod61_41_1_, receipts0_.ovpqot as ovpqot62_41_1_, receipts0_.ovuom1 as ovuom63_41_1_, receipts0_.ovpjid as ovpjid64_41_1_, receipts0_.ovpo03 as ovpo65_41_1_, receipts0_.ovpo01 as ovpo66_41_1_, receipts0_.ovpo02 as ovpo67_41_1_, receipts0_.ovqty as ovqty68_41_1_, receipts0_.ovrcdt as ovrcdt69_41_1_, receipts0_.ovrecid as ovrecid70_41_1_, receipts0_.ovvr04 as ovvr71_41_1_, receipts0_.ovvr01 as ovvr72_41_1_, receipts0_.ovvr03 as ovvr73_41_1_, receipts0_.ovvr05 as ovvr74_41_1_, receipts0_.ovvr02 as ovvr75_41_1_, receipts0_.ovrtgc as ovrtgc76_41_1_, receipts0_.ovsqot as ovsqot77_41_1_, receipts0_.ovuom2 as ovuom78_41_1_, receipts0_.ovsnlot as ovsnlot79_41_1_, receipts0_.ovtaxal as ovtaxal80_41_1_, receipts0_.ovtaxam as ovtaxam81_41_1_, receipts0_.ovtaxab as ovtaxab82_41_1_, receipts0_.ovtaxcd as ovtaxcd83_41_1_, receipts0_.ovtaxidt as ovtaxid84_41_1_, receipts0_.ovtaxino as ovtaxin85_41_1_, receipts0_.ovtaxrt as ovtaxrt86_41_1_, receipts0_.ovcrct as ovcrct87_41_1_, receipts0_.ovitc03 as ovitc88_41_1_, receipts0_.ovucf as ovucf89_41_1_, receipts0_.ovuncost as ovuncos90_41_1_, receipts0_.ovudc as ovudc91_41_1_, receipts0_.ovudf as ovudf92_41_1_, receipts0_.ovuom as ovuom93_41_1_, receipts0_.ovvnid as ovvnid94_41_1_, receipts0_.ovinvdt as ovinvdt95_41_1_, receipts0_.ovinvno as ovinvno96_41_1_ from t4312 receipts0_ where receipts0_.ovcoid=? and receipts0_.ovdocono=? and receipts0_.ovdocosq=? and receipts0_.ovdocoty=?
2018-12-27 11:25:49.253  INFO 2120 --- [    Test worker] o.s.t.c.transaction.TransactionContext   : Rolled back transaction for test: [DefaultTestContext@3a48521 testClass = PurchaseOrderApiTest, testInstance = ags.goldenlionerp.apiTests.purchase.PurchaseOrderApiTest@e6a08df, testMethod = updateTestWithPut@ApiTestBase, testException = [null], mergedContextConfiguration = [WebMergedContextConfiguration@4ddae5f2 testClass = PurchaseOrderApiTest, locations = '{}', classes = '{class ags.goldenlionerp.GoldenLionErpApplication}', contextInitializerClasses = '[]', activeProfiles = '{}', propertySourceLocations = '{classpath:test.properties}', propertySourceProperties = '{org.springframework.boot.test.context.SpringBootTestContextBootstrapper=true}', contextCustomizers = set[org.springframework.boot.test.autoconfigure.properties.PropertyMappingContextCustomizer@0, org.springframework.boot.test.autoconfigure.web.servlet.WebDriverContextCustomizerFactory$Customizer@636d731e, [ImportsContextCustomizer@666603a7 key = [ags.goldenlionerp.apiTests.ApiTestBase$TestConfig]], org.springframework.boot.test.context.filter.ExcludeFilterContextCustomizer@6afa5291, org.springframework.boot.test.json.DuplicateJsonObjectContextCustomizerFactory$DuplicateJsonObjectContextCustomizer@20cebcb4, org.springframework.boot.test.mock.mockito.MockitoContextCustomizer@0, org.springframework.boot.test.web.client.TestRestTemplateContextCustomizer@49a32273], resourceBasePath = 'src/main/webapp', contextLoader = 'org.springframework.boot.test.context.SpringBootContextLoader', parent = [null]], attributes = map['org.springframework.test.context.web.ServletTestExecutionListener.activateListener' -> true, 'org.springframework.test.context.web.ServletTestExecutionListener.populatedRequestContextHolder' -> true, 'org.springframework.test.context.web.ServletTestExecutionListener.resetRequestContextHolder' -> true]]
2018-12-27 11:25:49.256  INFO 2120 --- [    Test worker] o.s.t.c.transaction.TransactionContext   : Began transaction (1) for test context [DefaultTestContext@3a48521 testClass = PurchaseOrderApiTest, testInstance = ags.goldenlionerp.apiTests.purchase.PurchaseOrderApiTest@74f8256a, testMethod = getTestSingle@ApiTestBase, testException = [null], mergedContextConfiguration = [WebMergedContextConfiguration@4ddae5f2 testClass = PurchaseOrderApiTest, locations = '{}', classes = '{class ags.goldenlionerp.GoldenLionErpApplication}', contextInitializerClasses = '[]', activeProfiles = '{}', propertySourceLocations = '{classpath:test.properties}', propertySourceProperties = '{org.springframework.boot.test.context.SpringBootTestContextBootstrapper=true}', contextCustomizers = set[org.springframework.boot.test.autoconfigure.properties.PropertyMappingContextCustomizer@0, org.springframework.boot.test.autoconfigure.web.servlet.WebDriverContextCustomizerFactory$Customizer@636d731e, [ImportsContextCustomizer@666603a7 key = [ags.goldenlionerp.apiTests.ApiTestBase$TestConfig]], org.springframework.boot.test.context.filter.ExcludeFilterContextCustomizer@6afa5291, org.springframework.boot.test.json.DuplicateJsonObjectContextCustomizerFactory$DuplicateJsonObjectContextCustomizer@20cebcb4, org.springframework.boot.test.mock.mockito.MockitoContextCustomizer@0, org.springframework.boot.test.web.client.TestRestTemplateContextCustomizer@49a32273], resourceBasePath = 'src/main/webapp', contextLoader = 'org.springframework.boot.test.context.SpringBootContextLoader', parent = [null]], attributes = map['org.springframework.test.context.web.ServletTestExecutionListener.activateListener' -> true, 'org.springframework.test.context.web.ServletTestExecutionListener.populatedRequestContextHolder' -> true, 'org.springframework.test.context.web.ServletTestExecutionListener.resetRequestContextHolder' -> true]]; transaction manager [org.springframework.orm.jpa.JpaTransactionManager@75de8c12]; rollback [true]
2018-12-27 11:25:49.257  INFO 2120 --- [    Test worker] o.s.b.t.m.w.SpringBootMockServletContext : Initializing Spring FrameworkServlet ''
2018-12-27 11:25:49.257  INFO 2120 --- [    Test worker] o.s.t.web.servlet.TestDispatcherServlet  : FrameworkServlet '': initialization started
2018-12-27 11:25:49.266  INFO 2120 --- [    Test worker] o.s.t.web.servlet.TestDispatcherServlet  : FrameworkServlet '': initialization completed in 9 ms
Hibernate: select purchaseor0_.ohcoid as ohcoid1_39_0_, purchaseor0_.ohdocono as ohdocono2_39_0_, purchaseor0_.ohdocoty as ohdocoty3_39_0_, purchaseor0_.ohcid as ohcid4_39_0_, purchaseor0_.ohdtin as ohdtin5_39_0_, purchaseor0_.ohtmin as ohtmin6_39_0_, purchaseor0_.ohuid as ohuid7_39_0_, purchaseor0_.ohdtlu as ohdtlu8_39_0_, purchaseor0_.ohtmlu as ohtmlu9_39_0_, purchaseor0_.ohuidm as ohuidm10_39_0_, purchaseor0_.ohaprcd as ohaprcd11_39_0_, purchaseor0_.ohcrcb as ohcrcb12_39_0_, purchaseor0_.ohbuid as ohbuid13_39_0_, purchaseor0_.ohcldt as ohcldt14_39_0_, purchaseor0_.ohcot as ohcot15_39_0_, purchaseor0_.ohcsid as ohcsid16_39_0_, purchaseor0_.ohdesb1 as ohdesb17_39_0_, purchaseor0_.ohdccd as ohdccd18_39_0_, purchaseor0_.ohdcrt as ohdcrt19_39_0_, purchaseor0_.ohexcrt as ohexcrt20_39_0_, purchaseor0_.ohgldt as ohgldt21_39_0_, purchaseor0_.ohidd as ohidd22_39_0_, purchaseor0_.ohidn as ohidn23_39_0_, purchaseor0_.ohlst as ohlst24_39_0_, purchaseor0_.ohnst as ohnst25_39_0_, purchaseor0_.ohobid as ohobid26_39_0_, purchaseor0_.ohordt as ohordt27_39_0_, purchaseor0_.ohptc as ohptc28_39_0_, purchaseor0_.ohpoa as ohpoa29_39_0_, purchaseor0_.ohpod as ohpod30_39_0_, purchaseor0_.ohpjid as ohpjid31_39_0_, purchaseor0_.ohpddt as ohpddt32_39_0_, purchaseor0_.ohrcdt as ohrcdt33_39_0_, purchaseor0_.ohstid as ohstid34_39_0_, purchaseor0_.ohrqdt as ohrqdt35_39_0_, purchaseor0_.ohtaxal as ohtaxal36_39_0_, purchaseor0_.ohtaxcd as ohtaxcd37_39_0_, purchaseor0_.ohtaxrt as ohtaxrt38_39_0_, purchaseor0_.ohcrct as ohcrct39_39_0_, purchaseor0_.ohdesc1 as ohdesc40_39_0_, purchaseor0_.ohdesc2 as ohdesc41_39_0_, purchaseor0_.ohvhrn as ohvhrn42_39_0_, purchaseor0_.ohvhty as ohvhty43_39_0_, purchaseor0_.ohvnid as ohvnid44_39_0_ from t4301 purchaseor0_ where purchaseor0_.ohcoid=? and purchaseor0_.ohdocono=? and purchaseor0_.ohdocoty=?
Hibernate: select details0_.odcoid as odcoid1_40_0_, details0_.oddocono as oddocono2_40_0_, details0_.oddocoty as oddocoty4_40_0_, details0_.oddocosq as oddocosq3_40_0_, details0_.odcoid as odcoid1_40_1_, details0_.oddocono as oddocono2_40_1_, details0_.oddocosq as oddocosq3_40_1_, details0_.oddocoty as oddocoty4_40_1_, details0_.odcid as odcid5_40_1_, details0_.oddtin as oddtin6_40_1_, details0_.odtmin as odtmin7_40_1_, details0_.oduid as oduid8_40_1_, details0_.oddtlu as oddtlu9_40_1_, details0_.odtmlu as odtmlu10_40_1_, details0_.oduidm as oduidm11_40_1_, details0_.odacid as odacid12_40_1_, details0_.odaprcd as odaprcd13_40_1_, details0_.odcrcb as odcrcb14_40_1_, details0_.oditc02 as oditc15_40_1_, details0_.odbuid as odbuid16_40_1_, details0_.odqtycl as odqtycl17_40_1_, details0_.oditc01 as oditc18_40_1_, details0_.odcldt as odcldt19_40_1_, details0_.odcsid as odcsid20_40_1_, details0_.oddccd as oddccd21_40_1_, details0_.oddcrt as oddcrt22_40_1_, details0_.odexcrt as odexcrt23_40_1_, details0_.odexcost as odexcos24_40_1_, details0_.odqtyx as odqtyx25_40_1_, details0_.oducfx as oducfx26_40_1_, details0_.oduncostx as oduncos27_40_1_, details0_.oduomx as oduomx28_40_1_, details0_.odfec as odfec29_40_1_, details0_.odfta as odfta30_40_1_, details0_.odftb as odftb31_40_1_, details0_.odfuc as odfuc32_40_1_, details0_.odglcls as odglcls33_40_1_, details0_.odgldt as odgldt34_40_1_, details0_.odir02 as odir35_40_1_, details0_.odir01 as odir36_40_1_, details0_.odir03 as odir37_40_1_, details0_.odinum as odinum38_40_1_, details0_.oddesb1 as oddesb39_40_1_, details0_.oditc05 as oditc40_40_1_, details0_.odlst as odlst41_40_1_, details0_.odlnty as odlnty42_40_1_, details0_.odlocid as odlocid43_40_1_, details0_.odnst as odnst44_40_1_, details0_.odobid as odobid45_40_1_, details0_.odqtyop as odqtyop46_40_1_, details0_.odordt as odordt47_40_1_, details0_.odqtyor as odqtyor48_40_1_, details0_.odott as odott49_40_1_, details0_.odordocdt as odordoc50_40_1_, details0_.odordocno as odordoc51_40_1_, details0_.odordocsq as odordoc52_40_1_, details0_.odordocty as odordoc53_40_1_, details0_.odptc as odptc54_40_1_, details0_.odpqor as odpqor55_40_1_, details0_.oduom1 as oduom56_40_1_, details0_.odpjid as odpjid57_40_1_, details0_.odpddt as odpddt58_40_1_, details0_.odpo03 as odpo59_40_1_, details0_.odpo01 as odpo60_40_1_, details0_.odpo02 as odpo61_40_1_, details0_.odqty as odqty62_40_1_, details0_.odrcdt as odrcdt63_40_1_, details0_.odqtyrc as odqtyrc64_40_1_, details0_.odstid as odstid65_40_1_, details0_.odvr04 as odvr66_40_1_, details0_.odvr01 as odvr67_40_1_, details0_.odvr03 as odvr68_40_1_, details0_.odvr05 as odvr69_40_1_, details0_.odvr02 as odvr70_40_1_, details0_.odrldocno as odrldoc71_40_1_, details0_.odrldocsq as odrldoc72_40_1_, details0_.odrldocty as odrldoc73_40_1_, details0_.odrqdt as odrqdt74_40_1_, details0_.odqtyrn as odqtyrn75_40_1_, details0_.odsqor as odsqor76_40_1_, details0_.oduom2 as oduom77_40_1_, details0_.odsnlot as odsnlot78_40_1_, details0_.odtaxal as odtaxal79_40_1_, details0_.odtaxam as odtaxam80_40_1_, details0_.odtaxab as odtaxab81_40_1_, details0_.odtaxcd as odtaxcd82_40_1_, details0_.odtaxrt as odtaxrt83_40_1_, details0_.odcrct as odcrct84_40_1_, details0_.oditc03 as oditc85_40_1_, details0_.oducf as oducf86_40_1_, details0_.oduncost as oduncos87_40_1_, details0_.odudc as odudc88_40_1_, details0_.odudf as odudf89_40_1_, details0_.oduom as oduom90_40_1_, details0_.odvnid as odvnid91_40_1_ from t4311 details0_ where details0_.odcoid=? and details0_.oddocono=? and details0_.oddocoty=?
Hibernate: select receipts0_.ovcoid as ovcoid1_41_0_, receipts0_.ovdocono as ovdocon53_41_0_, receipts0_.ovdocosq as ovdocos54_41_0_, receipts0_.ovdocoty as ovdocot55_41_0_, receipts0_.ovdocno as ovdocno2_41_0_, receipts0_.ovdocty as ovdocty3_41_0_, receipts0_.ovdocsq as ovdocsq4_41_0_, receipts0_.ovcoid as ovcoid1_41_1_, receipts0_.ovdocno as ovdocno2_41_1_, receipts0_.ovdocty as ovdocty3_41_1_, receipts0_.ovdocsq as ovdocsq4_41_1_, receipts0_.ovcid as ovcid5_41_1_, receipts0_.ovdtin as ovdtin6_41_1_, receipts0_.ovtmin as ovtmin7_41_1_, receipts0_.ovuid as ovuid8_41_1_, receipts0_.ovdtlu as ovdtlu9_41_1_, receipts0_.ovtmlu as ovtmlu10_41_1_, receipts0_.ovuidm as ovuidm11_41_1_, receipts0_.ovacid as ovacid12_41_1_, receipts0_.ovcrcb as ovcrcb13_41_1_, receipts0_.ovicu as ovicu14_41_1_, receipts0_.ovicut as ovicut15_41_1_, receipts0_.ovitc02 as ovitc16_41_1_, receipts0_.ovbuid as ovbuid17_41_1_, receipts0_.ovitc01 as ovitc18_41_1_, receipts0_.ovcot as ovcot19_41_1_, receipts0_.ovcnid as ovcnid20_41_1_, receipts0_.ovcsdocdt as ovcsdoc21_41_1_, receipts0_.ovcsdocno as ovcsdoc22_41_1_, receipts0_.ovurtx as ovurtx23_41_1_, receipts0_.ovdccd as ovdccd24_41_1_, receipts0_.ovdcrt as ovdcrt25_41_1_, receipts0_.ovdocdt as ovdocdt26_41_1_, receipts0_.ovexcrt as ovexcrt27_41_1_, receipts0_.ovexpdt as ovexpdt28_41_1_, receipts0_.ovexcost as ovexcos29_41_1_, receipts0_.ovfec as ovfec30_41_1_, receipts0_.ovfta as ovfta31_41_1_, receipts0_.ovftb as ovftb32_41_1_, receipts0_.ovfuc as ovfuc33_41_1_, receipts0_.ovglcls as ovglcls34_41_1_, receipts0_.ovidd as ovidd35_41_1_, receipts0_.ovidn as ovidn36_41_1_, receipts0_.ovitt as ovitt37_41_1_, receipts0_.ovdocidt as ovdocid38_41_1_, receipts0_.ovdocino as ovdocin39_41_1_, receipts0_.ovdocisq as ovdocis40_41_1_, receipts0_.ovdocity as ovdocit41_41_1_, receipts0_.ovinum as ovinum42_41_1_, receipts0_.ovdesb1 as ovdesb43_41_1_, receipts0_.ovlcrt as ovlcrt44_41_1_, receipts0_.ovitc05 as ovitc45_41_1_, receipts0_.ovlst as ovlst46_41_1_, receipts0_.ovlvla as ovlvla47_41_1_, receipts0_.ovlnty as ovlnty48_41_1_, receipts0_.ovlocid as ovlocid49_41_1_, receipts0_.ovmatc as ovmatc50_41_1_, receipts0_.ovnst as ovnst51_41_1_, receipts0_.ovobid as ovobid52_41_1_, receipts0_.ovdocono as ovdocon53_41_1_, receipts0_.ovdocosq as ovdocos54_41_1_, receipts0_.ovdocoty as ovdocot55_41_1_, receipts0_.ovordocno as ovordoc56_41_1_, receipts0_.ovordocsq as ovordoc57_41_1_, receipts0_.ovordocty as ovordoc58_41_1_, receipts0_.ovptc as ovptc59_41_1_, receipts0_.ovpoa as ovpoa60_41_1_, receipts0_.ovpod as ovpod61_41_1_, receipts0_.ovpqot as ovpqot62_41_1_, receipts0_.ovuom1 as ovuom63_41_1_, receipts0_.ovpjid as ovpjid64_41_1_, receipts0_.ovpo03 as ovpo65_41_1_, receipts0_.ovpo01 as ovpo66_41_1_, receipts0_.ovpo02 as ovpo67_41_1_, receipts0_.ovqty as ovqty68_41_1_, receipts0_.ovrcdt as ovrcdt69_41_1_, receipts0_.ovrecid as ovrecid70_41_1_, receipts0_.ovvr04 as ovvr71_41_1_, receipts0_.ovvr01 as ovvr72_41_1_, receipts0_.ovvr03 as ovvr73_41_1_, receipts0_.ovvr05 as ovvr74_41_1_, receipts0_.ovvr02 as ovvr75_41_1_, receipts0_.ovrtgc as ovrtgc76_41_1_, receipts0_.ovsqot as ovsqot77_41_1_, receipts0_.ovuom2 as ovuom78_41_1_, receipts0_.ovsnlot as ovsnlot79_41_1_, receipts0_.ovtaxal as ovtaxal80_41_1_, receipts0_.ovtaxam as ovtaxam81_41_1_, receipts0_.ovtaxab as ovtaxab82_41_1_, receipts0_.ovtaxcd as ovtaxcd83_41_1_, receipts0_.ovtaxidt as ovtaxid84_41_1_, receipts0_.ovtaxino as ovtaxin85_41_1_, receipts0_.ovtaxrt as ovtaxrt86_41_1_, receipts0_.ovcrct as ovcrct87_41_1_, receipts0_.ovitc03 as ovitc88_41_1_, receipts0_.ovucf as ovucf89_41_1_, receipts0_.ovuncost as ovuncos90_41_1_, receipts0_.ovudc as ovudc91_41_1_, receipts0_.ovudf as ovudf92_41_1_, receipts0_.ovuom as ovuom93_41_1_, receipts0_.ovvnid as ovvnid94_41_1_, receipts0_.ovinvdt as ovinvdt95_41_1_, receipts0_.ovinvno as ovinvno96_41_1_ from t4312 receipts0_ where receipts0_.ovcoid=? and receipts0_.ovdocono=? and receipts0_.ovdocosq=? and receipts0_.ovdocoty=?
Hibernate: select receipts0_.ovcoid as ovcoid1_41_0_, receipts0_.ovdocono as ovdocon53_41_0_, receipts0_.ovdocosq as ovdocos54_41_0_, receipts0_.ovdocoty as ovdocot55_41_0_, receipts0_.ovdocno as ovdocno2_41_0_, receipts0_.ovdocty as ovdocty3_41_0_, receipts0_.ovdocsq as ovdocsq4_41_0_, receipts0_.ovcoid as ovcoid1_41_1_, receipts0_.ovdocno as ovdocno2_41_1_, receipts0_.ovdocty as ovdocty3_41_1_, receipts0_.ovdocsq as ovdocsq4_41_1_, receipts0_.ovcid as ovcid5_41_1_, receipts0_.ovdtin as ovdtin6_41_1_, receipts0_.ovtmin as ovtmin7_41_1_, receipts0_.ovuid as ovuid8_41_1_, receipts0_.ovdtlu as ovdtlu9_41_1_, receipts0_.ovtmlu as ovtmlu10_41_1_, receipts0_.ovuidm as ovuidm11_41_1_, receipts0_.ovacid as ovacid12_41_1_, receipts0_.ovcrcb as ovcrcb13_41_1_, receipts0_.ovicu as ovicu14_41_1_, receipts0_.ovicut as ovicut15_41_1_, receipts0_.ovitc02 as ovitc16_41_1_, receipts0_.ovbuid as ovbuid17_41_1_, receipts0_.ovitc01 as ovitc18_41_1_, receipts0_.ovcot as ovcot19_41_1_, receipts0_.ovcnid as ovcnid20_41_1_, receipts0_.ovcsdocdt as ovcsdoc21_41_1_, receipts0_.ovcsdocno as ovcsdoc22_41_1_, receipts0_.ovurtx as ovurtx23_41_1_, receipts0_.ovdccd as ovdccd24_41_1_, receipts0_.ovdcrt as ovdcrt25_41_1_, receipts0_.ovdocdt as ovdocdt26_41_1_, receipts0_.ovexcrt as ovexcrt27_41_1_, receipts0_.ovexpdt as ovexpdt28_41_1_, receipts0_.ovexcost as ovexcos29_41_1_, receipts0_.ovfec as ovfec30_41_1_, receipts0_.ovfta as ovfta31_41_1_, receipts0_.ovftb as ovftb32_41_1_, receipts0_.ovfuc as ovfuc33_41_1_, receipts0_.ovglcls as ovglcls34_41_1_, receipts0_.ovidd as ovidd35_41_1_, receipts0_.ovidn as ovidn36_41_1_, receipts0_.ovitt as ovitt37_41_1_, receipts0_.ovdocidt as ovdocid38_41_1_, receipts0_.ovdocino as ovdocin39_41_1_, receipts0_.ovdocisq as ovdocis40_41_1_, receipts0_.ovdocity as ovdocit41_41_1_, receipts0_.ovinum as ovinum42_41_1_, receipts0_.ovdesb1 as ovdesb43_41_1_, receipts0_.ovlcrt as ovlcrt44_41_1_, receipts0_.ovitc05 as ovitc45_41_1_, receipts0_.ovlst as ovlst46_41_1_, receipts0_.ovlvla as ovlvla47_41_1_, receipts0_.ovlnty as ovlnty48_41_1_, receipts0_.ovlocid as ovlocid49_41_1_, receipts0_.ovmatc as ovmatc50_41_1_, receipts0_.ovnst as ovnst51_41_1_, receipts0_.ovobid as ovobid52_41_1_, receipts0_.ovdocono as ovdocon53_41_1_, receipts0_.ovdocosq as ovdocos54_41_1_, receipts0_.ovdocoty as ovdocot55_41_1_, receipts0_.ovordocno as ovordoc56_41_1_, receipts0_.ovordocsq as ovordoc57_41_1_, receipts0_.ovordocty as ovordoc58_41_1_, receipts0_.ovptc as ovptc59_41_1_, receipts0_.ovpoa as ovpoa60_41_1_, receipts0_.ovpod as ovpod61_41_1_, receipts0_.ovpqot as ovpqot62_41_1_, receipts0_.ovuom1 as ovuom63_41_1_, receipts0_.ovpjid as ovpjid64_41_1_, receipts0_.ovpo03 as ovpo65_41_1_, receipts0_.ovpo01 as ovpo66_41_1_, receipts0_.ovpo02 as ovpo67_41_1_, receipts0_.ovqty as ovqty68_41_1_, receipts0_.ovrcdt as ovrcdt69_41_1_, receipts0_.ovrecid as ovrecid70_41_1_, receipts0_.ovvr04 as ovvr71_41_1_, receipts0_.ovvr01 as ovvr72_41_1_, receipts0_.ovvr03 as ovvr73_41_1_, receipts0_.ovvr05 as ovvr74_41_1_, receipts0_.ovvr02 as ovvr75_41_1_, receipts0_.ovrtgc as ovrtgc76_41_1_, receipts0_.ovsqot as ovsqot77_41_1_, receipts0_.ovuom2 as ovuom78_41_1_, receipts0_.ovsnlot as ovsnlot79_41_1_, receipts0_.ovtaxal as ovtaxal80_41_1_, receipts0_.ovtaxam as ovtaxam81_41_1_, receipts0_.ovtaxab as ovtaxab82_41_1_, receipts0_.ovtaxcd as ovtaxcd83_41_1_, receipts0_.ovtaxidt as ovtaxid84_41_1_, receipts0_.ovtaxino as ovtaxin85_41_1_, receipts0_.ovtaxrt as ovtaxrt86_41_1_, receipts0_.ovcrct as ovcrct87_41_1_, receipts0_.ovitc03 as ovitc88_41_1_, receipts0_.ovucf as ovucf89_41_1_, receipts0_.ovuncost as ovuncos90_41_1_, receipts0_.ovudc as ovudc91_41_1_, receipts0_.ovudf as ovudf92_41_1_, receipts0_.ovuom as ovuom93_41_1_, receipts0_.ovvnid as ovvnid94_41_1_, receipts0_.ovinvdt as ovinvdt95_41_1_, receipts0_.ovinvno as ovinvno96_41_1_ from t4312 receipts0_ where receipts0_.ovcoid=? and receipts0_.ovdocono=? and receipts0_.ovdocosq=? and receipts0_.ovdocoty=?
[...]
Hibernate: select taxrule0_.tsefdt as tsefdt1_12_, taxrule0_.tstaxcd as tstaxcd2_12_, taxrule0_.tscid as tscid3_12_, taxrule0_.tsdtin as tsdtin4_12_, taxrule0_.tstmin as tstmin5_12_, taxrule0_.tsuid as tsuid6_12_, taxrule0_.tsdtlu as tsdtlu7_12_, taxrule0_.tstmlu as tstmlu8_12_, taxrule0_.tsuidm as tsuidm9_12_, taxrule0_.tsdesb1 as tsdesb10_12_, taxrule0_.tsdocty as tsdocty11_12_, taxrule0_.tsexpdt as tsexpdt12_12_, taxrule0_.tstaxal as tstaxal13_12_, taxrule0_.tstaxau1 as tstaxau14_12_, taxrule0_.tstaxau2 as tstaxau15_12_, taxrule0_.tstaxau3 as tstaxau16_12_, taxrule0_.tstaxau4 as tstaxau17_12_, taxrule0_.tstaxau5 as tstaxau18_12_, taxrule0_.tstaxcl1 as tstaxcl19_12_, taxrule0_.tstaxcl2 as tstaxcl20_12_, taxrule0_.tstaxcl3 as tstaxcl21_12_, taxrule0_.tstaxcl4 as tstaxcl22_12_, taxrule0_.tstaxcl5 as tstaxcl23_12_, taxrule0_.tspcn01 as tspcn24_12_, taxrule0_.tspcn02 as tspcn25_12_, taxrule0_.tspcn03 as tspcn26_12_, taxrule0_.tspcn04 as tspcn27_12_, taxrule0_.tspcn05 as tspcn28_12_ from t0025 taxrule0_ where taxrule0_.tstaxcd=? and taxrule0_.tsefdt<=? and taxrule0_.tsexpdt>? order by taxrule0_.tsefdt asc offset 0 rows fetch next ? rows only
Hibernate: select apsetting0_.pmanum as pmanum1_23_0_, apsetting0_.pmanum as pmanum1_23_1_, apsetting0_.pmcid as pmcid2_23_1_, apsetting0_.pmdtin as pmdtin3_23_1_, apsetting0_.pmtmin as pmtmin4_23_1_, apsetting0_.pmuid as pmuid5_23_1_, apsetting0_.pmdtlu as pmdtlu6_23_1_, apsetting0_.pmtmlu as pmtmlu7_23_1_, apsetting0_.pmuidm as pmuidm8_23_1_, apsetting0_.pmdtls as pmdtls9_23_1_, apsetting0_.pmapcls as pmapcls10_23_1_, apsetting0_.pmcrm as pmcrm11_23_1_, apsetting0_.pmcrct as pmcrct12_23_1_, apsetting0_.pmitc05 as pmitc13_23_1_, apsetting0_.pminsp as pminsp14_23_1_, apsetting0_.pmptc as pmptc15_23_1_, apsetting0_.pmspg as pmspg16_23_1_, apsetting0_.pmtaxau as pmtaxau17_23_1_, apsetting0_.pmtaxcd as pmtaxcd18_23_1_, apsetting0_.pmtaxid as pmtaxid19_23_1_ from t0401 apsetting0_ where apsetting0_.pmanum=?
Hibernate: select itemmaster0_.iminum as iminum1_31_0_, itemmaster0_.imcid as imcid2_31_0_, itemmaster0_.imdtin as imdtin3_31_0_, itemmaster0_.imtmin as imtmin4_31_0_, itemmaster0_.imuid as imuid5_31_0_, itemmaster0_.imdtlu as imdtlu6_31_0_, itemmaster0_.imtmlu as imtmlu7_31_0_, itemmaster0_.imuidm as imuidm8_31_0_, itemmaster0_.iminumb as iminumb9_31_0_, itemmaster0_.imctm as imctm10_31_0_, itemmaster0_.imitc02 as imitc11_31_0_, itemmaster0_.imitc01 as imitc12_31_0_, itemmaster0_.imitc10 as imitc13_31_0_, itemmaster0_.imitc04 as imitc14_31_0_, itemmaster0_.imitc06 as imitc15_31_0_, itemmaster0_.imitc07 as imitc16_31_0_, itemmaster0_.imitc08 as imitc17_31_0_, itemmaster0_.imitc09 as imitc18_31_0_, itemmaster0_.imitc05 as imitc19_31_0_, itemmaster0_.imslrc0 as imslrc20_31_0_, itemmaster0_.imslrc1 as imslrc21_31_0_, itemmaster0_.imslrc2 as imslrc22_31_0_, itemmaster0_.imslrc3 as imslrc23_31_0_, itemmaster0_.imslrc4 as imslrc24_31_0_, itemmaster0_.imslrc5 as imslrc25_31_0_, itemmaster0_.imslrc6 as imslrc26_31_0_, itemmaster0_.imslrc7 as imslrc27_31_0_, itemmaster0_.imslrc8 as imslrc28_31_0_, itemmaster0_.imslrc9 as imslrc29_31_0_, itemmaster0_.imitc03 as imitc30_31_0_, itemmaster0_.imdesb1 as imdesb31_31_0_, itemmaster0_.imdesd1 as imdesd32_31_0_, itemmaster0_.imglcls as imglcls33_31_0_, itemmaster0_.imicl as imicl34_31_0_, itemmaster0_.imilc as imilc35_31_0_, itemmaster0_.iminums as iminums36_31_0_, itemmaster0_.imipg as imipg37_31_0_, itemmaster0_.imlsc as imlsc38_31_0_, itemmaster0_.imdaqc as imdaqc39_31_0_, itemmaster0_.imgscrt as imgscrt40_31_0_, itemmaster0_.imsiops as imsiops41_31_0_, itemmaster0_.imbpid as imbpid42_31_0_, itemmaster0_.imcsid as imcsid43_31_0_, itemmaster0_.imudf as imudf44_31_0_, itemmaster0_.impmmf as impmmf45_31_0_, itemmaster0_.imrbii as imrbii46_31_0_, itemmaster0_.imrbim as imrbim47_31_0_, itemmaster0_.imrbis as imrbis48_31_0_, itemmaster0_.imvnid as imvnid49_31_0_, itemmaster0_.imtaxpc as imtaxpc50_31_0_, itemmaster0_.imtaxsc as imtaxsc51_31_0_, itemmaster0_.iminump as iminump52_31_0_, itemmaster0_.implg as implg53_31_0_, itemmaster0_.imppl as imppl54_31_0_, itemmaster0_.imspl as imspl55_31_0_, itemmaster0_.imsnr as imsnr56_31_0_, itemmaster0_.imskty as imskty57_31_0_, itemmaster0_.imlnty as imlnty58_31_0_, itemmaster0_.imuom9 as imuom59_31_0_, itemmaster0_.imdppo as imdppo60_31_0_, itemmaster0_.imdlum as imdlum61_31_0_, itemmaster0_.imdlump as imdlump62_31_0_, itemmaster0_.imdlumt as imdlumt63_31_0_, itemmaster0_.imuom5 as imuom64_31_0_, itemmaster0_.imuom1 as imuom65_31_0_, itemmaster0_.imuom8 as imuom66_31_0_, itemmaster0_.imuom3 as imuom67_31_0_, itemmaster0_.imuom4 as imuom68_31_0_, itemmaster0_.imuom2 as imuom69_31_0_, itemmaster0_.imuom6 as imuom70_31_0_, itemmaster0_.imuoms as imuoms71_31_0_, itemmaster0_.imuomt as imuomt72_31_0_, itemmaster0_.imuomv as imuomv73_31_0_, itemmaster0_.imwcf as imwcf74_31_0_, itemmaster0_.imuomw as imuomw75_31_0_, itemmaster0_.imvict as imvict76_31_0_ from t4101 itemmaster0_ where itemmaster0_.iminum=?
Hibernate: select itemmaster0_.iminum as iminum1_31_0_, itemmaster0_.imcid as imcid2_31_0_, itemmaster0_.imdtin as imdtin3_31_0_, itemmaster0_.imtmin as imtmin4_31_0_, itemmaster0_.imuid as imuid5_31_0_, itemmaster0_.imdtlu as imdtlu6_31_0_, itemmaster0_.imtmlu as imtmlu7_31_0_, itemmaster0_.imuidm as imuidm8_31_0_, itemmaster0_.iminumb as iminumb9_31_0_, itemmaster0_.imctm as imctm10_31_0_, itemmaster0_.imitc02 as imitc11_31_0_, itemmaster0_.imitc01 as imitc12_31_0_, itemmaster0_.imitc10 as imitc13_31_0_, itemmaster0_.imitc04 as imitc14_31_0_, itemmaster0_.imitc06 as imitc15_31_0_, itemmaster0_.imitc07 as imitc16_31_0_, itemmaster0_.imitc08 as imitc17_31_0_, itemmaster0_.imitc09 as imitc18_31_0_, itemmaster0_.imitc05 as imitc19_31_0_, itemmaster0_.imslrc0 as imslrc20_31_0_, itemmaster0_.imslrc1 as imslrc21_31_0_, itemmaster0_.imslrc2 as imslrc22_31_0_, itemmaster0_.imslrc3 as imslrc23_31_0_, itemmaster0_.imslrc4 as imslrc24_31_0_, itemmaster0_.imslrc5 as imslrc25_31_0_, itemmaster0_.imslrc6 as imslrc26_31_0_, itemmaster0_.imslrc7 as imslrc27_31_0_, itemmaster0_.imslrc8 as imslrc28_31_0_, itemmaster0_.imslrc9 as imslrc29_31_0_, itemmaster0_.imitc03 as imitc30_31_0_, itemmaster0_.imdesb1 as imdesb31_31_0_, itemmaster0_.imdesd1 as imdesd32_31_0_, itemmaster0_.imglcls as imglcls33_31_0_, itemmaster0_.imicl as imicl34_31_0_, itemmaster0_.imilc as imilc35_31_0_, itemmaster0_.iminums as iminums36_31_0_, itemmaster0_.imipg as imipg37_31_0_, itemmaster0_.imlsc as imlsc38_31_0_, itemmaster0_.imdaqc as imdaqc39_31_0_, itemmaster0_.imgscrt as imgscrt40_31_0_, itemmaster0_.imsiops as imsiops41_31_0_, itemmaster0_.imbpid as imbpid42_31_0_, itemmaster0_.imcsid as imcsid43_31_0_, itemmaster0_.imudf as imudf44_31_0_, itemmaster0_.impmmf as impmmf45_31_0_, itemmaster0_.imrbii as imrbii46_31_0_, itemmaster0_.imrbim as imrbim47_31_0_, itemmaster0_.imrbis as imrbis48_31_0_, itemmaster0_.imvnid as imvnid49_31_0_, itemmaster0_.imtaxpc as imtaxpc50_31_0_, itemmaster0_.imtaxsc as imtaxsc51_31_0_, itemmaster0_.iminump as iminump52_31_0_, itemmaster0_.implg as implg53_31_0_, itemmaster0_.imppl as imppl54_31_0_, itemmaster0_.imspl as imspl55_31_0_, itemmaster0_.imsnr as imsnr56_31_0_, itemmaster0_.imskty as imskty57_31_0_, itemmaster0_.imlnty as imlnty58_31_0_, itemmaster0_.imuom9 as imuom59_31_0_, itemmaster0_.imdppo as imdppo60_31_0_, itemmaster0_.imdlum as imdlum61_31_0_, itemmaster0_.imdlump as imdlump62_31_0_, itemmaster0_.imdlumt as imdlumt63_31_0_, itemmaster0_.imuom5 as imuom64_31_0_, itemmaster0_.imuom1 as imuom65_31_0_, itemmaster0_.imuom8 as imuom66_31_0_, itemmaster0_.imuom3 as imuom67_31_0_, itemmaster0_.imuom4 as imuom68_31_0_, itemmaster0_.imuom2 as imuom69_31_0_, itemmaster0_.imuom6 as imuom70_31_0_, itemmaster0_.imuoms as imuoms71_31_0_, itemmaster0_.imuomt as imuomt72_31_0_, itemmaster0_.imuomv as imuomv73_31_0_, itemmaster0_.imwcf as imwcf74_31_0_, itemmaster0_.imuomw as imuomw75_31_0_, itemmaster0_.imvict as imvict76_31_0_ from t4101 itemmaster0_ where itemmaster0_.iminum=?
Hibernate: select itemlocati0_.ilinum as ilinum2_33_0_, itemlocati0_.ilbuid as ilbuid1_33_0_, itemlocati0_.illocid as illocid3_33_0_, itemlocati0_.ilsnlot as ilsnlot4_33_0_, itemlocati0_.ilbuid as ilbuid1_33_1_, itemlocati0_.ilinum as ilinum2_33_1_, itemlocati0_.illocid as illocid3_33_1_, itemlocati0_.ilsnlot as ilsnlot4_33_1_, itemlocati0_.ilcid as ilcid5_33_1_, itemlocati0_.ildtin as ildtin6_33_1_, itemlocati0_.iltmin as iltmin7_33_1_, itemlocati0_.iluid as iluid8_33_1_, itemlocati0_.ildtlu as ildtlu9_33_1_, itemlocati0_.iltmlu as iltmlu10_33_1_, itemlocati0_.iluidm as iluidm11_33_1_, itemlocati0_.ildtlt as ildtlt12_33_1_, itemlocati0_.ilexpdt as ilexpdt13_33_1_, itemlocati0_.ilglcls as ilglcls14_33_1_, itemlocati0_.illocst as illocst15_33_1_, itemlocati0_.illsc as illsc16_33_1_, itemlocati0_.ilpqoh as ilpqoh17_33_1_, itemlocati0_.ilqtib as ilqtib18_33_1_, itemlocati0_.ilqtin as ilqtin19_33_1_, itemlocati0_.ilqttr as ilqttr20_33_1_, itemlocati0_.ilqobo as ilqobo21_33_1_, itemlocati0_.ilqohc as ilqohc22_33_1_, itemlocati0_.ilqopo as ilqopo23_33_1_, itemlocati0_.ilqoso as ilqoso24_33_1_, itemlocati0_.ilqosc as ilqosc25_33_1_, itemlocati0_.ilqowo as ilqowo26_33_1_, itemlocati0_.ilqowh as ilqowh27_33_1_, itemlocati0_.ilqows as ilqows28_33_1_, itemlocati0_.ilqot1 as ilqot29_33_1_, itemlocati0_.ilqot2 as ilqot30_33_1_, itemlocati0_.ilqot3 as ilqot31_33_1_, itemlocati0_.ilqtob as ilqtob32_33_1_, itemlocati0_.ilsqoh as ilsqoh33_33_1_, itemlocati0_.ilsqpo as ilsqpo34_33_1_, itemlocati0_.ilsqso as ilsqso35_33_1_, itemlocati0_.ilsqwo as ilsqwo36_33_1_, itemlocati0_.iluom as iluom37_33_1_, itemlocati0_.iluom1 as iluom38_33_1_, itemlocati0_.iluom2 as iluom39_33_1_ from t41021 itemlocati0_ where itemlocati0_.ilinum=?
Hibernate: select lotmaster0_.ltbuid as ltbuid1_34_0_, lotmaster0_.ltinum as ltinum2_34_0_, lotmaster0_.ltsnlot as ltsnlot3_34_0_, lotmaster0_.ltcid as ltcid4_34_0_, lotmaster0_.ltdtin as ltdtin5_34_0_, lotmaster0_.lttmin as lttmin6_34_0_, lotmaster0_.ltuid as ltuid7_34_0_, lotmaster0_.ltdtlu as ltdtlu8_34_0_, lotmaster0_.lttmlu as lttmlu9_34_0_, lotmaster0_.ltuidm as ltuidm10_34_0_, lotmaster0_.ltbodt as ltbodt11_34_0_, lotmaster0_.ltbbdt as ltbbdt12_34_0_, lotmaster0_.ltcldt as ltcldt13_34_0_, lotmaster0_.ltexpdt as ltexpdt14_34_0_, lotmaster0_.ltldsc as ltldsc15_34_0_, lotmaster0_.ltledt as ltledt16_34_0_, lotmaster0_.ltlsc as ltlsc17_34_0_, lotmaster0_.ltmlot1 as ltmlot18_34_0_, lotmaster0_.ltmlot2 as ltmlot19_34_0_, lotmaster0_.ltmlot3 as ltmlot20_34_0_, lotmaster0_.ltohdt as ltohdt21_34_0_, lotmaster0_.ltsern as ltsern22_34_0_ from t4108 lotmaster0_ where lotmaster0_.ltbuid=? and lotmaster0_.ltinum=? and lotmaster0_.ltsnlot=?
Hibernate: select lotmaster0_.ltbuid as ltbuid1_34_0_, lotmaster0_.ltinum as ltinum2_34_0_, lotmaster0_.ltsnlot as ltsnlot3_34_0_, lotmaster0_.ltcid as ltcid4_34_0_, lotmaster0_.ltdtin as ltdtin5_34_0_, lotmaster0_.lttmin as lttmin6_34_0_, lotmaster0_.ltuid as ltuid7_34_0_, lotmaster0_.ltdtlu as ltdtlu8_34_0_, lotmaster0_.lttmlu as lttmlu9_34_0_, lotmaster0_.ltuidm as ltuidm10_34_0_, lotmaster0_.ltbodt as ltbodt11_34_0_, lotmaster0_.ltbbdt as ltbbdt12_34_0_, lotmaster0_.ltcldt as ltcldt13_34_0_, lotmaster0_.ltexpdt as ltexpdt14_34_0_, lotmaster0_.ltldsc as ltldsc15_34_0_, lotmaster0_.ltledt as ltledt16_34_0_, lotmaster0_.ltlsc as ltlsc17_34_0_, lotmaster0_.ltmlot1 as ltmlot18_34_0_, lotmaster0_.ltmlot2 as ltmlot19_34_0_, lotmaster0_.ltmlot3 as ltmlot20_34_0_, lotmaster0_.ltohdt as ltohdt21_34_0_, lotmaster0_.ltsern as ltsern22_34_0_ from t4108 lotmaster0_ where lotmaster0_.ltbuid=? and lotmaster0_.ltinum=? and lotmaster0_.ltsnlot=?
Hibernate: select lotmaster0_.ltbuid as ltbuid1_34_0_, lotmaster0_.ltinum as ltinum2_34_0_, lotmaster0_.ltsnlot as ltsnlot3_34_0_, lotmaster0_.ltcid as ltcid4_34_0_, lotmaster0_.ltdtin as ltdtin5_34_0_, lotmaster0_.lttmin as lttmin6_34_0_, lotmaster0_.ltuid as ltuid7_34_0_, lotmaster0_.ltdtlu as ltdtlu8_34_0_, lotmaster0_.lttmlu as lttmlu9_34_0_, lotmaster0_.ltuidm as ltuidm10_34_0_, lotmaster0_.ltbodt as ltbodt11_34_0_, lotmaster0_.ltbbdt as ltbbdt12_34_0_, lotmaster0_.ltcldt as ltcldt13_34_0_, lotmaster0_.ltexpdt as ltexpdt14_34_0_, lotmaster0_.ltldsc as ltldsc15_34_0_, lotmaster0_.ltledt as ltledt16_34_0_, lotmaster0_.ltlsc as ltlsc17_34_0_, lotmaster0_.ltmlot1 as ltmlot18_34_0_, lotmaster0_.ltmlot2 as ltmlot19_34_0_, lotmaster0_.ltmlot3 as ltmlot20_34_0_, lotmaster0_.ltohdt as ltohdt21_34_0_, lotmaster0_.ltsern as ltsern22_34_0_ from t4108 lotmaster0_ where lotmaster0_.ltbuid=? and lotmaster0_.ltinum=? and lotmaster0_.ltsnlot=?
Hibernate: select lotmaster0_.ltbuid as ltbuid1_34_0_, lotmaster0_.ltinum as ltinum2_34_0_, lotmaster0_.ltsnlot as ltsnlot3_34_0_, lotmaster0_.ltcid as ltcid4_34_0_, lotmaster0_.ltdtin as ltdtin5_34_0_, lotmaster0_.lttmin as lttmin6_34_0_, lotmaster0_.ltuid as ltuid7_34_0_, lotmaster0_.ltdtlu as ltdtlu8_34_0_, lotmaster0_.lttmlu as lttmlu9_34_0_, lotmaster0_.ltuidm as ltuidm10_34_0_, lotmaster0_.ltbodt as ltbodt11_34_0_, lotmaster0_.ltbbdt as ltbbdt12_34_0_, lotmaster0_.ltcldt as ltcldt13_34_0_, lotmaster0_.ltexpdt as ltexpdt14_34_0_, lotmaster0_.ltldsc as ltldsc15_34_0_, lotmaster0_.ltledt as ltledt16_34_0_, lotmaster0_.ltlsc as ltlsc17_34_0_, lotmaster0_.ltmlot1 as ltmlot18_34_0_, lotmaster0_.ltmlot2 as ltmlot19_34_0_, lotmaster0_.ltmlot3 as ltmlot20_34_0_, lotmaster0_.ltohdt as ltohdt21_34_0_, lotmaster0_.ltsern as ltsern22_34_0_ from t4108 lotmaster0_ where lotmaster0_.ltbuid=? and lotmaster0_.ltinum=? and lotmaster0_.ltsnlot=?
Hibernate: select itemlocati0_.ilinum as ilinum2_33_0_, itemlocati0_.ilbuid as ilbuid1_33_0_, itemlocati0_.illocid as illocid3_33_0_, itemlocati0_.ilsnlot as ilsnlot4_33_0_, itemlocati0_.ilbuid as ilbuid1_33_1_, itemlocati0_.ilinum as ilinum2_33_1_, itemlocati0_.illocid as illocid3_33_1_, itemlocati0_.ilsnlot as ilsnlot4_33_1_, itemlocati0_.ilcid as ilcid5_33_1_, itemlocati0_.ildtin as ildtin6_33_1_, itemlocati0_.iltmin as iltmin7_33_1_, itemlocati0_.iluid as iluid8_33_1_, itemlocati0_.ildtlu as ildtlu9_33_1_, itemlocati0_.iltmlu as iltmlu10_33_1_, itemlocati0_.iluidm as iluidm11_33_1_, itemlocati0_.ildtlt as ildtlt12_33_1_, itemlocati0_.ilexpdt as ilexpdt13_33_1_, itemlocati0_.ilglcls as ilglcls14_33_1_, itemlocati0_.illocst as illocst15_33_1_, itemlocati0_.illsc as illsc16_33_1_, itemlocati0_.ilpqoh as ilpqoh17_33_1_, itemlocati0_.ilqtib as ilqtib18_33_1_, itemlocati0_.ilqtin as ilqtin19_33_1_, itemlocati0_.ilqttr as ilqttr20_33_1_, itemlocati0_.ilqobo as ilqobo21_33_1_, itemlocati0_.ilqohc as ilqohc22_33_1_, itemlocati0_.ilqopo as ilqopo23_33_1_, itemlocati0_.ilqoso as ilqoso24_33_1_, itemlocati0_.ilqosc as ilqosc25_33_1_, itemlocati0_.ilqowo as ilqowo26_33_1_, itemlocati0_.ilqowh as ilqowh27_33_1_, itemlocati0_.ilqows as ilqows28_33_1_, itemlocati0_.ilqot1 as ilqot29_33_1_, itemlocati0_.ilqot2 as ilqot30_33_1_, itemlocati0_.ilqot3 as ilqot31_33_1_, itemlocati0_.ilqtob as ilqtob32_33_1_, itemlocati0_.ilsqoh as ilsqoh33_33_1_, itemlocati0_.ilsqpo as ilsqpo34_33_1_, itemlocati0_.ilsqso as ilsqso35_33_1_, itemlocati0_.ilsqwo as ilsqwo36_33_1_, itemlocati0_.iluom as iluom37_33_1_, itemlocati0_.iluom1 as iluom38_33_1_, itemlocati0_.iluom2 as iluom39_33_1_ from t41021 itemlocati0_ where itemlocati0_.ilinum=?
Hibernate: select lotmaster0_.ltbuid as ltbuid1_34_0_, lotmaster0_.ltinum as ltinum2_34_0_, lotmaster0_.ltsnlot as ltsnlot3_34_0_, lotmaster0_.ltcid as ltcid4_34_0_, lotmaster0_.ltdtin as ltdtin5_34_0_, lotmaster0_.lttmin as lttmin6_34_0_, lotmaster0_.ltuid as ltuid7_34_0_, lotmaster0_.ltdtlu as ltdtlu8_34_0_, lotmaster0_.lttmlu as lttmlu9_34_0_, lotmaster0_.ltuidm as ltuidm10_34_0_, lotmaster0_.ltbodt as ltbodt11_34_0_, lotmaster0_.ltbbdt as ltbbdt12_34_0_, lotmaster0_.ltcldt as ltcldt13_34_0_, lotmaster0_.ltexpdt as ltexpdt14_34_0_, lotmaster0_.ltldsc as ltldsc15_34_0_, lotmaster0_.ltledt as ltledt16_34_0_, lotmaster0_.ltlsc as ltlsc17_34_0_, lotmaster0_.ltmlot1 as ltmlot18_34_0_, lotmaster0_.ltmlot2 as ltmlot19_34_0_, lotmaster0_.ltmlot3 as ltmlot20_34_0_, lotmaster0_.ltohdt as ltohdt21_34_0_, lotmaster0_.ltsern as ltsern22_34_0_ from t4108 lotmaster0_ where lotmaster0_.ltbuid=? and lotmaster0_.ltinum=? and lotmaster0_.ltsnlot=?
Hibernate: select lotmaster0_.ltbuid as ltbuid1_34_0_, lotmaster0_.ltinum as ltinum2_34_0_, lotmaster0_.ltsnlot as ltsnlot3_34_0_, lotmaster0_.ltcid as ltcid4_34_0_, lotmaster0_.ltdtin as ltdtin5_34_0_, lotmaster0_.lttmin as lttmin6_34_0_, lotmaster0_.ltuid as ltuid7_34_0_, lotmaster0_.ltdtlu as ltdtlu8_34_0_, lotmaster0_.lttmlu as lttmlu9_34_0_, lotmaster0_.ltuidm as ltuidm10_34_0_, lotmaster0_.ltbodt as ltbodt11_34_0_, lotmaster0_.ltbbdt as ltbbdt12_34_0_, lotmaster0_.ltcldt as ltcldt13_34_0_, lotmaster0_.ltexpdt as ltexpdt14_34_0_, lotmaster0_.ltldsc as ltldsc15_34_0_, lotmaster0_.ltledt as ltledt16_34_0_, lotmaster0_.ltlsc as ltlsc17_34_0_, lotmaster0_.ltmlot1 as ltmlot18_34_0_, lotmaster0_.ltmlot2 as ltmlot19_34_0_, lotmaster0_.ltmlot3 as ltmlot20_34_0_, lotmaster0_.ltohdt as ltohdt21_34_0_, lotmaster0_.ltsern as ltsern22_34_0_ from t4108 lotmaster0_ where lotmaster0_.ltbuid=? and lotmaster0_.ltinum=? and lotmaster0_.ltsnlot=?
2018-12-27 11:25:50.164  INFO 2120 --- [    Test worker] o.s.t.c.transaction.TransactionContext   : Rolled back transaction for test: [DefaultTestContext@3a48521 testClass = PurchaseOrderApiTest, testInstance = ags.goldenlionerp.apiTests.purchase.PurchaseOrderApiTest@744194b1, testMethod = createTestWithPost@ApiTestBase, testException = [null], mergedContextConfiguration = [WebMergedContextConfiguration@4ddae5f2 testClass = PurchaseOrderApiTest, locations = '{}', classes = '{class ags.goldenlionerp.GoldenLionErpApplication}', contextInitializerClasses = '[]', activeProfiles = '{}', propertySourceLocations = '{classpath:test.properties}', propertySourceProperties = '{org.springframework.boot.test.context.SpringBootTestContextBootstrapper=true}', contextCustomizers = set[org.springframework.boot.test.autoconfigure.properties.PropertyMappingContextCustomizer@0, org.springframework.boot.test.autoconfigure.web.servlet.WebDriverContextCustomizerFactory$Customizer@636d731e, [ImportsContextCustomizer@666603a7 key = [ags.goldenlionerp.apiTests.ApiTestBase$TestConfig]], org.springframework.boot.test.context.filter.ExcludeFilterContextCustomizer@6afa5291, org.springframework.boot.test.json.DuplicateJsonObjectContextCustomizerFactory$DuplicateJsonObjectContextCustomizer@20cebcb4, org.springframework.boot.test.mock.mockito.MockitoContextCustomizer@0, org.springframework.boot.test.web.client.TestRestTemplateContextCustomizer@49a32273], resourceBasePath = 'src/main/webapp', contextLoader = 'org.springframework.boot.test.context.SpringBootContextLoader', parent = [null]], attributes = map['org.springframework.test.context.web.ServletTestExecutionListener.activateListener' -> true, 'org.springframework.test.context.web.ServletTestExecutionListener.populatedRequestContextHolder' -> true, 'org.springframework.test.context.web.ServletTestExecutionListener.resetRequestContextHolder' -> true]]
]]></system-out>
  <system-err><![CDATA[]]></system-err>
</testsuite>
